#
# A fatal error has been detected by the Java Runtime Environment:
#
#  Internal Error (./src/hotspot/share/oops/methodData.cpp:1079), pid=9808, tid=10156
#  Error: ShouldNotReachHere()
#
# JRE version: OpenJDK Runtime Environment (11.0.11+9) (build 11.0.11+9-b60-7590822)
# Java VM: OpenJDK 64-Bit Server VM (11.0.11+9-b60-7590822, mixed mode, tiered, compressed oops, g1 gc, windows-amd64)
# No core dump will be written. Minidumps are not enabled by default on client versions of Windows
#
# If you would like to submit a bug report, please visit:
#   https://bugreport.java.com/bugreport/crash.jsp
#

---------------  S U M M A R Y ------------

Command Line: --add-opens=java.base/java.util=ALL-UNNAMED --add-opens=java.base/java.lang=ALL-UNNAMED --add-opens=java.base/java.lang.invoke=ALL-UNNAMED --add-opens=java.base/java.util=ALL-UNNAMED --add-opens=java.prefs/java.util.prefs=ALL-UNNAMED --add-opens=java.prefs/java.util.prefs=ALL-UNNAMED --add-opens=java.base/java.nio.charset=ALL-UNNAMED --add-opens=java.base/java.net=ALL-UNNAMED --add-opens=java.base/java.util.concurrent.atomic=ALL-UNNAMED -Xmx2048m -Dfile.encoding=UTF-8 -Duser.country=BR -Duser.language=pt -Duser.variant org.gradle.launcher.daemon.bootstrap.GradleDaemon 7.2

Host: Intel(R) Core(TM) i7-7700HQ CPU @ 2.80GHz, 8 cores, 15G,  Windows 10 , 64 bit Build 19041 (10.0.19041.1503)
Time: Sat Apr  9 11:51:39 2022 Hora oficial do Brasil elapsed time: 577.911738 seconds (0d 0h 9m 37s)

---------------  T H R E A D  ---------------

Current thread (0x000001ce941ec000):  GCTaskThread "GC Thread#5" [stack: 0x0000006ec2300000,0x0000006ec2400000] [id=10156]

Stack: [0x0000006ec2300000,0x0000006ec2400000]
[error occurred during error reporting (printing stack bounds), id 0xc0000005, EXCEPTION_ACCESS_VIOLATION (0xc0000005) at pc=0x000001ce80000f2d]

Native frames: (J=compiled Java code, j=interpreted, Vv=VM code, C=native code)
V  [jvm.dll+0x5f214a]
V  [jvm.dll+0x726fb5]
V  [jvm.dll+0x7285cd]
V  [jvm.dll+0x728be5]
V  [jvm.dll+0x728b9b]
V  [jvm.dll+0x5f14e8]
V  [jvm.dll+0x5f1c78]
C  [ntdll.dll+0xa20cf]
C  [ntdll.dll+0x51454]
C  [ntdll.dll+0xa0bfe]
C  0x000001ce80000f2d


---------------  P R O C E S S  ---------------

Threads class SMR info:
_java_thread_list=0x000001ce96f5ea60, length=145, elements={
0x000001cef7bdc800, 0x000001ceff87a800, 0x000001ceff886000, 0x000001ceff8de800,
0x000001ceff8e1000, 0x000001ceff8e7800, 0x000001ceff8f6800, 0x000001ceff8fb000,
0x000001ceff8e6800, 0x000001ceff8e8000, 0x000001ceff8e9000, 0x000001ceff8e3800,
0x000001ceff8ea000, 0x000001ce95363000, 0x000001ce95365800, 0x000001ce95367000,
0x000001ce95364000, 0x000001ce9536a800, 0x000001ce95365000, 0x000001ce9536e800,
0x000001ce95370000, 0x000001ce9536b800, 0x000001ce9536c000, 0x000001ce9536d000,
0x000001ce9536e000, 0x000001ce9536f800, 0x000001ce9643b800, 0x000001ce9643c800,
0x000001ce9d6e3000, 0x000001ce95cbe800, 0x000001ce964f8800, 0x000001ce964f7800,
0x000001ce964f6000, 0x000001ce95cc1000, 0x000001ce95cbf000, 0x000001ce95cbc800,
0x000001ce95cbc000, 0x000001ce95cc1800, 0x000001ce95cbd800, 0x000001ce95cc2800,
0x000001ce95cc3000, 0x000001ce95cc0000, 0x000001ce95cc6800, 0x000001ce95cc4000,
0x000001ce95cc7800, 0x000001ce95cc9800, 0x000001ce95cc8000, 0x000001ce95cc5800,
0x000001ce95cc9000, 0x000001ce95cca800, 0x000001ce95cc5000, 0x000001ce964f6800,
0x000001ce964f1800, 0x000001ce964f2800, 0x000001ce964f9000, 0x000001ce964f3800,
0x000001ce964fa000, 0x000001ce964f4000, 0x000001ce964fa800, 0x000001ce964f5000,
0x000001ce964fb800, 0x000001ce964fd000, 0x000001ce964fe000, 0x000001ce964fc800,
0x000001ce964ff000, 0x000001ce964ff800, 0x000001ce96500800, 0x000001ce9d6db000,
0x000001ce9d6d5000, 0x000001ce9d6db800, 0x000001ce9d6da000, 0x000001ce9d6d6000,
0x000001ce9d6dc800, 0x000001ce9d6d6800, 0x000001ce9d6dd000, 0x000001ce9d6d9000,
0x000001ce9d6d7800, 0x000001ce9d6d8800, 0x000001ce9d6df000, 0x000001ce9d6e3800,
0x000001ce9d6de000, 0x000001ce9643a800, 0x000001ce9643a000, 0x000001ce96438000,
0x000001ce9643e800, 0x000001ce96442000, 0x000001ce96443000, 0x000001ce96444800,
0x000001ce96440800, 0x000001ce96443800, 0x000001ce96441000, 0x000001ce96445800,
0x000001ce9643f800, 0x000001ce96446000, 0x000001ce96447000, 0x000001ce95366800,
0x000001ce95368000, 0x000001ce95362800, 0x000001ce95369000, 0x000001ce95369800,
0x000001ce95371000, 0x000001ceff8e4000, 0x000001ceff8e5000, 0x000001ceff8e6000,
0x000001ce9be91000, 0x000001ce9be8f800, 0x000001ce9be92800, 0x000001ce9be8e800,
0x000001ce9be90000, 0x000001ce9be8d000, 0x000001ce9be8d800, 0x000001ce9be94800,
0x000001ce9be92000, 0x000001ce9be93800, 0x000001ce9be96800, 0x000001ce9be9a000,
0x000001ce9be95000, 0x000001ce9be9b000, 0x000001ce9be98800, 0x000001ce9be9b800,
0x000001ce9be97800, 0x000001ce9be99000, 0x000001ce9be96000, 0x000001ce9b588000,
0x000001ce9b587800, 0x000001ce9b58c000, 0x000001ce9b586800, 0x000001ce9b58b800,
0x000001ce9b58d000, 0x000001ce9b58a800, 0x000001ce9b58e800, 0x000001ce9b58e000,
0x000001ce9b589000, 0x000001ce9b58f800, 0x000001ce9b589800, 0x000001ce9b592000,
0x000001ce9b591000, 0x000001ce9b592800, 0x000001ce9b590800, 0x000001ce9b593800,
0x000001ce9b594800, 0x000001ce9b595000, 0x000001ce9c115000, 0x000001ce9c116000,
0x000001ce9c116800
}

Java Threads: ( => current thread )
  0x000001cef7bdc800 JavaThread "main" [_thread_blocked, id=9752, stack(0x0000006ec0c00000,0x0000006ec0d00000)]
  0x000001ceff87a800 JavaThread "Reference Handler" daemon [_thread_blocked, id=2844, stack(0x0000006ec1300000,0x0000006ec1400000)]
  0x000001ceff886000 JavaThread "Finalizer" daemon [_thread_blocked, id=5652, stack(0x0000006ec1400000,0x0000006ec1500000)]
  0x000001ceff8de800 JavaThread "Signal Dispatcher" daemon [_thread_blocked, id=9300, stack(0x0000006ec1500000,0x0000006ec1600000)]
  0x000001ceff8e1000 JavaThread "Attach Listener" daemon [_thread_blocked, id=8044, stack(0x0000006ec1600000,0x0000006ec1700000)]
  0x000001ceff8e7800 JavaThread "Service Thread" daemon [_thread_blocked, id=7284, stack(0x0000006ec1700000,0x0000006ec1800000)]
  0x000001ceff8f6800 JavaThread "C2 CompilerThread0" daemon [_thread_blocked, id=8728, stack(0x0000006ec1800000,0x0000006ec1900000)]
  0x000001ceff8fb000 JavaThread "C1 CompilerThread0" daemon [_thread_blocked, id=8488, stack(0x0000006ec1900000,0x0000006ec1a00000)]
  0x000001ceff8e6800 JavaThread "Sweeper thread" daemon [_thread_blocked, id=7304, stack(0x0000006ec1a00000,0x0000006ec1b00000)]
  0x000001ceff8e8000 JavaThread "Common-Cleaner" daemon [_thread_blocked, id=9848, stack(0x0000006ec1b00000,0x0000006ec1c00000)]
  0x000001ceff8e9000 JavaThread "Daemon health stats" [_thread_blocked, id=1824, stack(0x0000006ec2400000,0x0000006ec2500000)]
  0x000001ceff8e3800 JavaThread "Incoming local TCP Connector on port 52437" [_thread_in_native, id=10180, stack(0x0000006ec1d00000,0x0000006ec1e00000)]
  0x000001ceff8ea000 JavaThread "Daemon periodic checks" [_thread_blocked, id=9356, stack(0x0000006ec1e00000,0x0000006ec1f00000)]
  0x000001ce95363000 JavaThread "Cache worker for journal cache (C:\Users\Ester\.gradle\caches\journal-1)" [_thread_blocked, id=8484, stack(0x0000006ec2d00000,0x0000006ec2e00000)]
  0x000001ce95365800 JavaThread "File lock request listener" [_thread_in_native, id=8220, stack(0x0000006ec2e00000,0x0000006ec2f00000)]
  0x000001ce95367000 JavaThread "Cache worker for file hash cache (C:\Users\Ester\.gradle\caches\7.2\fileHashes)" [_thread_blocked, id=4876, stack(0x0000006ec3200000,0x0000006ec3300000)]
  0x000001ce95364000 JavaThread "File watcher server" daemon [_thread_blocked, id=2000, stack(0x0000006ec3400000,0x0000006ec3500000)]
  0x000001ce9536a800 JavaThread "File watcher consumer" daemon [_thread_blocked, id=9036, stack(0x0000006ec3500000,0x0000006ec3600000)]
  0x000001ce95365000 JavaThread "jar transforms" [_thread_blocked, id=8536, stack(0x0000006ec3600000,0x0000006ec3700000)]
  0x000001ce9536e800 JavaThread "jar transforms Thread 2" [_thread_blocked, id=7036, stack(0x0000006ec3700000,0x0000006ec3800000)]
  0x000001ce95370000 JavaThread "jar transforms Thread 3" [_thread_blocked, id=3268, stack(0x0000006ec3800000,0x0000006ec3900000)]
  0x000001ce9536b800 JavaThread "jar transforms Thread 4" [_thread_blocked, id=8240, stack(0x0000006ec3900000,0x0000006ec3a00000)]
  0x000001ce9536c000 JavaThread "jar transforms Thread 5" [_thread_blocked, id=9856, stack(0x0000006ec3a00000,0x0000006ec3b00000)]
  0x000001ce9536d000 JavaThread "jar transforms Thread 6" [_thread_blocked, id=1532, stack(0x0000006ec3b00000,0x0000006ec3c00000)]
  0x000001ce9536e000 JavaThread "jar transforms Thread 7" [_thread_blocked, id=2064, stack(0x0000006ec3c00000,0x0000006ec3d00000)]
  0x000001ce9536f800 JavaThread "jar transforms Thread 8" [_thread_blocked, id=6764, stack(0x0000006ec3d00000,0x0000006ec3e00000)]
  0x000001ce9643b800 JavaThread "Cache worker for execution history cache (C:\Users\Ester\.gradle\caches\7.2\executionHistory)" [_thread_blocked, id=6872, stack(0x0000006ec4000000,0x0000006ec4100000)]
  0x000001ce9643c800 JavaThread "Cache worker for file content cache (C:\Users\Ester\.gradle\caches\7.2\fileContent)" [_thread_blocked, id=1548, stack(0x0000006ec4300000,0x0000006ec4400000)]
  0x000001ce9d6e3000 JavaThread "Memory manager" [_thread_blocked, id=8824, stack(0x0000006ec9600000,0x0000006ec9700000)]
  0x000001ce95cbe800 JavaThread "Cache worker for Java compile cache (C:\Users\Ester\.gradle\caches\7.2\javaCompile)" [_thread_blocked, id=416, stack(0x0000006eca000000,0x0000006eca100000)]
  0x000001ce964f8800 JavaThread "ForkJoinPool.commonPool-worker-11" daemon [_thread_blocked, id=1852, stack(0x0000006ecb600000,0x0000006ecb700000)]
  0x000001ce964f7800 JavaThread "ForkJoinPool.commonPool-worker-13" daemon [_thread_blocked, id=9232, stack(0x0000006ecb700000,0x0000006ecb800000)]
  0x000001ce964f6000 JavaThread "ForkJoinPool.commonPool-worker-15" daemon [_thread_blocked, id=6364, stack(0x0000006ecb800000,0x0000006ecb900000)]
  0x000001ce95cc1000 JavaThread "Daemon Thread 3" [_thread_blocked, id=6620, stack(0x0000006ec0900000,0x0000006ec0a00000)]
  0x000001ce95cbf000 JavaThread "Handler for socket connection from /127.0.0.1:52437 to /127.0.0.1:53269" [_thread_in_native, id=8696, stack(0x0000006ec0a00000,0x0000006ec0b00000)]
  0x000001ce95cbc800 JavaThread "Cancel handler" [_thread_blocked, id=1420, stack(0x0000006ec0b00000,0x0000006ec0c00000)]
  0x000001ce95cbc000 JavaThread "Daemon worker Thread 3" [_thread_blocked, id=7220, stack(0x0000006ec2500000,0x0000006ec2600000)]
  0x000001ce95cc1800 JavaThread "Asynchronous log dispatcher for DefaultDaemonConnection: socket connection from /127.0.0.1:52437 to /127.0.0.1:53269" [_thread_blocked, id=4188, stack(0x0000006ec2600000,0x0000006ec2700000)]
  0x000001ce95cbd800 JavaThread "Stdin handler" [_thread_blocked, id=4244, stack(0x0000006ec2700000,0x0000006ec2800000)]
  0x000001ce95cc2800 JavaThread "Daemon client event forwarder" [_thread_blocked, id=5024, stack(0x0000006ec2800000,0x0000006ec2900000)]
  0x000001ce95cc3000 JavaThread "Cache worker for file hash cache (C:\Users\Ester\AndroidStudioProjects\Exemplo1\.gradle\7.2\fileHashes)" [_thread_blocked, id=4716, stack(0x0000006ec2900000,0x0000006ec2a00000)]
  0x000001ce95cc0000 JavaThread "C2 CompilerThread1" daemon [_thread_in_native, id=9776, stack(0x0000006ec2a00000,0x0000006ec2b00000)]
  0x000001ce95cc6800 JavaThread "Cache worker for checksums cache (C:\Users\Ester\AndroidStudioProjects\Exemplo1\.gradle\checksums)" [_thread_blocked, id=3144, stack(0x0000006ec3300000,0x0000006ec3400000)]
  0x000001ce95cc4000 JavaThread "Cache worker for cache directory md-supplier (C:\Users\Ester\.gradle\caches\7.2\md-supplier)" [_thread_blocked, id=220, stack(0x0000006ec3e00000,0x0000006ec3f00000)]
  0x000001ce95cc7800 JavaThread "Cache worker for cache directory md-rule (C:\Users\Ester\.gradle\caches\7.2\md-rule)" [_thread_blocked, id=8336, stack(0x0000006ec3f00000,0x0000006ec4000000)]
  0x000001ce95cc9800 JavaThread "Cache worker for dependencies-accessors (C:\Users\Ester\AndroidStudioProjects\Exemplo1\.gradle\7.2\dependencies-accessors)" [_thread_blocked, id=6692, stack(0x0000006ec4100000,0x0000006ec4200000)]
  0x000001ce95cc8000 JavaThread "C2 CompilerThread2" daemon [_thread_blocked, id=432, stack(0x0000006ec4200000,0x0000006ec4300000)]
  0x000001ce95cc5800 JavaThread "Cache worker for Build Output Cleanup Cache (C:\Users\Ester\AndroidStudioProjects\Exemplo1\.gradle\buildOutputCleanup)" [_thread_blocked, id=6472, stack(0x0000006ec4400000,0x0000006ec4500000)]
  0x000001ce95cc9000 JavaThread "Unconstrained build operations" [_thread_blocked, id=1004, stack(0x0000006ec4500000,0x0000006ec4600000)]
  0x000001ce95cca800 JavaThread "Unconstrained build operations Thread 2" [_thread_blocked, id=1232, stack(0x0000006ec4600000,0x0000006ec4700000)]
  0x000001ce95cc5000 JavaThread "Unconstrained build operations Thread 3" [_thread_blocked, id=3536, stack(0x0000006ec4700000,0x0000006ec4800000)]
  0x000001ce964f6800 JavaThread "Unconstrained build operations Thread 4" [_thread_blocked, id=5032, stack(0x0000006ec4800000,0x0000006ec4900000)]
  0x000001ce964f1800 JavaThread "Unconstrained build operations Thread 5" [_thread_blocked, id=5224, stack(0x0000006ec4900000,0x0000006ec4a00000)]
  0x000001ce964f2800 JavaThread "Unconstrained build operations Thread 6" [_thread_blocked, id=5052, stack(0x0000006ec4a00000,0x0000006ec4b00000)]
  0x000001ce964f9000 JavaThread "Unconstrained build operations Thread 7" [_thread_blocked, id=2776, stack(0x0000006ec4b00000,0x0000006ec4c00000)]
  0x000001ce964f3800 JavaThread "Unconstrained build operations Thread 8" [_thread_blocked, id=8404, stack(0x0000006ec4c00000,0x0000006ec4d00000)]
  0x000001ce964fa000 JavaThread "Unconstrained build operations Thread 9" [_thread_blocked, id=5804, stack(0x0000006ec4d00000,0x0000006ec4e00000)]
  0x000001ce964f4000 JavaThread "Unconstrained build operations Thread 10" [_thread_blocked, id=9828, stack(0x0000006ec4e00000,0x0000006ec4f00000)]
  0x000001ce964fa800 JavaThread "Unconstrained build operations Thread 11" [_thread_blocked, id=2596, stack(0x0000006ec4f00000,0x0000006ec5000000)]
  0x000001ce964f5000 JavaThread "Unconstrained build operations Thread 12" [_thread_blocked, id=9492, stack(0x0000006ec5000000,0x0000006ec5100000)]
  0x000001ce964fb800 JavaThread "Unconstrained build operations Thread 13" [_thread_blocked, id=3108, stack(0x0000006ec5100000,0x0000006ec5200000)]
  0x000001ce964fd000 JavaThread "Unconstrained build operations Thread 14" [_thread_blocked, id=3772, stack(0x0000006ec5200000,0x0000006ec5300000)]
  0x000001ce964fe000 JavaThread "Unconstrained build operations Thread 15" [_thread_blocked, id=10012, stack(0x0000006ec5300000,0x0000006ec5400000)]
  0x000001ce964fc800 JavaThread "Unconstrained build operations Thread 16" [_thread_blocked, id=5216, stack(0x0000006ec5400000,0x0000006ec5500000)]
  0x000001ce964ff000 JavaThread "Unconstrained build operations Thread 17" [_thread_blocked, id=3552, stack(0x0000006ec5500000,0x0000006ec5600000)]
  0x000001ce964ff800 JavaThread "Unconstrained build operations Thread 18" [_thread_blocked, id=8620, stack(0x0000006ec5600000,0x0000006ec5700000)]
  0x000001ce96500800 JavaThread "Unconstrained build operations Thread 19" [_thread_blocked, id=9812, stack(0x0000006ec5700000,0x0000006ec5800000)]
  0x000001ce9d6db000 JavaThread "Unconstrained build operations Thread 20" [_thread_blocked, id=2328, stack(0x0000006ec5800000,0x0000006ec5900000)]
  0x000001ce9d6d5000 JavaThread "Unconstrained build operations Thread 21" [_thread_blocked, id=8020, stack(0x0000006ec5900000,0x0000006ec5a00000)]
  0x000001ce9d6db800 JavaThread "Unconstrained build operations Thread 22" [_thread_blocked, id=3516, stack(0x0000006ec5a00000,0x0000006ec5b00000)]
  0x000001ce9d6da000 JavaThread "Unconstrained build operations Thread 23" [_thread_blocked, id=6360, stack(0x0000006ec5b00000,0x0000006ec5c00000)]
  0x000001ce9d6d6000 JavaThread "Unconstrained build operations Thread 24" [_thread_blocked, id=5136, stack(0x0000006ec5c00000,0x0000006ec5d00000)]
  0x000001ce9d6dc800 JavaThread "Unconstrained build operations Thread 25" [_thread_blocked, id=5456, stack(0x0000006ec5d00000,0x0000006ec5e00000)]
  0x000001ce9d6d6800 JavaThread "Unconstrained build operations Thread 26" [_thread_blocked, id=9804, stack(0x0000006ec5e00000,0x0000006ec5f00000)]
  0x000001ce9d6dd000 JavaThread "Unconstrained build operations Thread 27" [_thread_blocked, id=3868, stack(0x0000006ec5f00000,0x0000006ec6000000)]
  0x000001ce9d6d9000 JavaThread "Unconstrained build operations Thread 28" [_thread_blocked, id=5504, stack(0x0000006ec6000000,0x0000006ec6100000)]
  0x000001ce9d6d7800 JavaThread "Unconstrained build operations Thread 29" [_thread_blocked, id=10060, stack(0x0000006ec6100000,0x0000006ec6200000)]
  0x000001ce9d6d8800 JavaThread "Unconstrained build operations Thread 30" [_thread_blocked, id=7144, stack(0x0000006ec6200000,0x0000006ec6300000)]
  0x000001ce9d6df000 JavaThread "Unconstrained build operations Thread 31" [_thread_blocked, id=488, stack(0x0000006ec6300000,0x0000006ec6400000)]
  0x000001ce9d6e3800 JavaThread "Unconstrained build operations Thread 32" [_thread_blocked, id=5656, stack(0x0000006ec6400000,0x0000006ec6500000)]
  0x000001ce9d6de000 JavaThread "Unconstrained build operations Thread 33" [_thread_blocked, id=9588, stack(0x0000006ec6500000,0x0000006ec6600000)]
  0x000001ce9643a800 JavaThread "Unconstrained build operations Thread 34" [_thread_blocked, id=2668, stack(0x0000006ec6600000,0x0000006ec6700000)]
  0x000001ce9643a000 JavaThread "Unconstrained build operations Thread 35" [_thread_blocked, id=9004, stack(0x0000006ec6700000,0x0000006ec6800000)]
  0x000001ce96438000 JavaThread "Unconstrained build operations Thread 36" [_thread_blocked, id=1236, stack(0x0000006ec6800000,0x0000006ec6900000)]
  0x000001ce9643e800 JavaThread "Unconstrained build operations Thread 37" [_thread_blocked, id=2748, stack(0x0000006ec6900000,0x0000006ec6a00000)]
  0x000001ce96442000 JavaThread "Unconstrained build operations Thread 38" [_thread_blocked, id=3572, stack(0x0000006ec6a00000,0x0000006ec6b00000)]
  0x000001ce96443000 JavaThread "Unconstrained build operations Thread 39" [_thread_blocked, id=1572, stack(0x0000006ec6b00000,0x0000006ec6c00000)]
  0x000001ce96444800 JavaThread "Unconstrained build operations Thread 40" [_thread_blocked, id=7472, stack(0x0000006ec6c00000,0x0000006ec6d00000)]
  0x000001ce96440800 JavaThread "Unconstrained build operations Thread 41" [_thread_blocked, id=2212, stack(0x0000006ec6d00000,0x0000006ec6e00000)]
  0x000001ce96443800 JavaThread "Unconstrained build operations Thread 42" [_thread_blocked, id=9992, stack(0x0000006ec6e00000,0x0000006ec6f00000)]
  0x000001ce96441000 JavaThread "Unconstrained build operations Thread 43" [_thread_blocked, id=3452, stack(0x0000006ec6f00000,0x0000006ec7000000)]
  0x000001ce96445800 JavaThread "Unconstrained build operations Thread 44" [_thread_blocked, id=5244, stack(0x0000006ec7000000,0x0000006ec7100000)]
  0x000001ce9643f800 JavaThread "Unconstrained build operations Thread 45" [_thread_blocked, id=5752, stack(0x0000006ec7100000,0x0000006ec7200000)]
  0x000001ce96446000 JavaThread "Unconstrained build operations Thread 46" [_thread_blocked, id=7364, stack(0x0000006ec7200000,0x0000006ec7300000)]
  0x000001ce96447000 JavaThread "Unconstrained build operations Thread 47" [_thread_blocked, id=10112, stack(0x0000006ec7300000,0x0000006ec7400000)]
  0x000001ce95366800 JavaThread "Unconstrained build operations Thread 48" [_thread_blocked, id=8724, stack(0x0000006ec7400000,0x0000006ec7500000)]
  0x000001ce95368000 JavaThread "Unconstrained build operations Thread 49" [_thread_blocked, id=9720, stack(0x0000006ec7500000,0x0000006ec7600000)]
  0x000001ce95362800 JavaThread "Unconstrained build operations Thread 50" [_thread_blocked, id=9832, stack(0x0000006ec7600000,0x0000006ec7700000)]
  0x000001ce95369000 JavaThread "Unconstrained build operations Thread 51" [_thread_blocked, id=9388, stack(0x0000006ec7700000,0x0000006ec7800000)]
  0x000001ce95369800 JavaThread "Unconstrained build operations Thread 52" [_thread_blocked, id=4852, stack(0x0000006ec7800000,0x0000006ec7900000)]
  0x000001ce95371000 JavaThread "Unconstrained build operations Thread 53" [_thread_blocked, id=7716, stack(0x0000006ec7900000,0x0000006ec7a00000)]
  0x000001ceff8e4000 JavaThread "Unconstrained build operations Thread 54" [_thread_blocked, id=8980, stack(0x0000006ec7a00000,0x0000006ec7b00000)]
  0x000001ceff8e5000 JavaThread "Unconstrained build operations Thread 55" [_thread_blocked, id=7712, stack(0x0000006ec7b00000,0x0000006ec7c00000)]
  0x000001ceff8e6000 JavaThread "Unconstrained build operations Thread 56" [_thread_blocked, id=7428, stack(0x0000006ec7c00000,0x0000006ec7d00000)]
  0x000001ce9be91000 JavaThread "Unconstrained build operations Thread 57" [_thread_blocked, id=592, stack(0x0000006ec7d00000,0x0000006ec7e00000)]
  0x000001ce9be8f800 JavaThread "Unconstrained build operations Thread 58" [_thread_blocked, id=5164, stack(0x0000006ec7e00000,0x0000006ec7f00000)]
  0x000001ce9be92800 JavaThread "Unconstrained build operations Thread 59" [_thread_blocked, id=9324, stack(0x0000006ec7f00000,0x0000006ec8000000)]
  0x000001ce9be8e800 JavaThread "Unconstrained build operations Thread 60" [_thread_blocked, id=3992, stack(0x0000006ec8000000,0x0000006ec8100000)]
  0x000001ce9be90000 JavaThread "Unconstrained build operations Thread 61" [_thread_blocked, id=6320, stack(0x0000006ec8100000,0x0000006ec8200000)]
  0x000001ce9be8d000 JavaThread "Unconstrained build operations Thread 62" [_thread_blocked, id=6624, stack(0x0000006ec8200000,0x0000006ec8300000)]
  0x000001ce9be8d800 JavaThread "Unconstrained build operations Thread 63" [_thread_blocked, id=4300, stack(0x0000006ec8300000,0x0000006ec8400000)]
  0x000001ce9be94800 JavaThread "Unconstrained build operations Thread 64" [_thread_blocked, id=7776, stack(0x0000006ec8400000,0x0000006ec8500000)]
  0x000001ce9be92000 JavaThread "Unconstrained build operations Thread 65" [_thread_blocked, id=6856, stack(0x0000006ec8500000,0x0000006ec8600000)]
  0x000001ce9be93800 JavaThread "Unconstrained build operations Thread 66" [_thread_blocked, id=7448, stack(0x0000006ec8600000,0x0000006ec8700000)]
  0x000001ce9be96800 JavaThread "Unconstrained build operations Thread 67" [_thread_blocked, id=8892, stack(0x0000006ec8700000,0x0000006ec8800000)]
  0x000001ce9be9a000 JavaThread "Unconstrained build operations Thread 68" [_thread_blocked, id=6844, stack(0x0000006ec8800000,0x0000006ec8900000)]
  0x000001ce9be95000 JavaThread "Unconstrained build operations Thread 69" [_thread_blocked, id=5020, stack(0x0000006ec8900000,0x0000006ec8a00000)]
  0x000001ce9be9b000 JavaThread "Unconstrained build operations Thread 70" [_thread_blocked, id=9028, stack(0x0000006ec8a00000,0x0000006ec8b00000)]
  0x000001ce9be98800 JavaThread "Unconstrained build operations Thread 71" [_thread_blocked, id=9740, stack(0x0000006ec8b00000,0x0000006ec8c00000)]
  0x000001ce9be9b800 JavaThread "Unconstrained build operations Thread 72" [_thread_blocked, id=1732, stack(0x0000006ec8c00000,0x0000006ec8d00000)]
  0x000001ce9be97800 JavaThread "Unconstrained build operations Thread 73" [_thread_blocked, id=9284, stack(0x0000006ec8d00000,0x0000006ec8e00000)]
  0x000001ce9be99000 JavaThread "Unconstrained build operations Thread 74" [_thread_blocked, id=5096, stack(0x0000006ec8e00000,0x0000006ec8f00000)]
  0x000001ce9be96000 JavaThread "Unconstrained build operations Thread 75" [_thread_blocked, id=372, stack(0x0000006ec8f00000,0x0000006ec9000000)]
  0x000001ce9b588000 JavaThread "Unconstrained build operations Thread 76" [_thread_blocked, id=1504, stack(0x0000006ec9000000,0x0000006ec9100000)]
  0x000001ce9b587800 JavaThread "Unconstrained build operations Thread 77" [_thread_blocked, id=4240, stack(0x0000006ec9100000,0x0000006ec9200000)]
  0x000001ce9b58c000 JavaThread "Unconstrained build operations Thread 78" [_thread_blocked, id=9504, stack(0x0000006ec9200000,0x0000006ec9300000)]
  0x000001ce9b586800 JavaThread "Unconstrained build operations Thread 79" [_thread_blocked, id=1996, stack(0x0000006ec9300000,0x0000006ec9400000)]
  0x000001ce9b58b800 JavaThread "Unconstrained build operations Thread 80" [_thread_blocked, id=3480, stack(0x0000006ec9400000,0x0000006ec9500000)]
  0x000001ce9b58d000 JavaThread "build event listener" [_thread_blocked, id=3620, stack(0x0000006ec9500000,0x0000006ec9600000)]
  0x000001ce9b58a800 JavaThread "Execution worker for ':'" [_thread_blocked, id=5404, stack(0x0000006ec9700000,0x0000006ec9800000)]
  0x000001ce9b58e800 JavaThread "Execution worker for ':' Thread 2" [_thread_blocked, id=5720, stack(0x0000006ec9800000,0x0000006ec9900000)]
  0x000001ce9b58e000 JavaThread "Execution worker for ':' Thread 3" [_thread_blocked, id=8168, stack(0x0000006ec9900000,0x0000006ec9a00000)]
  0x000001ce9b589000 JavaThread "Execution worker for ':' Thread 4" [_thread_blocked, id=1876, stack(0x0000006ec9a00000,0x0000006ec9b00000)]
  0x000001ce9b58f800 JavaThread "Execution worker for ':' Thread 5" [_thread_blocked, id=2852, stack(0x0000006ec9b00000,0x0000006ec9c00000)]
  0x000001ce9b589800 JavaThread "Execution worker for ':' Thread 6" [_thread_blocked, id=2260, stack(0x0000006ec9c00000,0x0000006ec9d00000)]
  0x000001ce9b592000 JavaThread "Execution worker for ':' Thread 7" [_thread_blocked, id=3564, stack(0x0000006ec9d00000,0x0000006ec9e00000)]
  0x000001ce9b591000 JavaThread "Cache worker for execution history cache (C:\Users\Ester\AndroidStudioProjects\Exemplo1\.gradle\7.2\executionHistory)" [_thread_blocked, id=4840, stack(0x0000006ec9e00000,0x0000006ec9f00000)]
  0x000001ce9b592800 JavaThread "Build operations" [_thread_blocked, id=8448, stack(0x0000006ec9f00000,0x0000006eca000000)]
  0x000001ce9b590800 JavaThread "Build operations Thread 2" [_thread_blocked, id=8676, stack(0x0000006eca100000,0x0000006eca200000)]
  0x000001ce9b593800 JavaThread "Build operations Thread 3" [_thread_blocked, id=588, stack(0x0000006eca200000,0x0000006eca300000)]
  0x000001ce9b594800 JavaThread "Build operations Thread 4" [_thread_blocked, id=616, stack(0x0000006eca300000,0x0000006eca400000)]
  0x000001ce9b595000 JavaThread "Build operations Thread 5" [_thread_blocked, id=3180, stack(0x0000006eca400000,0x0000006eca500000)]
  0x000001ce9c115000 JavaThread "Build operations Thread 6" [_thread_blocked, id=8956, stack(0x0000006eca500000,0x0000006eca600000)]
  0x000001ce9c116000 JavaThread "Build operations Thread 7" [_thread_blocked, id=9548, stack(0x0000006eca600000,0x0000006eca700000)]
  0x000001ce9c116800 JavaThread "Build operations Thread 8" [_thread_blocked, id=5340, stack(0x0000006eca700000,0x0000006eca800000)]

Other Threads:
  0x000001ceff878800 VMThread "VM Thread" [stack: 0x0000006ec1200000,0x0000006ec1300000] [id=2604]
  0x000001ceffaa3000 WatcherThread [stack: 0x0000006ec1c00000,0x0000006ec1d00000] [id=32]
  0x000001cef7bf4000 GCTaskThread "GC Thread#0" [stack: 0x0000006ec0d00000,0x0000006ec0e00000] [id=9416]
  0x000001ce9418f800 GCTaskThread "GC Thread#1" [stack: 0x0000006ec1f00000,0x0000006ec2000000] [id=1012]
  0x000001ce94514800 GCTaskThread "GC Thread#2" [stack: 0x0000006ec2000000,0x0000006ec2100000] [id=9532]
  0x000001ce93d52800 GCTaskThread "GC Thread#3" [stack: 0x0000006ec2100000,0x0000006ec2200000] [id=5008]
  0x000001ce93d53800 GCTaskThread "GC Thread#4" [stack: 0x0000006ec2200000,0x0000006ec2300000] [id=9596]
=>0x000001ce941ec000 GCTaskThread "GC Thread#5" [stack: 0x0000006ec2300000,0x0000006ec2400000] [id=10156]
  0x000001ce9557c800 GCTaskThread "GC Thread#6" [stack: 0x0000006ec2f00000,0x0000006ec3000000] [id=1092]
  0x000001ce944c9000 GCTaskThread "GC Thread#7" [stack: 0x0000006ec3000000,0x0000006ec3100000] [id=2724]
  0x000001cef7c27800 ConcurrentGCThread "G1 Main Marker" [stack: 0x0000006ec0e00000,0x0000006ec0f00000] [id=2996]
  0x000001cef7c28800 ConcurrentGCThread "G1 Conc#0" [stack: 0x0000006ec0f00000,0x0000006ec1000000] [id=6752]
  0x000001ce93e39000 ConcurrentGCThread "G1 Conc#1" [stack: 0x0000006ec3100000,0x0000006ec3200000] [id=8128]
  0x000001ceff6c9000 ConcurrentGCThread "G1 Refine#0" [stack: 0x0000006ec1000000,0x0000006ec1100000] [id=6712]
  0x000001ce9474f800 ConcurrentGCThread "G1 Refine#1" [stack: 0x0000006ec2b00000,0x0000006ec2c00000] [id=4488]
  0x000001ce94751000 ConcurrentGCThread "G1 Refine#2" [stack: 0x0000006ec2c00000,0x0000006ec2d00000] [id=8832]
  0x000001ceff6ca000 ConcurrentGCThread "G1 Young RemSet Sampling" [stack: 0x0000006ec1100000,0x0000006ec1200000] [id=4184]

Threads with active compile tasks:
C2 CompilerThread0 577929 17593       4       org.gradle.api.internal.attributes.DefaultAttributesSchema$MergedSchema::matchValue (138 bytes)
C2 CompilerThread1 577929 18000   !   4       sun.nio.ch.FileChannelImpl::read (266 bytes)
C2 CompilerThread2 577929 17992   !   4       java.nio.file.Files::walkFileTree (294 bytes)

VM state:at safepoint (normal execution)

VM Mutex/Monitor currently owned by a thread:  ([mutex/lock_event])
[0x000001cef7bcc150] Threads_lock - owner thread: 0x000001ceff878800
[0x000001cef7bda190] Heap_lock - owner thread: 0x000001cef7c27800

Heap address: 0x0000000080000000, size: 2048 MB, Compressed Oops mode: 32-bit
Narrow klass base: 0x0000000000000000, Narrow klass shift: 3
Compressed class space size: 1073741824 Address: 0x0000000100000000

Heap:
 garbage-first heap   total 262144K, used 155235K [0x0000000080000000, 0x0000000100000000)
  region size 1024K, 12 young (12288K), 2 survivors (2048K)
 Metaspace       used 126271K, capacity 130639K, committed 130864K, reserved 1161216K
  class space    used 16529K, capacity 18166K, committed 18312K, reserved 1048576K
Heap Regions: E=young(eden), S=young(survivor), O=old, HS=humongous(starts), HC=humongous(continues), CS=collection set, F=free, A=archive, TAMS=top-at-mark-start (previous, next)
|   0|0x0000000080000000, 0x0000000080100000, 0x0000000080100000|100%| O|  |TAMS 0x0000000080100000, 0x0000000080100000| Untracked 
|   1|0x0000000080100000, 0x0000000080200000, 0x0000000080200000|100%| O|  |TAMS 0x0000000080200000, 0x0000000080200000| Untracked 
|   2|0x0000000080200000, 0x0000000080300000, 0x0000000080300000|100%| O|  |TAMS 0x0000000080300000, 0x0000000080300000| Untracked 
|   3|0x0000000080300000, 0x0000000080400000, 0x0000000080400000|100%|HS|  |TAMS 0x0000000080400000, 0x0000000080400000| Complete 
|   4|0x0000000080400000, 0x0000000080500000, 0x0000000080500000|100%|HC|  |TAMS 0x0000000080500000, 0x0000000080500000| Complete 
|   5|0x0000000080500000, 0x0000000080600000, 0x0000000080600000|100%|HC|  |TAMS 0x0000000080600000, 0x0000000080600000| Complete 
|   6|0x0000000080600000, 0x0000000080700000, 0x0000000080700000|100%| O|  |TAMS 0x0000000080700000, 0x0000000080700000| Untracked 
|   7|0x0000000080700000, 0x0000000080800000, 0x0000000080800000|100%| O|  |TAMS 0x0000000080800000, 0x0000000080800000| Untracked 
|   8|0x0000000080800000, 0x0000000080900000, 0x0000000080900000|100%| O|  |TAMS 0x0000000080900000, 0x0000000080900000| Untracked 
|   9|0x0000000080900000, 0x0000000080a00000, 0x0000000080a00000|100%| O|  |TAMS 0x0000000080a00000, 0x0000000080a00000| Untracked 
|  10|0x0000000080a00000, 0x0000000080b00000, 0x0000000080b00000|100%| O|  |TAMS 0x0000000080b00000, 0x0000000080b00000| Untracked 
|  11|0x0000000080b00000, 0x0000000080c00000, 0x0000000080c00000|100%| O|  |TAMS 0x0000000080c00000, 0x0000000080c00000| Untracked 
|  12|0x0000000080c00000, 0x0000000080d00000, 0x0000000080d00000|100%| O|  |TAMS 0x0000000080d00000, 0x0000000080d00000| Untracked 
|  13|0x0000000080d00000, 0x0000000080e00000, 0x0000000080e00000|100%| O|  |TAMS 0x0000000080e00000, 0x0000000080e00000| Untracked 
|  14|0x0000000080e00000, 0x0000000080f00000, 0x0000000080f00000|100%| O|  |TAMS 0x0000000080f00000, 0x0000000080f00000| Untracked 
|  15|0x0000000080f00000, 0x0000000081000000, 0x0000000081000000|100%| O|  |TAMS 0x0000000081000000, 0x0000000081000000| Untracked 
|  16|0x0000000081000000, 0x0000000081100000, 0x0000000081100000|100%| O|  |TAMS 0x0000000081100000, 0x0000000081100000| Untracked 
|  17|0x0000000081100000, 0x0000000081200000, 0x0000000081200000|100%|HS|  |TAMS 0x0000000081200000, 0x0000000081200000| Complete 
|  18|0x0000000081200000, 0x0000000081300000, 0x0000000081300000|100%|HC|  |TAMS 0x0000000081300000, 0x0000000081300000| Complete 
|  19|0x0000000081300000, 0x0000000081400000, 0x0000000081400000|100%|HS|  |TAMS 0x0000000081400000, 0x0000000081400000| Complete 
|  20|0x0000000081400000, 0x0000000081500000, 0x0000000081500000|100%|HC|  |TAMS 0x0000000081500000, 0x0000000081500000| Complete 
|  21|0x0000000081500000, 0x0000000081600000, 0x0000000081600000|100%|HC|  |TAMS 0x0000000081600000, 0x0000000081600000| Complete 
|  22|0x0000000081600000, 0x0000000081700000, 0x0000000081700000|100%|HS|  |TAMS 0x0000000081700000, 0x0000000081700000| Complete 
|  23|0x0000000081700000, 0x0000000081800000, 0x0000000081800000|100%|HC|  |TAMS 0x0000000081800000, 0x0000000081800000| Complete 
|  24|0x0000000081800000, 0x0000000081900000, 0x0000000081900000|100%|HC|  |TAMS 0x0000000081900000, 0x0000000081900000| Complete 
|  25|0x0000000081900000, 0x0000000081a00000, 0x0000000081a00000|100%|HC|  |TAMS 0x0000000081a00000, 0x0000000081a00000| Complete 
|  26|0x0000000081a00000, 0x0000000081b00000, 0x0000000081b00000|100%| O|  |TAMS 0x0000000081b00000, 0x0000000081b00000| Untracked 
|  27|0x0000000081b00000, 0x0000000081c00000, 0x0000000081c00000|100%| O|  |TAMS 0x0000000081c00000, 0x0000000081c00000| Untracked 
|  28|0x0000000081c00000, 0x0000000081d00000, 0x0000000081d00000|100%| O|  |TAMS 0x0000000081d00000, 0x0000000081d00000| Untracked 
|  29|0x0000000081d00000, 0x0000000081e00000, 0x0000000081e00000|100%| O|  |TAMS 0x0000000081e00000, 0x0000000081e00000| Untracked 
|  30|0x0000000081e00000, 0x0000000081f00000, 0x0000000081f00000|100%| O|  |TAMS 0x0000000081f00000, 0x0000000081f00000| Untracked 
|  31|0x0000000081f00000, 0x0000000082000000, 0x0000000082000000|100%| O|  |TAMS 0x0000000082000000, 0x0000000082000000| Untracked 
|  32|0x0000000082000000, 0x0000000082100000, 0x0000000082100000|100%| O|  |TAMS 0x0000000082100000, 0x0000000082100000| Untracked 
|  33|0x0000000082100000, 0x0000000082200000, 0x0000000082200000|100%|HS|  |TAMS 0x0000000082200000, 0x0000000082200000| Complete 
|  34|0x0000000082200000, 0x0000000082300000, 0x0000000082300000|100%|HC|  |TAMS 0x0000000082300000, 0x0000000082300000| Complete 
|  35|0x0000000082300000, 0x0000000082400000, 0x0000000082400000|100%|HC|  |TAMS 0x0000000082400000, 0x0000000082400000| Complete 
|  36|0x0000000082400000, 0x0000000082500000, 0x0000000082500000|100%|HS|  |TAMS 0x0000000082500000, 0x0000000082500000| Complete 
|  37|0x0000000082500000, 0x0000000082600000, 0x0000000082600000|100%| O|  |TAMS 0x0000000082600000, 0x0000000082600000| Untracked 
|  38|0x0000000082600000, 0x0000000082700000, 0x0000000082700000|100%| O|  |TAMS 0x0000000082700000, 0x0000000082700000| Untracked 
|  39|0x0000000082700000, 0x0000000082800000, 0x0000000082800000|100%| O|  |TAMS 0x0000000082800000, 0x0000000082800000| Untracked 
|  40|0x0000000082800000, 0x0000000082900000, 0x0000000082900000|100%| O|  |TAMS 0x0000000082900000, 0x0000000082900000| Untracked 
|  41|0x0000000082900000, 0x0000000082a00000, 0x0000000082a00000|100%| O|  |TAMS 0x0000000082a00000, 0x0000000082a00000| Untracked 
|  42|0x0000000082a00000, 0x0000000082b00000, 0x0000000082b00000|100%| O|  |TAMS 0x0000000082b00000, 0x0000000082b00000| Untracked 
|  43|0x0000000082b00000, 0x0000000082c00000, 0x0000000082c00000|100%|HS|  |TAMS 0x0000000082c00000, 0x0000000082c00000| Complete 
|  44|0x0000000082c00000, 0x0000000082d00000, 0x0000000082d00000|100%|HC|  |TAMS 0x0000000082d00000, 0x0000000082d00000| Complete 
|  45|0x0000000082d00000, 0x0000000082e00000, 0x0000000082e00000|100%|HC|  |TAMS 0x0000000082e00000, 0x0000000082e00000| Complete 
|  46|0x0000000082e00000, 0x0000000082f00000, 0x0000000082f00000|100%|HC|  |TAMS 0x0000000082f00000, 0x0000000082f00000| Complete 
|  47|0x0000000082f00000, 0x0000000083000000, 0x0000000083000000|100%|HS|  |TAMS 0x0000000083000000, 0x0000000083000000| Complete 
|  48|0x0000000083000000, 0x0000000083100000, 0x0000000083100000|100%|HS|  |TAMS 0x0000000083100000, 0x0000000083100000| Complete 
|  49|0x0000000083100000, 0x0000000083200000, 0x0000000083200000|100%|HS|  |TAMS 0x0000000083200000, 0x0000000083200000| Complete 
|  50|0x0000000083200000, 0x0000000083300000, 0x0000000083300000|100%|HC|  |TAMS 0x0000000083300000, 0x0000000083300000| Complete 
|  51|0x0000000083300000, 0x0000000083400000, 0x0000000083400000|100%| O|  |TAMS 0x0000000083400000, 0x0000000083400000| Untracked 
|  52|0x0000000083400000, 0x0000000083500000, 0x0000000083500000|100%| O|  |TAMS 0x0000000083500000, 0x0000000083500000| Untracked 
|  53|0x0000000083500000, 0x0000000083600000, 0x0000000083600000|100%| O|  |TAMS 0x0000000083600000, 0x0000000083600000| Untracked 
|  54|0x0000000083600000, 0x0000000083700000, 0x0000000083700000|100%| O|  |TAMS 0x0000000083700000, 0x0000000083700000| Untracked 
|  55|0x0000000083700000, 0x0000000083800000, 0x0000000083800000|100%| O|  |TAMS 0x0000000083800000, 0x0000000083800000| Untracked 
|  56|0x0000000083800000, 0x0000000083900000, 0x0000000083900000|100%| O|  |TAMS 0x0000000083900000, 0x0000000083900000| Untracked 
|  57|0x0000000083900000, 0x0000000083a00000, 0x0000000083a00000|100%| O|  |TAMS 0x0000000083a00000, 0x0000000083a00000| Untracked 
|  58|0x0000000083a00000, 0x0000000083b00000, 0x0000000083b00000|100%| O|  |TAMS 0x0000000083b00000, 0x0000000083b00000| Untracked 
|  59|0x0000000083b00000, 0x0000000083c00000, 0x0000000083c00000|100%| O|  |TAMS 0x0000000083c00000, 0x0000000083c00000| Untracked 
|  60|0x0000000083c00000, 0x0000000083d00000, 0x0000000083d00000|100%| O|  |TAMS 0x0000000083d00000, 0x0000000083d00000| Untracked 
|  61|0x0000000083d00000, 0x0000000083e00000, 0x0000000083e00000|100%| O|  |TAMS 0x0000000083e00000, 0x0000000083e00000| Untracked 
|  62|0x0000000083e00000, 0x0000000083f00000, 0x0000000083f00000|100%|HS|  |TAMS 0x0000000083f00000, 0x0000000083f00000| Complete 
|  63|0x0000000083f00000, 0x0000000084000000, 0x0000000084000000|100%|HC|  |TAMS 0x0000000084000000, 0x0000000084000000| Complete 
|  64|0x0000000084000000, 0x0000000084100000, 0x0000000084100000|100%|HS|  |TAMS 0x0000000084100000, 0x0000000084100000| Complete 
|  65|0x0000000084100000, 0x0000000084200000, 0x0000000084200000|100%|HC|  |TAMS 0x0000000084200000, 0x0000000084200000| Complete 
|  66|0x0000000084200000, 0x0000000084300000, 0x0000000084300000|100%|HC|  |TAMS 0x0000000084300000, 0x0000000084300000| Complete 
|  67|0x0000000084300000, 0x0000000084400000, 0x0000000084400000|100%|HS|  |TAMS 0x0000000084400000, 0x0000000084400000| Complete 
|  68|0x0000000084400000, 0x0000000084500000, 0x0000000084500000|100%|HC|  |TAMS 0x0000000084500000, 0x0000000084500000| Complete 
|  69|0x0000000084500000, 0x0000000084600000, 0x0000000084600000|100%|HC|  |TAMS 0x0000000084600000, 0x0000000084600000| Complete 
|  70|0x0000000084600000, 0x0000000084700000, 0x0000000084700000|100%|HC|  |TAMS 0x0000000084700000, 0x0000000084700000| Complete 
|  71|0x0000000084700000, 0x0000000084800000, 0x0000000084800000|100%| O|  |TAMS 0x0000000084800000, 0x0000000084800000| Untracked 
|  72|0x0000000084800000, 0x0000000084900000, 0x0000000084900000|100%| O|  |TAMS 0x0000000084900000, 0x0000000084900000| Untracked 
|  73|0x0000000084900000, 0x0000000084a00000, 0x0000000084a00000|100%| O|  |TAMS 0x0000000084a00000, 0x0000000084a00000| Untracked 
|  74|0x0000000084a00000, 0x0000000084b00000, 0x0000000084b00000|100%| O|  |TAMS 0x0000000084b00000, 0x0000000084b00000| Untracked 
|  75|0x0000000084b00000, 0x0000000084c00000, 0x0000000084c00000|100%| O|  |TAMS 0x0000000084c00000, 0x0000000084c00000| Untracked 
|  76|0x0000000084c00000, 0x0000000084d00000, 0x0000000084d00000|100%| O|  |TAMS 0x0000000084d00000, 0x0000000084d00000| Untracked 
|  77|0x0000000084d00000, 0x0000000084e00000, 0x0000000084e00000|100%| O|  |TAMS 0x0000000084e00000, 0x0000000084e00000| Untracked 
|  78|0x0000000084e00000, 0x0000000084f00000, 0x0000000084f00000|100%| O|  |TAMS 0x0000000084f00000, 0x0000000084f00000| Untracked 
|  79|0x0000000084f00000, 0x0000000085000000, 0x0000000085000000|100%| O|  |TAMS 0x0000000085000000, 0x0000000085000000| Untracked 
|  80|0x0000000085000000, 0x0000000085100000, 0x0000000085100000|100%| O|  |TAMS 0x0000000085100000, 0x0000000085100000| Untracked 
|  81|0x0000000085100000, 0x0000000085200000, 0x0000000085200000|100%| O|  |TAMS 0x0000000085200000, 0x0000000085200000| Untracked 
|  82|0x0000000085200000, 0x0000000085300000, 0x0000000085300000|100%| O|  |TAMS 0x0000000085300000, 0x0000000085300000| Untracked 
|  83|0x0000000085300000, 0x0000000085400000, 0x0000000085400000|100%| O|  |TAMS 0x0000000085400000, 0x0000000085400000| Untracked 
|  84|0x0000000085400000, 0x0000000085500000, 0x0000000085500000|100%| O|  |TAMS 0x0000000085500000, 0x0000000085500000| Untracked 
|  85|0x0000000085500000, 0x0000000085600000, 0x0000000085600000|100%| O|  |TAMS 0x0000000085600000, 0x0000000085600000| Untracked 
|  86|0x0000000085600000, 0x0000000085700000, 0x0000000085700000|100%| O|  |TAMS 0x0000000085700000, 0x0000000085700000| Untracked 
|  87|0x0000000085700000, 0x0000000085800000, 0x0000000085800000|100%| O|  |TAMS 0x0000000085800000, 0x0000000085800000| Untracked 
|  88|0x0000000085800000, 0x0000000085900000, 0x0000000085900000|100%| O|  |TAMS 0x0000000085900000, 0x0000000085900000| Untracked 
|  89|0x0000000085900000, 0x0000000085a00000, 0x0000000085a00000|100%| O|  |TAMS 0x0000000085a00000, 0x0000000085a00000| Untracked 
|  90|0x0000000085a00000, 0x0000000085b00000, 0x0000000085b00000|100%| O|  |TAMS 0x0000000085b00000, 0x0000000085b00000| Untracked 
|  91|0x0000000085b00000, 0x0000000085c00000, 0x0000000085c00000|100%| O|  |TAMS 0x0000000085c00000, 0x0000000085c00000| Untracked 
|  92|0x0000000085c00000, 0x0000000085d00000, 0x0000000085d00000|100%| O|  |TAMS 0x0000000085d00000, 0x0000000085d00000| Untracked 
|  93|0x0000000085d00000, 0x0000000085e00000, 0x0000000085e00000|100%| O|  |TAMS 0x0000000085e00000, 0x0000000085e00000| Untracked 
|  94|0x0000000085e00000, 0x0000000085f00000, 0x0000000085f00000|100%| O|  |TAMS 0x0000000085f00000, 0x0000000085f00000| Untracked 
|  95|0x0000000085f00000, 0x0000000086000000, 0x0000000086000000|100%| O|  |TAMS 0x0000000086000000, 0x0000000086000000| Untracked 
|  96|0x0000000086000000, 0x0000000086100000, 0x0000000086100000|100%| O|  |TAMS 0x0000000086100000, 0x0000000086100000| Untracked 
|  97|0x0000000086100000, 0x0000000086200000, 0x0000000086200000|100%| O|  |TAMS 0x0000000086200000, 0x0000000086200000| Untracked 
|  98|0x0000000086200000, 0x0000000086300000, 0x0000000086300000|100%| O|  |TAMS 0x0000000086300000, 0x0000000086300000| Untracked 
|  99|0x0000000086300000, 0x0000000086400000, 0x0000000086400000|100%| O|  |TAMS 0x0000000086400000, 0x0000000086400000| Untracked 
| 100|0x0000000086400000, 0x0000000086500000, 0x0000000086500000|100%| O|  |TAMS 0x0000000086500000, 0x0000000086500000| Untracked 
| 101|0x0000000086500000, 0x0000000086600000, 0x0000000086600000|100%| O|  |TAMS 0x0000000086600000, 0x0000000086600000| Untracked 
| 102|0x0000000086600000, 0x0000000086700000, 0x0000000086700000|100%| O|  |TAMS 0x0000000086700000, 0x0000000086700000| Untracked 
| 103|0x0000000086700000, 0x0000000086800000, 0x0000000086800000|100%| O|  |TAMS 0x0000000086800000, 0x0000000086800000| Untracked 
| 104|0x0000000086800000, 0x0000000086900000, 0x0000000086900000|100%| O|  |TAMS 0x0000000086900000, 0x0000000086900000| Untracked 
| 105|0x0000000086900000, 0x0000000086a00000, 0x0000000086a00000|100%| O|  |TAMS 0x0000000086a00000, 0x0000000086a00000| Untracked 
| 106|0x0000000086a00000, 0x0000000086b00000, 0x0000000086b00000|100%| O|  |TAMS 0x0000000086b00000, 0x0000000086b00000| Untracked 
| 107|0x0000000086b00000, 0x0000000086c00000, 0x0000000086c00000|100%| O|  |TAMS 0x0000000086c00000, 0x0000000086c00000| Untracked 
| 108|0x0000000086c00000, 0x0000000086d00000, 0x0000000086d00000|100%| O|  |TAMS 0x0000000086d00000, 0x0000000086d00000| Untracked 
| 109|0x0000000086d00000, 0x0000000086e00000, 0x0000000086e00000|100%| O|  |TAMS 0x0000000086e00000, 0x0000000086e00000| Untracked 
| 110|0x0000000086e00000, 0x0000000086f00000, 0x0000000086f00000|100%| O|  |TAMS 0x0000000086f00000, 0x0000000086f00000| Untracked 
| 111|0x0000000086f00000, 0x0000000087000000, 0x0000000087000000|100%| O|  |TAMS 0x0000000087000000, 0x0000000087000000| Untracked 
| 112|0x0000000087000000, 0x0000000087100000, 0x0000000087100000|100%|HS|  |TAMS 0x0000000087100000, 0x0000000087100000| Complete 
| 113|0x0000000087100000, 0x0000000087200000, 0x0000000087200000|100%|HC|  |TAMS 0x0000000087200000, 0x0000000087200000| Complete 
| 114|0x0000000087200000, 0x0000000087300000, 0x0000000087300000|100%| O|  |TAMS 0x0000000087300000, 0x0000000087300000| Untracked 
| 115|0x0000000087300000, 0x0000000087300000, 0x0000000087400000|  0%| F|  |TAMS 0x0000000087300000, 0x0000000087300000| Untracked 
| 116|0x0000000087400000, 0x0000000087500000, 0x0000000087500000|100%| O|  |TAMS 0x0000000087500000, 0x0000000087500000| Untracked 
| 117|0x0000000087500000, 0x0000000087600000, 0x0000000087600000|100%| O|  |TAMS 0x0000000087600000, 0x0000000087600000| Untracked 
| 118|0x0000000087600000, 0x0000000087700000, 0x0000000087700000|100%| O|  |TAMS 0x0000000087700000, 0x0000000087700000| Untracked 
| 119|0x0000000087700000, 0x0000000087800000, 0x0000000087800000|100%| O|  |TAMS 0x0000000087800000, 0x0000000087800000| Untracked 
| 120|0x0000000087800000, 0x0000000087900000, 0x0000000087900000|100%| O|  |TAMS 0x0000000087900000, 0x0000000087900000| Untracked 
| 121|0x0000000087900000, 0x0000000087a00000, 0x0000000087a00000|100%| O|  |TAMS 0x0000000087a00000, 0x0000000087a00000| Untracked 
| 122|0x0000000087a00000, 0x0000000087b00000, 0x0000000087b00000|100%| O|  |TAMS 0x0000000087b00000, 0x0000000087b00000| Untracked 
| 123|0x0000000087b00000, 0x0000000087c00000, 0x0000000087c00000|100%| O|  |TAMS 0x0000000087c00000, 0x0000000087c00000| Untracked 
| 124|0x0000000087c00000, 0x0000000087d00000, 0x0000000087d00000|100%| O|  |TAMS 0x0000000087d00000, 0x0000000087d00000| Untracked 
| 125|0x0000000087d00000, 0x0000000087e00000, 0x0000000087e00000|100%| O|  |TAMS 0x0000000087e00000, 0x0000000087e00000| Untracked 
| 126|0x0000000087e00000, 0x0000000087f00000, 0x0000000087f00000|100%| O|  |TAMS 0x0000000087f00000, 0x0000000087f00000| Untracked 
| 127|0x0000000087f00000, 0x0000000088000000, 0x0000000088000000|100%| O|  |TAMS 0x0000000088000000, 0x0000000088000000| Untracked 
| 128|0x0000000088000000, 0x0000000088100000, 0x0000000088100000|100%| O|  |TAMS 0x0000000088100000, 0x0000000088100000| Untracked 
| 129|0x0000000088100000, 0x0000000088200000, 0x0000000088200000|100%|HS|  |TAMS 0x0000000088100000, 0x0000000088100000| Complete 
| 130|0x0000000088200000, 0x0000000088300000, 0x0000000088300000|100%|HC|  |TAMS 0x0000000088200000, 0x0000000088200000| Complete 
| 131|0x0000000088300000, 0x0000000088300000, 0x0000000088400000|  0%| F|  |TAMS 0x0000000088300000, 0x0000000088300000| Untracked 
| 132|0x0000000088400000, 0x0000000088500000, 0x0000000088500000|100%| O|  |TAMS 0x0000000088500000, 0x0000000088500000| Untracked 
| 133|0x0000000088500000, 0x0000000088500000, 0x0000000088600000|  0%| F|  |TAMS 0x0000000088500000, 0x0000000088500000| Untracked 
| 134|0x0000000088600000, 0x0000000088700000, 0x0000000088700000|100%| O|  |TAMS 0x00000000886aac00, 0x0000000088700000| Untracked 
| 135|0x0000000088700000, 0x0000000088800000, 0x0000000088800000|100%| O|  |TAMS 0x0000000088700000, 0x0000000088800000| Untracked 
| 136|0x0000000088800000, 0x0000000088900000, 0x0000000088900000|100%| O|  |TAMS 0x0000000088800000, 0x0000000088900000| Untracked 
| 137|0x0000000088900000, 0x0000000088a00000, 0x0000000088a00000|100%| O|  |TAMS 0x0000000088900000, 0x0000000088a00000| Untracked 
| 138|0x0000000088a00000, 0x0000000088b00000, 0x0000000088b00000|100%| O|  |TAMS 0x0000000088a00000, 0x0000000088b00000| Untracked 
| 139|0x0000000088b00000, 0x0000000088c00000, 0x0000000088c00000|100%| O|  |TAMS 0x0000000088b00000, 0x0000000088c00000| Untracked 
| 140|0x0000000088c00000, 0x0000000088d00000, 0x0000000088d00000|100%| O|  |TAMS 0x0000000088c00000, 0x0000000088d00000| Untracked 
| 141|0x0000000088d00000, 0x0000000088e00000, 0x0000000088e00000|100%| O|  |TAMS 0x0000000088d00000, 0x0000000088e00000| Untracked 
| 142|0x0000000088e00000, 0x0000000088f00000, 0x0000000088f00000|100%| O|  |TAMS 0x0000000088e00000, 0x0000000088f00000| Untracked 
| 143|0x0000000088f00000, 0x0000000089000000, 0x0000000089000000|100%| O|  |TAMS 0x0000000088f00000, 0x0000000089000000| Untracked 
| 144|0x0000000089000000, 0x000000008904d000, 0x0000000089100000| 30%| O|  |TAMS 0x0000000089000000, 0x000000008904d000| Untracked 
| 145|0x0000000089100000, 0x0000000089100000, 0x0000000089200000|  0%| F|  |TAMS 0x0000000089100000, 0x0000000089100000| Untracked 
| 146|0x0000000089200000, 0x0000000089200000, 0x0000000089300000|  0%| F|  |TAMS 0x0000000089200000, 0x0000000089200000| Untracked 
| 147|0x0000000089300000, 0x0000000089300000, 0x0000000089400000|  0%| F|  |TAMS 0x0000000089300000, 0x0000000089300000| Untracked 
| 148|0x0000000089400000, 0x0000000089400000, 0x0000000089500000|  0%| F|  |TAMS 0x0000000089400000, 0x0000000089400000| Untracked 
| 149|0x0000000089500000, 0x0000000089500000, 0x0000000089600000|  0%| F|  |TAMS 0x0000000089500000, 0x0000000089500000| Untracked 
| 150|0x0000000089600000, 0x0000000089600000, 0x0000000089700000|  0%| F|  |TAMS 0x0000000089600000, 0x0000000089600000| Untracked 
| 151|0x0000000089700000, 0x0000000089700000, 0x0000000089800000|  0%| F|  |TAMS 0x0000000089700000, 0x0000000089700000| Untracked 
| 152|0x0000000089800000, 0x0000000089800000, 0x0000000089900000|  0%| F|  |TAMS 0x0000000089800000, 0x0000000089800000| Untracked 
| 153|0x0000000089900000, 0x0000000089900000, 0x0000000089a00000|  0%| F|  |TAMS 0x0000000089900000, 0x0000000089900000| Untracked 
| 154|0x0000000089a00000, 0x0000000089a00000, 0x0000000089b00000|  0%| F|  |TAMS 0x0000000089a00000, 0x0000000089a00000| Untracked 
| 155|0x0000000089b00000, 0x0000000089b00000, 0x0000000089c00000|  0%| F|  |TAMS 0x0000000089b00000, 0x0000000089b00000| Untracked 
| 156|0x0000000089c00000, 0x0000000089c00000, 0x0000000089d00000|  0%| F|  |TAMS 0x0000000089c00000, 0x0000000089c00000| Untracked 
| 157|0x0000000089d00000, 0x0000000089d00000, 0x0000000089e00000|  0%| F|  |TAMS 0x0000000089d00000, 0x0000000089d00000| Untracked 
| 158|0x0000000089e00000, 0x0000000089e00000, 0x0000000089f00000|  0%| F|  |TAMS 0x0000000089e00000, 0x0000000089e00000| Untracked 
| 159|0x0000000089f00000, 0x0000000089f00000, 0x000000008a000000|  0%| F|  |TAMS 0x0000000089f00000, 0x0000000089f00000| Untracked 
| 160|0x000000008a000000, 0x000000008a000000, 0x000000008a100000|  0%| F|  |TAMS 0x000000008a000000, 0x000000008a000000| Untracked 
| 161|0x000000008a100000, 0x000000008a100000, 0x000000008a200000|  0%| F|  |TAMS 0x000000008a100000, 0x000000008a100000| Untracked 
| 162|0x000000008a200000, 0x000000008a200000, 0x000000008a300000|  0%| F|  |TAMS 0x000000008a200000, 0x000000008a200000| Untracked 
| 163|0x000000008a300000, 0x000000008a300000, 0x000000008a400000|  0%| F|  |TAMS 0x000000008a300000, 0x000000008a300000| Untracked 
| 164|0x000000008a400000, 0x000000008a400000, 0x000000008a500000|  0%| F|  |TAMS 0x000000008a400000, 0x000000008a400000| Untracked 
| 165|0x000000008a500000, 0x000000008a500000, 0x000000008a600000|  0%| F|  |TAMS 0x000000008a500000, 0x000000008a500000| Untracked 
| 166|0x000000008a600000, 0x000000008a600000, 0x000000008a700000|  0%| F|  |TAMS 0x000000008a600000, 0x000000008a600000| Untracked 
| 167|0x000000008a700000, 0x000000008a700000, 0x000000008a800000|  0%| F|  |TAMS 0x000000008a700000, 0x000000008a700000| Untracked 
| 168|0x000000008a800000, 0x000000008a800000, 0x000000008a900000|  0%| F|  |TAMS 0x000000008a800000, 0x000000008a800000| Untracked 
| 169|0x000000008a900000, 0x000000008a900000, 0x000000008aa00000|  0%| F|  |TAMS 0x000000008a900000, 0x000000008a900000| Untracked 
| 170|0x000000008aa00000, 0x000000008aa00000, 0x000000008ab00000|  0%| F|  |TAMS 0x000000008aa00000, 0x000000008aa00000| Untracked 
| 171|0x000000008ab00000, 0x000000008ab00000, 0x000000008ac00000|  0%| F|  |TAMS 0x000000008ab00000, 0x000000008ab00000| Untracked 
| 172|0x000000008ac00000, 0x000000008ac00000, 0x000000008ad00000|  0%| F|  |TAMS 0x000000008ac00000, 0x000000008ac00000| Untracked 
| 173|0x000000008ad00000, 0x000000008ad00000, 0x000000008ae00000|  0%| F|  |TAMS 0x000000008ad00000, 0x000000008ad00000| Untracked 
| 174|0x000000008ae00000, 0x000000008ae00000, 0x000000008af00000|  0%| F|  |TAMS 0x000000008ae00000, 0x000000008ae00000| Untracked 
| 175|0x000000008af00000, 0x000000008af00000, 0x000000008b000000|  0%| F|  |TAMS 0x000000008af00000, 0x000000008af00000| Untracked 
| 176|0x000000008b000000, 0x000000008b000000, 0x000000008b100000|  0%| F|  |TAMS 0x000000008b000000, 0x000000008b000000| Untracked 
| 177|0x000000008b100000, 0x000000008b100000, 0x000000008b200000|  0%| F|  |TAMS 0x000000008b100000, 0x000000008b100000| Untracked 
| 178|0x000000008b200000, 0x000000008b200000, 0x000000008b300000|  0%| F|  |TAMS 0x000000008b200000, 0x000000008b200000| Untracked 
| 179|0x000000008b300000, 0x000000008b300000, 0x000000008b400000|  0%| F|  |TAMS 0x000000008b300000, 0x000000008b300000| Untracked 
| 180|0x000000008b400000, 0x000000008b400000, 0x000000008b500000|  0%| F|  |TAMS 0x000000008b400000, 0x000000008b400000| Untracked 
| 181|0x000000008b500000, 0x000000008b500000, 0x000000008b600000|  0%| F|  |TAMS 0x000000008b500000, 0x000000008b500000| Untracked 
| 182|0x000000008b600000, 0x000000008b600000, 0x000000008b700000|  0%| F|  |TAMS 0x000000008b600000, 0x000000008b600000| Untracked 
| 183|0x000000008b700000, 0x000000008b700000, 0x000000008b800000|  0%| F|  |TAMS 0x000000008b700000, 0x000000008b700000| Untracked 
| 184|0x000000008b800000, 0x000000008b800000, 0x000000008b900000|  0%| F|  |TAMS 0x000000008b800000, 0x000000008b800000| Untracked 
| 185|0x000000008b900000, 0x000000008b900000, 0x000000008ba00000|  0%| F|  |TAMS 0x000000008b900000, 0x000000008b900000| Untracked 
| 186|0x000000008ba00000, 0x000000008ba00000, 0x000000008bb00000|  0%| F|  |TAMS 0x000000008ba00000, 0x000000008ba00000| Untracked 
| 187|0x000000008bb00000, 0x000000008bb00000, 0x000000008bc00000|  0%| F|  |TAMS 0x000000008bb00000, 0x000000008bb00000| Untracked 
| 188|0x000000008bc00000, 0x000000008bc00000, 0x000000008bd00000|  0%| F|  |TAMS 0x000000008bc00000, 0x000000008bc00000| Untracked 
| 189|0x000000008bd00000, 0x000000008bd00000, 0x000000008be00000|  0%| F|  |TAMS 0x000000008bd00000, 0x000000008bd00000| Untracked 
| 190|0x000000008be00000, 0x000000008be00000, 0x000000008bf00000|  0%| F|  |TAMS 0x000000008be00000, 0x000000008be00000| Untracked 
| 191|0x000000008bf00000, 0x000000008bf00000, 0x000000008c000000|  0%| F|  |TAMS 0x000000008bf00000, 0x000000008bf00000| Untracked 
| 192|0x000000008c000000, 0x000000008c000000, 0x000000008c100000|  0%| F|  |TAMS 0x000000008c000000, 0x000000008c000000| Untracked 
| 193|0x000000008c100000, 0x000000008c100000, 0x000000008c200000|  0%| F|  |TAMS 0x000000008c100000, 0x000000008c100000| Untracked 
| 194|0x000000008c200000, 0x000000008c200000, 0x000000008c300000|  0%| F|  |TAMS 0x000000008c200000, 0x000000008c200000| Untracked 
| 195|0x000000008c300000, 0x000000008c300000, 0x000000008c400000|  0%| F|  |TAMS 0x000000008c300000, 0x000000008c300000| Untracked 
| 196|0x000000008c400000, 0x000000008c400000, 0x000000008c500000|  0%| F|  |TAMS 0x000000008c400000, 0x000000008c400000| Untracked 
| 197|0x000000008c500000, 0x000000008c500000, 0x000000008c600000|  0%| F|  |TAMS 0x000000008c500000, 0x000000008c500000| Untracked 
| 198|0x000000008c600000, 0x000000008c600000, 0x000000008c700000|  0%| F|  |TAMS 0x000000008c600000, 0x000000008c600000| Untracked 
| 199|0x000000008c700000, 0x000000008c700000, 0x000000008c800000|  0%| F|  |TAMS 0x000000008c700000, 0x000000008c700000| Untracked 
| 200|0x000000008c800000, 0x000000008c800000, 0x000000008c900000|  0%| F|  |TAMS 0x000000008c800000, 0x000000008c800000| Untracked 
| 201|0x000000008c900000, 0x000000008c900000, 0x000000008ca00000|  0%| F|  |TAMS 0x000000008c900000, 0x000000008c900000| Untracked 
| 202|0x000000008ca00000, 0x000000008ca00000, 0x000000008cb00000|  0%| F|  |TAMS 0x000000008ca00000, 0x000000008ca00000| Untracked 
| 203|0x000000008cb00000, 0x000000008cb00000, 0x000000008cc00000|  0%| F|  |TAMS 0x000000008cb00000, 0x000000008cb00000| Untracked 
| 204|0x000000008cc00000, 0x000000008cc00000, 0x000000008cd00000|  0%| F|  |TAMS 0x000000008cc00000, 0x000000008cc00000| Untracked 
| 205|0x000000008cd00000, 0x000000008cd00000, 0x000000008ce00000|  0%| F|  |TAMS 0x000000008cd00000, 0x000000008cd00000| Untracked 
| 206|0x000000008ce00000, 0x000000008ce00000, 0x000000008cf00000|  0%| F|  |TAMS 0x000000008ce00000, 0x000000008ce00000| Untracked 
| 207|0x000000008cf00000, 0x000000008cf00000, 0x000000008d000000|  0%| F|  |TAMS 0x000000008cf00000, 0x000000008cf00000| Untracked 
| 208|0x000000008d000000, 0x000000008d000000, 0x000000008d100000|  0%| F|  |TAMS 0x000000008d000000, 0x000000008d000000| Untracked 
| 209|0x000000008d100000, 0x000000008d100000, 0x000000008d200000|  0%| F|  |TAMS 0x000000008d100000, 0x000000008d100000| Untracked 
| 210|0x000000008d200000, 0x000000008d200000, 0x000000008d300000|  0%| F|  |TAMS 0x000000008d200000, 0x000000008d200000| Untracked 
| 211|0x000000008d300000, 0x000000008d300000, 0x000000008d400000|  0%| F|  |TAMS 0x000000008d300000, 0x000000008d300000| Untracked 
| 212|0x000000008d400000, 0x000000008d400000, 0x000000008d500000|  0%| F|  |TAMS 0x000000008d400000, 0x000000008d400000| Untracked 
| 213|0x000000008d500000, 0x000000008d500000, 0x000000008d600000|  0%| F|  |TAMS 0x000000008d500000, 0x000000008d500000| Untracked 
| 214|0x000000008d600000, 0x000000008d600000, 0x000000008d700000|  0%| F|  |TAMS 0x000000008d600000, 0x000000008d600000| Untracked 
| 215|0x000000008d700000, 0x000000008d700000, 0x000000008d800000|  0%| F|  |TAMS 0x000000008d700000, 0x000000008d700000| Untracked 
| 216|0x000000008d800000, 0x000000008d800000, 0x000000008d900000|  0%| F|  |TAMS 0x000000008d800000, 0x000000008d800000| Untracked 
| 217|0x000000008d900000, 0x000000008d900000, 0x000000008da00000|  0%| F|  |TAMS 0x000000008d900000, 0x000000008d900000| Untracked 
| 218|0x000000008da00000, 0x000000008da00000, 0x000000008db00000|  0%| F|  |TAMS 0x000000008da00000, 0x000000008da00000| Untracked 
| 219|0x000000008db00000, 0x000000008db00000, 0x000000008dc00000|  0%| F|  |TAMS 0x000000008db00000, 0x000000008db00000| Untracked 
| 220|0x000000008dc00000, 0x000000008dc00000, 0x000000008dd00000|  0%| F|  |TAMS 0x000000008dc00000, 0x000000008dc00000| Untracked 
| 221|0x000000008dd00000, 0x000000008dd00000, 0x000000008de00000|  0%| F|  |TAMS 0x000000008dd00000, 0x000000008dd00000| Untracked 
| 222|0x000000008de00000, 0x000000008de00000, 0x000000008df00000|  0%| F|  |TAMS 0x000000008de00000, 0x000000008de00000| Untracked 
| 223|0x000000008df00000, 0x000000008df00000, 0x000000008e000000|  0%| F|  |TAMS 0x000000008df00000, 0x000000008df00000| Untracked 
| 224|0x000000008e000000, 0x000000008e000000, 0x000000008e100000|  0%| F|  |TAMS 0x000000008e000000, 0x000000008e000000| Untracked 
| 225|0x000000008e100000, 0x000000008e100000, 0x000000008e200000|  0%| F|  |TAMS 0x000000008e100000, 0x000000008e100000| Untracked 
| 226|0x000000008e200000, 0x000000008e200000, 0x000000008e300000|  0%| F|  |TAMS 0x000000008e200000, 0x000000008e200000| Untracked 
| 227|0x000000008e300000, 0x000000008e300000, 0x000000008e400000|  0%| F|  |TAMS 0x000000008e300000, 0x000000008e300000| Untracked 
| 228|0x000000008e400000, 0x000000008e400000, 0x000000008e500000|  0%| F|  |TAMS 0x000000008e400000, 0x000000008e400000| Untracked 
| 229|0x000000008e500000, 0x000000008e500000, 0x000000008e600000|  0%| F|  |TAMS 0x000000008e500000, 0x000000008e500000| Untracked 
| 230|0x000000008e600000, 0x000000008e600000, 0x000000008e700000|  0%| F|  |TAMS 0x000000008e600000, 0x000000008e600000| Untracked 
| 231|0x000000008e700000, 0x000000008e700000, 0x000000008e800000|  0%| F|  |TAMS 0x000000008e700000, 0x000000008e700000| Untracked 
| 232|0x000000008e800000, 0x000000008e800000, 0x000000008e900000|  0%| F|  |TAMS 0x000000008e800000, 0x000000008e800000| Untracked 
| 233|0x000000008e900000, 0x000000008e900000, 0x000000008ea00000|  0%| F|  |TAMS 0x000000008e900000, 0x000000008e900000| Untracked 
| 234|0x000000008ea00000, 0x000000008ea00000, 0x000000008eb00000|  0%| F|  |TAMS 0x000000008ea00000, 0x000000008ea00000| Untracked 
| 235|0x000000008eb00000, 0x000000008eb00000, 0x000000008ec00000|  0%| F|  |TAMS 0x000000008eb00000, 0x000000008eb00000| Untracked 
| 236|0x000000008ec00000, 0x000000008ec00000, 0x000000008ed00000|  0%| F|  |TAMS 0x000000008ec00000, 0x000000008ec00000| Untracked 
| 237|0x000000008ed00000, 0x000000008ed00000, 0x000000008ee00000|  0%| F|  |TAMS 0x000000008ed00000, 0x000000008ed00000| Untracked 
| 238|0x000000008ee00000, 0x000000008ee00000, 0x000000008ef00000|  0%| F|  |TAMS 0x000000008ee00000, 0x000000008ee00000| Untracked 
| 239|0x000000008ef00000, 0x000000008ef00000, 0x000000008f000000|  0%| F|  |TAMS 0x000000008ef00000, 0x000000008ef00000| Untracked 
| 240|0x000000008f000000, 0x000000008f000000, 0x000000008f100000|  0%| F|  |TAMS 0x000000008f000000, 0x000000008f000000| Untracked 
| 241|0x000000008f100000, 0x000000008f100000, 0x000000008f200000|  0%| F|  |TAMS 0x000000008f100000, 0x000000008f100000| Untracked 
| 242|0x000000008f200000, 0x000000008f200000, 0x000000008f300000|  0%| F|  |TAMS 0x000000008f200000, 0x000000008f200000| Untracked 
| 243|0x000000008f300000, 0x000000008f300000, 0x000000008f400000|  0%| F|  |TAMS 0x000000008f300000, 0x000000008f300000| Untracked 
| 244|0x000000008f400000, 0x000000008f454ed8, 0x000000008f500000| 33%| E|  |TAMS 0x000000008f400000, 0x000000008f400000| Complete 
| 245|0x000000008f500000, 0x000000008f600000, 0x000000008f600000|100%| E|CS|TAMS 0x000000008f500000, 0x000000008f500000| Complete 
| 246|0x000000008f600000, 0x000000008f700000, 0x000000008f700000|100%| E|CS|TAMS 0x000000008f600000, 0x000000008f600000| Complete 
| 247|0x000000008f700000, 0x000000008f800000, 0x000000008f800000|100%| E|CS|TAMS 0x000000008f700000, 0x000000008f700000| Complete 
| 248|0x000000008f800000, 0x000000008f900000, 0x000000008f900000|100%| E|CS|TAMS 0x000000008f800000, 0x000000008f800000| Complete 
| 249|0x000000008f900000, 0x000000008fa00000, 0x000000008fa00000|100%| E|CS|TAMS 0x000000008f900000, 0x000000008f900000| Complete 
| 250|0x000000008fa00000, 0x000000008fa4bf00, 0x000000008fb00000| 29%| S|CS|TAMS 0x000000008fa00000, 0x000000008fa00000| Complete 
| 251|0x000000008fb00000, 0x000000008fc00000, 0x000000008fc00000|100%| S|CS|TAMS 0x000000008fb00000, 0x000000008fb00000| Complete 
| 252|0x000000008fc00000, 0x000000008fd00000, 0x000000008fd00000|100%| E|CS|TAMS 0x000000008fc00000, 0x000000008fc00000| Complete 
| 253|0x000000008fd00000, 0x000000008fe00000, 0x000000008fe00000|100%| E|CS|TAMS 0x000000008fd00000, 0x000000008fd00000| Complete 
| 254|0x000000008fe00000, 0x000000008ff00000, 0x000000008ff00000|100%| E|CS|TAMS 0x000000008fe00000, 0x000000008fe00000| Complete 
| 255|0x000000008ff00000, 0x0000000090000000, 0x0000000090000000|100%| E|CS|TAMS 0x000000008ff00000, 0x000000008ff00000| Complete 

Card table byte_map: [0x000001cefc540000,0x000001cefc940000] _byte_map_base: 0x000001cefc140000

Marking Bits (Prev, Next): (CMBitMap*) 0x000001cef7c1eae8, (CMBitMap*) 0x000001cef7c1eb20
 Prev Bits: [0x000001cefcd40000, 0x000001cefed40000)
 Next Bits: [0x000001ce8f000000, 0x000001ce91000000)

Polling page: 0x000001cef63b0000

Metaspace:

Usage:
  Non-class:    109.84 MB capacity,   107.17 MB ( 98%) used,     2.19 MB (  2%) free+waste,   487.69 KB ( <1%) overhead. 
      Class:     17.74 MB capacity,    16.14 MB ( 91%) used,     1.37 MB (  8%) free+waste,   231.31 KB (  1%) overhead. 
       Both:    127.58 MB capacity,   123.31 MB ( 97%) used,     3.56 MB (  3%) free+waste,   719.00 KB ( <1%) overhead. 

Virtual space:
  Non-class space:      110.00 MB reserved,     109.91 MB (>99%) committed 
      Class space:        1.00 GB reserved,      17.88 MB (  2%) committed 
             Both:        1.11 GB reserved,     127.80 MB ( 11%) committed 

Chunk freelists:
   Non-Class:  15.00 KB
       Class:  42.00 KB
        Both:  57.00 KB

MaxMetaspaceSize: 17179869184.00 GB
CompressedClassSpaceSize: 1.00 GB

CodeHeap 'non-profiled nmethods': size=120000Kb used=12461Kb max_used=12461Kb free=107538Kb
 bounds [0x000001ce87ad0000, 0x000001ce88700000, 0x000001ce8f000000]
CodeHeap 'profiled nmethods': size=120000Kb used=37473Kb max_used=37473Kb free=82526Kb
 bounds [0x000001ce805a0000, 0x000001ce82a50000, 0x000001ce87ad0000]
CodeHeap 'non-nmethods': size=5760Kb used=2365Kb max_used=2436Kb free=3394Kb
 bounds [0x000001ce80000000, 0x000001ce80280000, 0x000001ce805a0000]
 total_blobs=17669 nmethods=16682 adapters=897
 compilation: enabled
              stopped_count=0, restarted_count=0
 full_count=0

Compilation events (20 events):
Event: 577.800 Thread 0x000001ceff8fb000 nmethod 17987 0x000001ce82a42310 code [0x000001ce82a42720, 0x000001ce82a44308]
Event: 577.800 Thread 0x000001ceff8fb000 17989   !   2       java.nio.file.Files::walkFileTree (294 bytes)
Event: 577.802 Thread 0x000001ceff8fb000 nmethod 17989 0x000001ce82a45390 code [0x000001ce82a45660, 0x000001ce82a45f98]
Event: 577.802 Thread 0x000001ceff8fb000 17991       1       java.nio.file.FileTreeWalker$DirectoryNode::stream (5 bytes)
Event: 577.802 Thread 0x000001ceff8fb000 nmethod 17991 0x000001ce87f87290 code [0x000001ce87f87440, 0x000001ce87f874f8]
Event: 577.803 Thread 0x000001ce95cc8000 nmethod 17789 0x000001ce87fe3710 code [0x000001ce87fe3920, 0x000001ce87fe40d0]
Event: 577.803 Thread 0x000001ce95cc8000 17992   !   4       java.nio.file.Files::walkFileTree (294 bytes)
Event: 577.804 Thread 0x000001ce95cc0000 nmethod 17574 0x000001ce886e9f10 code [0x000001ce886ea680, 0x000001ce886f5a58]
Event: 577.804 Thread 0x000001ce95cc0000 17988       4       jdk.nio.zipfs.ZipFileAttributeView::readAttributes (5 bytes)
Event: 577.812 Thread 0x000001ce95cc0000 nmethod 17988 0x000001ce87fc9490 code [0x000001ce87fc9640, 0x000001ce87fc9a68]
Event: 577.812 Thread 0x000001ce95cc0000 17990       4       java.nio.file.SimpleFileVisitor::visitFile (14 bytes)
Event: 577.813 Thread 0x000001ce95cc0000 nmethod 17990 0x000001ce87f86f90 code [0x000001ce87f87120, 0x000001ce87f871b8]
Event: 577.813 Thread 0x000001ce95cc0000 17986       4       jdk.nio.zipfs.ZipPath::getFileName (5 bytes)
Event: 577.823 Thread 0x000001ce95cc0000 nmethod 17986 0x000001ce87fe2d10 code [0x000001ce87fe2ec0, 0x000001ce87fe34d8]
Event: 577.824 Thread 0x000001ce95cc0000 17993       4       javax.lang.model.SourceVersion::isIdentifier (71 bytes)
Event: 577.829 Thread 0x000001ce95cc0000 nmethod 17993 0x000001ce87fc8e10 code [0x000001ce87fc8fc0, 0x000001ce87fc91f8]
Event: 577.829 Thread 0x000001ce95cc0000 17997   !   4       java.nio.DirectByteBuffer::get (151 bytes)
Event: 577.843 Thread 0x000001ce95cc0000 nmethod 17997 0x000001ce87fe1f90 code [0x000001ce87fe2140, 0x000001ce87fe2738]
Event: 577.843 Thread 0x000001ce95cc0000 18000   !   4       sun.nio.ch.FileChannelImpl::read (266 bytes)
Event: 577.898 Thread 0x000001ceff8f6800 nmethod 17593 0x000001ce87fd7390 code [0x000001ce87fd7820, 0x000001ce87fdce40]

GC Heap History (20 events):
Event: 25.266 GC heap before
{Heap before GC invocations=30 (full 0):
 garbage-first heap   total 262144K, used 216941K [0x0000000080000000, 0x0000000100000000)
  region size 1024K, 113 young (115712K), 11 survivors (11264K)
 Metaspace       used 90631K, capacity 93316K, committed 93608K, reserved 1130496K
  class space    used 11710K, capacity 12686K, committed 12800K, reserved 1048576K
}
Event: 25.274 GC heap after
{Heap after GC invocations=31 (full 0):
 garbage-first heap   total 262144K, used 113019K [0x0000000080000000, 0x0000000100000000)
  region size 1024K, 5 young (5120K), 5 survivors (5120K)
 Metaspace       used 90631K, capacity 93316K, committed 93608K, reserved 1130496K
  class space    used 11710K, capacity 12686K, committed 12800K, reserved 1048576K
}
Event: 26.267 GC heap before
{Heap before GC invocations=31 (full 0):
 garbage-first heap   total 262144K, used 218491K [0x0000000080000000, 0x0000000100000000)
  region size 1024K, 108 young (110592K), 5 survivors (5120K)
 Metaspace       used 94912K, capacity 97790K, committed 97832K, reserved 1134592K
  class space    used 12313K, capacity 13419K, committed 13440K, reserved 1048576K
}
Event: 26.271 GC heap after
{Heap after GC invocations=32 (full 0):
 garbage-first heap   total 262144K, used 109514K [0x0000000080000000, 0x0000000100000000)
  region size 1024K, 4 young (4096K), 4 survivors (4096K)
 Metaspace       used 94912K, capacity 97790K, committed 97832K, reserved 1134592K
  class space    used 12313K, capacity 13419K, committed 13440K, reserved 1048576K
}
Event: 64.817 GC heap before
{Heap before GC invocations=32 (full 0):
 garbage-first heap   total 262144K, used 218058K [0x0000000080000000, 0x0000000100000000)
  region size 1024K, 111 young (113664K), 4 survivors (4096K)
 Metaspace       used 100383K, capacity 103661K, committed 103848K, reserved 1138688K
  class space    used 13021K, capacity 14240K, committed 14336K, reserved 1048576K
}
Event: 64.828 GC heap after
{Heap after GC invocations=33 (full 0):
 garbage-first heap   total 262144K, used 118599K [0x0000000080000000, 0x0000000100000000)
  region size 1024K, 13 young (13312K), 13 survivors (13312K)
 Metaspace       used 100383K, capacity 103661K, committed 103848K, reserved 1138688K
  class space    used 13021K, capacity 14240K, committed 14336K, reserved 1048576K
}
Event: 134.102 GC heap before
{Heap before GC invocations=33 (full 0):
 garbage-first heap   total 262144K, used 216903K [0x0000000080000000, 0x0000000100000000)
  region size 1024K, 110 young (112640K), 13 survivors (13312K)
 Metaspace       used 101671K, capacity 105104K, committed 105256K, reserved 1140736K
  class space    used 13159K, capacity 14393K, committed 14464K, reserved 1048576K
}
Event: 134.115 GC heap after
{Heap after GC invocations=34 (full 0):
 garbage-first heap   total 262144K, used 119935K [0x0000000080000000, 0x0000000100000000)
  region size 1024K, 6 young (6144K), 6 survivors (6144K)
 Metaspace       used 101671K, capacity 105104K, committed 105256K, reserved 1140736K
  class space    used 13159K, capacity 14393K, committed 14464K, reserved 1048576K
}
Event: 326.913 GC heap before
{Heap before GC invocations=34 (full 0):
 garbage-first heap   total 262144K, used 219263K [0x0000000080000000, 0x0000000100000000)
  region size 1024K, 102 young (104448K), 6 survivors (6144K)
 Metaspace       used 109540K, capacity 113207K, committed 113448K, reserved 1146880K
  class space    used 14093K, capacity 15456K, committed 15488K, reserved 1048576K
}
Event: 326.925 GC heap after
{Heap after GC invocations=35 (full 0):
 garbage-first heap   total 262144K, used 132096K [0x0000000080000000, 0x0000000100000000)
  region size 1024K, 13 young (13312K), 13 survivors (13312K)
 Metaspace       used 109540K, capacity 113207K, committed 113448K, reserved 1146880K
  class space    used 14093K, capacity 15456K, committed 15488K, reserved 1048576K
}
Event: 328.206 GC heap before
{Heap before GC invocations=35 (full 0):
 garbage-first heap   total 262144K, used 210944K [0x0000000080000000, 0x0000000100000000)
  region size 1024K, 92 young (94208K), 13 survivors (13312K)
 Metaspace       used 117052K, capacity 121131K, committed 121240K, reserved 1153024K
  class space    used 15223K, capacity 16795K, committed 16880K, reserved 1048576K
}
Event: 328.229 GC heap after
{Heap after GC invocations=36 (full 0):
 garbage-first heap   total 262144K, used 139408K [0x0000000080000000, 0x0000000100000000)
  region size 1024K, 9 young (9216K), 9 survivors (9216K)
 Metaspace       used 117052K, capacity 121131K, committed 121240K, reserved 1153024K
  class space    used 15223K, capacity 16795K, committed 16880K, reserved 1048576K
}
Event: 329.221 GC heap before
{Heap before GC invocations=37 (full 0):
 garbage-first heap   total 262144K, used 215184K [0x0000000080000000, 0x0000000100000000)
  region size 1024K, 84 young (86016K), 9 survivors (9216K)
 Metaspace       used 124761K, capacity 129111K, committed 129456K, reserved 1161216K
  class space    used 16356K, capacity 18010K, committed 18184K, reserved 1048576K
}
Event: 329.234 GC heap after
{Heap after GC invocations=38 (full 0):
 garbage-first heap   total 262144K, used 142638K [0x0000000080000000, 0x0000000100000000)
  region size 1024K, 5 young (5120K), 5 survivors (5120K)
 Metaspace       used 124761K, capacity 129111K, committed 129456K, reserved 1161216K
  class space    used 16356K, capacity 18010K, committed 18184K, reserved 1048576K
}
Event: 577.680 GC heap before
{Heap before GC invocations=39 (full 0):
 garbage-first heap   total 262144K, used 224558K [0x0000000080000000, 0x0000000100000000)
  region size 1024K, 79 young (80896K), 5 survivors (5120K)
 Metaspace       used 126178K, capacity 130511K, committed 130864K, reserved 1161216K
  class space    used 16529K, capacity 18166K, committed 18312K, reserved 1048576K
}
Event: 577.689 GC heap after
{Heap after GC invocations=40 (full 0):
 garbage-first heap   total 262144K, used 147727K [0x0000000080000000, 0x0000000100000000)
  region size 1024K, 10 young (10240K), 10 survivors (10240K)
 Metaspace       used 126178K, capacity 130511K, committed 130864K, reserved 1161216K
  class space    used 16529K, capacity 18166K, committed 18312K, reserved 1048576K
}
Event: 577.710 GC heap before
{Heap before GC invocations=40 (full 0):
 garbage-first heap   total 262144K, used 149775K [0x0000000080000000, 0x0000000100000000)
  region size 1024K, 12 young (12288K), 10 survivors (10240K)
 Metaspace       used 126184K, capacity 130511K, committed 130864K, reserved 1161216K
  class space    used 16529K, capacity 18166K, committed 18312K, reserved 1048576K
}
Event: 577.719 GC heap after
{Heap after GC invocations=41 (full 0):
 garbage-first heap   total 262144K, used 144280K [0x0000000080000000, 0x0000000100000000)
  region size 1024K, 2 young (2048K), 2 survivors (2048K)
 Metaspace       used 126184K, capacity 130511K, committed 130864K, reserved 1161216K
  class space    used 16529K, capacity 18166K, committed 18312K, reserved 1048576K
}
Event: 577.777 GC heap before
{Heap before GC invocations=41 (full 0):
 garbage-first heap   total 262144K, used 144280K [0x0000000080000000, 0x0000000100000000)
  region size 1024K, 4 young (4096K), 2 survivors (2048K)
 Metaspace       used 126263K, capacity 130639K, committed 130864K, reserved 1161216K
  class space    used 16529K, capacity 18166K, committed 18312K, reserved 1048576K
}
Event: 577.782 GC heap after
{Heap after GC invocations=42 (full 0):
 garbage-first heap   total 262144K, used 143971K [0x0000000080000000, 0x0000000100000000)
  region size 1024K, 2 young (2048K), 2 survivors (2048K)
 Metaspace       used 126263K, capacity 130639K, committed 130864K, reserved 1161216K
  class space    used 16529K, capacity 18166K, committed 18312K, reserved 1048576K
}

Deoptimization events (20 events):
Event: 577.669 Thread 0x000001ce9b58a800 Uncommon trap: trap_request=0xffffffbe fr.pc=0x000001ce87f25c44 relative=0x00000000000004c4
Event: 577.669 Thread 0x000001ce9b58a800 Uncommon trap: reason=profile_predicate action=maybe_recompile pc=0x000001ce87f25c44 method=org.gradle.internal.snapshot.AbstractListChildMap.visitChildren(Ljava/util/function/BiConsumer;)V @ 16 c2
Event: 577.669 Thread 0x000001ce9b58a800 DEOPT PACKING pc=0x000001ce87f25c44 sp=0x0000006ec97f8470
Event: 577.669 Thread 0x000001ce9b58a800 DEOPT UNPACKING pc=0x000001ce8002662f sp=0x0000006ec97f8420 mode 2
Event: 577.669 Thread 0x000001ce9b58a800 Uncommon trap: trap_request=0xffffffbe fr.pc=0x000001ce87f25c44 relative=0x00000000000004c4
Event: 577.669 Thread 0x000001ce9b58a800 Uncommon trap: reason=profile_predicate action=maybe_recompile pc=0x000001ce87f25c44 method=org.gradle.internal.snapshot.AbstractListChildMap.visitChildren(Ljava/util/function/BiConsumer;)V @ 16 c2
Event: 577.669 Thread 0x000001ce9b58a800 DEOPT PACKING pc=0x000001ce87f25c44 sp=0x0000006ec97fc2f0
Event: 577.669 Thread 0x000001ce9b58a800 DEOPT UNPACKING pc=0x000001ce8002662f sp=0x0000006ec97fc2b0 mode 2
Event: 577.671 Thread 0x000001ce9b58a800 Uncommon trap: trap_request=0xffffffbe fr.pc=0x000001ce87f25c44 relative=0x00000000000004c4
Event: 577.671 Thread 0x000001ce9b58a800 Uncommon trap: reason=profile_predicate action=maybe_recompile pc=0x000001ce87f25c44 method=org.gradle.internal.snapshot.AbstractListChildMap.visitChildren(Ljava/util/function/BiConsumer;)V @ 16 c2
Event: 577.671 Thread 0x000001ce9b58a800 DEOPT PACKING pc=0x000001ce87f25c44 sp=0x0000006ec97fc100
Event: 577.671 Thread 0x000001ce9b58a800 DEOPT UNPACKING pc=0x000001ce8002662f sp=0x0000006ec97fc0c0 mode 2
Event: 577.709 Thread 0x000001ce9b58a800 DEOPT PACKING pc=0x000001ce82568cc4 sp=0x0000006ec97f8dd0
Event: 577.709 Thread 0x000001ce9b58a800 DEOPT UNPACKING pc=0x000001ce80026dde sp=0x0000006ec97f8370 mode 0
Event: 577.751 Thread 0x000001ce9b58a800 DEOPT PACKING pc=0x000001ce82568cc4 sp=0x0000006ec97f8780
Event: 577.751 Thread 0x000001ce9b58a800 DEOPT UNPACKING pc=0x000001ce80026dde sp=0x0000006ec97f7d20 mode 0
Event: 577.797 Thread 0x000001ce9b58a800 Uncommon trap: trap_request=0xfffffff4 fr.pc=0x000001ce88684008 relative=0x00000000000029e8
Event: 577.797 Thread 0x000001ce9b58a800 Uncommon trap: reason=null_check action=make_not_entrant pc=0x000001ce88684008 method=jdk.nio.zipfs.ZipFileSystem$IndexNode.keyOf([B)Ljdk/nio/zipfs/ZipFileSystem$IndexNode; @ 6 c2
Event: 577.797 Thread 0x000001ce9b58a800 DEOPT PACKING pc=0x000001ce88684008 sp=0x0000006ec97f8b90
Event: 577.797 Thread 0x000001ce9b58a800 DEOPT UNPACKING pc=0x000001ce8002662f sp=0x0000006ec97f8a78 mode 2

Classes redefined (0 events):
No events

Internal exceptions (20 events):
Event: 329.311 Thread 0x000001ce95cc7800 Exception <a 'java/lang/NoSuchMethodError'{0x000000008fcc1668}: 'java.lang.Object java.lang.invoke.DirectMethodHandle$Holder.invokeStatic(java.lang.Object, java.lang.Object, java.lang.Object, java.lang.Object, java.lang.Object, int, java.lang.Object)'> (0x000000008fcc1668) thrown at [./src/hotspot/share/interpreter/linkResolver.cpp, line 773]
Event: 329.312 Thread 0x000001ce95cc7800 Exception <a 'java/lang/NoSuchMethodError'{0x000000008fcc8a20}: 'java.lang.Object java.lang.invoke.Invokers$Holder.linkToTargetMethod(java.lang.Object, java.lang.Object, java.lang.Object, java.lang.Object, int, java.lang.Object, java.lang.Object)'> (0x000000008fcc8a20) thrown at [./src/hotspot/share/interpreter/linkResolver.cpp, line 773]
Event: 329.387 Thread 0x000001ce95cc7800 Exception <a 'java/lang/NoSuchMethodError'{0x000000008f8c1bd0}: 'java.lang.Object java.lang.invoke.DirectMethodHandle$Holder.invokeStatic(java.lang.Object, java.lang.Object, java.lang.Object, java.lang.Object, java.lang.Object, java.lang.Object, java.lang.Object, int)'> (0x000000008f8c1bd0) thrown at [./src/hotspot/share/interpreter/linkResolver.cpp, line 773]
Event: 329.388 Thread 0x000001ce95cc7800 Exception <a 'java/lang/NoSuchMethodError'{0x000000008f8c61b8}: 'java.lang.Object java.lang.invoke.DirectMethodHandle$Holder.invokeSpecial(java.lang.Object, java.lang.Object, java.lang.Object, java.lang.Object, java.lang.Object, java.lang.Object, java.lang.Object, java.lang.Object, int)'> (0x000000008f8c61b8) thrown at [./src/hotspot/share/interpreter/linkResolver.cpp, line 773]
Event: 329.388 Thread 0x000001ce95cc7800 Exception <a 'java/lang/NoSuchMethodError'{0x000000008f8c9e98}: 'java.lang.Object java.lang.invoke.Invokers$Holder.linkToTargetMethod(java.lang.Object, java.lang.Object, java.lang.Object, java.lang.Object, java.lang.Object, java.lang.Object, int, java.lang.Object)'> (0x000000008f8c9e98) thrown at [./src/hotspot/share/interpreter/linkResolver.cpp, line 773]
Event: 329.591 Thread 0x000001ce95cc7800 Exception <a 'java/lang/NoSuchMethodError'{0x000000008ea6b5c0}: 'java.lang.Object java.lang.invoke.DirectMethodHandle$Holder.invokeVirtual(java.lang.Object, java.lang.Object, int)'> (0x000000008ea6b5c0) thrown at [./src/hotspot/share/interpreter/linkResolver.cpp, line 773]
Event: 329.632 Thread 0x000001ce9d6da000 Exception <a 'sun/nio/fs/WindowsException'{0x000000008e910230}> (0x000000008e910230) thrown at [./src/hotspot/share/prims/jni.cpp, line 615]
Event: 329.632 Thread 0x000001ce9d6da000 Exception <a 'sun/nio/fs/WindowsException'{0x000000008e9102b0}> (0x000000008e9102b0) thrown at [./src/hotspot/share/prims/jni.cpp, line 615]
Event: 329.632 Thread 0x000001ce9d6da000 Exception <a 'sun/nio/fs/WindowsException'{0x000000008e911c18}> (0x000000008e911c18) thrown at [./src/hotspot/share/prims/jni.cpp, line 615]
Event: 577.392 Thread 0x000001ce95cbc000 Exception <a 'sun/nio/fs/WindowsException'{0x000000008cbd3150}> (0x000000008cbd3150) thrown at [./src/hotspot/share/prims/jni.cpp, line 615]
Event: 577.435 Thread 0x000001ce95cbc000 Exception <a 'java/lang/NoClassDefFoundError'{0x000000008c700800}: org/jetbrains/kotlin/gradle/plugin/KotlinBasePluginWrapper> (0x000000008c700800) thrown at [./src/hotspot/share/oops/constantPool.cpp, line 775]
Event: 577.474 Thread 0x000001ce95cbc000 Exception <a 'sun/nio/fs/WindowsException'{0x000000008c5a8b58}> (0x000000008c5a8b58) thrown at [./src/hotspot/share/prims/jni.cpp, line 615]
Event: 577.482 Thread 0x000001ce95cbc000 Exception <a 'sun/nio/fs/WindowsException'{0x000000008c44da28}> (0x000000008c44da28) thrown at [./src/hotspot/share/prims/jni.cpp, line 615]
Event: 577.482 Thread 0x000001ce95cbc000 Exception <a 'sun/nio/fs/WindowsException'{0x000000008c44f030}> (0x000000008c44f030) thrown at [./src/hotspot/share/prims/jni.cpp, line 615]
Event: 577.482 Thread 0x000001ce95cbc000 Exception <a 'sun/nio/fs/WindowsException'{0x000000008c4503f8}> (0x000000008c4503f8) thrown at [./src/hotspot/share/prims/jni.cpp, line 615]
Event: 577.482 Thread 0x000001ce95cbc000 Exception <a 'sun/nio/fs/WindowsException'{0x000000008c4517c0}> (0x000000008c4517c0) thrown at [./src/hotspot/share/prims/jni.cpp, line 615]
Event: 577.762 Thread 0x000001ce9b58a800 Exception <a 'sun/nio/fs/WindowsException'{0x000000008ffecc00}> (0x000000008ffecc00) thrown at [./src/hotspot/share/prims/jni.cpp, line 615]
Event: 577.774 Thread 0x000001ce9b58a800 Exception <a 'sun/nio/fs/WindowsException'{0x000000008fecf358}> (0x000000008fecf358) thrown at [./src/hotspot/share/prims/jni.cpp, line 615]
Event: 577.774 Thread 0x000001ce9b58a800 Exception <a 'sun/nio/fs/WindowsException'{0x000000008fecf460}> (0x000000008fecf460) thrown at [./src/hotspot/share/prims/jni.cpp, line 615]
Event: 577.797 Thread 0x000001ce9b58a800 Implicit null exception at 0x000001ce886816a4 to 0x000001ce88683fec

Events (20 events):
Event: 577.675 Executing VM operation: RevokeBias done
Event: 577.680 Executing VM operation: G1CollectForAllocation
Event: 577.689 Executing VM operation: G1CollectForAllocation done
Event: 577.689 Executing VM operation: RevokeBias
Event: 577.689 Executing VM operation: RevokeBias done
Event: 577.689 Executing VM operation: RevokeBias
Event: 577.689 Executing VM operation: RevokeBias done
Event: 577.690 Thread 0x000001ce9b592800 Thread added: 0x000001ce9b592800
Event: 577.690 Thread 0x000001ce9b590800 Thread added: 0x000001ce9b590800
Event: 577.690 Thread 0x000001ce9b593800 Thread added: 0x000001ce9b593800
Event: 577.690 Thread 0x000001ce9b594800 Thread added: 0x000001ce9b594800
Event: 577.690 Thread 0x000001ce9b595000 Thread added: 0x000001ce9b595000
Event: 577.691 Thread 0x000001ce9c115000 Thread added: 0x000001ce9c115000
Event: 577.691 Thread 0x000001ce9c116000 Thread added: 0x000001ce9c116000
Event: 577.691 Thread 0x000001ce9c116800 Thread added: 0x000001ce9c116800
Event: 577.710 Executing VM operation: G1CollectForAllocation
Event: 577.719 Executing VM operation: G1CollectForAllocation done
Event: 577.777 Executing VM operation: G1CollectForAllocation
Event: 577.782 Executing VM operation: G1CollectForAllocation done
Event: 577.898 Executing VM operation: CGC_Operation


Dynamic libraries:
0x00007ff6e2f60000 - 0x00007ff6e2f6a000 	C:\Program Files\Android\Android Studio1\jre\bin\java.exe
0x00007ff823bf0000 - 0x00007ff823de5000 	C:\Windows\SYSTEM32\ntdll.dll
0x00007ff822530000 - 0x00007ff8225ee000 	C:\Windows\System32\KERNEL32.DLL
0x00007ff8215d0000 - 0x00007ff821898000 	C:\Windows\System32\KERNELBASE.dll
0x00007ff8218d0000 - 0x00007ff8219d0000 	C:\Windows\System32\ucrtbase.dll
0x00007ff819b20000 - 0x00007ff819b39000 	C:\Program Files\Android\Android Studio1\jre\bin\jli.dll
0x00007ff819a90000 - 0x00007ff819aa7000 	C:\Program Files\Android\Android Studio1\jre\bin\VCRUNTIME140.dll
0x00007ff821cc0000 - 0x00007ff821e60000 	C:\Windows\System32\USER32.dll
0x00007ff8218a0000 - 0x00007ff8218c2000 	C:\Windows\System32\win32u.dll
0x00007ff820700000 - 0x00007ff82099a000 	C:\Windows\WinSxS\amd64_microsoft.windows.common-controls_6595b64144ccf1df_6.0.19041.1110_none_60b5254171f9507e\COMCTL32.dll
0x00007ff8235d0000 - 0x00007ff8235fb000 	C:\Windows\System32\GDI32.dll
0x00007ff822940000 - 0x00007ff8229de000 	C:\Windows\System32\msvcrt.dll
0x00007ff8219d0000 - 0x00007ff821add000 	C:\Windows\System32\gdi32full.dll
0x00007ff821530000 - 0x00007ff8215cd000 	C:\Windows\System32\msvcp_win.dll
0x00007ff823600000 - 0x00007ff823630000 	C:\Windows\System32\IMM32.DLL
0x00007ff8072a0000 - 0x00007ff80733d000 	C:\Program Files\Android\Android Studio1\jre\bin\msvcp140.dll
0x00007fffe91d0000 - 0x00007fffe9ca5000 	C:\Program Files\Android\Android Studio1\jre\bin\server\jvm.dll
0x00007ff821e60000 - 0x00007ff821f0e000 	C:\Windows\System32\ADVAPI32.dll
0x00007ff823630000 - 0x00007ff8236cc000 	C:\Windows\System32\sechost.dll
0x00007ff822600000 - 0x00007ff822725000 	C:\Windows\System32\RPCRT4.dll
0x00007ff823400000 - 0x00007ff823408000 	C:\Windows\System32\PSAPI.DLL
0x00007ff81f220000 - 0x00007ff81f22a000 	C:\Windows\SYSTEM32\VERSION.dll
0x00007ff81c080000 - 0x00007ff81c089000 	C:\Windows\SYSTEM32\WSOCK32.dll
0x00007ff810580000 - 0x00007ff8105a7000 	C:\Windows\SYSTEM32\WINMM.dll
0x00007ff8236d0000 - 0x00007ff82373b000 	C:\Windows\System32\WS2_32.dll
0x00007ff81e3f0000 - 0x00007ff81e402000 	C:\Windows\SYSTEM32\kernel.appcore.dll
0x00007ff817170000 - 0x00007ff817181000 	C:\Program Files\Android\Android Studio1\jre\bin\verify.dll
0x00007ff820ca0000 - 0x00007ff820e84000 	C:\Windows\SYSTEM32\DBGHELP.DLL
0x00007ff820c70000 - 0x00007ff820c9c000 	C:\Windows\SYSTEM32\dbgcore.DLL
0x00007ff821470000 - 0x00007ff8214f2000 	C:\Windows\System32\bcryptPrimitives.dll
0x00007ff8075d0000 - 0x00007ff8075f9000 	C:\Program Files\Android\Android Studio1\jre\bin\java.dll
0x00007ff81c070000 - 0x00007ff81c07b000 	C:\Program Files\Android\Android Studio1\jre\bin\jimage.dll
0x00007ff810ca0000 - 0x00007ff810cb8000 	C:\Program Files\Android\Android Studio1\jre\bin\zip.dll
0x00007ff822cb0000 - 0x00007ff8233f4000 	C:\Windows\System32\SHELL32.dll
0x00007ff81e5f0000 - 0x00007ff81ed84000 	C:\Windows\SYSTEM32\windows.storage.dll
0x00007ff823740000 - 0x00007ff823a95000 	C:\Windows\System32\combase.dll
0x00007ff820660000 - 0x00007ff82068e000 	C:\Windows\SYSTEM32\Wldp.dll
0x00007ff823b00000 - 0x00007ff823bad000 	C:\Windows\System32\SHCORE.dll
0x00007ff822390000 - 0x00007ff8223e5000 	C:\Windows\System32\shlwapi.dll
0x00007ff821240000 - 0x00007ff82125f000 	C:\Windows\SYSTEM32\profapi.dll
0x00007ff807530000 - 0x00007ff80754a000 	C:\Program Files\Android\Android Studio1\jre\bin\net.dll
0x00007ff811da0000 - 0x00007ff811eac000 	C:\Windows\SYSTEM32\WINHTTP.dll
0x00007ff820500000 - 0x00007ff82056a000 	C:\Windows\system32\mswsock.dll
0x00007ff807510000 - 0x00007ff807524000 	C:\Program Files\Android\Android Studio1\jre\bin\nio.dll
0x00007ff8074a0000 - 0x00007ff8074c7000 	C:\Users\Ester\.gradle\native\e1d6ef7f7dcc3fd88c89a11ec53ec762bb8ba0a96d01ffa2cd45eb1d1d8dd5c5\windows-amd64\native-platform.dll
0x00007fffffae0000 - 0x00007fffffc24000 	C:\Users\Ester\.gradle\native\5664cfc778a61ccfe75a443a1ab52a65af34e5dc3c78e0209fed803814484fcb\windows-amd64\native-platform-file-events.dll
0x00007ff81bc00000 - 0x00007ff81bc0a000 	C:\Program Files\Android\Android Studio1\jre\bin\management.dll
0x00007ff81b520000 - 0x00007ff81b52d000 	C:\Program Files\Android\Android Studio1\jre\bin\management_ext.dll
0x00007ff821080000 - 0x00007ff821098000 	C:\Windows\SYSTEM32\CRYPTSP.dll
0x00007ff81fca0000 - 0x00007ff81fcd4000 	C:\Windows\system32\rsaenh.dll
0x00007ff821500000 - 0x00007ff821527000 	C:\Windows\System32\bcrypt.dll
0x00007ff821200000 - 0x00007ff82122e000 	C:\Windows\SYSTEM32\USERENV.dll
0x00007ff820650000 - 0x00007ff82065c000 	C:\Windows\SYSTEM32\CRYPTBASE.dll
0x00007ff8200b0000 - 0x00007ff8200eb000 	C:\Windows\SYSTEM32\IPHLPAPI.DLL
0x00007ff8225f0000 - 0x00007ff8225f8000 	C:\Windows\System32\NSI.dll
0x00007ff817120000 - 0x00007ff817137000 	C:\Windows\SYSTEM32\dhcpcsvc6.DLL
0x00007ff818650000 - 0x00007ff81866d000 	C:\Windows\SYSTEM32\dhcpcsvc.DLL
0x00007ff8200f0000 - 0x00007ff8201bb000 	C:\Windows\SYSTEM32\DNSAPI.dll
0x00007ff809010000 - 0x00007ff809037000 	C:\Program Files\Android\Android Studio1\jre\bin\sunec.dll

dbghelp: loaded successfully - version: 4.0.5 - missing functions: none
symbol engine: initialized successfully - sym options: 0x614 - pdb path: .;C:\Program Files\Android\Android Studio1\jre\bin;C:\Windows\SYSTEM32;C:\Windows\WinSxS\amd64_microsoft.windows.common-controls_6595b64144ccf1df_6.0.19041.1110_none_60b5254171f9507e;C:\Program Files\Android\Android Studio1\jre\bin\server;C:\Users\Ester\.gradle\native\e1d6ef7f7dcc3fd88c89a11ec53ec762bb8ba0a96d01ffa2cd45eb1d1d8dd5c5\windows-amd64;C:\Users\Ester\.gradle\native\5664cfc778a61ccfe75a443a1ab52a65af34e5dc3c78e0209fed803814484fcb\windows-amd64

VM Arguments:
jvm_args: --add-opens=java.base/java.util=ALL-UNNAMED --add-opens=java.base/java.lang=ALL-UNNAMED --add-opens=java.base/java.lang.invoke=ALL-UNNAMED --add-opens=java.base/java.util=ALL-UNNAMED --add-opens=java.prefs/java.util.prefs=ALL-UNNAMED --add-opens=java.prefs/java.util.prefs=ALL-UNNAMED --add-opens=java.base/java.nio.charset=ALL-UNNAMED --add-opens=java.base/java.net=ALL-UNNAMED --add-opens=java.base/java.util.concurrent.atomic=ALL-UNNAMED -Xmx2048m -Dfile.encoding=UTF-8 -Duser.country=BR -Duser.language=pt -Duser.variant 
java_command: org.gradle.launcher.daemon.bootstrap.GradleDaemon 7.2
java_class_path (initial): C:\Users\Ester\.gradle\wrapper\dists\gradle-7.2-bin\2dnblmf4td7x66yl1d74lt32g\gradle-7.2\lib\gradle-launcher-7.2.jar
Launcher Type: SUN_STANDARD

[Global flags]
     intx CICompilerCount                          = 4                                         {product} {ergonomic}
     uint ConcGCThreads                            = 2                                         {product} {ergonomic}
     uint G1ConcRefinementThreads                  = 8                                         {product} {ergonomic}
   size_t G1HeapRegionSize                         = 1048576                                   {product} {ergonomic}
    uintx GCDrainStackTargetSize                   = 64                                        {product} {ergonomic}
   size_t InitialHeapSize                          = 268435456                                 {product} {ergonomic}
   size_t MarkStackSize                            = 4194304                                   {product} {ergonomic}
   size_t MaxHeapSize                              = 2147483648                                {product} {command line}
   size_t MaxNewSize                               = 1287651328                                {product} {ergonomic}
   size_t MinHeapDeltaBytes                        = 1048576                                   {product} {ergonomic}
    uintx NonNMethodCodeHeapSize                   = 5836300                                {pd product} {ergonomic}
    uintx NonProfiledCodeHeapSize                  = 122910970                              {pd product} {ergonomic}
    uintx ProfiledCodeHeapSize                     = 122910970                              {pd product} {ergonomic}
    uintx ReservedCodeCacheSize                    = 251658240                              {pd product} {ergonomic}
     bool SegmentedCodeCache                       = true                                      {product} {ergonomic}
     bool UseCompressedClassPointers               = true                                 {lp64_product} {ergonomic}
     bool UseCompressedOops                        = true                                 {lp64_product} {ergonomic}
     bool UseG1GC                                  = true                                      {product} {ergonomic}
     bool UseLargePagesIndividualAllocation        = false                                  {pd product} {ergonomic}

Logging:
Log output configuration:
 #0: stdout all=warning uptime,level,tags
 #1: stderr all=off uptime,level,tags

Environment Variables:
JAVA_HOME=C:\Users\Ester\Downloads\jdk-11.0.10_windows-x64_bin.exe
CLASSPATH=.
PATH=C:\Program Files\Common Files\Oracle\Java\javapath;C:\Python310\Scripts\;C:\Python310\;C:\Windows\system32;C:\Windows;C:\Windows\System32\Wbem;C:\Windows\System32\WindowsPowerShell\v1.0\;C:\Windows\System32\OpenSSH\;C:\Program Files\nodejs\;C:\ProgramData\chocolatey\bin;C:\Users\Ester\Downloads\jdk-11.0.10_windows-x64_bin.exe\bin;C:\Program Files\Git\cmd;C:\Users\Ester\AppData\Local\Microsoft\WindowsApps;;C:\Users\Ester\AppData\Local\Programs\Microsoft VS Code\bin;C:\Users\Ester\AppData\Roaming\npm;C:\Program Files\JetBrains\IntelliJ IDEA Community Edition 2021.3.2\bin;
USERNAME=Ester
OS=Windows_NT
PROCESSOR_IDENTIFIER=Intel64 Family 6 Model 158 Stepping 9, GenuineIntel



---------------  S Y S T E M  ---------------

OS: Windows 10 , 64 bit Build 19041 (10.0.19041.1503)
OS uptime: 0 days 17:53 hours

CPU:total 8 (initial active 8) (4 cores per cpu, 2 threads per core) family 6 model 158 stepping 9 microcode 0xb4, cmov, cx8, fxsr, mmx, sse, sse2, sse3, ssse3, sse4.1, sse4.2, popcnt, avx, avx2, aes, clmul, erms, 3dnowpref, lzcnt, ht, tsc, tscinvbit, bmi1, bmi2, adx, fma

Memory: 4k page, system-wide physical 16293M (5928M free)
TotalPageFile size 32677M (AvailPageFile size 20781M)
current process WorkingSet (physical memory assigned to process): 623M, peak: 627M
current process commit charge ("private bytes"): 661M, peak: 666M

vm_info: OpenJDK 64-Bit Server VM (11.0.11+9-b60-7590822) for windows-amd64 JRE (11.0.11+9-b60-7590822), built on Jul 29 2021 21:43:44 by "builder" with MS VC++ 14.0 (VS2015)

END.
