#
# A fatal error has been detected by the Java Runtime Environment:
#
#  EXCEPTION_ACCESS_VIOLATION (0xc0000005) at pc=0x00007fff83d7d266, pid=11564, tid=3600
#
# JRE version: OpenJDK Runtime Environment (11.0.11+9) (build 11.0.11+9-b60-7590822)
# Java VM: OpenJDK 64-Bit Server VM (11.0.11+9-b60-7590822, mixed mode, tiered, compressed oops, g1 gc, windows-amd64)
# Problematic frame:
# V  [jvm.dll+0x18d266]
#
# No core dump will be written. Minidumps are not enabled by default on client versions of Windows
#
# If you would like to submit a bug report, please visit:
#   https://bugreport.java.com/bugreport/crash.jsp
#

---------------  S U M M A R Y ------------

Command Line: --add-opens=java.base/java.util=ALL-UNNAMED --add-opens=java.base/java.lang=ALL-UNNAMED --add-opens=java.base/java.lang.invoke=ALL-UNNAMED --add-opens=java.base/java.util=ALL-UNNAMED --add-opens=java.prefs/java.util.prefs=ALL-UNNAMED --add-opens=java.prefs/java.util.prefs=ALL-UNNAMED --add-opens=java.base/java.nio.charset=ALL-UNNAMED --add-opens=java.base/java.net=ALL-UNNAMED --add-opens=java.base/java.util.concurrent.atomic=ALL-UNNAMED -Xmx2048m -Dfile.encoding=UTF-8 -Duser.country=BR -Duser.language=pt -Duser.variant org.gradle.launcher.daemon.bootstrap.GradleDaemon 7.2

Host: Intel(R) Core(TM) i7-7700HQ CPU @ 2.80GHz, 8 cores, 15G,  Windows 10 , 64 bit Build 19041 (10.0.19041.1503)
Time: Fri Mar 25 13:21:37 2022 Hora oficial do Brasil elapsed time: 4790.125287 seconds (0d 1h 19m 50s)

---------------  T H R E A D  ---------------

Current thread (0x000001b7e99e7800):  ConcurrentGCThread "G1 Conc#1" [stack: 0x0000006db0200000,0x0000006db0300000] [id=3600]

Stack: [0x0000006db0200000,0x0000006db0300000],  sp=0x0000006db02ff5c8,  free space=1021k
Native frames: (J=compiled Java code, j=interpreted, Vv=VM code, C=native code)
V  [jvm.dll+0x18d266]


siginfo: EXCEPTION_ACCESS_VIOLATION (0xc0000005), reading address 0x00000000000000b0


Register to memory mapping:

RIP=0x00007fff83d7d266 jvm.dll
RAX=0x2492490421042101 is an unknown value
RBX=0x00000000810ee180 is pointing into object: java.lang.String 
{0x00000000810ee170} - klass: 'java/lang/String'
RCX=0x00000000810ee180 is pointing into object: java.lang.String 
{0x00000000810ee170} - klass: 'java/lang/String'
RDX=0x00000000810ee180 is pointing into object: java.lang.String 
{0x00000000810ee170} - klass: 'java/lang/String'
RSP=0x0000006db02ff5c8 points into unknown readable memory: 0x00007fff83ecb2fa | fa b2 ec 83 ff 7f 00 00
RBP=0x000001b7cb4acc00 points into unknown readable memory: 0x000001b7cb4b5800 | 00 58 4b cb b7 01 00 00
RSI=0x0000000000000001 is an unknown value
RDI=0x0 is NULL
R8 =0x2492490421042104 is an unknown value
R9 =0x00000000000000a8 is an unknown value
R10=0x000001b7cb4acc00 points into unknown readable memory: 0x000001b7cb4b5800 | 00 58 4b cb b7 01 00 00
R11=0x346dc5d63886594b is an unknown value
R12=0x000000000000000c is an unknown value
R13=0xaaaaaaaaaaaaaaab is an unknown value
R14=0x0000000000000001 is an unknown value
R15=0x0000000086ce7c70 is an oop: java.util.Hashtable$Entry 
{0x0000000086ce7c70} - klass: 'java/util/Hashtable$Entry'


Registers:
RAX=0x2492490421042101, RBX=0x00000000810ee180, RCX=0x00000000810ee180, RDX=0x00000000810ee180
RSP=0x0000006db02ff5c8, RBP=0x000001b7cb4acc00, RSI=0x0000000000000001, RDI=0x0000000000000000
R8 =0x2492490421042104, R9 =0x00000000000000a8, R10=0x000001b7cb4acc00, R11=0x346dc5d63886594b
R12=0x000000000000000c, R13=0xaaaaaaaaaaaaaaab, R14=0x0000000000000001, R15=0x0000000086ce7c70
RIP=0x00007fff83d7d266, EFLAGS=0x0000000000010202

Top of Stack: (sp=0x0000006db02ff5c8)
0x0000006db02ff5c8:   00007fff83ecb2fa 00000000810ee180
0x0000006db02ff5d8:   0000000100028b90 000001b7cb4bc890
0x0000006db02ff5e8:   0000000000000001 0000000100028b98
0x0000006db02ff5f8:   00007fff83ecb1a6 0000000100028b90
0x0000006db02ff608:   00000000810ee180 000001b7cb4bc930
0x0000006db02ff618:   0000006db02ff808 0000000000000000
0x0000006db02ff628:   0000006db02ff808 0000000086ce7c8c
0x0000006db02ff638:   00007fff83ec303d 0000000000000004
0x0000006db02ff648:   0000000086ce7c80 0000000086ce7c60
0x0000006db02ff658:   0000000100013f08 0000006db02ff7e0
0x0000006db02ff668:   000001b7e99e2801 0000000100028938
0x0000006db02ff678:   00007fff83ec28f1 0000000000000004
0x0000006db02ff688:   0000006db02ff808 0000000086ce7c70
0x0000006db02ff698:   0000000086daa8b0 0000000086ce7c70
0x0000006db02ff6a8:   00007fff83ed0cdf 000001b7cb4bc930
0x0000006db02ff6b8:   0000000000dc0000 0000000000000000 

Instructions: (pc=0x00007fff83d7d266)
0x00007fff83d7d166:   82 00 48 d3 e0 48 03 05 1e 6b 82 00 eb 04 48 8b
0x00007fff83d7d176:   43 08 81 78 08 00 00 00 c0 73 7d 48 8b 4f 38 48
0x00007fff83d7d186:   8b d3 48 8b 01 ff 50 20 84 c0 75 6c 38 05 e0 f6
0x00007fff83d7d196:   86 00 74 15 8b 53 08 8b 0d f5 6a 82 00 48 d3 e2
0x00007fff83d7d1a6:   48 03 15 e3 6a 82 00 eb 04 48 8b 53 08 48 8b cb
0x00007fff83d7d1b6:   48 89 5c 24 20 e8 a0 00 00 00 80 7f 30 00 48 63
0x00007fff83d7d1c6:   c8 48 89 4c 24 28 0f 28 44 24 20 74 17 0f 11 86
0x00007fff83d7d1d6:   98 03 00 00 48 8b 5c 24 40 48 8b 74 24 48 48 83
0x00007fff83d7d1e6:   c4 30 5f c3 48 8b 07 48 8d 54 24 20 48 8b cf 66
0x00007fff83d7d1f6:   0f 7f 44 24 20 ff 50 38 48 8b 5c 24 40 48 8b 74
0x00007fff83d7d206:   24 48 48 83 c4 30 5f c3 cc cc 48 8b 49 38 48 8b
0x00007fff83d7d216:   01 48 ff 60 28 cc cc cc cc cc 80 3d 51 f6 86 00
0x00007fff83d7d226:   00 48 8b c1 74 1b 8b 51 08 8b 0d 63 6a 82 00 48
0x00007fff83d7d236:   d3 e2 48 8b c8 48 03 15 4e 6a 82 00 e9 19 00 00
0x00007fff83d7d246:   00 48 8b 51 08 48 8b c8 e9 0d 00 00 00 cc cc cc
0x00007fff83d7d256:   cc cc cc cc cc cc cc cc cc cc 4c 8b ca 48 8b d1
0x00007fff83d7d266:   45 8b 41 08 45 85 c0 7e 0e 41 f6 c0 01 75 59 41
0x00007fff83d7d276:   c1 f8 03 41 8b c0 c3 79 4f 80 3d f2 f5 86 00 00
0x00007fff83d7d286:   b8 0c 00 00 00 b9 10 00 00 00 0f 45 c8 8b 05 2b
0x00007fff83d7d296:   b4 80 00 ff c8 4c 63 c8 48 63 c1 41 8b c8 83 e1
0x00007fff83d7d2a6:   3f 48 63 14 10 41 8b c0 48 c1 f8 10 0f b6 c0 48
0x00007fff83d7d2b6:   d3 e2 49 8d 0c 11 49 f7 d1 48 03 c1 49 c1 e9 03
0x00007fff83d7d2c6:   48 c1 e8 03 41 23 c1 c3 49 8b 01 49 8b c9 48 ff
0x00007fff83d7d2d6:   a0 10 01 00 00 cc cc cc cc cc 48 83 ec 38 0f 10
0x00007fff83d7d2e6:   02 48 8b 49 38 48 8d 54 24 20 0f 29 44 24 20 e8
0x00007fff83d7d2f6:   66 f0 ff ff 48 83 c4 38 c3 cc 48 89 5c 24 08 55
0x00007fff83d7d306:   56 57 41 54 41 55 41 56 41 57 48 8d 6c 24 e0 48
0x00007fff83d7d316:   81 ec 20 01 00 00 48 8b 05 1d ef 83 00 48 33 c4
0x00007fff83d7d326:   48 89 45 10 48 8b 05 5f 60 86 00 45 33 ed 4c 8b
0x00007fff83d7d336:   b5 80 00 00 00 4c 8b fa 48 8b bd 88 00 00 00 4d
0x00007fff83d7d346:   8b c6 49 8b d6 49 8b f1 48 8b 48 38 48 8b 59 48
0x00007fff83d7d356:   49 8b cf c7 45 c0 ff ff ff ff 44 89 6d d4 4c 89 


Stack slot to memory mapping:
stack at sp + 0 slots: 0x00007fff83ecb2fa jvm.dll
stack at sp + 1 slots: 0x00000000810ee180 is pointing into object: java.lang.String 
{0x00000000810ee170} - klass: 'java/lang/String'
stack at sp + 2 slots: 0x0000000100028b90 is pointing into metadata
stack at sp + 3 slots: 0x000001b7cb4bc890 points into unknown readable memory: 0x000001b70000005b | 5b 00 00 00 b7 01 00 00
stack at sp + 4 slots: 0x0000000000000001 is an unknown value
stack at sp + 5 slots: 0x0000000100028b98 is a pointer to class: 
stack at sp + 6 slots: 0x00007fff83ecb1a6 jvm.dll
stack at sp + 7 slots: 0x0000000100028b90 is pointing into metadata


---------------  P R O C E S S  ---------------

Threads class SMR info:
_java_thread_list=0x000001b7ee075a30, length=141, elements={
0x000001b7cb46a000, 0x000001b7e6919800, 0x000001b7e691d000, 0x000001b7e6981000,
0x000001b7e6983000, 0x000001b7e6984800, 0x000001b7e6988000, 0x000001b7e698d000,
0x000001b7e6991000, 0x000001b7e6af2800, 0x000001b7e9270000, 0x000001b7e8501000,
0x000001b7e6c21800, 0x000001b7e9acd000, 0x000001b7e9ac8800, 0x000001b7e9ac9800,
0x000001b7e9aca800, 0x000001b7e9acb000, 0x000001b7ea79e800, 0x000001b7ea7a0000,
0x000001b7ea7a1000, 0x000001b7ea7a1800, 0x000001b7ea7a2800, 0x000001b7e7ddd000,
0x000001b7e7dd9800, 0x000001b7e7de1800, 0x000001b7e7ddf000, 0x000001b7e7ddd800,
0x000001b7e7ddc000, 0x000001b7ee93a800, 0x000001b7e7d0e000, 0x000001b7ed14b000,
0x000001b7ed146000, 0x000001b7f41e8800, 0x000001b7f41e9800, 0x000001b7f40c2000,
0x000001b7f40c5000, 0x000001b7f40c1000, 0x000001b7f40c7800, 0x000001b7e7d0b000,
0x000001b7e7d11800, 0x000001b7e7d0f000, 0x000001b7e7d0b800, 0x000001b7e7d10000,
0x000001b7e7d12000, 0x000001b7e7d10800, 0x000001b7e7d0c800, 0x000001b7e7d13000,
0x000001b7e7d0d800, 0x000001b7e7d16800, 0x000001b7e7d18800, 0x000001b7e7d17000,
0x000001b7e7d18000, 0x000001b7e7d15800, 0x000001b7e7d19800, 0x000001b7e7d14000,
0x000001b7e7d14800, 0x000001b7ed14b800, 0x000001b7ed148800, 0x000001b7ed14c800,
0x000001b7ed147800, 0x000001b7ed149000, 0x000001b7ed146800, 0x000001b7ed14d000,
0x000001b7ed14f000, 0x000001b7ed14e000, 0x000001b7ed14f800, 0x000001b7ed14a000,
0x000001b7ed150800, 0x000001b7ed154000, 0x000001b7ed151800, 0x000001b7ed152000,
0x000001b7ed153000, 0x000001b7ed154800, 0x000001b7f41e6000, 0x000001b7f41e3800,
0x000001b7f41ea000, 0x000001b7f41e5000, 0x000001b7f41e4800, 0x000001b7f41eb000,
0x000001b7f41ec000, 0x000001b7f41ec800, 0x000001b7f41e7000, 0x000001b7f41f1800,
0x000001b7f41f0000, 0x000001b7f41f2800, 0x000001b7f41ee000, 0x000001b7f41f0800,
0x000001b7f41ed800, 0x000001b7f41ef000, 0x000001b7f40c2800, 0x000001b7f40c3800,
0x000001b7f40c6000, 0x000001b7f40c4800, 0x000001b7f40c0800, 0x000001b7f40cb800,
0x000001b7f40c8800, 0x000001b7f40c9800, 0x000001b7f40ca000, 0x000001b7f40cb000,
0x000001b7f40cc800, 0x000001b7f40c7000, 0x000001b7f40ce000, 0x000001b7f40cd800,
0x000001b7f40cf000, 0x000001b7e7dd8000, 0x000001b7e7dd8800, 0x000001b7e7dda800,
0x000001b7e7dd7000, 0x000001b7e7de0000, 0x000001b7e7dde800, 0x000001b7e7de1000,
0x000001b7e7ddb000, 0x000001b7e7de3800, 0x000001b7e7de5000, 0x000001b7e7de4000,
0x000001b7e7de6000, 0x000001b7ea79c000, 0x000001b7ea79d800, 0x000001b7ea7a5000,
0x000001b7ea7a4000, 0x000001b7ea7a3800, 0x000001b7ea7a5800, 0x000001b7ea7aa000,
0x000001b7ea7a8000, 0x000001b7ea7a6800, 0x000001b7ea7a9000, 0x000001b7ea7a7800,
0x000001b7ee935000, 0x000001b7ee93b800, 0x000001b7ee936000, 0x000001b7ee936800,
0x000001b7ee937800, 0x000001b7ee938000, 0x000001b7ee939000, 0x000001b7ee93a000,
0x000001b7e9acc000, 0x000001b7e9ac7000, 0x000001b7e9acd800, 0x000001b7e9ac8000,
0x000001b7f2907000
}

Java Threads: ( => current thread )
  0x000001b7cb46a000 JavaThread "main" [_thread_blocked, id=2520, stack(0x0000006dadd00000,0x0000006dade00000)]
  0x000001b7e6919800 JavaThread "Reference Handler" daemon [_thread_blocked, id=1788, stack(0x0000006dae400000,0x0000006dae500000)]
  0x000001b7e691d000 JavaThread "Finalizer" daemon [_thread_blocked, id=11672, stack(0x0000006dae500000,0x0000006dae600000)]
  0x000001b7e6981000 JavaThread "Signal Dispatcher" daemon [_thread_blocked, id=1608, stack(0x0000006dae600000,0x0000006dae700000)]
  0x000001b7e6983000 JavaThread "Attach Listener" daemon [_thread_blocked, id=4620, stack(0x0000006dae700000,0x0000006dae800000)]
  0x000001b7e6984800 JavaThread "Service Thread" daemon [_thread_blocked, id=5576, stack(0x0000006dae800000,0x0000006dae900000)]
  0x000001b7e6988000 JavaThread "C2 CompilerThread0" daemon [_thread_in_native, id=5912, stack(0x0000006dae900000,0x0000006daea00000)]
  0x000001b7e698d000 JavaThread "C1 CompilerThread0" daemon [_thread_blocked, id=3304, stack(0x0000006daea00000,0x0000006daeb00000)]
  0x000001b7e6991000 JavaThread "Sweeper thread" daemon [_thread_blocked, id=8552, stack(0x0000006daeb00000,0x0000006daec00000)]
  0x000001b7e6af2800 JavaThread "Common-Cleaner" daemon [_thread_blocked, id=13020, stack(0x0000006daec00000,0x0000006daed00000)]
  0x000001b7e9270000 JavaThread "Daemon health stats" [_thread_blocked, id=4796, stack(0x0000006daf500000,0x0000006daf600000)]
  0x000001b7e8501000 JavaThread "Incoming local TCP Connector on port 56589" [_thread_in_native, id=6304, stack(0x0000006daee00000,0x0000006daef00000)]
  0x000001b7e6c21800 JavaThread "Daemon periodic checks" [_thread_blocked, id=9784, stack(0x0000006daf400000,0x0000006daf500000)]
  0x000001b7e9acd000 JavaThread "Cache worker for journal cache (C:\Users\Ester\.gradle\caches\journal-1)" [_thread_blocked, id=3036, stack(0x0000006dafd00000,0x0000006dafe00000)]
  0x000001b7e9ac8800 JavaThread "File lock request listener" [_thread_in_native, id=7576, stack(0x0000006dafe00000,0x0000006daff00000)]
  0x000001b7e9ac9800 JavaThread "Cache worker for file hash cache (C:\Users\Ester\.gradle\caches\7.2\fileHashes)" [_thread_blocked, id=11404, stack(0x0000006daff00000,0x0000006db0000000)]
  0x000001b7e9aca800 JavaThread "File watcher server" daemon [_thread_in_native, id=2320, stack(0x0000006db0500000,0x0000006db0600000)]
  0x000001b7e9acb000 JavaThread "File watcher consumer" daemon [_thread_blocked, id=11844, stack(0x0000006db0600000,0x0000006db0700000)]
  0x000001b7ea79e800 JavaThread "Cache worker for execution history cache (C:\Users\Ester\.gradle\caches\7.2\executionHistory)" [_thread_blocked, id=5144, stack(0x0000006db0b00000,0x0000006db0c00000)]
  0x000001b7ea7a0000 JavaThread "jar transforms" [_thread_blocked, id=12460, stack(0x0000006db0c00000,0x0000006db0d00000)]
  0x000001b7ea7a1000 JavaThread "Cache worker for file content cache (C:\Users\Ester\.gradle\caches\7.2\fileContent)" [_thread_blocked, id=11444, stack(0x0000006db0d00000,0x0000006db0e00000)]
  0x000001b7ea7a1800 JavaThread "jar transforms Thread 2" [_thread_blocked, id=13204, stack(0x0000006db0e00000,0x0000006db0f00000)]
  0x000001b7ea7a2800 JavaThread "jar transforms Thread 3" [_thread_blocked, id=13164, stack(0x0000006db1000000,0x0000006db1100000)]
  0x000001b7e7ddd000 JavaThread "jar transforms Thread 4" [_thread_blocked, id=7760, stack(0x0000006db6200000,0x0000006db6300000)]
  0x000001b7e7dd9800 JavaThread "jar transforms Thread 5" [_thread_blocked, id=7752, stack(0x0000006db6300000,0x0000006db6400000)]
  0x000001b7e7de1800 JavaThread "jar transforms Thread 6" [_thread_blocked, id=7656, stack(0x0000006db6400000,0x0000006db6500000)]
  0x000001b7e7ddf000 JavaThread "jar transforms Thread 7" [_thread_blocked, id=13212, stack(0x0000006db6500000,0x0000006db6600000)]
  0x000001b7e7ddd800 JavaThread "jar transforms Thread 8" [_thread_blocked, id=1916, stack(0x0000006db6600000,0x0000006db6700000)]
  0x000001b7e7ddc000 JavaThread "Memory manager" [_thread_blocked, id=1584, stack(0x0000006db6700000,0x0000006db6800000)]
  0x000001b7ee93a800 JavaThread "Cache worker for Java compile cache (C:\Users\Ester\.gradle\caches\7.2\javaCompile)" [_thread_blocked, id=9296, stack(0x0000006db7500000,0x0000006db7600000)]
  0x000001b7e7d0e000 JavaThread "ForkJoinPool.commonPool-worker-15" daemon [_thread_blocked, id=3292, stack(0x0000006db8800000,0x0000006db8900000)]
  0x000001b7ed14b000 JavaThread "ForkJoinPool.commonPool-worker-9" daemon [_thread_blocked, id=7316, stack(0x0000006db8900000,0x0000006db8a00000)]
  0x000001b7ed146000 JavaThread "ForkJoinPool.commonPool-worker-11" daemon [_thread_blocked, id=12856, stack(0x0000006db8a00000,0x0000006db8b00000)]
  0x000001b7f41e8800 JavaThread "Daemon Thread 7" [_thread_blocked, id=1756, stack(0x0000006dada00000,0x0000006dadb00000)]
  0x000001b7f41e9800 JavaThread "Daemon worker Thread 7" [_thread_blocked, id=9224, stack(0x0000006daf600000,0x0000006daf700000)]
  0x000001b7f40c2000 JavaThread "ForkJoinPool.commonPool-worker-13" daemon [_thread_blocked, id=12820, stack(0x0000006db7600000,0x0000006db7700000)]
  0x000001b7f40c5000 JavaThread "ForkJoinPool.commonPool-worker-1" daemon [_thread_blocked, id=6916, stack(0x0000006db7700000,0x0000006db7800000)]
  0x000001b7f40c1000 JavaThread "ForkJoinPool.commonPool-worker-3" daemon [_thread_blocked, id=9024, stack(0x0000006db7800000,0x0000006db7900000)]
  0x000001b7f40c7800 JavaThread "ForkJoinPool.commonPool-worker-5" daemon [_thread_blocked, id=8852, stack(0x0000006db7900000,0x0000006db7a00000)]
  0x000001b7e7d0b000 JavaThread "Handler for socket connection from /127.0.0.1:56589 to /127.0.0.1:64672" [_thread_in_native, id=12824, stack(0x0000006dadb00000,0x0000006dadc00000)]
  0x000001b7e7d11800 JavaThread "Cancel handler" [_thread_blocked, id=10808, stack(0x0000006dadc00000,0x0000006dadd00000)]
  0x000001b7e7d0f000 JavaThread "Asynchronous log dispatcher for DefaultDaemonConnection: socket connection from /127.0.0.1:56589 to /127.0.0.1:64672" [_thread_blocked, id=7920, stack(0x0000006daf700000,0x0000006daf800000)]
  0x000001b7e7d0b800 JavaThread "Stdin handler" [_thread_blocked, id=6244, stack(0x0000006daf800000,0x0000006daf900000)]
  0x000001b7e7d10000 JavaThread "Daemon client event forwarder" [_thread_blocked, id=6252, stack(0x0000006daf900000,0x0000006dafa00000)]
  0x000001b7e7d12000 JavaThread "Cache worker for file hash cache (C:\Users\Ester\AndroidStudioProjects\Exemplo1\.gradle\7.2\fileHashes)" [_thread_blocked, id=7480, stack(0x0000006dafb00000,0x0000006dafc00000)]
  0x000001b7e7d10800 JavaThread "Cache worker for checksums cache (C:\Users\Ester\AndroidStudioProjects\Exemplo1\.gradle\checksums)" [_thread_blocked, id=5868, stack(0x0000006dafc00000,0x0000006dafd00000)]
  0x000001b7e7d0c800 JavaThread "Cache worker for cache directory md-supplier (C:\Users\Ester\.gradle\caches\7.2\md-supplier)" [_thread_blocked, id=10960, stack(0x0000006db0300000,0x0000006db0400000)]
  0x000001b7e7d13000 JavaThread "Cache worker for cache directory md-rule (C:\Users\Ester\.gradle\caches\7.2\md-rule)" [_thread_blocked, id=12728, stack(0x0000006db0400000,0x0000006db0500000)]
  0x000001b7e7d0d800 JavaThread "Cache worker for dependencies-accessors (C:\Users\Ester\AndroidStudioProjects\Exemplo1\.gradle\7.2\dependencies-accessors)" [_thread_blocked, id=12956, stack(0x0000006db0700000,0x0000006db0800000)]
  0x000001b7e7d16800 JavaThread "Cache worker for Build Output Cleanup Cache (C:\Users\Ester\AndroidStudioProjects\Exemplo1\.gradle\buildOutputCleanup)" [_thread_blocked, id=10308, stack(0x0000006db0800000,0x0000006db0900000)]
  0x000001b7e7d18800 JavaThread "C2 CompilerThread1" daemon [_thread_in_native, id=12276, stack(0x0000006db0900000,0x0000006db0a00000)]
  0x000001b7e7d17000 JavaThread "C2 CompilerThread2" daemon [_thread_in_native, id=7472, stack(0x0000006db0a00000,0x0000006db0b00000)]
  0x000001b7e7d18000 JavaThread "Unconstrained build operations" [_thread_blocked, id=11540, stack(0x0000006db0f00000,0x0000006db1000000)]
  0x000001b7e7d15800 JavaThread "Unconstrained build operations Thread 2" [_thread_blocked, id=12784, stack(0x0000006db1100000,0x0000006db1200000)]
  0x000001b7e7d19800 JavaThread "Unconstrained build operations Thread 3" [_thread_blocked, id=9168, stack(0x0000006db1200000,0x0000006db1300000)]
  0x000001b7e7d14000 JavaThread "Unconstrained build operations Thread 4" [_thread_blocked, id=7232, stack(0x0000006db1300000,0x0000006db1400000)]
  0x000001b7e7d14800 JavaThread "Unconstrained build operations Thread 5" [_thread_blocked, id=13124, stack(0x0000006db1400000,0x0000006db1500000)]
  0x000001b7ed14b800 JavaThread "Unconstrained build operations Thread 6" [_thread_blocked, id=10284, stack(0x0000006db1500000,0x0000006db1600000)]
  0x000001b7ed148800 JavaThread "Unconstrained build operations Thread 7" [_thread_blocked, id=11656, stack(0x0000006db1600000,0x0000006db1700000)]
  0x000001b7ed14c800 JavaThread "Unconstrained build operations Thread 8" [_thread_blocked, id=4836, stack(0x0000006db1700000,0x0000006db1800000)]
  0x000001b7ed147800 JavaThread "Unconstrained build operations Thread 9" [_thread_blocked, id=11684, stack(0x0000006db1800000,0x0000006db1900000)]
  0x000001b7ed149000 JavaThread "Unconstrained build operations Thread 10" [_thread_blocked, id=11276, stack(0x0000006db1900000,0x0000006db1a00000)]
  0x000001b7ed146800 JavaThread "Unconstrained build operations Thread 11" [_thread_blocked, id=10444, stack(0x0000006db1a00000,0x0000006db1b00000)]
  0x000001b7ed14d000 JavaThread "Unconstrained build operations Thread 12" [_thread_blocked, id=10372, stack(0x0000006db1b00000,0x0000006db1c00000)]
  0x000001b7ed14f000 JavaThread "Unconstrained build operations Thread 13" [_thread_blocked, id=10208, stack(0x0000006db1c00000,0x0000006db1d00000)]
  0x000001b7ed14e000 JavaThread "Unconstrained build operations Thread 14" [_thread_blocked, id=9636, stack(0x0000006db1d00000,0x0000006db1e00000)]
  0x000001b7ed14f800 JavaThread "Unconstrained build operations Thread 15" [_thread_blocked, id=10724, stack(0x0000006db1e00000,0x0000006db1f00000)]
  0x000001b7ed14a000 JavaThread "Unconstrained build operations Thread 16" [_thread_blocked, id=6276, stack(0x0000006db1f00000,0x0000006db2000000)]
  0x000001b7ed150800 JavaThread "Unconstrained build operations Thread 17" [_thread_blocked, id=2632, stack(0x0000006db2000000,0x0000006db2100000)]
  0x000001b7ed154000 JavaThread "Unconstrained build operations Thread 18" [_thread_blocked, id=12980, stack(0x0000006db2100000,0x0000006db2200000)]
  0x000001b7ed151800 JavaThread "Unconstrained build operations Thread 19" [_thread_blocked, id=6200, stack(0x0000006db2200000,0x0000006db2300000)]
  0x000001b7ed152000 JavaThread "Unconstrained build operations Thread 20" [_thread_blocked, id=10608, stack(0x0000006db2300000,0x0000006db2400000)]
  0x000001b7ed153000 JavaThread "Unconstrained build operations Thread 21" [_thread_blocked, id=252, stack(0x0000006db2400000,0x0000006db2500000)]
  0x000001b7ed154800 JavaThread "Unconstrained build operations Thread 22" [_thread_blocked, id=9560, stack(0x0000006db2500000,0x0000006db2600000)]
  0x000001b7f41e6000 JavaThread "Unconstrained build operations Thread 23" [_thread_blocked, id=12872, stack(0x0000006db2600000,0x0000006db2700000)]
  0x000001b7f41e3800 JavaThread "Unconstrained build operations Thread 24" [_thread_blocked, id=8220, stack(0x0000006db2700000,0x0000006db2800000)]
  0x000001b7f41ea000 JavaThread "Unconstrained build operations Thread 25" [_thread_blocked, id=7180, stack(0x0000006db2800000,0x0000006db2900000)]
  0x000001b7f41e5000 JavaThread "Unconstrained build operations Thread 26" [_thread_blocked, id=5552, stack(0x0000006db2900000,0x0000006db2a00000)]
  0x000001b7f41e4800 JavaThread "Unconstrained build operations Thread 27" [_thread_blocked, id=8900, stack(0x0000006db2a00000,0x0000006db2b00000)]
  0x000001b7f41eb000 JavaThread "Unconstrained build operations Thread 28" [_thread_blocked, id=11416, stack(0x0000006db2b00000,0x0000006db2c00000)]
  0x000001b7f41ec000 JavaThread "Unconstrained build operations Thread 29" [_thread_blocked, id=8596, stack(0x0000006db2c00000,0x0000006db2d00000)]
  0x000001b7f41ec800 JavaThread "Unconstrained build operations Thread 30" [_thread_blocked, id=6604, stack(0x0000006db2d00000,0x0000006db2e00000)]
  0x000001b7f41e7000 JavaThread "Unconstrained build operations Thread 31" [_thread_blocked, id=12556, stack(0x0000006db2e00000,0x0000006db2f00000)]
  0x000001b7f41f1800 JavaThread "Unconstrained build operations Thread 32" [_thread_blocked, id=3312, stack(0x0000006db2f00000,0x0000006db3000000)]
  0x000001b7f41f0000 JavaThread "Unconstrained build operations Thread 33" [_thread_blocked, id=5660, stack(0x0000006db3000000,0x0000006db3100000)]
  0x000001b7f41f2800 JavaThread "Unconstrained build operations Thread 34" [_thread_blocked, id=10852, stack(0x0000006db3100000,0x0000006db3200000)]
  0x000001b7f41ee000 JavaThread "Unconstrained build operations Thread 35" [_thread_blocked, id=7460, stack(0x0000006db3200000,0x0000006db3300000)]
  0x000001b7f41f0800 JavaThread "Unconstrained build operations Thread 36" [_thread_blocked, id=4592, stack(0x0000006db3300000,0x0000006db3400000)]
  0x000001b7f41ed800 JavaThread "Unconstrained build operations Thread 37" [_thread_blocked, id=11952, stack(0x0000006db3400000,0x0000006db3500000)]
  0x000001b7f41ef000 JavaThread "Unconstrained build operations Thread 38" [_thread_blocked, id=7436, stack(0x0000006db3500000,0x0000006db3600000)]
  0x000001b7f40c2800 JavaThread "Unconstrained build operations Thread 39" [_thread_blocked, id=1860, stack(0x0000006db3600000,0x0000006db3700000)]
  0x000001b7f40c3800 JavaThread "Unconstrained build operations Thread 40" [_thread_blocked, id=1352, stack(0x0000006db3700000,0x0000006db3800000)]
  0x000001b7f40c6000 JavaThread "Unconstrained build operations Thread 41" [_thread_blocked, id=11692, stack(0x0000006db3800000,0x0000006db3900000)]
  0x000001b7f40c4800 JavaThread "Unconstrained build operations Thread 42" [_thread_blocked, id=12688, stack(0x0000006db3900000,0x0000006db3a00000)]
  0x000001b7f40c0800 JavaThread "Unconstrained build operations Thread 43" [_thread_blocked, id=8572, stack(0x0000006db3a00000,0x0000006db3b00000)]
  0x000001b7f40cb800 JavaThread "Unconstrained build operations Thread 44" [_thread_blocked, id=4684, stack(0x0000006db3b00000,0x0000006db3c00000)]
  0x000001b7f40c8800 JavaThread "Unconstrained build operations Thread 45" [_thread_blocked, id=4664, stack(0x0000006db3c00000,0x0000006db3d00000)]
  0x000001b7f40c9800 JavaThread "Unconstrained build operations Thread 46" [_thread_blocked, id=13132, stack(0x0000006db3d00000,0x0000006db3e00000)]
  0x000001b7f40ca000 JavaThread "Unconstrained build operations Thread 47" [_thread_blocked, id=6776, stack(0x0000006db3e00000,0x0000006db3f00000)]
  0x000001b7f40cb000 JavaThread "Unconstrained build operations Thread 48" [_thread_blocked, id=9932, stack(0x0000006db3f00000,0x0000006db4000000)]
  0x000001b7f40cc800 JavaThread "Unconstrained build operations Thread 49" [_thread_blocked, id=13308, stack(0x0000006db4000000,0x0000006db4100000)]
  0x000001b7f40c7000 JavaThread "Unconstrained build operations Thread 50" [_thread_blocked, id=9888, stack(0x0000006db4100000,0x0000006db4200000)]
  0x000001b7f40ce000 JavaThread "Unconstrained build operations Thread 51" [_thread_blocked, id=12748, stack(0x0000006db4200000,0x0000006db4300000)]
  0x000001b7f40cd800 JavaThread "Unconstrained build operations Thread 52" [_thread_blocked, id=11824, stack(0x0000006db4300000,0x0000006db4400000)]
  0x000001b7f40cf000 JavaThread "Unconstrained build operations Thread 53" [_thread_blocked, id=2396, stack(0x0000006db4400000,0x0000006db4500000)]
  0x000001b7e7dd8000 JavaThread "Unconstrained build operations Thread 54" [_thread_blocked, id=11660, stack(0x0000006db4500000,0x0000006db4600000)]
  0x000001b7e7dd8800 JavaThread "Unconstrained build operations Thread 55" [_thread_blocked, id=9388, stack(0x0000006db4600000,0x0000006db4700000)]
  0x000001b7e7dda800 JavaThread "Unconstrained build operations Thread 56" [_thread_blocked, id=9852, stack(0x0000006db4700000,0x0000006db4800000)]
  0x000001b7e7dd7000 JavaThread "Unconstrained build operations Thread 57" [_thread_blocked, id=6620, stack(0x0000006db4800000,0x0000006db4900000)]
  0x000001b7e7de0000 JavaThread "Unconstrained build operations Thread 58" [_thread_blocked, id=6988, stack(0x0000006db4900000,0x0000006db4a00000)]
  0x000001b7e7dde800 JavaThread "Unconstrained build operations Thread 59" [_thread_blocked, id=10472, stack(0x0000006db4a00000,0x0000006db4b00000)]
  0x000001b7e7de1000 JavaThread "Unconstrained build operations Thread 60" [_thread_blocked, id=5644, stack(0x0000006db4b00000,0x0000006db4c00000)]
  0x000001b7e7ddb000 JavaThread "Unconstrained build operations Thread 61" [_thread_blocked, id=9460, stack(0x0000006db4c00000,0x0000006db4d00000)]
  0x000001b7e7de3800 JavaThread "Unconstrained build operations Thread 62" [_thread_blocked, id=8264, stack(0x0000006db4d00000,0x0000006db4e00000)]
  0x000001b7e7de5000 JavaThread "Unconstrained build operations Thread 63" [_thread_blocked, id=10940, stack(0x0000006db4e00000,0x0000006db4f00000)]
  0x000001b7e7de4000 JavaThread "Unconstrained build operations Thread 64" [_thread_blocked, id=6212, stack(0x0000006db4f00000,0x0000006db5000000)]
  0x000001b7e7de6000 JavaThread "Unconstrained build operations Thread 65" [_thread_blocked, id=8500, stack(0x0000006db5000000,0x0000006db5100000)]
  0x000001b7ea79c000 JavaThread "Unconstrained build operations Thread 66" [_thread_blocked, id=12976, stack(0x0000006db5100000,0x0000006db5200000)]
  0x000001b7ea79d800 JavaThread "Unconstrained build operations Thread 67" [_thread_blocked, id=10576, stack(0x0000006db5200000,0x0000006db5300000)]
  0x000001b7ea7a5000 JavaThread "Unconstrained build operations Thread 68" [_thread_blocked, id=12236, stack(0x0000006db5300000,0x0000006db5400000)]
  0x000001b7ea7a4000 JavaThread "Unconstrained build operations Thread 69" [_thread_blocked, id=10128, stack(0x0000006db5400000,0x0000006db5500000)]
  0x000001b7ea7a3800 JavaThread "Unconstrained build operations Thread 70" [_thread_blocked, id=7740, stack(0x0000006db5500000,0x0000006db5600000)]
  0x000001b7ea7a5800 JavaThread "Unconstrained build operations Thread 71" [_thread_blocked, id=5556, stack(0x0000006db5600000,0x0000006db5700000)]
  0x000001b7ea7aa000 JavaThread "Unconstrained build operations Thread 72" [_thread_blocked, id=9000, stack(0x0000006db5700000,0x0000006db5800000)]
  0x000001b7ea7a8000 JavaThread "Unconstrained build operations Thread 73" [_thread_blocked, id=10840, stack(0x0000006db5800000,0x0000006db5900000)]
  0x000001b7ea7a6800 JavaThread "Unconstrained build operations Thread 74" [_thread_blocked, id=2356, stack(0x0000006db5900000,0x0000006db5a00000)]
  0x000001b7ea7a9000 JavaThread "Unconstrained build operations Thread 75" [_thread_blocked, id=6644, stack(0x0000006db5a00000,0x0000006db5b00000)]
  0x000001b7ea7a7800 JavaThread "Unconstrained build operations Thread 76" [_thread_blocked, id=12144, stack(0x0000006db5b00000,0x0000006db5c00000)]
  0x000001b7ee935000 JavaThread "Unconstrained build operations Thread 77" [_thread_blocked, id=828, stack(0x0000006db5c00000,0x0000006db5d00000)]
  0x000001b7ee93b800 JavaThread "Unconstrained build operations Thread 78" [_thread_blocked, id=10720, stack(0x0000006db5d00000,0x0000006db5e00000)]
  0x000001b7ee936000 JavaThread "Unconstrained build operations Thread 79" [_thread_blocked, id=12692, stack(0x0000006db5e00000,0x0000006db5f00000)]
  0x000001b7ee936800 JavaThread "Unconstrained build operations Thread 80" [_thread_blocked, id=12056, stack(0x0000006db5f00000,0x0000006db6000000)]
  0x000001b7ee937800 JavaThread "build event listener" [_thread_blocked, id=11904, stack(0x0000006db6000000,0x0000006db6100000)]
  0x000001b7ee938000 JavaThread "Execution worker for ':'" [_thread_blocked, id=12208, stack(0x0000006db6100000,0x0000006db6200000)]
  0x000001b7ee939000 JavaThread "Execution worker for ':' Thread 2" [_thread_blocked, id=11580, stack(0x0000006db6800000,0x0000006db6900000)]
  0x000001b7ee93a000 JavaThread "Execution worker for ':' Thread 3" [_thread_blocked, id=11260, stack(0x0000006db6900000,0x0000006db6a00000)]
  0x000001b7e9acc000 JavaThread "Execution worker for ':' Thread 4" [_thread_blocked, id=9808, stack(0x0000006db6a00000,0x0000006db6b00000)]
  0x000001b7e9ac7000 JavaThread "Execution worker for ':' Thread 5" [_thread_blocked, id=4448, stack(0x0000006db6b00000,0x0000006db6c00000)]
  0x000001b7e9acd800 JavaThread "Execution worker for ':' Thread 6" [_thread_blocked, id=5392, stack(0x0000006db6c00000,0x0000006db6d00000)]
  0x000001b7e9ac8000 JavaThread "Execution worker for ':' Thread 7" [_thread_blocked, id=5848, stack(0x0000006db6d00000,0x0000006db6e00000)]
  0x000001b7f2907000 JavaThread "Cache worker for execution history cache (C:\Users\Ester\AndroidStudioProjects\Exemplo1\.gradle\7.2\executionHistory)" [_thread_blocked, id=1696, stack(0x0000006db6e00000,0x0000006db6f00000)]

Other Threads:
  0x000001b7e6917000 VMThread "VM Thread" [stack: 0x0000006dae300000,0x0000006dae400000] [id=7224]
  0x000001b7e6afc000 WatcherThread [stack: 0x0000006daed00000,0x0000006daee00000] [id=2952]
  0x000001b7cb482000 GCTaskThread "GC Thread#0" [stack: 0x0000006dade00000,0x0000006dadf00000] [id=7352]
  0x000001b7e720c800 GCTaskThread "GC Thread#1" [stack: 0x0000006daef00000,0x0000006daf000000] [id=9688]
  0x000001b7e7791800 GCTaskThread "GC Thread#2" [stack: 0x0000006daf000000,0x0000006daf100000] [id=7820]
  0x000001b7e77d3000 GCTaskThread "GC Thread#3" [stack: 0x0000006daf100000,0x0000006daf200000] [id=8084]
  0x000001b7e7090800 GCTaskThread "GC Thread#4" [stack: 0x0000006daf200000,0x0000006daf300000] [id=8776]
  0x000001b7e6e69000 GCTaskThread "GC Thread#5" [stack: 0x0000006daf300000,0x0000006daf400000] [id=7036]
  0x000001b7e9486800 GCTaskThread "GC Thread#6" [stack: 0x0000006db0000000,0x0000006db0100000] [id=12552]
  0x000001b7e7feb000 GCTaskThread "GC Thread#7" [stack: 0x0000006db0100000,0x0000006db0200000] [id=12736]
  0x000001b7cb4b5800 ConcurrentGCThread "G1 Main Marker" [stack: 0x0000006dadf00000,0x0000006dae000000] [id=8112]
  0x000001b7cb4b6800 ConcurrentGCThread "G1 Conc#0" [stack: 0x0000006dae000000,0x0000006dae100000] [id=7368]
=>0x000001b7e99e7800 ConcurrentGCThread "G1 Conc#1" [stack: 0x0000006db0200000,0x0000006db0300000] [id=3600]
  0x000001b7e5f66800 ConcurrentGCThread "G1 Refine#0" [stack: 0x0000006dae100000,0x0000006dae200000] [id=8352]
  0x000001b7f1be6800 ConcurrentGCThread "G1 Refine#1" [stack: 0x0000006dafa00000,0x0000006dafb00000] [id=8604]
  0x000001b7e5f67000 ConcurrentGCThread "G1 Young RemSet Sampling" [stack: 0x0000006dae200000,0x0000006dae300000] [id=7432]

Threads with active compile tasks:
C2 CompilerThread04790194 22909       4       org.gradle.internal.graph.CachingDirectedGraphWalker::doSearch (659 bytes)
C2 CompilerThread14790194 22943       4       com.android.ide.common.resources.DataSet::processNewDataFile (74 bytes)
C2 CompilerThread24790194 22939   !   4       com.android.ide.common.resources.ResourceSet::createFileAndItemsFromXml (583 bytes)

VM state:not at safepoint (normal execution)

VM Mutex/Monitor currently owned by a thread: None

Heap address: 0x0000000080000000, size: 2048 MB, Compressed Oops mode: 32-bit
Narrow klass base: 0x0000000000000000, Narrow klass shift: 3
Compressed class space size: 1073741824 Address: 0x0000000100000000

Heap:
 garbage-first heap   total 262144K, used 157401K [0x0000000080000000, 0x0000000100000000)
  region size 1024K, 34 young (34816K), 5 survivors (5120K)
 Metaspace       used 120764K, capacity 124435K, committed 125356K, reserved 1157120K
  class space    used 15197K, capacity 16532K, committed 17100K, reserved 1048576K
Heap Regions: E=young(eden), S=young(survivor), O=old, HS=humongous(starts), HC=humongous(continues), CS=collection set, F=free, A=archive, TAMS=top-at-mark-start (previous, next)
|   0|0x0000000080000000, 0x0000000080100000, 0x0000000080100000|100%| O|  |TAMS 0x0000000080100000, 0x0000000080100000| Untracked 
|   1|0x0000000080100000, 0x0000000080200000, 0x0000000080200000|100%| O|  |TAMS 0x0000000080200000, 0x0000000080200000| Untracked 
|   2|0x0000000080200000, 0x0000000080300000, 0x0000000080300000|100%| O|  |TAMS 0x0000000080300000, 0x0000000080300000| Untracked 
|   3|0x0000000080300000, 0x0000000080400000, 0x0000000080400000|100%|HS|  |TAMS 0x0000000080400000, 0x0000000080400000| Complete 
|   4|0x0000000080400000, 0x0000000080500000, 0x0000000080500000|100%|HC|  |TAMS 0x0000000080500000, 0x0000000080500000| Complete 
|   5|0x0000000080500000, 0x0000000080600000, 0x0000000080600000|100%|HC|  |TAMS 0x0000000080600000, 0x0000000080600000| Complete 
|   6|0x0000000080600000, 0x0000000080700000, 0x0000000080700000|100%| O|  |TAMS 0x0000000080700000, 0x0000000080700000| Untracked 
|   7|0x0000000080700000, 0x0000000080800000, 0x0000000080800000|100%| O|  |TAMS 0x0000000080800000, 0x0000000080800000| Untracked 
|   8|0x0000000080800000, 0x0000000080900000, 0x0000000080900000|100%| O|  |TAMS 0x0000000080900000, 0x0000000080900000| Untracked 
|   9|0x0000000080900000, 0x0000000080a00000, 0x0000000080a00000|100%| O|  |TAMS 0x0000000080a00000, 0x0000000080a00000| Untracked 
|  10|0x0000000080a00000, 0x0000000080b00000, 0x0000000080b00000|100%| O|  |TAMS 0x0000000080b00000, 0x0000000080b00000| Untracked 
|  11|0x0000000080b00000, 0x0000000080c00000, 0x0000000080c00000|100%| O|  |TAMS 0x0000000080c00000, 0x0000000080c00000| Untracked 
|  12|0x0000000080c00000, 0x0000000080d00000, 0x0000000080d00000|100%| O|  |TAMS 0x0000000080d00000, 0x0000000080d00000| Untracked 
|  13|0x0000000080d00000, 0x0000000080e00000, 0x0000000080e00000|100%| O|  |TAMS 0x0000000080e00000, 0x0000000080e00000| Untracked 
|  14|0x0000000080e00000, 0x0000000080f00000, 0x0000000080f00000|100%| O|  |TAMS 0x0000000080f00000, 0x0000000080f00000| Untracked 
|  15|0x0000000080f00000, 0x0000000081000000, 0x0000000081000000|100%| O|  |TAMS 0x0000000081000000, 0x0000000081000000| Untracked 
|  16|0x0000000081000000, 0x0000000081100000, 0x0000000081100000|100%| O|  |TAMS 0x0000000081100000, 0x0000000081100000| Untracked 
|  17|0x0000000081100000, 0x0000000081200000, 0x0000000081200000|100%|HS|  |TAMS 0x0000000081200000, 0x0000000081200000| Complete 
|  18|0x0000000081200000, 0x0000000081300000, 0x0000000081300000|100%|HS|  |TAMS 0x0000000081300000, 0x0000000081300000| Complete 
|  19|0x0000000081300000, 0x0000000081400000, 0x0000000081400000|100%|HS|  |TAMS 0x0000000081400000, 0x0000000081400000| Complete 
|  20|0x0000000081400000, 0x0000000081500000, 0x0000000081500000|100%|HS|  |TAMS 0x0000000081500000, 0x0000000081500000| Complete 
|  21|0x0000000081500000, 0x0000000081600000, 0x0000000081600000|100%|HC|  |TAMS 0x0000000081600000, 0x0000000081600000| Complete 
|  22|0x0000000081600000, 0x0000000081700000, 0x0000000081700000|100%| O|  |TAMS 0x0000000081700000, 0x0000000081700000| Untracked 
|  23|0x0000000081700000, 0x0000000081800000, 0x0000000081800000|100%| O|  |TAMS 0x0000000081800000, 0x0000000081800000| Untracked 
|  24|0x0000000081800000, 0x0000000081900000, 0x0000000081900000|100%| O|  |TAMS 0x0000000081900000, 0x0000000081900000| Untracked 
|  25|0x0000000081900000, 0x0000000081a00000, 0x0000000081a00000|100%| O|  |TAMS 0x0000000081a00000, 0x0000000081a00000| Untracked 
|  26|0x0000000081a00000, 0x0000000081b00000, 0x0000000081b00000|100%| O|  |TAMS 0x0000000081b00000, 0x0000000081b00000| Untracked 
|  27|0x0000000081b00000, 0x0000000081c00000, 0x0000000081c00000|100%| O|  |TAMS 0x0000000081c00000, 0x0000000081c00000| Untracked 
|  28|0x0000000081c00000, 0x0000000081d00000, 0x0000000081d00000|100%| O|  |TAMS 0x0000000081d00000, 0x0000000081d00000| Untracked 
|  29|0x0000000081d00000, 0x0000000081e00000, 0x0000000081e00000|100%| O|  |TAMS 0x0000000081e00000, 0x0000000081e00000| Untracked 
|  30|0x0000000081e00000, 0x0000000081f00000, 0x0000000081f00000|100%| O|  |TAMS 0x0000000081f00000, 0x0000000081f00000| Untracked 
|  31|0x0000000081f00000, 0x0000000082000000, 0x0000000082000000|100%| O|  |TAMS 0x0000000082000000, 0x0000000082000000| Untracked 
|  32|0x0000000082000000, 0x0000000082100000, 0x0000000082100000|100%| O|  |TAMS 0x0000000082100000, 0x0000000082100000| Untracked 
|  33|0x0000000082100000, 0x0000000082200000, 0x0000000082200000|100%| O|  |TAMS 0x0000000082200000, 0x0000000082200000| Untracked 
|  34|0x0000000082200000, 0x0000000082300000, 0x0000000082300000|100%| O|  |TAMS 0x0000000082300000, 0x0000000082300000| Untracked 
|  35|0x0000000082300000, 0x0000000082400000, 0x0000000082400000|100%| O|  |TAMS 0x0000000082400000, 0x0000000082400000| Untracked 
|  36|0x0000000082400000, 0x0000000082500000, 0x0000000082500000|100%| O|  |TAMS 0x0000000082500000, 0x0000000082500000| Untracked 
|  37|0x0000000082500000, 0x0000000082600000, 0x0000000082600000|100%| O|  |TAMS 0x0000000082600000, 0x0000000082600000| Untracked 
|  38|0x0000000082600000, 0x0000000082700000, 0x0000000082700000|100%| O|  |TAMS 0x0000000082700000, 0x0000000082700000| Untracked 
|  39|0x0000000082700000, 0x0000000082800000, 0x0000000082800000|100%| O|  |TAMS 0x0000000082800000, 0x0000000082800000| Untracked 
|  40|0x0000000082800000, 0x0000000082900000, 0x0000000082900000|100%| O|  |TAMS 0x0000000082800000, 0x0000000082900000| Untracked 
|  41|0x0000000082900000, 0x0000000082a00000, 0x0000000082a00000|100%| O|  |TAMS 0x0000000082a00000, 0x0000000082a00000| Untracked 
|  42|0x0000000082a00000, 0x0000000082b00000, 0x0000000082b00000|100%| O|  |TAMS 0x0000000082b00000, 0x0000000082b00000| Untracked 
|  43|0x0000000082b00000, 0x0000000082c00000, 0x0000000082c00000|100%| O|  |TAMS 0x0000000082b00000, 0x0000000082c00000| Untracked 
|  44|0x0000000082c00000, 0x0000000082d00000, 0x0000000082d00000|100%| O|  |TAMS 0x0000000082d00000, 0x0000000082d00000| Untracked 
|  45|0x0000000082d00000, 0x0000000082e00000, 0x0000000082e00000|100%| O|  |TAMS 0x0000000082e00000, 0x0000000082e00000| Untracked 
|  46|0x0000000082e00000, 0x0000000082f00000, 0x0000000082f00000|100%| O|  |TAMS 0x0000000082f00000, 0x0000000082f00000| Untracked 
|  47|0x0000000082f00000, 0x0000000083000000, 0x0000000083000000|100%| O|  |TAMS 0x0000000082f00000, 0x0000000083000000| Untracked 
|  48|0x0000000083000000, 0x0000000083100000, 0x0000000083100000|100%|HS|  |TAMS 0x0000000083000000, 0x0000000083000000| Complete 
|  49|0x0000000083100000, 0x0000000083176600, 0x0000000083200000| 46%| O|  |TAMS 0x0000000083100000, 0x0000000083176600| Untracked 
|  50|0x0000000083200000, 0x0000000083300000, 0x0000000083300000|100%| O|  |TAMS 0x0000000083300000, 0x0000000083300000| Untracked 
|  51|0x0000000083300000, 0x0000000083400000, 0x0000000083400000|100%| O|  |TAMS 0x0000000083400000, 0x0000000083400000| Untracked 
|  52|0x0000000083400000, 0x0000000083500000, 0x0000000083500000|100%|HS|  |TAMS 0x0000000083400000, 0x0000000083400000| Complete 
|  53|0x0000000083500000, 0x0000000083600000, 0x0000000083600000|100%|HC|  |TAMS 0x0000000083500000, 0x0000000083500000| Complete 
|  54|0x0000000083600000, 0x0000000083700000, 0x0000000083700000|100%| O|  |TAMS 0x0000000083700000, 0x0000000083700000| Untracked 
|  55|0x0000000083700000, 0x0000000083700000, 0x0000000083800000|  0%| F|  |TAMS 0x0000000083700000, 0x0000000083700000| Untracked 
|  56|0x0000000083800000, 0x0000000083900000, 0x0000000083900000|100%| O|  |TAMS 0x0000000083900000, 0x0000000083900000| Untracked 
|  57|0x0000000083900000, 0x0000000083a00000, 0x0000000083a00000|100%| O|  |TAMS 0x0000000083a00000, 0x0000000083a00000| Untracked 
|  58|0x0000000083a00000, 0x0000000083b00000, 0x0000000083b00000|100%| O|  |TAMS 0x0000000083b00000, 0x0000000083b00000| Untracked 
|  59|0x0000000083b00000, 0x0000000083c00000, 0x0000000083c00000|100%| O|  |TAMS 0x0000000083c00000, 0x0000000083c00000| Untracked 
|  60|0x0000000083c00000, 0x0000000083d00000, 0x0000000083d00000|100%| O|  |TAMS 0x0000000083d00000, 0x0000000083d00000| Untracked 
|  61|0x0000000083d00000, 0x0000000083e00000, 0x0000000083e00000|100%| O|  |TAMS 0x0000000083e00000, 0x0000000083e00000| Untracked 
|  62|0x0000000083e00000, 0x0000000083f00000, 0x0000000083f00000|100%|HS|  |TAMS 0x0000000083e00000, 0x0000000083e00000| Complete 
|  63|0x0000000083f00000, 0x0000000084000000, 0x0000000084000000|100%|HC|  |TAMS 0x0000000083f00000, 0x0000000083f00000| Complete 
|  64|0x0000000084000000, 0x0000000084100000, 0x0000000084100000|100%| O|  |TAMS 0x0000000084100000, 0x0000000084100000| Untracked 
|  65|0x0000000084100000, 0x0000000084100000, 0x0000000084200000|  0%| F|  |TAMS 0x0000000084100000, 0x0000000084100000| Untracked 
|  66|0x0000000084200000, 0x0000000084300000, 0x0000000084300000|100%| O|  |TAMS 0x0000000084200000, 0x0000000084300000| Untracked 
|  67|0x0000000084300000, 0x0000000084400000, 0x0000000084400000|100%| O|  |TAMS 0x0000000084400000, 0x0000000084400000| Untracked 
|  68|0x0000000084400000, 0x0000000084500000, 0x0000000084500000|100%| O|  |TAMS 0x0000000084500000, 0x0000000084500000| Untracked 
|  69|0x0000000084500000, 0x0000000084600000, 0x0000000084600000|100%| O|  |TAMS 0x0000000084600000, 0x0000000084600000| Untracked 
|  70|0x0000000084600000, 0x0000000084700000, 0x0000000084700000|100%| O|  |TAMS 0x0000000084700000, 0x0000000084700000| Untracked 
|  71|0x0000000084700000, 0x0000000084700000, 0x0000000084800000|  0%| F|  |TAMS 0x0000000084700000, 0x0000000084700000| Untracked 
|  72|0x0000000084800000, 0x0000000084900000, 0x0000000084900000|100%| O|  |TAMS 0x0000000084900000, 0x0000000084900000| Untracked 
|  73|0x0000000084900000, 0x0000000084a00000, 0x0000000084a00000|100%| O|  |TAMS 0x0000000084a00000, 0x0000000084a00000| Untracked 
|  74|0x0000000084a00000, 0x0000000084b00000, 0x0000000084b00000|100%| O|  |TAMS 0x0000000084b00000, 0x0000000084b00000| Untracked 
|  75|0x0000000084b00000, 0x0000000084c00000, 0x0000000084c00000|100%| O|  |TAMS 0x0000000084c00000, 0x0000000084c00000| Untracked 
|  76|0x0000000084c00000, 0x0000000084d00000, 0x0000000084d00000|100%| O|  |TAMS 0x0000000084d00000, 0x0000000084d00000| Untracked 
|  77|0x0000000084d00000, 0x0000000084e00000, 0x0000000084e00000|100%| O|  |TAMS 0x0000000084e00000, 0x0000000084e00000| Untracked 
|  78|0x0000000084e00000, 0x0000000084f00000, 0x0000000084f00000|100%|HS|  |TAMS 0x0000000084e00000, 0x0000000084e00000| Complete 
|  79|0x0000000084f00000, 0x0000000085000000, 0x0000000085000000|100%|HC|  |TAMS 0x0000000084f00000, 0x0000000084f00000| Complete 
|  80|0x0000000085000000, 0x0000000085100000, 0x0000000085100000|100%|HC|  |TAMS 0x0000000085000000, 0x0000000085000000| Complete 
|  81|0x0000000085100000, 0x0000000085200000, 0x0000000085200000|100%|HC|  |TAMS 0x0000000085100000, 0x0000000085100000| Complete 
|  82|0x0000000085200000, 0x0000000085300000, 0x0000000085300000|100%|HS|  |TAMS 0x0000000085200000, 0x0000000085200000| Complete 
|  83|0x0000000085300000, 0x0000000085400000, 0x0000000085400000|100%|HC|  |TAMS 0x0000000085300000, 0x0000000085300000| Complete 
|  84|0x0000000085400000, 0x0000000085500000, 0x0000000085500000|100%|HS|  |TAMS 0x0000000085400000, 0x0000000085400000| Complete 
|  85|0x0000000085500000, 0x0000000085600000, 0x0000000085600000|100%|HC|  |TAMS 0x0000000085500000, 0x0000000085500000| Complete 
|  86|0x0000000085600000, 0x0000000085700000, 0x0000000085700000|100%|HC|  |TAMS 0x0000000085600000, 0x0000000085600000| Complete 
|  87|0x0000000085700000, 0x0000000085700000, 0x0000000085800000|  0%| F|  |TAMS 0x0000000085700000, 0x0000000085700000| Untracked 
|  88|0x0000000085800000, 0x0000000085800000, 0x0000000085900000|  0%| F|  |TAMS 0x0000000085800000, 0x0000000085800000| Untracked 
|  89|0x0000000085900000, 0x0000000085a00000, 0x0000000085a00000|100%| O|  |TAMS 0x0000000085a00000, 0x0000000085a00000| Untracked 
|  90|0x0000000085a00000, 0x0000000085b00000, 0x0000000085b00000|100%| O|  |TAMS 0x0000000085a00000, 0x0000000085b00000| Untracked 
|  91|0x0000000085b00000, 0x0000000085c00000, 0x0000000085c00000|100%| O|  |TAMS 0x0000000085b00000, 0x0000000085c00000| Untracked 
|  92|0x0000000085c00000, 0x0000000085d00000, 0x0000000085d00000|100%| O|  |TAMS 0x0000000085d00000, 0x0000000085d00000| Untracked 
|  93|0x0000000085d00000, 0x0000000085e00000, 0x0000000085e00000|100%| O|  |TAMS 0x0000000085e00000, 0x0000000085e00000| Untracked 
|  94|0x0000000085e00000, 0x0000000085f00000, 0x0000000085f00000|100%| O|  |TAMS 0x0000000085f00000, 0x0000000085f00000| Untracked 
|  95|0x0000000085f00000, 0x0000000086000000, 0x0000000086000000|100%|HS|  |TAMS 0x0000000085f00000, 0x0000000085f00000| Complete 
|  96|0x0000000086000000, 0x0000000086100000, 0x0000000086100000|100%|HC|  |TAMS 0x0000000086000000, 0x0000000086000000| Complete 
|  97|0x0000000086100000, 0x0000000086200000, 0x0000000086200000|100%|HC|  |TAMS 0x0000000086100000, 0x0000000086100000| Complete 
|  98|0x0000000086200000, 0x0000000086200000, 0x0000000086300000|  0%| F|  |TAMS 0x0000000086200000, 0x0000000086200000| Untracked 
|  99|0x0000000086300000, 0x0000000086400000, 0x0000000086400000|100%| O|  |TAMS 0x0000000086300000, 0x0000000086400000| Untracked 
| 100|0x0000000086400000, 0x0000000086400000, 0x0000000086500000|  0%| F|  |TAMS 0x0000000086400000, 0x0000000086400000| Untracked 
| 101|0x0000000086500000, 0x0000000086600000, 0x0000000086600000|100%| O|  |TAMS 0x0000000086600000, 0x0000000086600000| Untracked 
| 102|0x0000000086600000, 0x0000000086600000, 0x0000000086700000|  0%| F|  |TAMS 0x0000000086600000, 0x0000000086600000| Untracked 
| 103|0x0000000086700000, 0x0000000086700000, 0x0000000086800000|  0%| F|  |TAMS 0x0000000086700000, 0x0000000086700000| Untracked 
| 104|0x0000000086800000, 0x0000000086900000, 0x0000000086900000|100%| O|  |TAMS 0x0000000086900000, 0x0000000086900000| Untracked 
| 105|0x0000000086900000, 0x0000000086a00000, 0x0000000086a00000|100%| O|  |TAMS 0x0000000086900000, 0x0000000086a00000| Untracked 
| 106|0x0000000086a00000, 0x0000000086b00000, 0x0000000086b00000|100%| O|  |TAMS 0x0000000086a00000, 0x0000000086b00000| Untracked 
| 107|0x0000000086b00000, 0x0000000086c00000, 0x0000000086c00000|100%| O|  |TAMS 0x0000000086b00000, 0x0000000086c00000| Untracked 
| 108|0x0000000086c00000, 0x0000000086d00000, 0x0000000086d00000|100%| O|  |TAMS 0x0000000086c00000, 0x0000000086d00000| Untracked 
| 109|0x0000000086d00000, 0x0000000086e00000, 0x0000000086e00000|100%| O|  |TAMS 0x0000000086d00000, 0x0000000086e00000| Untracked 
| 110|0x0000000086e00000, 0x0000000086e00000, 0x0000000086f00000|  0%| F|  |TAMS 0x0000000086e00000, 0x0000000086e00000| Untracked 
| 111|0x0000000086f00000, 0x0000000087000000, 0x0000000087000000|100%| O|  |TAMS 0x0000000087000000, 0x0000000087000000| Untracked 
| 112|0x0000000087000000, 0x0000000087100000, 0x0000000087100000|100%| O|  |TAMS 0x0000000087100000, 0x0000000087100000| Untracked 
| 113|0x0000000087100000, 0x0000000087100000, 0x0000000087200000|  0%| F|  |TAMS 0x0000000087100000, 0x0000000087100000| Untracked 
| 114|0x0000000087200000, 0x0000000087200000, 0x0000000087300000|  0%| F|  |TAMS 0x0000000087200000, 0x0000000087200000| Untracked 
| 115|0x0000000087300000, 0x0000000087400000, 0x0000000087400000|100%| O|  |TAMS 0x0000000087400000, 0x0000000087400000| Untracked 
| 116|0x0000000087400000, 0x0000000087500000, 0x0000000087500000|100%| O|  |TAMS 0x0000000087500000, 0x0000000087500000| Untracked 
| 117|0x0000000087500000, 0x0000000087600000, 0x0000000087600000|100%| O|  |TAMS 0x0000000087600000, 0x0000000087600000| Untracked 
| 118|0x0000000087600000, 0x0000000087700000, 0x0000000087700000|100%| O|  |TAMS 0x0000000087700000, 0x0000000087700000| Untracked 
| 119|0x0000000087700000, 0x0000000087800000, 0x0000000087800000|100%| O|  |TAMS 0x0000000087800000, 0x0000000087800000| Untracked 
| 120|0x0000000087800000, 0x0000000087900000, 0x0000000087900000|100%| O|  |TAMS 0x0000000087900000, 0x0000000087900000| Untracked 
| 121|0x0000000087900000, 0x0000000087a00000, 0x0000000087a00000|100%| O|  |TAMS 0x00000000879ac200, 0x0000000087a00000| Untracked 
| 122|0x0000000087a00000, 0x0000000087a00000, 0x0000000087b00000|  0%| F|  |TAMS 0x0000000087a00000, 0x0000000087a00000| Untracked 
| 123|0x0000000087b00000, 0x0000000087b00000, 0x0000000087c00000|  0%| F|  |TAMS 0x0000000087b00000, 0x0000000087b00000| Untracked 
| 124|0x0000000087c00000, 0x0000000087c00000, 0x0000000087d00000|  0%| F|  |TAMS 0x0000000087c00000, 0x0000000087c00000| Untracked 
| 125|0x0000000087d00000, 0x0000000087d00000, 0x0000000087e00000|  0%| F|  |TAMS 0x0000000087d00000, 0x0000000087d00000| Untracked 
| 126|0x0000000087e00000, 0x0000000087e00000, 0x0000000087f00000|  0%| F|  |TAMS 0x0000000087e00000, 0x0000000087e00000| Untracked 
| 127|0x0000000087f00000, 0x0000000087f00000, 0x0000000088000000|  0%| F|  |TAMS 0x0000000087f00000, 0x0000000087f00000| Untracked 
| 128|0x0000000088000000, 0x0000000088000000, 0x0000000088100000|  0%| F|  |TAMS 0x0000000088000000, 0x0000000088000000| Untracked 
| 129|0x0000000088100000, 0x0000000088100000, 0x0000000088200000|  0%| F|  |TAMS 0x0000000088100000, 0x0000000088100000| Untracked 
| 130|0x0000000088200000, 0x0000000088200000, 0x0000000088300000|  0%| F|  |TAMS 0x0000000088200000, 0x0000000088200000| Untracked 
| 131|0x0000000088300000, 0x0000000088300000, 0x0000000088400000|  0%| F|  |TAMS 0x0000000088300000, 0x0000000088300000| Untracked 
| 132|0x0000000088400000, 0x0000000088400000, 0x0000000088500000|  0%| F|  |TAMS 0x0000000088400000, 0x0000000088400000| Untracked 
| 133|0x0000000088500000, 0x0000000088500000, 0x0000000088600000|  0%| F|  |TAMS 0x0000000088500000, 0x0000000088500000| Untracked 
| 134|0x0000000088600000, 0x0000000088700000, 0x0000000088700000|100%| O|  |TAMS 0x0000000088600000, 0x0000000088700000| Untracked 
| 135|0x0000000088700000, 0x0000000088800000, 0x0000000088800000|100%| O|  |TAMS 0x0000000088700000, 0x0000000088800000| Untracked 
| 136|0x0000000088800000, 0x0000000088900000, 0x0000000088900000|100%| O|  |TAMS 0x0000000088800000, 0x0000000088900000| Untracked 
| 137|0x0000000088900000, 0x0000000088a00000, 0x0000000088a00000|100%| O|  |TAMS 0x0000000088900000, 0x0000000088a00000| Untracked 
| 138|0x0000000088a00000, 0x0000000088b00000, 0x0000000088b00000|100%| O|  |TAMS 0x0000000088a00000, 0x0000000088b00000| Untracked 
| 139|0x0000000088b00000, 0x0000000088c00000, 0x0000000088c00000|100%| O|  |TAMS 0x0000000088b00000, 0x0000000088c00000| Untracked 
| 140|0x0000000088c00000, 0x0000000088d00000, 0x0000000088d00000|100%| O|  |TAMS 0x0000000088c00000, 0x0000000088d00000| Untracked 
| 141|0x0000000088d00000, 0x0000000088e00000, 0x0000000088e00000|100%| O|  |TAMS 0x0000000088d00000, 0x0000000088e00000| Untracked 
| 142|0x0000000088e00000, 0x0000000088f00000, 0x0000000088f00000|100%| O|  |TAMS 0x0000000088e00000, 0x0000000088f00000| Untracked 
| 143|0x0000000088f00000, 0x0000000089000000, 0x0000000089000000|100%| O|  |TAMS 0x0000000088f00000, 0x0000000089000000| Untracked 
| 144|0x0000000089000000, 0x0000000089100000, 0x0000000089100000|100%| O|  |TAMS 0x0000000089000000, 0x0000000089100000| Untracked 
| 145|0x0000000089100000, 0x0000000089200000, 0x0000000089200000|100%| O|  |TAMS 0x0000000089100000, 0x0000000089200000| Untracked 
| 146|0x0000000089200000, 0x0000000089300000, 0x0000000089300000|100%| O|  |TAMS 0x0000000089200000, 0x0000000089300000| Untracked 
| 147|0x0000000089300000, 0x0000000089300000, 0x0000000089400000|  0%| F|  |TAMS 0x0000000089300000, 0x0000000089300000| Untracked 
| 148|0x0000000089400000, 0x0000000089400000, 0x0000000089500000|  0%| F|  |TAMS 0x0000000089400000, 0x0000000089400000| Untracked 
| 149|0x0000000089500000, 0x0000000089500000, 0x0000000089600000|  0%| F|  |TAMS 0x0000000089500000, 0x0000000089500000| Untracked 
| 150|0x0000000089600000, 0x0000000089600000, 0x0000000089700000|  0%| F|  |TAMS 0x0000000089600000, 0x0000000089600000| Untracked 
| 151|0x0000000089700000, 0x0000000089700000, 0x0000000089800000|  0%| F|  |TAMS 0x0000000089700000, 0x0000000089700000| Untracked 
| 152|0x0000000089800000, 0x0000000089800000, 0x0000000089900000|  0%| F|  |TAMS 0x0000000089800000, 0x0000000089800000| Untracked 
| 153|0x0000000089900000, 0x0000000089900000, 0x0000000089a00000|  0%| F|  |TAMS 0x0000000089900000, 0x0000000089900000| Untracked 
| 154|0x0000000089a00000, 0x0000000089a00000, 0x0000000089b00000|  0%| F|  |TAMS 0x0000000089a00000, 0x0000000089a00000| Untracked 
| 155|0x0000000089b00000, 0x0000000089b00000, 0x0000000089c00000|  0%| F|  |TAMS 0x0000000089b00000, 0x0000000089b00000| Untracked 
| 156|0x0000000089c00000, 0x0000000089c00000, 0x0000000089d00000|  0%| F|  |TAMS 0x0000000089c00000, 0x0000000089c00000| Untracked 
| 157|0x0000000089d00000, 0x0000000089d00000, 0x0000000089e00000|  0%| F|  |TAMS 0x0000000089d00000, 0x0000000089d00000| Untracked 
| 158|0x0000000089e00000, 0x0000000089e00000, 0x0000000089f00000|  0%| F|  |TAMS 0x0000000089e00000, 0x0000000089e00000| Untracked 
| 159|0x0000000089f00000, 0x0000000089f00000, 0x000000008a000000|  0%| F|  |TAMS 0x0000000089f00000, 0x0000000089f00000| Untracked 
| 160|0x000000008a000000, 0x000000008a000000, 0x000000008a100000|  0%| F|  |TAMS 0x000000008a000000, 0x000000008a000000| Untracked 
| 161|0x000000008a100000, 0x000000008a100000, 0x000000008a200000|  0%| F|  |TAMS 0x000000008a100000, 0x000000008a100000| Untracked 
| 162|0x000000008a200000, 0x000000008a200000, 0x000000008a300000|  0%| F|  |TAMS 0x000000008a200000, 0x000000008a200000| Untracked 
| 163|0x000000008a300000, 0x000000008a300000, 0x000000008a400000|  0%| F|  |TAMS 0x000000008a300000, 0x000000008a300000| Untracked 
| 164|0x000000008a400000, 0x000000008a400000, 0x000000008a500000|  0%| F|  |TAMS 0x000000008a400000, 0x000000008a400000| Untracked 
| 165|0x000000008a500000, 0x000000008a500000, 0x000000008a600000|  0%| F|  |TAMS 0x000000008a500000, 0x000000008a500000| Untracked 
| 166|0x000000008a600000, 0x000000008a600000, 0x000000008a700000|  0%| F|  |TAMS 0x000000008a600000, 0x000000008a600000| Untracked 
| 167|0x000000008a700000, 0x000000008a700000, 0x000000008a800000|  0%| F|  |TAMS 0x000000008a700000, 0x000000008a700000| Untracked 
| 168|0x000000008a800000, 0x000000008a800000, 0x000000008a900000|  0%| F|  |TAMS 0x000000008a800000, 0x000000008a800000| Untracked 
| 169|0x000000008a900000, 0x000000008a900000, 0x000000008aa00000|  0%| F|  |TAMS 0x000000008a900000, 0x000000008a900000| Untracked 
| 170|0x000000008aa00000, 0x000000008aa00000, 0x000000008ab00000|  0%| F|  |TAMS 0x000000008aa00000, 0x000000008aa00000| Untracked 
| 171|0x000000008ab00000, 0x000000008ab00000, 0x000000008ac00000|  0%| F|  |TAMS 0x000000008ab00000, 0x000000008ab00000| Untracked 
| 172|0x000000008ac00000, 0x000000008ac00000, 0x000000008ad00000|  0%| F|  |TAMS 0x000000008ac00000, 0x000000008ac00000| Untracked 
| 173|0x000000008ad00000, 0x000000008ad00000, 0x000000008ae00000|  0%| F|  |TAMS 0x000000008ad00000, 0x000000008ad00000| Untracked 
| 174|0x000000008ae00000, 0x000000008ae00000, 0x000000008af00000|  0%| F|  |TAMS 0x000000008ae00000, 0x000000008ae00000| Untracked 
| 175|0x000000008af00000, 0x000000008af00000, 0x000000008b000000|  0%| F|  |TAMS 0x000000008af00000, 0x000000008af00000| Untracked 
| 176|0x000000008b000000, 0x000000008b000000, 0x000000008b100000|  0%| F|  |TAMS 0x000000008b000000, 0x000000008b000000| Untracked 
| 177|0x000000008b100000, 0x000000008b100000, 0x000000008b200000|  0%| F|  |TAMS 0x000000008b100000, 0x000000008b100000| Untracked 
| 178|0x000000008b200000, 0x000000008b200000, 0x000000008b300000|  0%| F|  |TAMS 0x000000008b200000, 0x000000008b200000| Untracked 
| 179|0x000000008b300000, 0x000000008b300000, 0x000000008b400000|  0%| F|  |TAMS 0x000000008b300000, 0x000000008b300000| Untracked 
| 180|0x000000008b400000, 0x000000008b400000, 0x000000008b500000|  0%| F|  |TAMS 0x000000008b400000, 0x000000008b400000| Untracked 
| 181|0x000000008b500000, 0x000000008b500000, 0x000000008b600000|  0%| F|  |TAMS 0x000000008b500000, 0x000000008b500000| Untracked 
| 182|0x000000008b600000, 0x000000008b600000, 0x000000008b700000|  0%| F|  |TAMS 0x000000008b600000, 0x000000008b600000| Untracked 
| 183|0x000000008b700000, 0x000000008b700000, 0x000000008b800000|  0%| F|  |TAMS 0x000000008b700000, 0x000000008b700000| Untracked 
| 184|0x000000008b800000, 0x000000008b800000, 0x000000008b900000|  0%| F|  |TAMS 0x000000008b800000, 0x000000008b800000| Untracked 
| 185|0x000000008b900000, 0x000000008b900000, 0x000000008ba00000|  0%| F|  |TAMS 0x000000008b900000, 0x000000008b900000| Untracked 
| 186|0x000000008ba00000, 0x000000008ba00000, 0x000000008bb00000|  0%| F|  |TAMS 0x000000008ba00000, 0x000000008ba00000| Untracked 
| 187|0x000000008bb00000, 0x000000008bb00000, 0x000000008bc00000|  0%| F|  |TAMS 0x000000008bb00000, 0x000000008bb00000| Untracked 
| 188|0x000000008bc00000, 0x000000008bc00000, 0x000000008bd00000|  0%| F|  |TAMS 0x000000008bc00000, 0x000000008bc00000| Untracked 
| 189|0x000000008bd00000, 0x000000008bd00000, 0x000000008be00000|  0%| F|  |TAMS 0x000000008bd00000, 0x000000008bd00000| Untracked 
| 190|0x000000008be00000, 0x000000008be00000, 0x000000008bf00000|  0%| F|  |TAMS 0x000000008be00000, 0x000000008be00000| Untracked 
| 191|0x000000008bf00000, 0x000000008bf00000, 0x000000008c000000|  0%| F|  |TAMS 0x000000008bf00000, 0x000000008bf00000| Untracked 
| 192|0x000000008c000000, 0x000000008c000000, 0x000000008c100000|  0%| F|  |TAMS 0x000000008c000000, 0x000000008c000000| Untracked 
| 193|0x000000008c100000, 0x000000008c100000, 0x000000008c200000|  0%| F|  |TAMS 0x000000008c100000, 0x000000008c100000| Untracked 
| 194|0x000000008c200000, 0x000000008c200000, 0x000000008c300000|  0%| F|  |TAMS 0x000000008c200000, 0x000000008c200000| Untracked 
| 195|0x000000008c300000, 0x000000008c300000, 0x000000008c400000|  0%| F|  |TAMS 0x000000008c300000, 0x000000008c300000| Untracked 
| 196|0x000000008c400000, 0x000000008c400000, 0x000000008c500000|  0%| F|  |TAMS 0x000000008c400000, 0x000000008c400000| Untracked 
| 197|0x000000008c500000, 0x000000008c500000, 0x000000008c600000|  0%| F|  |TAMS 0x000000008c500000, 0x000000008c500000| Untracked 
| 198|0x000000008c600000, 0x000000008c600000, 0x000000008c700000|  0%| F|  |TAMS 0x000000008c600000, 0x000000008c600000| Untracked 
| 199|0x000000008c700000, 0x000000008c700000, 0x000000008c800000|  0%| F|  |TAMS 0x000000008c700000, 0x000000008c700000| Untracked 
| 200|0x000000008c800000, 0x000000008c800000, 0x000000008c900000|  0%| F|  |TAMS 0x000000008c800000, 0x000000008c800000| Untracked 
| 201|0x000000008c900000, 0x000000008c900000, 0x000000008ca00000|  0%| F|  |TAMS 0x000000008c900000, 0x000000008c900000| Untracked 
| 202|0x000000008ca00000, 0x000000008ca00000, 0x000000008cb00000|  0%| F|  |TAMS 0x000000008ca00000, 0x000000008ca00000| Untracked 
| 203|0x000000008cb00000, 0x000000008cb00000, 0x000000008cc00000|  0%| F|  |TAMS 0x000000008cb00000, 0x000000008cb00000| Untracked 
| 204|0x000000008cc00000, 0x000000008cc00000, 0x000000008cd00000|  0%| F|  |TAMS 0x000000008cc00000, 0x000000008cc00000| Untracked 
| 205|0x000000008cd00000, 0x000000008cd00000, 0x000000008ce00000|  0%| F|  |TAMS 0x000000008cd00000, 0x000000008cd00000| Untracked 
| 206|0x000000008ce00000, 0x000000008ce00000, 0x000000008cf00000|  0%| F|  |TAMS 0x000000008ce00000, 0x000000008ce00000| Untracked 
| 207|0x000000008cf00000, 0x000000008cf00000, 0x000000008d000000|  0%| F|  |TAMS 0x000000008cf00000, 0x000000008cf00000| Untracked 
| 208|0x000000008d000000, 0x000000008d000000, 0x000000008d100000|  0%| F|  |TAMS 0x000000008d000000, 0x000000008d000000| Untracked 
| 209|0x000000008d100000, 0x000000008d100000, 0x000000008d200000|  0%| F|  |TAMS 0x000000008d100000, 0x000000008d100000| Untracked 
| 210|0x000000008d200000, 0x000000008d200000, 0x000000008d300000|  0%| F|  |TAMS 0x000000008d200000, 0x000000008d200000| Untracked 
| 211|0x000000008d300000, 0x000000008d300000, 0x000000008d400000|  0%| F|  |TAMS 0x000000008d300000, 0x000000008d300000| Untracked 
| 212|0x000000008d400000, 0x000000008d400000, 0x000000008d500000|  0%| F|  |TAMS 0x000000008d400000, 0x000000008d400000| Untracked 
| 213|0x000000008d500000, 0x000000008d500000, 0x000000008d600000|  0%| F|  |TAMS 0x000000008d500000, 0x000000008d500000| Untracked 
| 214|0x000000008d600000, 0x000000008d600000, 0x000000008d700000|  0%| F|  |TAMS 0x000000008d600000, 0x000000008d600000| Untracked 
| 215|0x000000008d700000, 0x000000008d700000, 0x000000008d800000|  0%| F|  |TAMS 0x000000008d700000, 0x000000008d700000| Untracked 
| 216|0x000000008d800000, 0x000000008d800000, 0x000000008d900000|  0%| F|  |TAMS 0x000000008d800000, 0x000000008d800000| Untracked 
| 217|0x000000008d900000, 0x000000008d900000, 0x000000008da00000|  0%| F|  |TAMS 0x000000008d900000, 0x000000008d900000| Untracked 
| 218|0x000000008da00000, 0x000000008da00000, 0x000000008db00000|  0%| F|  |TAMS 0x000000008da00000, 0x000000008da00000| Untracked 
| 219|0x000000008db00000, 0x000000008db00000, 0x000000008dc00000|  0%| F|  |TAMS 0x000000008db00000, 0x000000008db00000| Untracked 
| 220|0x000000008dc00000, 0x000000008dc00000, 0x000000008dd00000|  0%| F|  |TAMS 0x000000008dc00000, 0x000000008dc00000| Untracked 
| 221|0x000000008dd00000, 0x000000008dd00000, 0x000000008de00000|  0%| F|  |TAMS 0x000000008dd00000, 0x000000008dd00000| Untracked 
| 222|0x000000008de00000, 0x000000008de4a538, 0x000000008df00000| 29%| E|  |TAMS 0x000000008de00000, 0x000000008de00000| Complete 
| 223|0x000000008df00000, 0x000000008e000000, 0x000000008e000000|100%| E|CS|TAMS 0x000000008df00000, 0x000000008df00000| Complete 
| 224|0x000000008e000000, 0x000000008e100000, 0x000000008e100000|100%| E|  |TAMS 0x000000008e000000, 0x000000008e000000| Complete 
| 225|0x000000008e100000, 0x000000008e200000, 0x000000008e200000|100%| E|CS|TAMS 0x000000008e100000, 0x000000008e100000| Complete 
| 226|0x000000008e200000, 0x000000008e300000, 0x000000008e300000|100%| E|CS|TAMS 0x000000008e200000, 0x000000008e200000| Complete 
| 227|0x000000008e300000, 0x000000008e400000, 0x000000008e400000|100%| E|CS|TAMS 0x000000008e300000, 0x000000008e300000| Complete 
| 228|0x000000008e400000, 0x000000008e500000, 0x000000008e500000|100%| E|CS|TAMS 0x000000008e400000, 0x000000008e400000| Complete 
| 229|0x000000008e500000, 0x000000008e600000, 0x000000008e600000|100%| E|CS|TAMS 0x000000008e500000, 0x000000008e500000| Complete 
| 230|0x000000008e600000, 0x000000008e700000, 0x000000008e700000|100%| E|CS|TAMS 0x000000008e600000, 0x000000008e600000| Complete 
| 231|0x000000008e700000, 0x000000008e800000, 0x000000008e800000|100%| E|CS|TAMS 0x000000008e700000, 0x000000008e700000| Complete 
| 232|0x000000008e800000, 0x000000008e900000, 0x000000008e900000|100%| E|CS|TAMS 0x000000008e800000, 0x000000008e800000| Complete 
| 233|0x000000008e900000, 0x000000008ea00000, 0x000000008ea00000|100%| E|CS|TAMS 0x000000008e900000, 0x000000008e900000| Complete 
| 234|0x000000008ea00000, 0x000000008ea3ff60, 0x000000008eb00000| 24%| S|CS|TAMS 0x000000008ea00000, 0x000000008ea00000| Complete 
| 235|0x000000008eb00000, 0x000000008ec00000, 0x000000008ec00000|100%| S|CS|TAMS 0x000000008eb00000, 0x000000008eb00000| Complete 
| 236|0x000000008ec00000, 0x000000008ed00000, 0x000000008ed00000|100%| S|CS|TAMS 0x000000008ec00000, 0x000000008ec00000| Complete 
| 237|0x000000008ed00000, 0x000000008ee00000, 0x000000008ee00000|100%| S|CS|TAMS 0x000000008ed00000, 0x000000008ed00000| Complete 
| 238|0x000000008ee00000, 0x000000008ef00000, 0x000000008ef00000|100%| S|CS|TAMS 0x000000008ee00000, 0x000000008ee00000| Complete 
| 239|0x000000008ef00000, 0x000000008f000000, 0x000000008f000000|100%| E|CS|TAMS 0x000000008ef00000, 0x000000008ef00000| Complete 
| 240|0x000000008f000000, 0x000000008f100000, 0x000000008f100000|100%| E|CS|TAMS 0x000000008f000000, 0x000000008f000000| Complete 
| 241|0x000000008f100000, 0x000000008f200000, 0x000000008f200000|100%| E|CS|TAMS 0x000000008f100000, 0x000000008f100000| Complete 
| 242|0x000000008f200000, 0x000000008f300000, 0x000000008f300000|100%| E|CS|TAMS 0x000000008f200000, 0x000000008f200000| Complete 
| 243|0x000000008f300000, 0x000000008f400000, 0x000000008f400000|100%| E|CS|TAMS 0x000000008f300000, 0x000000008f300000| Complete 
| 244|0x000000008f400000, 0x000000008f500000, 0x000000008f500000|100%| E|CS|TAMS 0x000000008f400000, 0x000000008f400000| Complete 
| 245|0x000000008f500000, 0x000000008f600000, 0x000000008f600000|100%| E|CS|TAMS 0x000000008f500000, 0x000000008f500000| Complete 
| 246|0x000000008f600000, 0x000000008f700000, 0x000000008f700000|100%| E|CS|TAMS 0x000000008f600000, 0x000000008f600000| Complete 
| 247|0x000000008f700000, 0x000000008f800000, 0x000000008f800000|100%| E|CS|TAMS 0x000000008f700000, 0x000000008f700000| Complete 
| 248|0x000000008f800000, 0x000000008f900000, 0x000000008f900000|100%| E|CS|TAMS 0x000000008f800000, 0x000000008f800000| Complete 
| 249|0x000000008f900000, 0x000000008fa00000, 0x000000008fa00000|100%| E|CS|TAMS 0x000000008f900000, 0x000000008f900000| Complete 
| 250|0x000000008fa00000, 0x000000008fb00000, 0x000000008fb00000|100%| E|CS|TAMS 0x000000008fa00000, 0x000000008fa00000| Complete 
| 251|0x000000008fb00000, 0x000000008fc00000, 0x000000008fc00000|100%| E|CS|TAMS 0x000000008fb00000, 0x000000008fb00000| Complete 
| 252|0x000000008fc00000, 0x000000008fd00000, 0x000000008fd00000|100%| E|CS|TAMS 0x000000008fc00000, 0x000000008fc00000| Complete 
| 253|0x000000008fd00000, 0x000000008fe00000, 0x000000008fe00000|100%| E|CS|TAMS 0x000000008fd00000, 0x000000008fd00000| Complete 
| 254|0x000000008fe00000, 0x000000008ff00000, 0x000000008ff00000|100%| E|CS|TAMS 0x000000008fe00000, 0x000000008fe00000| Complete 
| 255|0x000000008ff00000, 0x0000000090000000, 0x0000000090000000|100%| E|CS|TAMS 0x000000008ff00000, 0x000000008ff00000| Complete 

Card table byte_map: [0x000001b7dedd0000,0x000001b7df1d0000] _byte_map_base: 0x000001b7de9d0000

Marking Bits (Prev, Next): (CMBitMap*) 0x000001b7cb4acc50, (CMBitMap*) 0x000001b7cb4acc18
 Prev Bits: [0x000001b7e15d0000, 0x000001b7e35d0000)
 Next Bits: [0x000001b7df5d0000, 0x000001b7e15d0000)

Polling page: 0x000001b7c9b30000

Metaspace:

Usage:
  Non-class:    105.37 MB capacity,   103.09 MB ( 98%) used,     1.85 MB (  2%) free+waste,   438.19 KB ( <1%) overhead. 
      Class:     16.14 MB capacity,    14.84 MB ( 92%) used,     1.12 MB (  7%) free+waste,   192.25 KB (  1%) overhead. 
       Both:    121.52 MB capacity,   117.93 MB ( 97%) used,     2.97 MB (  2%) free+waste,   630.44 KB ( <1%) overhead. 

Virtual space:
  Non-class space:      106.00 MB reserved,     105.72 MB (>99%) committed 
      Class space:        1.00 GB reserved,      16.70 MB (  2%) committed 
             Both:        1.10 GB reserved,     122.42 MB ( 11%) committed 

Chunk freelists:
   Non-Class:  161.00 KB
       Class:  543.00 KB
        Both:  704.00 KB

MaxMetaspaceSize: 17179869184.00 GB
CompressedClassSpaceSize: 1.00 GB

CodeHeap 'non-profiled nmethods': size=120000Kb used=15342Kb max_used=15342Kb free=104657Kb
 bounds [0x000001b7d6a40000, 0x000001b7d7940000, 0x000001b7ddf70000]
CodeHeap 'profiled nmethods': size=120000Kb used=46645Kb max_used=46645Kb free=73354Kb
 bounds [0x000001b7cf510000, 0x000001b7d22c0000, 0x000001b7d6a40000]
CodeHeap 'non-nmethods': size=5760Kb used=2361Kb max_used=2424Kb free=3398Kb
 bounds [0x000001b7cef70000, 0x000001b7cf1e0000, 0x000001b7cf510000]
 total_blobs=21844 nmethods=20866 adapters=887
 compilation: enabled
              stopped_count=0, restarted_count=0
 full_count=0

Compilation events (20 events):
Event: 4790.106 Thread 0x000001b7e698d000 22952       1       com.android.ide.common.resources.ResourceSet::getNamespace (5 bytes)
Event: 4790.106 Thread 0x000001b7e698d000 nmethod 22952 0x000001b7d7937610 code [0x000001b7d79377c0, 0x000001b7d7937878]
Event: 4790.106 Thread 0x000001b7e698d000 22953       1       com.android.ide.common.resources.DataSet::getValidateEnabled (5 bytes)
Event: 4790.106 Thread 0x000001b7e698d000 nmethod 22953 0x000001b7d7937910 code [0x000001b7d7937ac0, 0x000001b7d7937b78]
Event: 4790.107 Thread 0x000001b7e698d000 22954       3       com.android.ide.common.resources.PatternBasedFileFilter::isIgnored (49 bytes)
Event: 4790.108 Thread 0x000001b7e698d000 nmethod 22954 0x000001b7d2296e90 code [0x000001b7d2297120, 0x000001b7d2297a68]
Event: 4790.108 Thread 0x000001b7e698d000 22955       3       com.android.ide.common.resources.DataSet::isIgnored (38 bytes)
Event: 4790.108 Thread 0x000001b7e698d000 nmethod 22955 0x000001b7d2297e90 code [0x000001b7d2298080, 0x000001b7d22983d8]
Event: 4790.114 Thread 0x000001b7e698d000 22957       3       com.google.common.collect.LinkedListMultimap::values (5 bytes)
Event: 4790.115 Thread 0x000001b7e698d000 nmethod 22957 0x000001b7d2298590 code [0x000001b7d22987a0, 0x000001b7d2298e98]
Event: 4790.115 Thread 0x000001b7e698d000 22958       3       com.google.common.collect.LinkedListMultimap::values (8 bytes)
Event: 4790.115 Thread 0x000001b7e698d000 nmethod 22958 0x000001b7d2299090 code [0x000001b7d22992a0, 0x000001b7d22998f8]
Event: 4790.115 Thread 0x000001b7e698d000 22959       3       com.google.common.collect.LinkedListMultimap$1ValuesImpl$1::<init> (11 bytes)
Event: 4790.116 Thread 0x000001b7e698d000 nmethod 22959 0x000001b7d2299b10 code [0x000001b7d2299d00, 0x000001b7d229a228]
Event: 4790.119 Thread 0x000001b7e698d000 22960       3       com.google.common.collect.HashBasedTable$Factory::get (5 bytes)
Event: 4790.119 Thread 0x000001b7e698d000 nmethod 22960 0x000001b7d229a410 code [0x000001b7d229a620, 0x000001b7d229a998]
Event: 4790.119 Thread 0x000001b7e698d000 22962       3       com.google.common.collect.HashBasedTable::containsRow (6 bytes)
Event: 4790.120 Thread 0x000001b7e698d000 nmethod 22962 0x000001b7d229ab10 code [0x000001b7d229ad00, 0x000001b7d229b198]
Event: 4790.120 Thread 0x000001b7e698d000 22961       3       com.google.common.collect.HashBasedTable$Factory::get (8 bytes)
Event: 4790.120 Thread 0x000001b7e698d000 nmethod 22961 0x000001b7d229b390 code [0x000001b7d229b5a0, 0x000001b7d229b8b8]

GC Heap History (20 events):
Event: 3222.207 GC heap before
{Heap before GC invocations=36 (full 0):
 garbage-first heap   total 262144K, used 214405K [0x0000000080000000, 0x0000000100000000)
  region size 1024K, 92 young (94208K), 2 survivors (2048K)
 Metaspace       used 119045K, capacity 122190K, committed 124332K, reserved 1157120K
  class space    used 15026K, capacity 16221K, committed 17100K, reserved 1048576K
}
Event: 3222.213 GC heap after
{Heap after GC invocations=37 (full 0):
 garbage-first heap   total 262144K, used 104535K [0x0000000080000000, 0x0000000100000000)
  region size 1024K, 8 young (8192K), 8 survivors (8192K)
 Metaspace       used 119045K, capacity 122190K, committed 124332K, reserved 1157120K
  class space    used 15026K, capacity 16221K, committed 17100K, reserved 1048576K
}
Event: 3222.218 GC heap before
{Heap before GC invocations=37 (full 0):
 garbage-first heap   total 262144K, used 108631K [0x0000000080000000, 0x0000000100000000)
  region size 1024K, 12 young (12288K), 8 survivors (8192K)
 Metaspace       used 119045K, capacity 122190K, committed 124332K, reserved 1157120K
  class space    used 15026K, capacity 16221K, committed 17100K, reserved 1048576K
}
Event: 3222.229 GC heap after
{Heap after GC invocations=38 (full 0):
 garbage-first heap   total 262144K, used 94843K [0x0000000080000000, 0x0000000100000000)
  region size 1024K, 2 young (2048K), 2 survivors (2048K)
 Metaspace       used 119045K, capacity 122190K, committed 124332K, reserved 1157120K
  class space    used 15026K, capacity 16221K, committed 17100K, reserved 1048576K
}
Event: 4506.145 GC heap before
{Heap before GC invocations=38 (full 0):
 garbage-first heap   total 262144K, used 212603K [0x0000000080000000, 0x0000000100000000)
  region size 1024K, 109 young (111616K), 2 survivors (2048K)
 Metaspace       used 119243K, capacity 122476K, committed 124588K, reserved 1157120K
  class space    used 15029K, capacity 16224K, committed 17100K, reserved 1048576K
}
Event: 4506.155 GC heap after
{Heap after GC invocations=39 (full 0):
 garbage-first heap   total 262144K, used 106244K [0x0000000080000000, 0x0000000100000000)
  region size 1024K, 11 young (11264K), 11 survivors (11264K)
 Metaspace       used 119243K, capacity 122476K, committed 124588K, reserved 1157120K
  class space    used 15029K, capacity 16224K, committed 17100K, reserved 1048576K
}
Event: 4507.985 GC heap before
{Heap before GC invocations=39 (full 0):
 garbage-first heap   total 262144K, used 222980K [0x0000000080000000, 0x0000000100000000)
  region size 1024K, 109 young (111616K), 11 survivors (11264K)
 Metaspace       used 119373K, capacity 122543K, committed 124588K, reserved 1157120K
  class space    used 15029K, capacity 16224K, committed 17100K, reserved 1048576K
}
Event: 4507.996 GC heap after
{Heap after GC invocations=40 (full 0):
 garbage-first heap   total 262144K, used 110745K [0x0000000080000000, 0x0000000100000000)
  region size 1024K, 9 young (9216K), 9 survivors (9216K)
 Metaspace       used 119373K, capacity 122543K, committed 124588K, reserved 1157120K
  class space    used 15029K, capacity 16224K, committed 17100K, reserved 1048576K
}
Event: 4508.615 GC heap before
{Heap before GC invocations=40 (full 0):
 garbage-first heap   total 262144K, used 211097K [0x0000000080000000, 0x0000000100000000)
  region size 1024K, 104 young (106496K), 9 survivors (9216K)
 Metaspace       used 119605K, capacity 122756K, committed 124844K, reserved 1157120K
  class space    used 15029K, capacity 16224K, committed 17100K, reserved 1048576K
}
Event: 4508.620 GC heap after
{Heap after GC invocations=41 (full 0):
 garbage-first heap   total 262144K, used 108181K [0x0000000080000000, 0x0000000100000000)
  region size 1024K, 2 young (2048K), 2 survivors (2048K)
 Metaspace       used 119605K, capacity 122756K, committed 124844K, reserved 1157120K
  class space    used 15029K, capacity 16224K, committed 17100K, reserved 1048576K
}
Event: 4749.164 GC heap before
{Heap before GC invocations=41 (full 0):
 garbage-first heap   total 262144K, used 204437K [0x0000000080000000, 0x0000000100000000)
  region size 1024K, 88 young (90112K), 2 survivors (2048K)
 Metaspace       used 120189K, capacity 123625K, committed 125100K, reserved 1157120K
  class space    used 15106K, capacity 16364K, committed 17100K, reserved 1048576K
}
Event: 4749.196 GC heap after
{Heap after GC invocations=42 (full 0):
 garbage-first heap   total 262144K, used 128688K [0x0000000080000000, 0x0000000100000000)
  region size 1024K, 13 young (13312K), 13 survivors (13312K)
 Metaspace       used 120189K, capacity 123625K, committed 125100K, reserved 1157120K
  class space    used 15106K, capacity 16364K, committed 17100K, reserved 1048576K
}
Event: 4789.767 GC heap before
{Heap before GC invocations=43 (full 0):
 garbage-first heap   total 262144K, used 221872K [0x0000000080000000, 0x0000000100000000)
  region size 1024K, 85 young (87040K), 13 survivors (13312K)
 Metaspace       used 120663K, capacity 124241K, committed 125100K, reserved 1157120K
  class space    used 15197K, capacity 16532K, committed 17100K, reserved 1048576K
}
Event: 4789.781 GC heap after
{Heap after GC invocations=44 (full 0):
 garbage-first heap   total 262144K, used 129727K [0x0000000080000000, 0x0000000100000000)
  region size 1024K, 3 young (3072K), 3 survivors (3072K)
 Metaspace       used 120663K, capacity 124241K, committed 125100K, reserved 1157120K
  class space    used 15197K, capacity 16532K, committed 17100K, reserved 1048576K
}
Event: 4789.836 GC heap before
{Heap before GC invocations=44 (full 0):
 garbage-first heap   total 262144K, used 137919K [0x0000000080000000, 0x0000000100000000)
  region size 1024K, 12 young (12288K), 3 survivors (3072K)
 Metaspace       used 120674K, capacity 124306K, committed 125100K, reserved 1157120K
  class space    used 15197K, capacity 16532K, committed 17100K, reserved 1048576K
}
Event: 4789.849 GC heap after
{Heap after GC invocations=45 (full 0):
 garbage-first heap   total 262144K, used 109634K [0x0000000080000000, 0x0000000100000000)
  region size 1024K, 2 young (2048K), 2 survivors (2048K)
 Metaspace       used 120674K, capacity 124306K, committed 125100K, reserved 1157120K
  class space    used 15197K, capacity 16532K, committed 17100K, reserved 1048576K
}
Event: 4789.897 GC heap before
{Heap before GC invocations=45 (full 0):
 garbage-first heap   total 262144K, used 119874K [0x0000000080000000, 0x0000000100000000)
  region size 1024K, 12 young (12288K), 2 survivors (2048K)
 Metaspace       used 120689K, capacity 124370K, committed 125100K, reserved 1157120K
  class space    used 15197K, capacity 16532K, committed 17100K, reserved 1048576K
}
Event: 4789.908 GC heap after
{Heap after GC invocations=46 (full 0):
 garbage-first heap   total 262144K, used 109864K [0x0000000080000000, 0x0000000100000000)
  region size 1024K, 2 young (2048K), 2 survivors (2048K)
 Metaspace       used 120689K, capacity 124370K, committed 125100K, reserved 1157120K
  class space    used 15197K, capacity 16532K, committed 17100K, reserved 1048576K
}
Event: 4790.033 GC heap before
{Heap before GC invocations=46 (full 0):
 garbage-first heap   total 262144K, used 123176K [0x0000000080000000, 0x0000000100000000)
  region size 1024K, 17 young (17408K), 2 survivors (2048K)
 Metaspace       used 120750K, capacity 124435K, committed 125356K, reserved 1157120K
  class space    used 15197K, capacity 16532K, committed 17100K, reserved 1048576K
}
Event: 4790.048 GC heap after
{Heap after GC invocations=47 (full 0):
 garbage-first heap   total 262144K, used 112345K [0x0000000080000000, 0x0000000100000000)
  region size 1024K, 5 young (5120K), 5 survivors (5120K)
 Metaspace       used 120750K, capacity 124435K, committed 125356K, reserved 1157120K
  class space    used 15197K, capacity 16532K, committed 17100K, reserved 1048576K
}

Deoptimization events (20 events):
Event: 4749.594 Thread 0x000001b7f2914800 DEOPT PACKING pc=0x000001b7d09a422f sp=0x0000006db70fd760
Event: 4749.594 Thread 0x000001b7f2914800 DEOPT UNPACKING pc=0x000001b7cef96dde sp=0x0000006db70fcb78 mode 0
Event: 4750.854 Thread 0x000001b7f41e9800 Uncommon trap: trap_request=0xffffffbe fr.pc=0x000001b7d78f8bac relative=0x000000000000044c
Event: 4750.854 Thread 0x000001b7f41e9800 Uncommon trap: reason=profile_predicate action=maybe_recompile pc=0x000001b7d78f8bac method=com.google.common.collect.ImmutableList.copyIntoArray([Ljava/lang/Object;I)I @ 11 c2
Event: 4750.854 Thread 0x000001b7f41e9800 DEOPT PACKING pc=0x000001b7d78f8bac sp=0x0000006daf6fbb40
Event: 4750.854 Thread 0x000001b7f41e9800 DEOPT UNPACKING pc=0x000001b7cef9662f sp=0x0000006daf6fbaf0 mode 2
Event: 4750.854 Thread 0x000001b7f41e9800 Uncommon trap: trap_request=0xffffffbe fr.pc=0x000001b7d78f8bac relative=0x000000000000044c
Event: 4750.854 Thread 0x000001b7f41e9800 Uncommon trap: reason=profile_predicate action=maybe_recompile pc=0x000001b7d78f8bac method=com.google.common.collect.ImmutableList.copyIntoArray([Ljava/lang/Object;I)I @ 11 c2
Event: 4750.854 Thread 0x000001b7f41e9800 DEOPT PACKING pc=0x000001b7d78f8bac sp=0x0000006daf6fba50
Event: 4750.854 Thread 0x000001b7f41e9800 DEOPT UNPACKING pc=0x000001b7cef9662f sp=0x0000006daf6fba00 mode 2
Event: 4750.854 Thread 0x000001b7f41e9800 Uncommon trap: trap_request=0xffffffbe fr.pc=0x000001b7d78f8bac relative=0x000000000000044c
Event: 4750.854 Thread 0x000001b7f41e9800 Uncommon trap: reason=profile_predicate action=maybe_recompile pc=0x000001b7d78f8bac method=com.google.common.collect.ImmutableList.copyIntoArray([Ljava/lang/Object;I)I @ 11 c2
Event: 4750.854 Thread 0x000001b7f41e9800 DEOPT PACKING pc=0x000001b7d78f8bac sp=0x0000006daf6fbb40
Event: 4750.854 Thread 0x000001b7f41e9800 DEOPT UNPACKING pc=0x000001b7cef9662f sp=0x0000006daf6fbaf0 mode 2
Event: 4750.854 Thread 0x000001b7f41e9800 Uncommon trap: trap_request=0xffffffbe fr.pc=0x000001b7d78f8bac relative=0x000000000000044c
Event: 4750.854 Thread 0x000001b7f41e9800 Uncommon trap: reason=profile_predicate action=maybe_recompile pc=0x000001b7d78f8bac method=com.google.common.collect.ImmutableList.copyIntoArray([Ljava/lang/Object;I)I @ 11 c2
Event: 4750.854 Thread 0x000001b7f41e9800 DEOPT PACKING pc=0x000001b7d78f8bac sp=0x0000006daf6fba50
Event: 4750.854 Thread 0x000001b7f41e9800 DEOPT UNPACKING pc=0x000001b7cef9662f sp=0x0000006daf6fba00 mode 2
Event: 4789.944 Thread 0x000001b7f41e9800 DEOPT PACKING pc=0x000001b7d02d545a sp=0x0000006daf6f9050
Event: 4789.944 Thread 0x000001b7f41e9800 DEOPT UNPACKING pc=0x000001b7cef96dde sp=0x0000006daf6f8570 mode 0

Classes redefined (0 events):
No events

Internal exceptions (20 events):
Event: 4508.835 Thread 0x000001b7e7d0d800 Exception <a 'sun/nio/fs/WindowsException'{0x000000008f29f310}> (0x000000008f29f310) thrown at [./src/hotspot/share/prims/jni.cpp, line 615]
Event: 4748.900 Thread 0x000001b7f41e9800 Exception <a 'sun/nio/fs/WindowsException'{0x000000008d53a1a8}> (0x000000008d53a1a8) thrown at [./src/hotspot/share/prims/jni.cpp, line 615]
Event: 4748.934 Thread 0x000001b7f41e9800 Exception <a 'java/lang/NoClassDefFoundError'{0x000000008d2a7b60}: org/jetbrains/kotlin/gradle/plugin/KotlinBasePluginWrapper> (0x000000008d2a7b60) thrown at [./src/hotspot/share/oops/constantPool.cpp, line 775]
Event: 4748.948 Thread 0x000001b7f41e9800 Exception <a 'sun/nio/fs/WindowsException'{0x000000008d1dfb80}> (0x000000008d1dfb80) thrown at [./src/hotspot/share/prims/jni.cpp, line 615]
Event: 4748.953 Thread 0x000001b7f41e9800 Exception <a 'sun/nio/fs/WindowsException'{0x000000008d084738}> (0x000000008d084738) thrown at [./src/hotspot/share/prims/jni.cpp, line 615]
Event: 4748.953 Thread 0x000001b7f41e9800 Exception <a 'sun/nio/fs/WindowsException'{0x000000008d085ab0}> (0x000000008d085ab0) thrown at [./src/hotspot/share/prims/jni.cpp, line 615]
Event: 4748.953 Thread 0x000001b7f41e9800 Exception <a 'sun/nio/fs/WindowsException'{0x000000008d086e78}> (0x000000008d086e78) thrown at [./src/hotspot/share/prims/jni.cpp, line 615]
Event: 4748.953 Thread 0x000001b7f41e9800 Exception <a 'sun/nio/fs/WindowsException'{0x000000008d088240}> (0x000000008d088240) thrown at [./src/hotspot/share/prims/jni.cpp, line 615]
Event: 4750.588 Thread 0x000001b7f2914800 Exception <a 'sun/nio/fs/WindowsException'{0x000000008db57818}> (0x000000008db57818) thrown at [./src/hotspot/share/prims/jni.cpp, line 615]
Event: 4750.588 Thread 0x000001b7f2914800 Exception <a 'sun/nio/fs/WindowsException'{0x000000008db57900}> (0x000000008db57900) thrown at [./src/hotspot/share/prims/jni.cpp, line 615]
Event: 4750.852 Thread 0x000001b7f41e9800 Exception <a 'sun/nio/fs/WindowsException'{0x000000008bb1c9c8}> (0x000000008bb1c9c8) thrown at [./src/hotspot/share/prims/jni.cpp, line 615]
Event: 4750.852 Thread 0x000001b7f41e9800 Exception <a 'sun/nio/fs/WindowsException'{0x000000008bb1ca48}> (0x000000008bb1ca48) thrown at [./src/hotspot/share/prims/jni.cpp, line 615]
Event: 4750.852 Thread 0x000001b7f41e9800 Exception <a 'sun/nio/fs/WindowsException'{0x000000008bb1e3b0}> (0x000000008bb1e3b0) thrown at [./src/hotspot/share/prims/jni.cpp, line 615]
Event: 4789.889 Thread 0x000001b7f41e9800 Exception <a 'sun/nio/fs/WindowsException'{0x000000008f7ea2c0}> (0x000000008f7ea2c0) thrown at [./src/hotspot/share/prims/jni.cpp, line 615]
Event: 4789.922 Thread 0x000001b7f41e9800 Exception <a 'java/lang/NoClassDefFoundError'{0x000000008fd07700}: org/jetbrains/kotlin/gradle/plugin/KotlinBasePluginWrapper> (0x000000008fd07700) thrown at [./src/hotspot/share/oops/constantPool.cpp, line 775]
Event: 4789.935 Thread 0x000001b7f41e9800 Exception <a 'sun/nio/fs/WindowsException'{0x000000008fc37bc0}> (0x000000008fc37bc0) thrown at [./src/hotspot/share/prims/jni.cpp, line 615]
Event: 4789.940 Thread 0x000001b7f41e9800 Exception <a 'sun/nio/fs/WindowsException'{0x000000008fcd6160}> (0x000000008fcd6160) thrown at [./src/hotspot/share/prims/jni.cpp, line 615]
Event: 4789.940 Thread 0x000001b7f41e9800 Exception <a 'sun/nio/fs/WindowsException'{0x000000008fcd74d8}> (0x000000008fcd74d8) thrown at [./src/hotspot/share/prims/jni.cpp, line 615]
Event: 4789.941 Thread 0x000001b7f41e9800 Exception <a 'sun/nio/fs/WindowsException'{0x000000008fcd88a0}> (0x000000008fcd88a0) thrown at [./src/hotspot/share/prims/jni.cpp, line 615]
Event: 4789.941 Thread 0x000001b7f41e9800 Exception <a 'sun/nio/fs/WindowsException'{0x000000008fcd9c68}> (0x000000008fcd9c68) thrown at [./src/hotspot/share/prims/jni.cpp, line 615]

Events (20 events):
Event: 4789.988 Executing VM operation: RevokeBias
Event: 4789.989 Executing VM operation: RevokeBias done
Event: 4789.989 Executing VM operation: RevokeBias
Event: 4789.989 Executing VM operation: RevokeBias done
Event: 4789.989 Executing VM operation: RevokeBias
Event: 4789.989 Executing VM operation: RevokeBias done
Event: 4789.991 Executing VM operation: RevokeBias
Event: 4789.991 Executing VM operation: RevokeBias done
Event: 4789.992 Executing VM operation: RevokeBias
Event: 4789.993 Executing VM operation: RevokeBias done
Event: 4789.994 Executing VM operation: RevokeBias
Event: 4789.995 Executing VM operation: RevokeBias done
Event: 4790.031 Executing VM operation: RevokeBias
Event: 4790.031 Executing VM operation: RevokeBias done
Event: 4790.031 Executing VM operation: RevokeBias
Event: 4790.031 Executing VM operation: RevokeBias done
Event: 4790.031 Executing VM operation: RevokeBias
Event: 4790.032 Executing VM operation: RevokeBias done
Event: 4790.032 Executing VM operation: G1CollectForAllocation
Event: 4790.048 Executing VM operation: G1CollectForAllocation done


Dynamic libraries:
0x00007ff6907c0000 - 0x00007ff6907ca000 	C:\Program Files\Android\Android Studio\jre\bin\java.exe
0x00007fffbac70000 - 0x00007fffbae65000 	C:\Windows\SYSTEM32\ntdll.dll
0x00007fffb9220000 - 0x00007fffb92de000 	C:\Windows\System32\KERNEL32.DLL
0x00007fffb8850000 - 0x00007fffb8b18000 	C:\Windows\System32\KERNELBASE.dll
0x00007fffb8bc0000 - 0x00007fffb8cc0000 	C:\Windows\System32\ucrtbase.dll
0x00007fff95760000 - 0x00007fff95777000 	C:\Program Files\Android\Android Studio\jre\bin\VCRUNTIME140.dll
0x00007fff99af0000 - 0x00007fff99b09000 	C:\Program Files\Android\Android Studio\jre\bin\jli.dll
0x00007fffb9340000 - 0x00007fffb94e0000 	C:\Windows\System32\USER32.dll
0x00007fffb76f0000 - 0x00007fffb798a000 	C:\Windows\WinSxS\amd64_microsoft.windows.common-controls_6595b64144ccf1df_6.0.19041.1110_none_60b5254171f9507e\COMCTL32.dll
0x00007fffb8670000 - 0x00007fffb8692000 	C:\Windows\System32\win32u.dll
0x00007fffb9180000 - 0x00007fffb921e000 	C:\Windows\System32\msvcrt.dll
0x00007fffb8fb0000 - 0x00007fffb8fdb000 	C:\Windows\System32\GDI32.dll
0x00007fffb86a0000 - 0x00007fffb87ad000 	C:\Windows\System32\gdi32full.dll
0x00007fffb87b0000 - 0x00007fffb884d000 	C:\Windows\System32\msvcp_win.dll
0x00007fffba380000 - 0x00007fffba3b0000 	C:\Windows\System32\IMM32.DLL
0x00007fff89c30000 - 0x00007fff89ccd000 	C:\Program Files\Android\Android Studio\jre\bin\msvcp140.dll
0x00007fff83bf0000 - 0x00007fff846c5000 	C:\Program Files\Android\Android Studio\jre\bin\server\jvm.dll
0x00007fffb8ff0000 - 0x00007fffb909e000 	C:\Windows\System32\ADVAPI32.dll
0x00007fffb8d70000 - 0x00007fffb8e0c000 	C:\Windows\System32\sechost.dll
0x00007fffba1a0000 - 0x00007fffba2c5000 	C:\Windows\System32\RPCRT4.dll
0x00007fffb94e0000 - 0x00007fffb94e8000 	C:\Windows\System32\PSAPI.DLL
0x00007fff965a0000 - 0x00007fff965c7000 	C:\Windows\SYSTEM32\WINMM.dll
0x00007fffae2c0000 - 0x00007fffae2c9000 	C:\Windows\SYSTEM32\WSOCK32.dll
0x00007fffb1dd0000 - 0x00007fffb1dda000 	C:\Windows\SYSTEM32\VERSION.dll
0x00007fffb9930000 - 0x00007fffb999b000 	C:\Windows\System32\WS2_32.dll
0x00007fffb5c20000 - 0x00007fffb5c32000 	C:\Windows\SYSTEM32\kernel.appcore.dll
0x00007fffad2d0000 - 0x00007fffad2e1000 	C:\Program Files\Android\Android Studio\jre\bin\verify.dll
0x00007fffb7b00000 - 0x00007fffb7ce4000 	C:\Windows\SYSTEM32\DBGHELP.DLL
0x00007fffb7ad0000 - 0x00007fffb7afc000 	C:\Windows\SYSTEM32\dbgcore.DLL
0x00007fffb85e0000 - 0x00007fffb8662000 	C:\Windows\System32\bcryptPrimitives.dll
0x00007fffad2a0000 - 0x00007fffad2c9000 	C:\Program Files\Android\Android Studio\jre\bin\java.dll
0x00007fffae2b0000 - 0x00007fffae2bb000 	C:\Program Files\Android\Android Studio\jre\bin\jimage.dll
0x00007fffad280000 - 0x00007fffad298000 	C:\Program Files\Android\Android Studio\jre\bin\zip.dll
0x00007fffba4e0000 - 0x00007fffbac24000 	C:\Windows\System32\SHELL32.dll
0x00007fffb5e20000 - 0x00007fffb65b4000 	C:\Windows\SYSTEM32\windows.storage.dll
0x00007fffb94f0000 - 0x00007fffb9845000 	C:\Windows\System32\combase.dll
0x00007fffb7680000 - 0x00007fffb76ae000 	C:\Windows\SYSTEM32\Wldp.dll
0x00007fffba2d0000 - 0x00007fffba37d000 	C:\Windows\System32\SHCORE.dll
0x00007fffb92e0000 - 0x00007fffb9335000 	C:\Windows\System32\shlwapi.dll
0x00007fffb82c0000 - 0x00007fffb82df000 	C:\Windows\SYSTEM32\profapi.dll
0x00007fffad260000 - 0x00007fffad27a000 	C:\Program Files\Android\Android Studio\jre\bin\net.dll
0x00007fffaf4c0000 - 0x00007fffaf5cc000 	C:\Windows\SYSTEM32\WINHTTP.dll
0x00007fffb73a0000 - 0x00007fffb740a000 	C:\Windows\system32\mswsock.dll
0x00007fffad240000 - 0x00007fffad254000 	C:\Program Files\Android\Android Studio\jre\bin\nio.dll
0x00007fffabc00000 - 0x00007fffabc27000 	C:\Users\Ester\.gradle\native\e1d6ef7f7dcc3fd88c89a11ec53ec762bb8ba0a96d01ffa2cd45eb1d1d8dd5c5\windows-amd64\native-platform.dll
0x00007fff869a0000 - 0x00007fff86ae4000 	C:\Users\Ester\.gradle\native\5664cfc778a61ccfe75a443a1ab52a65af34e5dc3c78e0209fed803814484fcb\windows-amd64\native-platform-file-events.dll
0x00007fffad230000 - 0x00007fffad23a000 	C:\Program Files\Android\Android Studio\jre\bin\management.dll
0x00007fffad220000 - 0x00007fffad22d000 	C:\Program Files\Android\Android Studio\jre\bin\management_ext.dll
0x00007fffb8030000 - 0x00007fffb8048000 	C:\Windows\SYSTEM32\CRYPTSP.dll
0x00007fffb6d80000 - 0x00007fffb6db4000 	C:\Windows\system32\rsaenh.dll
0x00007fffb8b20000 - 0x00007fffb8b47000 	C:\Windows\System32\bcrypt.dll
0x00007fffb8280000 - 0x00007fffb82ae000 	C:\Windows\SYSTEM32\USERENV.dll
0x00007fffb7610000 - 0x00007fffb761c000 	C:\Windows\SYSTEM32\CRYPTBASE.dll
0x00007fffb70d0000 - 0x00007fffb710b000 	C:\Windows\SYSTEM32\IPHLPAPI.DLL
0x00007fffb8fe0000 - 0x00007fffb8fe8000 	C:\Windows\System32\NSI.dll
0x00007fffb0040000 - 0x00007fffb0057000 	C:\Windows\SYSTEM32\dhcpcsvc6.DLL
0x00007fffb0470000 - 0x00007fffb048d000 	C:\Windows\SYSTEM32\dhcpcsvc.DLL
0x00007fffb7110000 - 0x00007fffb71db000 	C:\Windows\SYSTEM32\DNSAPI.dll
0x00007fffb5550000 - 0x00007fffb55e0000 	C:\Windows\system32\apphelp.dll
0x00007fffad0d0000 - 0x00007fffad0f7000 	C:\Program Files\Android\Android Studio\jre\bin\sunec.dll
0x00007fffb7ff0000 - 0x00007fffb8023000 	C:\Windows\SYSTEM32\ntmarta.dll

dbghelp: loaded successfully - version: 4.0.5 - missing functions: none
symbol engine: initialized successfully - sym options: 0x614 - pdb path: .;C:\Program Files\Android\Android Studio\jre\bin;C:\Windows\SYSTEM32;C:\Windows\WinSxS\amd64_microsoft.windows.common-controls_6595b64144ccf1df_6.0.19041.1110_none_60b5254171f9507e;C:\Program Files\Android\Android Studio\jre\bin\server;C:\Users\Ester\.gradle\native\e1d6ef7f7dcc3fd88c89a11ec53ec762bb8ba0a96d01ffa2cd45eb1d1d8dd5c5\windows-amd64;C:\Users\Ester\.gradle\native\5664cfc778a61ccfe75a443a1ab52a65af34e5dc3c78e0209fed803814484fcb\windows-amd64

VM Arguments:
jvm_args: --add-opens=java.base/java.util=ALL-UNNAMED --add-opens=java.base/java.lang=ALL-UNNAMED --add-opens=java.base/java.lang.invoke=ALL-UNNAMED --add-opens=java.base/java.util=ALL-UNNAMED --add-opens=java.prefs/java.util.prefs=ALL-UNNAMED --add-opens=java.prefs/java.util.prefs=ALL-UNNAMED --add-opens=java.base/java.nio.charset=ALL-UNNAMED --add-opens=java.base/java.net=ALL-UNNAMED --add-opens=java.base/java.util.concurrent.atomic=ALL-UNNAMED -Xmx2048m -Dfile.encoding=UTF-8 -Duser.country=BR -Duser.language=pt -Duser.variant 
java_command: org.gradle.launcher.daemon.bootstrap.GradleDaemon 7.2
java_class_path (initial): C:\Users\Ester\.gradle\wrapper\dists\gradle-7.2-bin\2dnblmf4td7x66yl1d74lt32g\gradle-7.2\lib\gradle-launcher-7.2.jar
Launcher Type: SUN_STANDARD

[Global flags]
     intx CICompilerCount                          = 4                                         {product} {ergonomic}
     uint ConcGCThreads                            = 2                                         {product} {ergonomic}
     uint G1ConcRefinementThreads                  = 8                                         {product} {ergonomic}
   size_t G1HeapRegionSize                         = 1048576                                   {product} {ergonomic}
    uintx GCDrainStackTargetSize                   = 64                                        {product} {ergonomic}
   size_t InitialHeapSize                          = 268435456                                 {product} {ergonomic}
   size_t MarkStackSize                            = 4194304                                   {product} {ergonomic}
   size_t MaxHeapSize                              = 2147483648                                {product} {command line}
   size_t MaxNewSize                               = 1287651328                                {product} {ergonomic}
   size_t MinHeapDeltaBytes                        = 1048576                                   {product} {ergonomic}
    uintx NonNMethodCodeHeapSize                   = 5836300                                {pd product} {ergonomic}
    uintx NonProfiledCodeHeapSize                  = 122910970                              {pd product} {ergonomic}
    uintx ProfiledCodeHeapSize                     = 122910970                              {pd product} {ergonomic}
    uintx ReservedCodeCacheSize                    = 251658240                              {pd product} {ergonomic}
     bool SegmentedCodeCache                       = true                                      {product} {ergonomic}
     bool UseCompressedClassPointers               = true                                 {lp64_product} {ergonomic}
     bool UseCompressedOops                        = true                                 {lp64_product} {ergonomic}
     bool UseG1GC                                  = true                                      {product} {ergonomic}
     bool UseLargePagesIndividualAllocation        = false                                  {pd product} {ergonomic}

Logging:
Log output configuration:
 #0: stdout all=warning uptime,level,tags
 #1: stderr all=off uptime,level,tags

Environment Variables:
JAVA_HOME=C:\Users\Ester\Downloads\jdk-11.0.10_windows-x64_bin.exe
CLASSPATH=.
PATH=C:\Program Files\Common Files\Oracle\Java\javapath;C:\Python310\Scripts\;C:\Python310\;C:\Windows\system32;C:\Windows;C:\Windows\System32\Wbem;C:\Windows\System32\WindowsPowerShell\v1.0\;C:\Windows\System32\OpenSSH\;C:\Program Files\nodejs\;C:\ProgramData\chocolatey\bin;C:\Users\Ester\Downloads\jdk-11.0.10_windows-x64_bin.exe\bin;C:\Users\Ester\AppData\Local\Microsoft\WindowsApps;;C:\Users\Ester\AppData\Local\Programs\Microsoft VS Code\bin;C:\Users\Ester\AppData\Roaming\npm;C:\Program Files\JetBrains\IntelliJ IDEA Community Edition 2021.3.2\bin;
USERNAME=Ester
OS=Windows_NT
PROCESSOR_IDENTIFIER=Intel64 Family 6 Model 158 Stepping 9, GenuineIntel



---------------  S Y S T E M  ---------------

OS: Windows 10 , 64 bit Build 19041 (10.0.19041.1503)
OS uptime: 0 days 2:06 hours

CPU:total 8 (initial active 8) (4 cores per cpu, 2 threads per core) family 6 model 158 stepping 9 microcode 0xb4, cmov, cx8, fxsr, mmx, sse, sse2, sse3, ssse3, sse4.1, sse4.2, popcnt, avx, avx2, aes, clmul, erms, 3dnowpref, lzcnt, ht, tsc, tscinvbit, bmi1, bmi2, adx, fma

Memory: 4k page, system-wide physical 16293M (6828M free)
TotalPageFile size 18725M (AvailPageFile size 6902M)
current process WorkingSet (physical memory assigned to process): 564M, peak: 595M
current process commit charge ("private bytes"): 654M, peak: 666M

vm_info: OpenJDK 64-Bit Server VM (11.0.11+9-b60-7590822) for windows-amd64 JRE (11.0.11+9-b60-7590822), built on Jul 29 2021 21:43:44 by "builder" with MS VC++ 14.0 (VS2015)

END.
