#
# A fatal error has been detected by the Java Runtime Environment:
#
#  EXCEPTION_ACCESS_VIOLATION (0xc0000005) at pc=0x00007ff86bbc2d74, pid=1540, tid=3012
#
# JRE version: OpenJDK Runtime Environment (11.0.11+9) (build 11.0.11+9-b60-7590822)
# Java VM: OpenJDK 64-Bit Server VM (11.0.11+9-b60-7590822, mixed mode, tiered, compressed oops, g1 gc, windows-amd64)
# Problematic frame:
# V  [jvm.dll+0x322d74]
#
# No core dump will be written. Minidumps are not enabled by default on client versions of Windows
#
# If you would like to submit a bug report, please visit:
#   https://bugreport.java.com/bugreport/crash.jsp
#

---------------  S U M M A R Y ------------

Command Line: --add-opens=java.base/java.util=ALL-UNNAMED --add-opens=java.base/java.lang=ALL-UNNAMED --add-opens=java.base/java.lang.invoke=ALL-UNNAMED --add-opens=java.base/java.util=ALL-UNNAMED --add-opens=java.prefs/java.util.prefs=ALL-UNNAMED --add-opens=java.prefs/java.util.prefs=ALL-UNNAMED --add-opens=java.base/java.nio.charset=ALL-UNNAMED --add-opens=java.base/java.net=ALL-UNNAMED --add-opens=java.base/java.util.concurrent.atomic=ALL-UNNAMED -Xmx2048m -Dfile.encoding=UTF-8 -Duser.country=BR -Duser.language=pt -Duser.variant org.gradle.launcher.daemon.bootstrap.GradleDaemon 7.2

Host: Intel(R) Core(TM) i7-7700HQ CPU @ 2.80GHz, 8 cores, 15G,  Windows 10 , 64 bit Build 19041 (10.0.19041.1503)
Time: Wed Mar 23 09:02:30 2022 Hora oficial do Brasil elapsed time: 47.430177 seconds (0d 0h 0m 47s)

---------------  T H R E A D  ---------------

Current thread (0x00000238f59d6800):  JavaThread "C2 CompilerThread0" daemon [_thread_in_native, id=3012, stack(0x000000a9d8500000,0x000000a9d8600000)]


Current CompileTask:
C2:  47430 5999   !   4       java.util.jar.Attributes::read (390 bytes)

Stack: [0x000000a9d8500000,0x000000a9d8600000],  sp=0x000000a9d85fbc10,  free space=1007k
Native frames: (J=compiled Java code, j=interpreted, Vv=VM code, C=native code)
V  [jvm.dll+0x322d74]
V  [jvm.dll+0x323ea8]
V  [jvm.dll+0x321691]
V  [jvm.dll+0x320d8a]
V  [jvm.dll+0x1fc1e2]
V  [jvm.dll+0x1fb3d4]
V  [jvm.dll+0x183d6c]
V  [jvm.dll+0x209a57]
V  [jvm.dll+0x2082a1]
V  [jvm.dll+0x6ef58f]
V  [jvm.dll+0x6e80b5]
V  [jvm.dll+0x5f1036]
C  [ucrtbase.dll+0x21bb2]
C  [KERNEL32.DLL+0x17034]
C  [ntdll.dll+0x52651]


siginfo: EXCEPTION_ACCESS_VIOLATION (0xc0000005), reading address 0x00000240b0d26e00


Register to memory mapping:

RIP=0x00007ff86bbc2d74 jvm.dll
RAX=0x000000a9d85fc1d0 is pointing into the stack for thread: 0x00000238f59d6800
RBX=0x00000238f75b1640 points into unknown readable memory: 0x00007ff86c014068 | 68 40 01 6c f8 7f 00 00
RCX=0x00000238f5f9be00 points into unknown readable memory: 0x00000238fb433950 | 50 39 43 fb 38 02 00 00
RDX=
[error occurred during error reporting (printing register info), id 0xc0000005, EXCEPTION_ACCESS_VIOLATION (0xc0000005) at pc=0x00007ff86bb7abc7]

Registers:
RAX=0x000000a9d85fc1d0, RBX=0x00000238f75b1640, RCX=0x00000238f5f9be00, RDX=0x00000000f75b1600
RSP=0x000000a9d85fbc10, RBP=0x0000000000000000, RSI=0x00000238f75b1538, RDI=0x0000000000000000
R8 =0x00000238f75b1518, R9 =0x000000a9d85fbd70, R10=0x00000238f84d9ee0, R11=0x00000238f8750010
R12=0x0000000000000000, R13=0x000000a9d85fc1d0, R14=0x000000a9d85fbc80, R15=0x00000000000002dd
RIP=0x00007ff86bbc2d74, EFLAGS=0x0000000000010246

Top of Stack: (sp=0x000000a9d85fbc10)
0x000000a9d85fbc10:   000000a9d85fc1d0 00000238f75b1490
0x000000a9d85fbc20:   0000000000000000 00000238f84d9e40
0x000000a9d85fbc30:   0000000000000000 0000000000000001
0x000000a9d85fbc40:   00000238f84d9e40 00000238f75b2900
0x000000a9d85fbc50:   00000238f84d9e40 00007ff86bbc3ea8
0x000000a9d85fbc60:   000000a9d85fc1d0 00000238f75b1490
0x000000a9d85fbc70:   0000000000000000 00000238f8b00188
0x000000a9d85fbc80:   000000a9d85fbd70 000000a9d85fbd20
0x000000a9d85fbc90:   000000a9d85fc1d0 00000238f59cba20
0x000000a9d85fbca0:   00000238f59cba20 00000238f84a9180
0x000000a9d85fbcb0:   00007ff86c08b998 000000a9d85fbdd0
0x000000a9d85fbcc0:   000000a9d85fc1d0 00007ff86bbc1691
0x000000a9d85fbcd0:   00000238f5a890d0 0000000000006e00
0x000000a9d85fbce0:   00000238f5975178 0000000000000100
0x000000a9d85fbcf0:   00000238000001b1 00000000000001b1
0x000000a9d85fbd00:   0000000000000000 00000000000166e0 

Instructions: (pc=0x00007ff86bbc2d74)
0x00007ff86bbc2c74:   24 60 48 89 74 24 38 48 8b 30 48 89 7c 24 30 48
0x00007ff86bbc2c84:   83 e6 fe 4c 89 64 24 28 44 0f b6 20 8b 40 08 41
0x00007ff86bbc2c94:   80 e4 01 8b 7e 20 3b c7 4c 89 7c 24 20 0f 42 f8
0x00007ff86bbc2ca4:   48 83 02 f0 0f 1f 84 00 00 00 00 00 44 8b 46 28
0x00007ff86bbc2cb4:   41 8b c0 4d 8b 0e c1 e8 05 41 3b 41 10 72 0e 49
0x00007ff86bbc2cc4:   8b 01 41 8b d0 49 8b c9 ff 50 18 eb 1b 8b c8 41
0x00007ff86bbc2cd4:   83 e0 1f 49 8b 41 18 48 8d 14 88 b8 01 00 00 00
0x00007ff86bbc2ce4:   41 0f b6 c8 d3 e0 09 02 8b 46 2c 24 0f 3c 08 75
0x00007ff86bbc2cf4:   09 48 8b 46 08 48 8b 08 eb 03 48 8b ce 49 8b 46
0x00007ff86bbc2d04:   10 33 ed 8b 51 28 48 8b 48 78 48 8b 04 d1 44 8b
0x00007ff86bbc2d14:   78 68 85 ff 0f 84 c3 00 00 00 66 90 48 8b 5e 10
0x00007ff86bbc2d24:   ff cf 49 8b 16 48 8b 1c fb 8b 4b 28 8b c1 c1 e8
0x00007ff86bbc2d34:   05 3b 42 10 73 19 44 8b c0 83 e1 1f 48 8b 42 18
0x00007ff86bbc2d44:   ba 01 00 00 00 d3 e2 42 8b 04 80 23 c2 75 4a 8b
0x00007ff86bbc2d54:   43 2c 24 0f 3c 08 75 09 48 8b 43 08 4c 8b 00 eb
0x00007ff86bbc2d64:   03 4c 8b c3 49 8b 46 10 41 8b 50 28 48 8b 48 78
0x00007ff86bbc2d74:   48 8b 04 d1 8b 48 68 41 3b cf 72 1d 75 0b 41 8b
0x00007ff86bbc2d84:   40 2c 83 e0 0f 3c 0c 74 10 48 8b cb 48 8b eb e8
0x00007ff86bbc2d94:   f8 f4 2a 00 41 3a c4 74 08 85 ff 0f 85 7b ff ff
0x00007ff86bbc2da4:   ff 48 85 ed 74 37 49 8b 5e 08 48 83 03 10 48 8b
0x00007ff86bbc2db4:   03 48 3b 43 08 72 08 48 8b cb e8 4d e7 2a 00 48
0x00007ff86bbc2dc4:   8b 0b 41 0f b6 c4 48 0b c6 48 8b f5 45 32 e4 48
0x00007ff86bbc2dd4:   89 01 89 79 08 8b 7d 20 e9 cf fe ff ff 45 84 e4
0x00007ff86bbc2de4:   75 0b 8b 7e 20 41 b4 01 e9 bf fe ff ff 4c 8b 7c
0x00007ff86bbc2df4:   24 20 48 8b c6 48 8b 74 24 38 4c 8b 64 24 28 48
0x00007ff86bbc2e04:   8b 7c 24 30 48 8b 6c 24 60 48 8b 5c 24 58 48 83
0x00007ff86bbc2e14:   c4 40 41 5e c3 cc cc cc cc cc cc cc 48 89 5c 24
0x00007ff86bbc2e24:   08 48 89 74 24 10 57 48 83 ec 20 8b 59 28 48 8b
0x00007ff86bbc2e34:   f9 ff cb 3b 59 18 73 0a 48 8b 41 20 48 8b 34 d8
0x00007ff86bbc2e44:   eb 02 33 f6 48 8b 06 48 8b ce ff 50 20 48 3b c6
0x00007ff86bbc2e54:   74 03 2b 5f 48 3b 5f 18 73 0a 48 8b 47 20 48 8b
0x00007ff86bbc2e64:   34 d8 eb 02 33 f6 48 8b 06 48 8b ce ff 10 8b 56 


Stack slot to memory mapping:
stack at sp + 0 slots: 0x000000a9d85fc1d0 is pointing into the stack for thread: 0x00000238f59d6800
stack at sp + 1 slots: 0x00000238f75b1490 points into unknown readable memory: 0x00007ff86c014068 | 68 40 01 6c f8 7f 00 00
stack at sp + 2 slots: 0x0 is NULL
stack at sp + 3 slots: 0x00000238f84d9e40 points into unknown readable memory: 0x00007ff86c08c5e8 | e8 c5 08 6c f8 7f 00 00
stack at sp + 4 slots: 0x0 is NULL
stack at sp + 5 slots: 0x0000000000000001 is an unknown value
stack at sp + 6 slots: 0x00000238f84d9e40 points into unknown readable memory: 0x00007ff86c08c5e8 | e8 c5 08 6c f8 7f 00 00
stack at sp + 7 slots: 0x00000238f75b2900 points into unknown readable memory: 0x00000238f75b27d0 | d0 27 5b f7 38 02 00 00


---------------  P R O C E S S  ---------------

Threads class SMR info:
_java_thread_list=0x00000238f92736a0, length=122, elements={
0x00000238d8cac000, 0x00000238f5967800, 0x00000238f5973800, 0x00000238f59ce800,
0x00000238f59cf800, 0x00000238f59d2800, 0x00000238f59d6800, 0x00000238f59db000,
0x00000238f59df000, 0x00000238f5b3d800, 0x00000238f7135800, 0x00000238f7f5f000,
0x00000238f68cc800, 0x00000238f839f800, 0x00000238f8210000, 0x00000238f7ca4800,
0x00000238f7dea800, 0x00000238f7410000, 0x00000238f7410800, 0x00000238f7c9c800,
0x00000238f7c9c000, 0x00000238f7c9e800, 0x00000238f7c9d800, 0x00000238f7c9b000,
0x00000238f7c9f000, 0x00000238f7ca0000, 0x00000238f7c9a800, 0x00000238f7ca1000,
0x00000238f6d2f000, 0x00000238f6d35800, 0x00000238f6d36000, 0x00000238f6d34000,
0x00000238f6d31800, 0x00000238f6d38000, 0x00000238f6d38800, 0x00000238f6d33000,
0x00000238f6d39800, 0x00000238f6d3a800, 0x00000238f6d3b000, 0x00000238f6d3d800,
0x00000238f6d3d000, 0x00000238f6d3c000, 0x00000238fbc2c800, 0x00000238fbc2d000,
0x00000238fbc2a800, 0x00000238fbc31000, 0x00000238fbc2b800, 0x00000238fbc2f000,
0x00000238fbc30800, 0x00000238fbc32000, 0x00000238fbc33800, 0x00000238fbc33000,
0x00000238fbc2e000, 0x00000238fbc34800, 0x00000238fbc2f800, 0x00000238fbc38800,
0x00000238fbc39800, 0x00000238fbc35800, 0x00000238fbc36000, 0x00000238fbc37000,
0x00000238fbc38000, 0x00000238fb63a000, 0x00000238fb634800, 0x00000238fb63b000,
0x00000238fb637800, 0x00000238fb635000, 0x00000238fb637000, 0x00000238fb636000,
0x00000238fb639800, 0x00000238fb638800, 0x00000238fb63f000, 0x00000238fb640000,
0x00000238fb63b800, 0x00000238fb642800, 0x00000238fb63e000, 0x00000238fb640800,
0x00000238fb641800, 0x00000238fb63c800, 0x00000238fb643000, 0x00000238fb63d800,
0x00000238f8b55800, 0x00000238f8b5c000, 0x00000238f8b57800, 0x00000238f8b56000,
0x00000238f8b58800, 0x00000238f8b5b000, 0x00000238f8b5c800, 0x00000238f8b5a000,
0x00000238f8b57000, 0x00000238f8b5d800, 0x00000238f8b5e800, 0x00000238f8b5f000,
0x00000238f8b59800, 0x00000238f8b60000, 0x00000238f8b62800, 0x00000238f8b63000,
0x00000238f8b64000, 0x00000238f8b60800, 0x00000238f8b61800, 0x00000238f9489800,
0x00000238f9487800, 0x00000238f948b000, 0x00000238f9488800, 0x00000238f9487000,
0x00000238f948a000, 0x00000238f9486000, 0x00000238f948e000, 0x00000238f9490800,
0x00000238f948c800, 0x00000238f9491800, 0x00000238f948d800, 0x00000238f948b800,
0x00000238f9492800, 0x00000238f9494800, 0x00000238f9493000, 0x00000238f9494000,
0x00000238f948f000, 0x00000238f9490000, 0x00000238f5b50000, 0x00000238f5b4c800,
0x00000238f5b4b800, 0x00000238f5b4d800
}

Java Threads: ( => current thread )
  0x00000238d8cac000 JavaThread "main" [_thread_blocked, id=5828, stack(0x000000a9d7900000,0x000000a9d7a00000)]
  0x00000238f5967800 JavaThread "Reference Handler" daemon [_thread_blocked, id=9896, stack(0x000000a9d8000000,0x000000a9d8100000)]
  0x00000238f5973800 JavaThread "Finalizer" daemon [_thread_blocked, id=8284, stack(0x000000a9d8100000,0x000000a9d8200000)]
  0x00000238f59ce800 JavaThread "Signal Dispatcher" daemon [_thread_blocked, id=6800, stack(0x000000a9d8200000,0x000000a9d8300000)]
  0x00000238f59cf800 JavaThread "Attach Listener" daemon [_thread_blocked, id=6792, stack(0x000000a9d8300000,0x000000a9d8400000)]
  0x00000238f59d2800 JavaThread "Service Thread" daemon [_thread_blocked, id=9664, stack(0x000000a9d8400000,0x000000a9d8500000)]
=>0x00000238f59d6800 JavaThread "C2 CompilerThread0" daemon [_thread_in_native, id=3012, stack(0x000000a9d8500000,0x000000a9d8600000)]
  0x00000238f59db000 JavaThread "C1 CompilerThread0" daemon [_thread_blocked, id=9780, stack(0x000000a9d8600000,0x000000a9d8700000)]
  0x00000238f59df000 JavaThread "Sweeper thread" daemon [_thread_blocked, id=2532, stack(0x000000a9d8700000,0x000000a9d8800000)]
  0x00000238f5b3d800 JavaThread "Common-Cleaner" daemon [_thread_blocked, id=1904, stack(0x000000a9d8800000,0x000000a9d8900000)]
  0x00000238f7135800 JavaThread "Daemon health stats" [_thread_blocked, id=10040, stack(0x000000a9d9100000,0x000000a9d9200000)]
  0x00000238f7f5f000 JavaThread "Incoming local TCP Connector on port 54457" [_thread_in_native, id=6428, stack(0x000000a9d8a00000,0x000000a9d8b00000)]
  0x00000238f68cc800 JavaThread "Daemon periodic checks" [_thread_blocked, id=8752, stack(0x000000a9d9000000,0x000000a9d9100000)]
  0x00000238f839f800 JavaThread "Daemon" [_thread_blocked, id=2076, stack(0x000000a9d9200000,0x000000a9d9300000)]
  0x00000238f8210000 JavaThread "Handler for socket connection from /127.0.0.1:54457 to /127.0.0.1:54458" [_thread_in_native, id=9924, stack(0x000000a9d9300000,0x000000a9d9400000)]
  0x00000238f7ca4800 JavaThread "Cancel handler" [_thread_blocked, id=2572, stack(0x000000a9d9400000,0x000000a9d9500000)]
  0x00000238f7dea800 JavaThread "Daemon worker" [_thread_in_native, id=5172, stack(0x000000a9d9500000,0x000000a9d9600000)]
  0x00000238f7410000 JavaThread "Asynchronous log dispatcher for DefaultDaemonConnection: socket connection from /127.0.0.1:54457 to /127.0.0.1:54458" [_thread_blocked, id=8592, stack(0x000000a9d9600000,0x000000a9d9700000)]
  0x00000238f7410800 JavaThread "Stdin handler" [_thread_blocked, id=9568, stack(0x000000a9d9700000,0x000000a9d9800000)]
  0x00000238f7c9c800 JavaThread "Daemon client event forwarder" [_thread_blocked, id=8004, stack(0x000000a9d9800000,0x000000a9d9900000)]
  0x00000238f7c9c000 JavaThread "Cache worker for journal cache (C:\Users\Ester\.gradle\caches\journal-1)" [_thread_blocked, id=5112, stack(0x000000a9d9900000,0x000000a9d9a00000)]
  0x00000238f7c9e800 JavaThread "File lock request listener" [_thread_in_native, id=6280, stack(0x000000a9d9a00000,0x000000a9d9b00000)]
  0x00000238f7c9d800 JavaThread "Cache worker for file hash cache (C:\Users\Ester\.gradle\caches\7.2\fileHashes)" [_thread_blocked, id=6128, stack(0x000000a9d9b00000,0x000000a9d9c00000)]
  0x00000238f7c9b000 JavaThread "Cache worker for file hash cache (C:\Users\Ester\AndroidStudioProjects\Exemplo1\.gradle\7.2\fileHashes)" [_thread_blocked, id=8704, stack(0x000000a9d9f00000,0x000000a9da000000)]
  0x00000238f7c9f000 JavaThread "File watcher server" daemon [_thread_in_native, id=7784, stack(0x000000a9da000000,0x000000a9da100000)]
  0x00000238f7ca0000 JavaThread "File watcher consumer" daemon [_thread_blocked, id=5704, stack(0x000000a9da100000,0x000000a9da200000)]
  0x00000238f7c9a800 JavaThread "Cache worker for checksums cache (C:\Users\Ester\AndroidStudioProjects\Exemplo1\.gradle\checksums)" [_thread_blocked, id=9800, stack(0x000000a9da200000,0x000000a9da300000)]
  0x00000238f7ca1000 JavaThread "Cache worker for cache directory md-supplier (C:\Users\Ester\.gradle\caches\7.2\md-supplier)" [_thread_blocked, id=4404, stack(0x000000a9da300000,0x000000a9da400000)]
  0x00000238f6d2f000 JavaThread "Cache worker for cache directory md-rule (C:\Users\Ester\.gradle\caches\7.2\md-rule)" [_thread_blocked, id=1244, stack(0x000000a9da500000,0x000000a9da600000)]
  0x00000238f6d35800 JavaThread "Cache worker for execution history cache (C:\Users\Ester\.gradle\caches\7.2\executionHistory)" [_thread_blocked, id=5824, stack(0x000000a9da600000,0x000000a9da700000)]
  0x00000238f6d36000 JavaThread "jar transforms" [_thread_blocked, id=3080, stack(0x000000a9da400000,0x000000a9da500000)]
  0x00000238f6d34000 JavaThread "Cache worker for file content cache (C:\Users\Ester\.gradle\caches\7.2\fileContent)" [_thread_blocked, id=6828, stack(0x000000a9da800000,0x000000a9da900000)]
  0x00000238f6d31800 JavaThread "jar transforms Thread 2" [_thread_blocked, id=6876, stack(0x000000a9daa00000,0x000000a9dab00000)]
  0x00000238f6d38000 JavaThread "Cache worker for dependencies-accessors (C:\Users\Ester\AndroidStudioProjects\Exemplo1\.gradle\7.2\dependencies-accessors)" [_thread_blocked, id=9856, stack(0x000000a9dab00000,0x000000a9dac00000)]
  0x00000238f6d38800 JavaThread "jar transforms Thread 3" [_thread_blocked, id=7616, stack(0x000000a9dac00000,0x000000a9dad00000)]
  0x00000238f6d33000 JavaThread "Cache worker for Build Output Cleanup Cache (C:\Users\Ester\AndroidStudioProjects\Exemplo1\.gradle\buildOutputCleanup)" [_thread_blocked, id=8688, stack(0x000000a9da700000,0x000000a9da800000)]
  0x00000238f6d39800 JavaThread "Unconstrained build operations" [_thread_blocked, id=5052, stack(0x000000a9da900000,0x000000a9daa00000)]
  0x00000238f6d3a800 JavaThread "Unconstrained build operations Thread 2" [_thread_blocked, id=6316, stack(0x000000a9dad00000,0x000000a9dae00000)]
  0x00000238f6d3b000 JavaThread "Unconstrained build operations Thread 3" [_thread_blocked, id=2968, stack(0x000000a9dae00000,0x000000a9daf00000)]
  0x00000238f6d3d800 JavaThread "Unconstrained build operations Thread 4" [_thread_blocked, id=9788, stack(0x000000a9daf00000,0x000000a9db000000)]
  0x00000238f6d3d000 JavaThread "Unconstrained build operations Thread 5" [_thread_blocked, id=3120, stack(0x000000a9db000000,0x000000a9db100000)]
  0x00000238f6d3c000 JavaThread "Unconstrained build operations Thread 6" [_thread_blocked, id=3524, stack(0x000000a9db100000,0x000000a9db200000)]
  0x00000238fbc2c800 JavaThread "Unconstrained build operations Thread 7" [_thread_blocked, id=7096, stack(0x000000a9db200000,0x000000a9db300000)]
  0x00000238fbc2d000 JavaThread "Unconstrained build operations Thread 8" [_thread_blocked, id=5508, stack(0x000000a9db300000,0x000000a9db400000)]
  0x00000238fbc2a800 JavaThread "Unconstrained build operations Thread 9" [_thread_blocked, id=1392, stack(0x000000a9db400000,0x000000a9db500000)]
  0x00000238fbc31000 JavaThread "Unconstrained build operations Thread 10" [_thread_blocked, id=10128, stack(0x000000a9db500000,0x000000a9db600000)]
  0x00000238fbc2b800 JavaThread "Unconstrained build operations Thread 11" [_thread_blocked, id=4484, stack(0x000000a9db600000,0x000000a9db700000)]
  0x00000238fbc2f000 JavaThread "Unconstrained build operations Thread 12" [_thread_blocked, id=6812, stack(0x000000a9db700000,0x000000a9db800000)]
  0x00000238fbc30800 JavaThread "Unconstrained build operations Thread 13" [_thread_blocked, id=9016, stack(0x000000a9db800000,0x000000a9db900000)]
  0x00000238fbc32000 JavaThread "Unconstrained build operations Thread 14" [_thread_blocked, id=6684, stack(0x000000a9db900000,0x000000a9dba00000)]
  0x00000238fbc33800 JavaThread "Unconstrained build operations Thread 15" [_thread_blocked, id=9880, stack(0x000000a9dba00000,0x000000a9dbb00000)]
  0x00000238fbc33000 JavaThread "Unconstrained build operations Thread 16" [_thread_blocked, id=9908, stack(0x000000a9dbb00000,0x000000a9dbc00000)]
  0x00000238fbc2e000 JavaThread "Unconstrained build operations Thread 17" [_thread_blocked, id=8892, stack(0x000000a9dbc00000,0x000000a9dbd00000)]
  0x00000238fbc34800 JavaThread "Unconstrained build operations Thread 18" [_thread_blocked, id=7960, stack(0x000000a9dbd00000,0x000000a9dbe00000)]
  0x00000238fbc2f800 JavaThread "Unconstrained build operations Thread 19" [_thread_blocked, id=8988, stack(0x000000a9dbe00000,0x000000a9dbf00000)]
  0x00000238fbc38800 JavaThread "Unconstrained build operations Thread 20" [_thread_blocked, id=5728, stack(0x000000a9dbf00000,0x000000a9dc000000)]
  0x00000238fbc39800 JavaThread "Unconstrained build operations Thread 21" [_thread_blocked, id=3616, stack(0x000000a9dc000000,0x000000a9dc100000)]
  0x00000238fbc35800 JavaThread "Unconstrained build operations Thread 22" [_thread_blocked, id=8068, stack(0x000000a9dc100000,0x000000a9dc200000)]
  0x00000238fbc36000 JavaThread "Unconstrained build operations Thread 23" [_thread_blocked, id=8368, stack(0x000000a9dc200000,0x000000a9dc300000)]
  0x00000238fbc37000 JavaThread "Unconstrained build operations Thread 24" [_thread_blocked, id=9508, stack(0x000000a9dc300000,0x000000a9dc400000)]
  0x00000238fbc38000 JavaThread "Unconstrained build operations Thread 25" [_thread_blocked, id=5556, stack(0x000000a9dc400000,0x000000a9dc500000)]
  0x00000238fb63a000 JavaThread "Unconstrained build operations Thread 26" [_thread_blocked, id=6412, stack(0x000000a9dc500000,0x000000a9dc600000)]
  0x00000238fb634800 JavaThread "Unconstrained build operations Thread 27" [_thread_blocked, id=812, stack(0x000000a9dc600000,0x000000a9dc700000)]
  0x00000238fb63b000 JavaThread "Unconstrained build operations Thread 28" [_thread_blocked, id=6572, stack(0x000000a9dc700000,0x000000a9dc800000)]
  0x00000238fb637800 JavaThread "Unconstrained build operations Thread 29" [_thread_blocked, id=10100, stack(0x000000a9dc800000,0x000000a9dc900000)]
  0x00000238fb635000 JavaThread "Unconstrained build operations Thread 30" [_thread_blocked, id=708, stack(0x000000a9dc900000,0x000000a9dca00000)]
  0x00000238fb637000 JavaThread "Unconstrained build operations Thread 31" [_thread_blocked, id=216, stack(0x000000a9dca00000,0x000000a9dcb00000)]
  0x00000238fb636000 JavaThread "Unconstrained build operations Thread 32" [_thread_blocked, id=1828, stack(0x000000a9dcb00000,0x000000a9dcc00000)]
  0x00000238fb639800 JavaThread "Unconstrained build operations Thread 33" [_thread_blocked, id=7468, stack(0x000000a9dcc00000,0x000000a9dcd00000)]
  0x00000238fb638800 JavaThread "Unconstrained build operations Thread 34" [_thread_blocked, id=3380, stack(0x000000a9dcd00000,0x000000a9dce00000)]
  0x00000238fb63f000 JavaThread "Unconstrained build operations Thread 35" [_thread_blocked, id=10152, stack(0x000000a9dce00000,0x000000a9dcf00000)]
  0x00000238fb640000 JavaThread "Unconstrained build operations Thread 36" [_thread_blocked, id=3600, stack(0x000000a9dcf00000,0x000000a9dd000000)]
  0x00000238fb63b800 JavaThread "Unconstrained build operations Thread 37" [_thread_blocked, id=5032, stack(0x000000a9dd000000,0x000000a9dd100000)]
  0x00000238fb642800 JavaThread "Unconstrained build operations Thread 38" [_thread_blocked, id=1880, stack(0x000000a9dd100000,0x000000a9dd200000)]
  0x00000238fb63e000 JavaThread "Unconstrained build operations Thread 39" [_thread_blocked, id=7700, stack(0x000000a9dd200000,0x000000a9dd300000)]
  0x00000238fb640800 JavaThread "Unconstrained build operations Thread 40" [_thread_blocked, id=6528, stack(0x000000a9dd300000,0x000000a9dd400000)]
  0x00000238fb641800 JavaThread "Unconstrained build operations Thread 41" [_thread_blocked, id=7756, stack(0x000000a9dd400000,0x000000a9dd500000)]
  0x00000238fb63c800 JavaThread "Unconstrained build operations Thread 42" [_thread_blocked, id=10124, stack(0x000000a9dd500000,0x000000a9dd600000)]
  0x00000238fb643000 JavaThread "Unconstrained build operations Thread 43" [_thread_blocked, id=7680, stack(0x000000a9dd600000,0x000000a9dd700000)]
  0x00000238fb63d800 JavaThread "Unconstrained build operations Thread 44" [_thread_blocked, id=5388, stack(0x000000a9dd700000,0x000000a9dd800000)]
  0x00000238f8b55800 JavaThread "Unconstrained build operations Thread 45" [_thread_blocked, id=7448, stack(0x000000a9dd800000,0x000000a9dd900000)]
  0x00000238f8b5c000 JavaThread "Unconstrained build operations Thread 46" [_thread_blocked, id=1856, stack(0x000000a9dd900000,0x000000a9dda00000)]
  0x00000238f8b57800 JavaThread "Unconstrained build operations Thread 47" [_thread_blocked, id=9224, stack(0x000000a9dda00000,0x000000a9ddb00000)]
  0x00000238f8b56000 JavaThread "Unconstrained build operations Thread 48" [_thread_blocked, id=8152, stack(0x000000a9ddb00000,0x000000a9ddc00000)]
  0x00000238f8b58800 JavaThread "Unconstrained build operations Thread 49" [_thread_blocked, id=3928, stack(0x000000a9ddc00000,0x000000a9ddd00000)]
  0x00000238f8b5b000 JavaThread "Unconstrained build operations Thread 50" [_thread_blocked, id=804, stack(0x000000a9ddd00000,0x000000a9dde00000)]
  0x00000238f8b5c800 JavaThread "Unconstrained build operations Thread 51" [_thread_blocked, id=9232, stack(0x000000a9dde00000,0x000000a9ddf00000)]
  0x00000238f8b5a000 JavaThread "Unconstrained build operations Thread 52" [_thread_blocked, id=8384, stack(0x000000a9ddf00000,0x000000a9de000000)]
  0x00000238f8b57000 JavaThread "Unconstrained build operations Thread 53" [_thread_blocked, id=7220, stack(0x000000a9de000000,0x000000a9de100000)]
  0x00000238f8b5d800 JavaThread "Unconstrained build operations Thread 54" [_thread_blocked, id=6908, stack(0x000000a9de100000,0x000000a9de200000)]
  0x00000238f8b5e800 JavaThread "Unconstrained build operations Thread 55" [_thread_blocked, id=10192, stack(0x000000a9de200000,0x000000a9de300000)]
  0x00000238f8b5f000 JavaThread "Unconstrained build operations Thread 56" [_thread_blocked, id=2284, stack(0x000000a9de300000,0x000000a9de400000)]
  0x00000238f8b59800 JavaThread "Unconstrained build operations Thread 57" [_thread_blocked, id=9912, stack(0x000000a9de400000,0x000000a9de500000)]
  0x00000238f8b60000 JavaThread "Unconstrained build operations Thread 58" [_thread_blocked, id=5564, stack(0x000000a9de500000,0x000000a9de600000)]
  0x00000238f8b62800 JavaThread "Unconstrained build operations Thread 59" [_thread_blocked, id=10032, stack(0x000000a9de600000,0x000000a9de700000)]
  0x00000238f8b63000 JavaThread "Unconstrained build operations Thread 60" [_thread_blocked, id=6604, stack(0x000000a9de700000,0x000000a9de800000)]
  0x00000238f8b64000 JavaThread "Unconstrained build operations Thread 61" [_thread_blocked, id=6492, stack(0x000000a9de800000,0x000000a9de900000)]
  0x00000238f8b60800 JavaThread "Unconstrained build operations Thread 62" [_thread_blocked, id=8800, stack(0x000000a9de900000,0x000000a9dea00000)]
  0x00000238f8b61800 JavaThread "Unconstrained build operations Thread 63" [_thread_blocked, id=4904, stack(0x000000a9dea00000,0x000000a9deb00000)]
  0x00000238f9489800 JavaThread "Unconstrained build operations Thread 64" [_thread_blocked, id=4580, stack(0x000000a9deb00000,0x000000a9dec00000)]
  0x00000238f9487800 JavaThread "Unconstrained build operations Thread 65" [_thread_blocked, id=7596, stack(0x000000a9dec00000,0x000000a9ded00000)]
  0x00000238f948b000 JavaThread "Unconstrained build operations Thread 66" [_thread_blocked, id=5352, stack(0x000000a9ded00000,0x000000a9dee00000)]
  0x00000238f9488800 JavaThread "Unconstrained build operations Thread 67" [_thread_blocked, id=3904, stack(0x000000a9dee00000,0x000000a9def00000)]
  0x00000238f9487000 JavaThread "Unconstrained build operations Thread 68" [_thread_blocked, id=6652, stack(0x000000a9def00000,0x000000a9df000000)]
  0x00000238f948a000 JavaThread "Unconstrained build operations Thread 69" [_thread_blocked, id=8428, stack(0x000000a9df000000,0x000000a9df100000)]
  0x00000238f9486000 JavaThread "Unconstrained build operations Thread 70" [_thread_blocked, id=9792, stack(0x000000a9df100000,0x000000a9df200000)]
  0x00000238f948e000 JavaThread "Unconstrained build operations Thread 71" [_thread_blocked, id=9740, stack(0x000000a9df200000,0x000000a9df300000)]
  0x00000238f9490800 JavaThread "Unconstrained build operations Thread 72" [_thread_blocked, id=6980, stack(0x000000a9df300000,0x000000a9df400000)]
  0x00000238f948c800 JavaThread "Unconstrained build operations Thread 73" [_thread_blocked, id=9500, stack(0x000000a9df400000,0x000000a9df500000)]
  0x00000238f9491800 JavaThread "Unconstrained build operations Thread 74" [_thread_blocked, id=2432, stack(0x000000a9df500000,0x000000a9df600000)]
  0x00000238f948d800 JavaThread "Unconstrained build operations Thread 75" [_thread_blocked, id=7052, stack(0x000000a9df600000,0x000000a9df700000)]
  0x00000238f948b800 JavaThread "Unconstrained build operations Thread 76" [_thread_blocked, id=3804, stack(0x000000a9df700000,0x000000a9df800000)]
  0x00000238f9492800 JavaThread "Unconstrained build operations Thread 77" [_thread_blocked, id=2056, stack(0x000000a9df800000,0x000000a9df900000)]
  0x00000238f9494800 JavaThread "Unconstrained build operations Thread 78" [_thread_blocked, id=2516, stack(0x000000a9df900000,0x000000a9dfa00000)]
  0x00000238f9493000 JavaThread "Unconstrained build operations Thread 79" [_thread_blocked, id=10208, stack(0x000000a9dfa00000,0x000000a9dfb00000)]
  0x00000238f9494000 JavaThread "Unconstrained build operations Thread 80" [_thread_blocked, id=7564, stack(0x000000a9dfb00000,0x000000a9dfc00000)]
  0x00000238f948f000 JavaThread "jar transforms Thread 4" [_thread_blocked, id=10012, stack(0x000000a9dfc00000,0x000000a9dfd00000)]
  0x00000238f9490000 JavaThread "jar transforms Thread 5" [_thread_blocked, id=7996, stack(0x000000a9dfd00000,0x000000a9dfe00000)]
  0x00000238f5b50000 JavaThread "jar transforms Thread 6" [_thread_blocked, id=3516, stack(0x000000a9dfe00000,0x000000a9dff00000)]
  0x00000238f5b4c800 JavaThread "jar transforms Thread 7" [_thread_blocked, id=3900, stack(0x000000a9dff00000,0x000000a9e0000000)]
  0x00000238f5b4b800 JavaThread "jar transforms Thread 8" [_thread_blocked, id=8952, stack(0x000000a9e0000000,0x000000a9e0100000)]
  0x00000238f5b4d800 JavaThread "Memory manager" [_thread_blocked, id=8992, stack(0x000000a9e0300000,0x000000a9e0400000)]

Other Threads:
  0x00000238f5965000 VMThread "VM Thread" [stack: 0x000000a9d7f00000,0x000000a9d8000000] [id=5340]
  0x00000238f5b49000 WatcherThread [stack: 0x000000a9d8900000,0x000000a9d8a00000] [id=7236]
  0x00000238d8cc4000 GCTaskThread "GC Thread#0" [stack: 0x000000a9d7a00000,0x000000a9d7b00000] [id=5224]
  0x00000238f65cf000 GCTaskThread "GC Thread#1" [stack: 0x000000a9d8b00000,0x000000a9d8c00000] [id=3464]
  0x00000238f6648800 GCTaskThread "GC Thread#2" [stack: 0x000000a9d8c00000,0x000000a9d8d00000] [id=1472]
  0x00000238f6649800 GCTaskThread "GC Thread#3" [stack: 0x000000a9d8d00000,0x000000a9d8e00000] [id=3880]
  0x00000238f67e5800 GCTaskThread "GC Thread#4" [stack: 0x000000a9d8e00000,0x000000a9d8f00000] [id=10228]
  0x00000238f67e7000 GCTaskThread "GC Thread#5" [stack: 0x000000a9d8f00000,0x000000a9d9000000] [id=8392]
  0x00000238f7c29800 GCTaskThread "GC Thread#6" [stack: 0x000000a9d9c00000,0x000000a9d9d00000] [id=3796]
  0x00000238f8183800 GCTaskThread "GC Thread#7" [stack: 0x000000a9d9d00000,0x000000a9d9e00000] [id=3284]
  0x00000238d8cf7800 ConcurrentGCThread "G1 Main Marker" [stack: 0x000000a9d7b00000,0x000000a9d7c00000] [id=9008]
  0x00000238d8cf8800 ConcurrentGCThread "G1 Conc#0" [stack: 0x000000a9d7c00000,0x000000a9d7d00000] [id=8000]
  0x00000238f7269000 ConcurrentGCThread "G1 Conc#1" [stack: 0x000000a9d9e00000,0x000000a9d9f00000] [id=7740]
  0x00000238d8d8e000 ConcurrentGCThread "G1 Refine#0" [stack: 0x000000a9d7d00000,0x000000a9d7e00000] [id=6356]
  0x00000238f4fb4800 ConcurrentGCThread "G1 Young RemSet Sampling" [stack: 0x000000a9d7e00000,0x000000a9d7f00000] [id=9876]

Threads with active compile tasks:
C2 CompilerThread0  47787 5999   !   4       java.util.jar.Attributes::read (390 bytes)

VM state:not at safepoint (normal execution)

VM Mutex/Monitor currently owned by a thread: None

Heap address: 0x0000000080000000, size: 2048 MB, Compressed Oops mode: 32-bit
Narrow klass base: 0x0000000000000000, Narrow klass shift: 3
Compressed class space size: 1073741824 Address: 0x0000000100000000

Heap:
 garbage-first heap   total 262144K, used 64651K [0x0000000080000000, 0x0000000100000000)
  region size 1024K, 33 young (33792K), 13 survivors (13312K)
 Metaspace       used 60468K, capacity 61947K, committed 62064K, reserved 1103872K
  class space    used 7687K, capacity 8239K, committed 8268K, reserved 1048576K
Heap Regions: E=young(eden), S=young(survivor), O=old, HS=humongous(starts), HC=humongous(continues), CS=collection set, F=free, A=archive, TAMS=top-at-mark-start (previous, next)
|   0|0x0000000080000000, 0x0000000080100000, 0x0000000080100000|100%| O|  |TAMS 0x0000000080100000, 0x0000000080000000| Untracked 
|   1|0x0000000080100000, 0x0000000080200000, 0x0000000080200000|100%| O|  |TAMS 0x0000000080200000, 0x0000000080100000| Untracked 
|   2|0x0000000080200000, 0x0000000080300000, 0x0000000080300000|100%| O|  |TAMS 0x0000000080300000, 0x0000000080200000| Untracked 
|   3|0x0000000080300000, 0x0000000080400000, 0x0000000080400000|100%|HS|  |TAMS 0x0000000080400000, 0x0000000080300000| Complete 
|   4|0x0000000080400000, 0x0000000080500000, 0x0000000080500000|100%|HC|  |TAMS 0x0000000080500000, 0x0000000080400000| Complete 
|   5|0x0000000080500000, 0x0000000080600000, 0x0000000080600000|100%|HC|  |TAMS 0x0000000080600000, 0x0000000080500000| Complete 
|   6|0x0000000080600000, 0x0000000080700000, 0x0000000080700000|100%| O|  |TAMS 0x0000000080700000, 0x0000000080600000| Untracked 
|   7|0x0000000080700000, 0x0000000080800000, 0x0000000080800000|100%| O|  |TAMS 0x0000000080800000, 0x0000000080700000| Untracked 
|   8|0x0000000080800000, 0x0000000080900000, 0x0000000080900000|100%| O|  |TAMS 0x0000000080900000, 0x0000000080800000| Untracked 
|   9|0x0000000080900000, 0x0000000080a00000, 0x0000000080a00000|100%| O|  |TAMS 0x0000000080a00000, 0x0000000080900000| Untracked 
|  10|0x0000000080a00000, 0x0000000080b00000, 0x0000000080b00000|100%| O|  |TAMS 0x0000000080b00000, 0x0000000080a00000| Untracked 
|  11|0x0000000080b00000, 0x0000000080c00000, 0x0000000080c00000|100%| O|  |TAMS 0x0000000080c00000, 0x0000000080b00000| Untracked 
|  12|0x0000000080c00000, 0x0000000080d00000, 0x0000000080d00000|100%| O|  |TAMS 0x0000000080d00000, 0x0000000080c00000| Untracked 
|  13|0x0000000080d00000, 0x0000000080e00000, 0x0000000080e00000|100%| O|  |TAMS 0x0000000080e00000, 0x0000000080d00000| Untracked 
|  14|0x0000000080e00000, 0x0000000080f00000, 0x0000000080f00000|100%| O|  |TAMS 0x0000000080f00000, 0x0000000080e00000| Untracked 
|  15|0x0000000080f00000, 0x0000000081000000, 0x0000000081000000|100%| O|  |TAMS 0x0000000081000000, 0x0000000080f00000| Untracked 
|  16|0x0000000081000000, 0x0000000081100000, 0x0000000081100000|100%| O|  |TAMS 0x0000000081100000, 0x0000000081000000| Untracked 
|  17|0x0000000081100000, 0x0000000081200000, 0x0000000081200000|100%|HS|  |TAMS 0x0000000081200000, 0x0000000081100000| Complete 
|  18|0x0000000081200000, 0x0000000081300000, 0x0000000081300000|100%|HS|  |TAMS 0x0000000081300000, 0x0000000081200000| Complete 
|  19|0x0000000081300000, 0x0000000081400000, 0x0000000081400000|100%|HS|  |TAMS 0x0000000081400000, 0x0000000081300000| Complete 
|  20|0x0000000081400000, 0x0000000081500000, 0x0000000081500000|100%|HS|  |TAMS 0x0000000081500000, 0x0000000081400000| Complete 
|  21|0x0000000081500000, 0x0000000081600000, 0x0000000081600000|100%|HC|  |TAMS 0x0000000081600000, 0x0000000081500000| Complete 
|  22|0x0000000081600000, 0x0000000081700000, 0x0000000081700000|100%| O|  |TAMS 0x0000000081700000, 0x0000000081600000| Untracked 
|  23|0x0000000081700000, 0x0000000081800000, 0x0000000081800000|100%| O|  |TAMS 0x0000000081800000, 0x0000000081700000| Untracked 
|  24|0x0000000081800000, 0x0000000081900000, 0x0000000081900000|100%| O|  |TAMS 0x0000000081900000, 0x0000000081800000| Untracked 
|  25|0x0000000081900000, 0x0000000081a00000, 0x0000000081a00000|100%| O|  |TAMS 0x0000000081a00000, 0x0000000081900000| Untracked 
|  26|0x0000000081a00000, 0x0000000081b00000, 0x0000000081b00000|100%| O|  |TAMS 0x0000000081b00000, 0x0000000081a00000| Untracked 
|  27|0x0000000081b00000, 0x0000000081c00000, 0x0000000081c00000|100%| O|  |TAMS 0x0000000081c00000, 0x0000000081b00000| Untracked 
|  28|0x0000000081c00000, 0x0000000081d00000, 0x0000000081d00000|100%| O|  |TAMS 0x0000000081d00000, 0x0000000081c00000| Untracked 
|  29|0x0000000081d00000, 0x0000000081e00000, 0x0000000081e00000|100%| O|  |TAMS 0x0000000081e00000, 0x0000000081d00000| Untracked 
|  30|0x0000000081e00000, 0x0000000081f00000, 0x0000000081f00000|100%| O|  |TAMS 0x0000000081f00000, 0x0000000081e00000| Untracked 
|  31|0x0000000081f00000, 0x0000000082000000, 0x0000000082000000|100%| O|  |TAMS 0x0000000082000000, 0x0000000081f00000| Untracked 
|  32|0x0000000082000000, 0x00000000820d4200, 0x0000000082100000| 82%| O|  |TAMS 0x00000000820d4200, 0x0000000082000000| Untracked 
|  33|0x0000000082100000, 0x0000000082100000, 0x0000000082200000|  0%| F|  |TAMS 0x0000000082100000, 0x0000000082100000| Untracked 
|  34|0x0000000082200000, 0x0000000082200000, 0x0000000082300000|  0%| F|  |TAMS 0x0000000082200000, 0x0000000082200000| Untracked 
|  35|0x0000000082300000, 0x0000000082300000, 0x0000000082400000|  0%| F|  |TAMS 0x0000000082300000, 0x0000000082300000| Untracked 
|  36|0x0000000082400000, 0x0000000082400000, 0x0000000082500000|  0%| F|  |TAMS 0x0000000082400000, 0x0000000082400000| Untracked 
|  37|0x0000000082500000, 0x0000000082500000, 0x0000000082600000|  0%| F|  |TAMS 0x0000000082500000, 0x0000000082500000| Untracked 
|  38|0x0000000082600000, 0x0000000082600000, 0x0000000082700000|  0%| F|  |TAMS 0x0000000082600000, 0x0000000082600000| Untracked 
|  39|0x0000000082700000, 0x0000000082700000, 0x0000000082800000|  0%| F|  |TAMS 0x0000000082700000, 0x0000000082700000| Untracked 
|  40|0x0000000082800000, 0x0000000082800000, 0x0000000082900000|  0%| F|  |TAMS 0x0000000082800000, 0x0000000082800000| Untracked 
|  41|0x0000000082900000, 0x0000000082900000, 0x0000000082a00000|  0%| F|  |TAMS 0x0000000082900000, 0x0000000082900000| Untracked 
|  42|0x0000000082a00000, 0x0000000082a00000, 0x0000000082b00000|  0%| F|  |TAMS 0x0000000082a00000, 0x0000000082a00000| Untracked 
|  43|0x0000000082b00000, 0x0000000082b00000, 0x0000000082c00000|  0%| F|  |TAMS 0x0000000082b00000, 0x0000000082b00000| Untracked 
|  44|0x0000000082c00000, 0x0000000082c00000, 0x0000000082d00000|  0%| F|  |TAMS 0x0000000082c00000, 0x0000000082c00000| Untracked 
|  45|0x0000000082d00000, 0x0000000082d00000, 0x0000000082e00000|  0%| F|  |TAMS 0x0000000082d00000, 0x0000000082d00000| Untracked 
|  46|0x0000000082e00000, 0x0000000082e00000, 0x0000000082f00000|  0%| F|  |TAMS 0x0000000082e00000, 0x0000000082e00000| Untracked 
|  47|0x0000000082f00000, 0x0000000082f00000, 0x0000000083000000|  0%| F|  |TAMS 0x0000000082f00000, 0x0000000082f00000| Untracked 
|  48|0x0000000083000000, 0x0000000083000000, 0x0000000083100000|  0%| F|  |TAMS 0x0000000083000000, 0x0000000083000000| Untracked 
|  49|0x0000000083100000, 0x0000000083100000, 0x0000000083200000|  0%| F|  |TAMS 0x0000000083100000, 0x0000000083100000| Untracked 
|  50|0x0000000083200000, 0x0000000083200000, 0x0000000083300000|  0%| F|  |TAMS 0x0000000083200000, 0x0000000083200000| Untracked 
|  51|0x0000000083300000, 0x0000000083300000, 0x0000000083400000|  0%| F|  |TAMS 0x0000000083300000, 0x0000000083300000| Untracked 
|  52|0x0000000083400000, 0x0000000083400000, 0x0000000083500000|  0%| F|  |TAMS 0x0000000083400000, 0x0000000083400000| Untracked 
|  53|0x0000000083500000, 0x0000000083500000, 0x0000000083600000|  0%| F|  |TAMS 0x0000000083500000, 0x0000000083500000| Untracked 
|  54|0x0000000083600000, 0x0000000083600000, 0x0000000083700000|  0%| F|  |TAMS 0x0000000083600000, 0x0000000083600000| Untracked 
|  55|0x0000000083700000, 0x0000000083700000, 0x0000000083800000|  0%| F|  |TAMS 0x0000000083700000, 0x0000000083700000| Untracked 
|  56|0x0000000083800000, 0x0000000083800000, 0x0000000083900000|  0%| F|  |TAMS 0x0000000083800000, 0x0000000083800000| Untracked 
|  57|0x0000000083900000, 0x0000000083900000, 0x0000000083a00000|  0%| F|  |TAMS 0x0000000083900000, 0x0000000083900000| Untracked 
|  58|0x0000000083a00000, 0x0000000083a00000, 0x0000000083b00000|  0%| F|  |TAMS 0x0000000083a00000, 0x0000000083a00000| Untracked 
|  59|0x0000000083b00000, 0x0000000083b00000, 0x0000000083c00000|  0%| F|  |TAMS 0x0000000083b00000, 0x0000000083b00000| Untracked 
|  60|0x0000000083c00000, 0x0000000083c00000, 0x0000000083d00000|  0%| F|  |TAMS 0x0000000083c00000, 0x0000000083c00000| Untracked 
|  61|0x0000000083d00000, 0x0000000083d00000, 0x0000000083e00000|  0%| F|  |TAMS 0x0000000083d00000, 0x0000000083d00000| Untracked 
|  62|0x0000000083e00000, 0x0000000083e00000, 0x0000000083f00000|  0%| F|  |TAMS 0x0000000083e00000, 0x0000000083e00000| Untracked 
|  63|0x0000000083f00000, 0x0000000083f00000, 0x0000000084000000|  0%| F|  |TAMS 0x0000000083f00000, 0x0000000083f00000| Untracked 
|  64|0x0000000084000000, 0x0000000084000000, 0x0000000084100000|  0%| F|  |TAMS 0x0000000084000000, 0x0000000084000000| Untracked 
|  65|0x0000000084100000, 0x0000000084100000, 0x0000000084200000|  0%| F|  |TAMS 0x0000000084100000, 0x0000000084100000| Untracked 
|  66|0x0000000084200000, 0x0000000084200000, 0x0000000084300000|  0%| F|  |TAMS 0x0000000084200000, 0x0000000084200000| Untracked 
|  67|0x0000000084300000, 0x0000000084300000, 0x0000000084400000|  0%| F|  |TAMS 0x0000000084300000, 0x0000000084300000| Untracked 
|  68|0x0000000084400000, 0x0000000084400000, 0x0000000084500000|  0%| F|  |TAMS 0x0000000084400000, 0x0000000084400000| Untracked 
|  69|0x0000000084500000, 0x0000000084500000, 0x0000000084600000|  0%| F|  |TAMS 0x0000000084500000, 0x0000000084500000| Untracked 
|  70|0x0000000084600000, 0x0000000084600000, 0x0000000084700000|  0%| F|  |TAMS 0x0000000084600000, 0x0000000084600000| Untracked 
|  71|0x0000000084700000, 0x0000000084700000, 0x0000000084800000|  0%| F|  |TAMS 0x0000000084700000, 0x0000000084700000| Untracked 
|  72|0x0000000084800000, 0x0000000084800000, 0x0000000084900000|  0%| F|  |TAMS 0x0000000084800000, 0x0000000084800000| Untracked 
|  73|0x0000000084900000, 0x0000000084900000, 0x0000000084a00000|  0%| F|  |TAMS 0x0000000084900000, 0x0000000084900000| Untracked 
|  74|0x0000000084a00000, 0x0000000084a00000, 0x0000000084b00000|  0%| F|  |TAMS 0x0000000084a00000, 0x0000000084a00000| Untracked 
|  75|0x0000000084b00000, 0x0000000084b00000, 0x0000000084c00000|  0%| F|  |TAMS 0x0000000084b00000, 0x0000000084b00000| Untracked 
|  76|0x0000000084c00000, 0x0000000084c00000, 0x0000000084d00000|  0%| F|  |TAMS 0x0000000084c00000, 0x0000000084c00000| Untracked 
|  77|0x0000000084d00000, 0x0000000084d00000, 0x0000000084e00000|  0%| F|  |TAMS 0x0000000084d00000, 0x0000000084d00000| Untracked 
|  78|0x0000000084e00000, 0x0000000084e00000, 0x0000000084f00000|  0%| F|  |TAMS 0x0000000084e00000, 0x0000000084e00000| Untracked 
|  79|0x0000000084f00000, 0x0000000084f00000, 0x0000000085000000|  0%| F|  |TAMS 0x0000000084f00000, 0x0000000084f00000| Untracked 
|  80|0x0000000085000000, 0x0000000085000000, 0x0000000085100000|  0%| F|  |TAMS 0x0000000085000000, 0x0000000085000000| Untracked 
|  81|0x0000000085100000, 0x0000000085100000, 0x0000000085200000|  0%| F|  |TAMS 0x0000000085100000, 0x0000000085100000| Untracked 
|  82|0x0000000085200000, 0x0000000085200000, 0x0000000085300000|  0%| F|  |TAMS 0x0000000085200000, 0x0000000085200000| Untracked 
|  83|0x0000000085300000, 0x0000000085300000, 0x0000000085400000|  0%| F|  |TAMS 0x0000000085300000, 0x0000000085300000| Untracked 
|  84|0x0000000085400000, 0x0000000085400000, 0x0000000085500000|  0%| F|  |TAMS 0x0000000085400000, 0x0000000085400000| Untracked 
|  85|0x0000000085500000, 0x0000000085500000, 0x0000000085600000|  0%| F|  |TAMS 0x0000000085500000, 0x0000000085500000| Untracked 
|  86|0x0000000085600000, 0x0000000085600000, 0x0000000085700000|  0%| F|  |TAMS 0x0000000085600000, 0x0000000085600000| Untracked 
|  87|0x0000000085700000, 0x0000000085700000, 0x0000000085800000|  0%| F|  |TAMS 0x0000000085700000, 0x0000000085700000| Untracked 
|  88|0x0000000085800000, 0x0000000085800000, 0x0000000085900000|  0%| F|  |TAMS 0x0000000085800000, 0x0000000085800000| Untracked 
|  89|0x0000000085900000, 0x0000000085900000, 0x0000000085a00000|  0%| F|  |TAMS 0x0000000085900000, 0x0000000085900000| Untracked 
|  90|0x0000000085a00000, 0x0000000085a00000, 0x0000000085b00000|  0%| F|  |TAMS 0x0000000085a00000, 0x0000000085a00000| Untracked 
|  91|0x0000000085b00000, 0x0000000085b00000, 0x0000000085c00000|  0%| F|  |TAMS 0x0000000085b00000, 0x0000000085b00000| Untracked 
|  92|0x0000000085c00000, 0x0000000085c00000, 0x0000000085d00000|  0%| F|  |TAMS 0x0000000085c00000, 0x0000000085c00000| Untracked 
|  93|0x0000000085d00000, 0x0000000085d00000, 0x0000000085e00000|  0%| F|  |TAMS 0x0000000085d00000, 0x0000000085d00000| Untracked 
|  94|0x0000000085e00000, 0x0000000085e00000, 0x0000000085f00000|  0%| F|  |TAMS 0x0000000085e00000, 0x0000000085e00000| Untracked 
|  95|0x0000000085f00000, 0x0000000085f00000, 0x0000000086000000|  0%| F|  |TAMS 0x0000000085f00000, 0x0000000085f00000| Untracked 
|  96|0x0000000086000000, 0x0000000086000000, 0x0000000086100000|  0%| F|  |TAMS 0x0000000086000000, 0x0000000086000000| Untracked 
|  97|0x0000000086100000, 0x0000000086100000, 0x0000000086200000|  0%| F|  |TAMS 0x0000000086100000, 0x0000000086100000| Untracked 
|  98|0x0000000086200000, 0x0000000086200000, 0x0000000086300000|  0%| F|  |TAMS 0x0000000086200000, 0x0000000086200000| Untracked 
|  99|0x0000000086300000, 0x0000000086300000, 0x0000000086400000|  0%| F|  |TAMS 0x0000000086300000, 0x0000000086300000| Untracked 
| 100|0x0000000086400000, 0x0000000086400000, 0x0000000086500000|  0%| F|  |TAMS 0x0000000086400000, 0x0000000086400000| Untracked 
| 101|0x0000000086500000, 0x0000000086500000, 0x0000000086600000|  0%| F|  |TAMS 0x0000000086500000, 0x0000000086500000| Untracked 
| 102|0x0000000086600000, 0x0000000086600000, 0x0000000086700000|  0%| F|  |TAMS 0x0000000086600000, 0x0000000086600000| Untracked 
| 103|0x0000000086700000, 0x0000000086700000, 0x0000000086800000|  0%| F|  |TAMS 0x0000000086700000, 0x0000000086700000| Untracked 
| 104|0x0000000086800000, 0x0000000086800000, 0x0000000086900000|  0%| F|  |TAMS 0x0000000086800000, 0x0000000086800000| Untracked 
| 105|0x0000000086900000, 0x0000000086900000, 0x0000000086a00000|  0%| F|  |TAMS 0x0000000086900000, 0x0000000086900000| Untracked 
| 106|0x0000000086a00000, 0x0000000086a00000, 0x0000000086b00000|  0%| F|  |TAMS 0x0000000086a00000, 0x0000000086a00000| Untracked 
| 107|0x0000000086b00000, 0x0000000086b00000, 0x0000000086c00000|  0%| F|  |TAMS 0x0000000086b00000, 0x0000000086b00000| Untracked 
| 108|0x0000000086c00000, 0x0000000086c00000, 0x0000000086d00000|  0%| F|  |TAMS 0x0000000086c00000, 0x0000000086c00000| Untracked 
| 109|0x0000000086d00000, 0x0000000086d00000, 0x0000000086e00000|  0%| F|  |TAMS 0x0000000086d00000, 0x0000000086d00000| Untracked 
| 110|0x0000000086e00000, 0x0000000086e00000, 0x0000000086f00000|  0%| F|  |TAMS 0x0000000086e00000, 0x0000000086e00000| Untracked 
| 111|0x0000000086f00000, 0x0000000086f00000, 0x0000000087000000|  0%| F|  |TAMS 0x0000000086f00000, 0x0000000086f00000| Untracked 
| 112|0x0000000087000000, 0x0000000087000000, 0x0000000087100000|  0%| F|  |TAMS 0x0000000087000000, 0x0000000087000000| Untracked 
| 113|0x0000000087100000, 0x0000000087100000, 0x0000000087200000|  0%| F|  |TAMS 0x0000000087100000, 0x0000000087100000| Untracked 
| 114|0x0000000087200000, 0x0000000087200000, 0x0000000087300000|  0%| F|  |TAMS 0x0000000087200000, 0x0000000087200000| Untracked 
| 115|0x0000000087300000, 0x0000000087300000, 0x0000000087400000|  0%| F|  |TAMS 0x0000000087300000, 0x0000000087300000| Untracked 
| 116|0x0000000087400000, 0x0000000087400000, 0x0000000087500000|  0%| F|  |TAMS 0x0000000087400000, 0x0000000087400000| Untracked 
| 117|0x0000000087500000, 0x0000000087500000, 0x0000000087600000|  0%| F|  |TAMS 0x0000000087500000, 0x0000000087500000| Untracked 
| 118|0x0000000087600000, 0x0000000087600000, 0x0000000087700000|  0%| F|  |TAMS 0x0000000087600000, 0x0000000087600000| Untracked 
| 119|0x0000000087700000, 0x0000000087700000, 0x0000000087800000|  0%| F|  |TAMS 0x0000000087700000, 0x0000000087700000| Untracked 
| 120|0x0000000087800000, 0x0000000087800000, 0x0000000087900000|  0%| F|  |TAMS 0x0000000087800000, 0x0000000087800000| Untracked 
| 121|0x0000000087900000, 0x0000000087900000, 0x0000000087a00000|  0%| F|  |TAMS 0x0000000087900000, 0x0000000087900000| Untracked 
| 122|0x0000000087a00000, 0x0000000087a00000, 0x0000000087b00000|  0%| F|  |TAMS 0x0000000087a00000, 0x0000000087a00000| Untracked 
| 123|0x0000000087b00000, 0x0000000087b00000, 0x0000000087c00000|  0%| F|  |TAMS 0x0000000087b00000, 0x0000000087b00000| Untracked 
| 124|0x0000000087c00000, 0x0000000087c00000, 0x0000000087d00000|  0%| F|  |TAMS 0x0000000087c00000, 0x0000000087c00000| Untracked 
| 125|0x0000000087d00000, 0x0000000087d00000, 0x0000000087e00000|  0%| F|  |TAMS 0x0000000087d00000, 0x0000000087d00000| Untracked 
| 126|0x0000000087e00000, 0x0000000087e00000, 0x0000000087f00000|  0%| F|  |TAMS 0x0000000087e00000, 0x0000000087e00000| Untracked 
| 127|0x0000000087f00000, 0x0000000087f00000, 0x0000000088000000|  0%| F|  |TAMS 0x0000000087f00000, 0x0000000087f00000| Untracked 
| 128|0x0000000088000000, 0x0000000088000000, 0x0000000088100000|  0%| F|  |TAMS 0x0000000088000000, 0x0000000088000000| Untracked 
| 129|0x0000000088100000, 0x0000000088100000, 0x0000000088200000|  0%| F|  |TAMS 0x0000000088100000, 0x0000000088100000| Untracked 
| 130|0x0000000088200000, 0x0000000088200000, 0x0000000088300000|  0%| F|  |TAMS 0x0000000088200000, 0x0000000088200000| Untracked 
| 131|0x0000000088300000, 0x0000000088300000, 0x0000000088400000|  0%| F|  |TAMS 0x0000000088300000, 0x0000000088300000| Untracked 
| 132|0x0000000088400000, 0x0000000088400000, 0x0000000088500000|  0%| F|  |TAMS 0x0000000088400000, 0x0000000088400000| Untracked 
| 133|0x0000000088500000, 0x0000000088500000, 0x0000000088600000|  0%| F|  |TAMS 0x0000000088500000, 0x0000000088500000| Untracked 
| 134|0x0000000088600000, 0x0000000088600000, 0x0000000088700000|  0%| F|  |TAMS 0x0000000088600000, 0x0000000088600000| Untracked 
| 135|0x0000000088700000, 0x0000000088700000, 0x0000000088800000|  0%| F|  |TAMS 0x0000000088700000, 0x0000000088700000| Untracked 
| 136|0x0000000088800000, 0x0000000088800000, 0x0000000088900000|  0%| F|  |TAMS 0x0000000088800000, 0x0000000088800000| Untracked 
| 137|0x0000000088900000, 0x0000000088900000, 0x0000000088a00000|  0%| F|  |TAMS 0x0000000088900000, 0x0000000088900000| Untracked 
| 138|0x0000000088a00000, 0x0000000088a00000, 0x0000000088b00000|  0%| F|  |TAMS 0x0000000088a00000, 0x0000000088a00000| Untracked 
| 139|0x0000000088b00000, 0x0000000088b00000, 0x0000000088c00000|  0%| F|  |TAMS 0x0000000088b00000, 0x0000000088b00000| Untracked 
| 140|0x0000000088c00000, 0x0000000088c00000, 0x0000000088d00000|  0%| F|  |TAMS 0x0000000088c00000, 0x0000000088c00000| Untracked 
| 141|0x0000000088d00000, 0x0000000088d00000, 0x0000000088e00000|  0%| F|  |TAMS 0x0000000088d00000, 0x0000000088d00000| Untracked 
| 142|0x0000000088e00000, 0x0000000088e00000, 0x0000000088f00000|  0%| F|  |TAMS 0x0000000088e00000, 0x0000000088e00000| Untracked 
| 143|0x0000000088f00000, 0x0000000088f00000, 0x0000000089000000|  0%| F|  |TAMS 0x0000000088f00000, 0x0000000088f00000| Untracked 
| 144|0x0000000089000000, 0x0000000089000000, 0x0000000089100000|  0%| F|  |TAMS 0x0000000089000000, 0x0000000089000000| Untracked 
| 145|0x0000000089100000, 0x0000000089100000, 0x0000000089200000|  0%| F|  |TAMS 0x0000000089100000, 0x0000000089100000| Untracked 
| 146|0x0000000089200000, 0x0000000089200000, 0x0000000089300000|  0%| F|  |TAMS 0x0000000089200000, 0x0000000089200000| Untracked 
| 147|0x0000000089300000, 0x0000000089300000, 0x0000000089400000|  0%| F|  |TAMS 0x0000000089300000, 0x0000000089300000| Untracked 
| 148|0x0000000089400000, 0x0000000089400000, 0x0000000089500000|  0%| F|  |TAMS 0x0000000089400000, 0x0000000089400000| Untracked 
| 149|0x0000000089500000, 0x0000000089500000, 0x0000000089600000|  0%| F|  |TAMS 0x0000000089500000, 0x0000000089500000| Untracked 
| 150|0x0000000089600000, 0x0000000089600000, 0x0000000089700000|  0%| F|  |TAMS 0x0000000089600000, 0x0000000089600000| Untracked 
| 151|0x0000000089700000, 0x0000000089700000, 0x0000000089800000|  0%| F|  |TAMS 0x0000000089700000, 0x0000000089700000| Untracked 
| 152|0x0000000089800000, 0x0000000089800000, 0x0000000089900000|  0%| F|  |TAMS 0x0000000089800000, 0x0000000089800000| Untracked 
| 153|0x0000000089900000, 0x0000000089900000, 0x0000000089a00000|  0%| F|  |TAMS 0x0000000089900000, 0x0000000089900000| Untracked 
| 154|0x0000000089a00000, 0x0000000089a00000, 0x0000000089b00000|  0%| F|  |TAMS 0x0000000089a00000, 0x0000000089a00000| Untracked 
| 155|0x0000000089b00000, 0x0000000089b00000, 0x0000000089c00000|  0%| F|  |TAMS 0x0000000089b00000, 0x0000000089b00000| Untracked 
| 156|0x0000000089c00000, 0x0000000089c00000, 0x0000000089d00000|  0%| F|  |TAMS 0x0000000089c00000, 0x0000000089c00000| Untracked 
| 157|0x0000000089d00000, 0x0000000089d00000, 0x0000000089e00000|  0%| F|  |TAMS 0x0000000089d00000, 0x0000000089d00000| Untracked 
| 158|0x0000000089e00000, 0x0000000089e00000, 0x0000000089f00000|  0%| F|  |TAMS 0x0000000089e00000, 0x0000000089e00000| Untracked 
| 159|0x0000000089f00000, 0x0000000089f00000, 0x000000008a000000|  0%| F|  |TAMS 0x0000000089f00000, 0x0000000089f00000| Untracked 
| 160|0x000000008a000000, 0x000000008a000000, 0x000000008a100000|  0%| F|  |TAMS 0x000000008a000000, 0x000000008a000000| Untracked 
| 161|0x000000008a100000, 0x000000008a100000, 0x000000008a200000|  0%| F|  |TAMS 0x000000008a100000, 0x000000008a100000| Untracked 
| 162|0x000000008a200000, 0x000000008a200000, 0x000000008a300000|  0%| F|  |TAMS 0x000000008a200000, 0x000000008a200000| Untracked 
| 163|0x000000008a300000, 0x000000008a300000, 0x000000008a400000|  0%| F|  |TAMS 0x000000008a300000, 0x000000008a300000| Untracked 
| 164|0x000000008a400000, 0x000000008a400000, 0x000000008a500000|  0%| F|  |TAMS 0x000000008a400000, 0x000000008a400000| Untracked 
| 165|0x000000008a500000, 0x000000008a500000, 0x000000008a600000|  0%| F|  |TAMS 0x000000008a500000, 0x000000008a500000| Untracked 
| 166|0x000000008a600000, 0x000000008a600000, 0x000000008a700000|  0%| F|  |TAMS 0x000000008a600000, 0x000000008a600000| Untracked 
| 167|0x000000008a700000, 0x000000008a700000, 0x000000008a800000|  0%| F|  |TAMS 0x000000008a700000, 0x000000008a700000| Untracked 
| 168|0x000000008a800000, 0x000000008a800000, 0x000000008a900000|  0%| F|  |TAMS 0x000000008a800000, 0x000000008a800000| Untracked 
| 169|0x000000008a900000, 0x000000008a900000, 0x000000008aa00000|  0%| F|  |TAMS 0x000000008a900000, 0x000000008a900000| Untracked 
| 170|0x000000008aa00000, 0x000000008aa00000, 0x000000008ab00000|  0%| F|  |TAMS 0x000000008aa00000, 0x000000008aa00000| Untracked 
| 171|0x000000008ab00000, 0x000000008ab00000, 0x000000008ac00000|  0%| F|  |TAMS 0x000000008ab00000, 0x000000008ab00000| Untracked 
| 172|0x000000008ac00000, 0x000000008ac00000, 0x000000008ad00000|  0%| F|  |TAMS 0x000000008ac00000, 0x000000008ac00000| Untracked 
| 173|0x000000008ad00000, 0x000000008ad00000, 0x000000008ae00000|  0%| F|  |TAMS 0x000000008ad00000, 0x000000008ad00000| Untracked 
| 174|0x000000008ae00000, 0x000000008ae00000, 0x000000008af00000|  0%| F|  |TAMS 0x000000008ae00000, 0x000000008ae00000| Untracked 
| 175|0x000000008af00000, 0x000000008af00000, 0x000000008b000000|  0%| F|  |TAMS 0x000000008af00000, 0x000000008af00000| Untracked 
| 176|0x000000008b000000, 0x000000008b000000, 0x000000008b100000|  0%| F|  |TAMS 0x000000008b000000, 0x000000008b000000| Untracked 
| 177|0x000000008b100000, 0x000000008b100000, 0x000000008b200000|  0%| F|  |TAMS 0x000000008b100000, 0x000000008b100000| Untracked 
| 178|0x000000008b200000, 0x000000008b200000, 0x000000008b300000|  0%| F|  |TAMS 0x000000008b200000, 0x000000008b200000| Untracked 
| 179|0x000000008b300000, 0x000000008b300000, 0x000000008b400000|  0%| F|  |TAMS 0x000000008b300000, 0x000000008b300000| Untracked 
| 180|0x000000008b400000, 0x000000008b400000, 0x000000008b500000|  0%| F|  |TAMS 0x000000008b400000, 0x000000008b400000| Untracked 
| 181|0x000000008b500000, 0x000000008b500000, 0x000000008b600000|  0%| F|  |TAMS 0x000000008b500000, 0x000000008b500000| Untracked 
| 182|0x000000008b600000, 0x000000008b600000, 0x000000008b700000|  0%| F|  |TAMS 0x000000008b600000, 0x000000008b600000| Untracked 
| 183|0x000000008b700000, 0x000000008b700000, 0x000000008b800000|  0%| F|  |TAMS 0x000000008b700000, 0x000000008b700000| Untracked 
| 184|0x000000008b800000, 0x000000008b800000, 0x000000008b900000|  0%| F|  |TAMS 0x000000008b800000, 0x000000008b800000| Untracked 
| 185|0x000000008b900000, 0x000000008b900000, 0x000000008ba00000|  0%| F|  |TAMS 0x000000008b900000, 0x000000008b900000| Untracked 
| 186|0x000000008ba00000, 0x000000008ba00000, 0x000000008bb00000|  0%| F|  |TAMS 0x000000008ba00000, 0x000000008ba00000| Untracked 
| 187|0x000000008bb00000, 0x000000008bb00000, 0x000000008bc00000|  0%| F|  |TAMS 0x000000008bb00000, 0x000000008bb00000| Untracked 
| 188|0x000000008bc00000, 0x000000008bc00000, 0x000000008bd00000|  0%| F|  |TAMS 0x000000008bc00000, 0x000000008bc00000| Untracked 
| 189|0x000000008bd00000, 0x000000008bd00000, 0x000000008be00000|  0%| F|  |TAMS 0x000000008bd00000, 0x000000008bd00000| Untracked 
| 190|0x000000008be00000, 0x000000008be00000, 0x000000008bf00000|  0%| F|  |TAMS 0x000000008be00000, 0x000000008be00000| Untracked 
| 191|0x000000008bf00000, 0x000000008bf00000, 0x000000008c000000|  0%| F|  |TAMS 0x000000008bf00000, 0x000000008bf00000| Untracked 
| 192|0x000000008c000000, 0x000000008c000000, 0x000000008c100000|  0%| F|  |TAMS 0x000000008c000000, 0x000000008c000000| Untracked 
| 193|0x000000008c100000, 0x000000008c100000, 0x000000008c200000|  0%| F|  |TAMS 0x000000008c100000, 0x000000008c100000| Untracked 
| 194|0x000000008c200000, 0x000000008c200000, 0x000000008c300000|  0%| F|  |TAMS 0x000000008c200000, 0x000000008c200000| Untracked 
| 195|0x000000008c300000, 0x000000008c300000, 0x000000008c400000|  0%| F|  |TAMS 0x000000008c300000, 0x000000008c300000| Untracked 
| 196|0x000000008c400000, 0x000000008c400000, 0x000000008c500000|  0%| F|  |TAMS 0x000000008c400000, 0x000000008c400000| Untracked 
| 197|0x000000008c500000, 0x000000008c500000, 0x000000008c600000|  0%| F|  |TAMS 0x000000008c500000, 0x000000008c500000| Untracked 
| 198|0x000000008c600000, 0x000000008c600000, 0x000000008c700000|  0%| F|  |TAMS 0x000000008c600000, 0x000000008c600000| Untracked 
| 199|0x000000008c700000, 0x000000008c700000, 0x000000008c800000|  0%| F|  |TAMS 0x000000008c700000, 0x000000008c700000| Untracked 
| 200|0x000000008c800000, 0x000000008c800000, 0x000000008c900000|  0%| F|  |TAMS 0x000000008c800000, 0x000000008c800000| Untracked 
| 201|0x000000008c900000, 0x000000008c900000, 0x000000008ca00000|  0%| F|  |TAMS 0x000000008c900000, 0x000000008c900000| Untracked 
| 202|0x000000008ca00000, 0x000000008ca00000, 0x000000008cb00000|  0%| F|  |TAMS 0x000000008ca00000, 0x000000008ca00000| Untracked 
| 203|0x000000008cb00000, 0x000000008cb4ecf0, 0x000000008cc00000| 30%| S|CS|TAMS 0x000000008cb00000, 0x000000008cb00000| Complete 
| 204|0x000000008cc00000, 0x000000008cd00000, 0x000000008cd00000|100%| S|CS|TAMS 0x000000008cc00000, 0x000000008cc00000| Complete 
| 205|0x000000008cd00000, 0x000000008ce00000, 0x000000008ce00000|100%| S|CS|TAMS 0x000000008cd00000, 0x000000008cd00000| Complete 
| 206|0x000000008ce00000, 0x000000008cf00000, 0x000000008cf00000|100%| S|CS|TAMS 0x000000008ce00000, 0x000000008ce00000| Complete 
| 207|0x000000008cf00000, 0x000000008d000000, 0x000000008d000000|100%| S|CS|TAMS 0x000000008cf00000, 0x000000008cf00000| Complete 
| 208|0x000000008d000000, 0x000000008d100000, 0x000000008d100000|100%| S|CS|TAMS 0x000000008d000000, 0x000000008d000000| Complete 
| 209|0x000000008d100000, 0x000000008d200000, 0x000000008d200000|100%| S|CS|TAMS 0x000000008d100000, 0x000000008d100000| Complete 
| 210|0x000000008d200000, 0x000000008d300000, 0x000000008d300000|100%| S|CS|TAMS 0x000000008d200000, 0x000000008d200000| Complete 
| 211|0x000000008d300000, 0x000000008d400000, 0x000000008d400000|100%| S|CS|TAMS 0x000000008d300000, 0x000000008d300000| Complete 
| 212|0x000000008d400000, 0x000000008d500000, 0x000000008d500000|100%| S|CS|TAMS 0x000000008d400000, 0x000000008d400000| Complete 
| 213|0x000000008d500000, 0x000000008d600000, 0x000000008d600000|100%| S|CS|TAMS 0x000000008d500000, 0x000000008d500000| Complete 
| 214|0x000000008d600000, 0x000000008d700000, 0x000000008d700000|100%| S|CS|TAMS 0x000000008d600000, 0x000000008d600000| Complete 
| 215|0x000000008d700000, 0x000000008d800000, 0x000000008d800000|100%| S|CS|TAMS 0x000000008d700000, 0x000000008d700000| Complete 
| 216|0x000000008d800000, 0x000000008d800000, 0x000000008d900000|  0%| F|  |TAMS 0x000000008d800000, 0x000000008d800000| Untracked 
| 217|0x000000008d900000, 0x000000008d900000, 0x000000008da00000|  0%| F|  |TAMS 0x000000008d900000, 0x000000008d900000| Untracked 
| 218|0x000000008da00000, 0x000000008da00000, 0x000000008db00000|  0%| F|  |TAMS 0x000000008da00000, 0x000000008da00000| Untracked 
| 219|0x000000008db00000, 0x000000008db00000, 0x000000008dc00000|  0%| F|  |TAMS 0x000000008db00000, 0x000000008db00000| Untracked 
| 220|0x000000008dc00000, 0x000000008dc00000, 0x000000008dd00000|  0%| F|  |TAMS 0x000000008dc00000, 0x000000008dc00000| Untracked 
| 221|0x000000008dd00000, 0x000000008dd00000, 0x000000008de00000|  0%| F|  |TAMS 0x000000008dd00000, 0x000000008dd00000| Untracked 
| 222|0x000000008de00000, 0x000000008de00000, 0x000000008df00000|  0%| F|  |TAMS 0x000000008de00000, 0x000000008de00000| Untracked 
| 223|0x000000008df00000, 0x000000008df00000, 0x000000008e000000|  0%| F|  |TAMS 0x000000008df00000, 0x000000008df00000| Untracked 
| 224|0x000000008e000000, 0x000000008e000000, 0x000000008e100000|  0%| F|  |TAMS 0x000000008e000000, 0x000000008e000000| Untracked 
| 225|0x000000008e100000, 0x000000008e100000, 0x000000008e200000|  0%| F|  |TAMS 0x000000008e100000, 0x000000008e100000| Untracked 
| 226|0x000000008e200000, 0x000000008e200000, 0x000000008e300000|  0%| F|  |TAMS 0x000000008e200000, 0x000000008e200000| Untracked 
| 227|0x000000008e300000, 0x000000008e300000, 0x000000008e400000|  0%| F|  |TAMS 0x000000008e300000, 0x000000008e300000| Untracked 
| 228|0x000000008e400000, 0x000000008e400000, 0x000000008e500000|  0%| F|  |TAMS 0x000000008e400000, 0x000000008e400000| Untracked 
| 229|0x000000008e500000, 0x000000008e500000, 0x000000008e600000|  0%| F|  |TAMS 0x000000008e500000, 0x000000008e500000| Untracked 
| 230|0x000000008e600000, 0x000000008e600000, 0x000000008e700000|  0%| F|  |TAMS 0x000000008e600000, 0x000000008e600000| Untracked 
| 231|0x000000008e700000, 0x000000008e700000, 0x000000008e800000|  0%| F|  |TAMS 0x000000008e700000, 0x000000008e700000| Untracked 
| 232|0x000000008e800000, 0x000000008e800000, 0x000000008e900000|  0%| F|  |TAMS 0x000000008e800000, 0x000000008e800000| Untracked 
| 233|0x000000008e900000, 0x000000008e900000, 0x000000008ea00000|  0%| F|  |TAMS 0x000000008e900000, 0x000000008e900000| Untracked 
| 234|0x000000008ea00000, 0x000000008ea00000, 0x000000008eb00000|  0%| F|  |TAMS 0x000000008ea00000, 0x000000008ea00000| Untracked 
| 235|0x000000008eb00000, 0x000000008eb00000, 0x000000008ec00000|  0%| F|  |TAMS 0x000000008eb00000, 0x000000008eb00000| Untracked 
| 236|0x000000008ec00000, 0x000000008ed00000, 0x000000008ed00000|100%| E|  |TAMS 0x000000008ec00000, 0x000000008ec00000| Complete 
| 237|0x000000008ed00000, 0x000000008ee00000, 0x000000008ee00000|100%| E|CS|TAMS 0x000000008ed00000, 0x000000008ed00000| Complete 
| 238|0x000000008ee00000, 0x000000008ef00000, 0x000000008ef00000|100%| E|CS|TAMS 0x000000008ee00000, 0x000000008ee00000| Complete 
| 239|0x000000008ef00000, 0x000000008f000000, 0x000000008f000000|100%| E|CS|TAMS 0x000000008ef00000, 0x000000008ef00000| Complete 
| 240|0x000000008f000000, 0x000000008f100000, 0x000000008f100000|100%| E|CS|TAMS 0x000000008f000000, 0x000000008f000000| Complete 
| 241|0x000000008f100000, 0x000000008f200000, 0x000000008f200000|100%| E|  |TAMS 0x000000008f100000, 0x000000008f100000| Complete 
| 242|0x000000008f200000, 0x000000008f300000, 0x000000008f300000|100%| E|CS|TAMS 0x000000008f200000, 0x000000008f200000| Complete 
| 243|0x000000008f300000, 0x000000008f400000, 0x000000008f400000|100%| E|CS|TAMS 0x000000008f300000, 0x000000008f300000| Complete 
| 244|0x000000008f400000, 0x000000008f500000, 0x000000008f500000|100%| E|CS|TAMS 0x000000008f400000, 0x000000008f400000| Complete 
| 245|0x000000008f500000, 0x000000008f600000, 0x000000008f600000|100%| E|CS|TAMS 0x000000008f500000, 0x000000008f500000| Complete 
| 246|0x000000008f600000, 0x000000008f700000, 0x000000008f700000|100%| E|CS|TAMS 0x000000008f600000, 0x000000008f600000| Complete 
| 247|0x000000008f700000, 0x000000008f800000, 0x000000008f800000|100%| E|CS|TAMS 0x000000008f700000, 0x000000008f700000| Complete 
| 248|0x000000008f800000, 0x000000008f900000, 0x000000008f900000|100%| E|CS|TAMS 0x000000008f800000, 0x000000008f800000| Complete 
| 249|0x000000008f900000, 0x000000008fa00000, 0x000000008fa00000|100%| E|CS|TAMS 0x000000008f900000, 0x000000008f900000| Complete 
| 250|0x000000008fa00000, 0x000000008fb00000, 0x000000008fb00000|100%| E|CS|TAMS 0x000000008fa00000, 0x000000008fa00000| Complete 
| 251|0x000000008fb00000, 0x000000008fc00000, 0x000000008fc00000|100%| E|CS|TAMS 0x000000008fb00000, 0x000000008fb00000| Complete 
| 252|0x000000008fc00000, 0x000000008fd00000, 0x000000008fd00000|100%| E|CS|TAMS 0x000000008fc00000, 0x000000008fc00000| Complete 
| 253|0x000000008fd00000, 0x000000008fe00000, 0x000000008fe00000|100%| E|CS|TAMS 0x000000008fd00000, 0x000000008fd00000| Complete 
| 254|0x000000008fe00000, 0x000000008ff00000, 0x000000008ff00000|100%| E|CS|TAMS 0x000000008fe00000, 0x000000008fe00000| Complete 
| 255|0x000000008ff00000, 0x0000000090000000, 0x0000000090000000|100%| E|CS|TAMS 0x000000008ff00000, 0x000000008ff00000| Complete 

Card table byte_map: [0x00000238eddf0000,0x00000238ee1f0000] _byte_map_base: 0x00000238ed9f0000

Marking Bits (Prev, Next): (CMBitMap*) 0x00000238d8ceebc0, (CMBitMap*) 0x00000238d8ceeb88
 Prev Bits: [0x00000238f05f0000, 0x00000238f25f0000)
 Next Bits: [0x00000238ee5f0000, 0x00000238f05f0000)

Polling page: 0x00000238d8d90000

Metaspace:

Usage:
  Non-class:     52.45 MB capacity,    51.54 MB ( 98%) used,   766.73 KB (  1%) free+waste,   159.69 KB ( <1%) overhead. 
      Class:      8.05 MB capacity,     7.51 MB ( 93%) used,   476.44 KB (  6%) free+waste,    75.50 KB ( <1%) overhead. 
       Both:     60.50 MB capacity,    59.05 MB ( 98%) used,     1.21 MB (  2%) free+waste,   235.19 KB ( <1%) overhead. 

Virtual space:
  Non-class space:       54.00 MB reserved,      52.54 MB ( 97%) committed 
      Class space:        1.00 GB reserved,       8.07 MB ( <1%) committed 
             Both:        1.05 GB reserved,      60.61 MB (  6%) committed 

Chunk freelists:
   Non-Class:  88.00 KB
       Class:  17.00 KB
        Both:  105.00 KB

MaxMetaspaceSize: 17179869184.00 GB
CompressedClassSpaceSize: 1.00 GB

CodeHeap 'non-profiled nmethods': size=120000Kb used=3603Kb max_used=3603Kb free=116396Kb
 bounds [0x00000238e5a60000, 0x00000238e5df0000, 0x00000238ecf90000]
CodeHeap 'profiled nmethods': size=120000Kb used=12829Kb max_used=12829Kb free=107170Kb
 bounds [0x00000238de530000, 0x00000238df1c0000, 0x00000238e5a60000]
CodeHeap 'non-nmethods': size=5760Kb used=2253Kb max_used=2279Kb free=3506Kb
 bounds [0x00000238ddf90000, 0x00000238de200000, 0x00000238de530000]
 total_blobs=6980 nmethods=6138 adapters=753
 compilation: enabled
              stopped_count=0, restarted_count=0
 full_count=0

Compilation events (20 events):
Event: 47.027 Thread 0x00000238f59db000 6126       3       java.math.BigInteger::squareToLen (33 bytes)
Event: 47.027 Thread 0x00000238f59db000 nmethod 6126 0x00000238df1ad790 code [0x00000238df1ad960, 0x00000238df1adbf8]
Event: 47.028 Thread 0x00000238f59db000 6129       3       java.math.BigInteger::multiplyToLenCheck (28 bytes)
Event: 47.028 Thread 0x00000238f59db000 nmethod 6129 0x00000238df1add10 code [0x00000238df1adf00, 0x00000238df1ae298]
Event: 47.032 Thread 0x00000238fb0ce000 nmethod 6103 0x00000238e5ddf110 code [0x00000238e5ddf320, 0x00000238e5ddfd80]
Event: 47.032 Thread 0x00000238fb0ce000 6130       4       sun.security.provider.SHA2::implCompress0 (322 bytes)
Event: 47.041 Thread 0x00000238f8a7c800 nmethod 6121 0x00000238e5de0310 code [0x00000238e5de04c0, 0x00000238e5de1298]
Event: 47.041 Thread 0x00000238f8a7c800 6128 %     4       java.math.BigInteger::implMultiplyToLen @ 135 (216 bytes)
Event: 47.046 Thread 0x00000238fb0ce000 nmethod 6130 0x00000238e5de1490 code [0x00000238e5de1640, 0x00000238e5de2078]
Event: 47.046 Thread 0x00000238fb0ce000 6122       4       sun.security.provider.ByteArrayAccess::b2iBig64 (614 bytes)
Event: 47.048 Thread 0x00000238f8a7c800 nmethod 6128% 0x00000238e5de2190 code [0x00000238e5de2340, 0x00000238e5de2898]
Event: 47.048 Thread 0x00000238f8a7c800 6104   !   4       java.lang.StringCoding::decode (300 bytes)
Event: 47.048 Thread 0x00000238fb0ce000 nmethod 6122 0x00000238e5de2b10 code [0x00000238e5de2ca0, 0x00000238e5de2ed8]
Event: 47.048 Thread 0x00000238fb0ce000 6105       4       java.lang.ThreadLocal$ThreadLocalMap::getEntry (42 bytes)
Event: 47.049 Thread 0x00000238fb0ce000 nmethod 6105 0x00000238e5de3010 code [0x00000238e5de31c0, 0x00000238e5de3308]
Event: 47.049 Thread 0x00000238fb0ce000 6113       4       java.lang.String::<init> (127 bytes)
Event: 47.052 Thread 0x00000238fb0ce000 nmethod 6113 0x00000238e5de3410 code [0x00000238e5de35c0, 0x00000238e5de39d8]
Event: 47.052 Thread 0x00000238fb0ce000 6117  s    4       java.io.ByteArrayInputStream::available (10 bytes)
Event: 47.053 Thread 0x00000238fb0ce000 nmethod 6117 0x00000238e5de3c10 code [0x00000238e5de3da0, 0x00000238e5de3f98]
Event: 47.054 Thread 0x00000238f8a7c800 nmethod 6104 0x00000238e5de4010 code [0x00000238e5de4200, 0x00000238e5de4a20]

GC Heap History (14 events):
Event: 0.738 GC heap before
{Heap before GC invocations=0 (full 0):
 garbage-first heap   total 262144K, used 29696K [0x0000000080000000, 0x0000000100000000)
  region size 1024K, 24 young (24576K), 0 survivors (0K)
 Metaspace       used 10213K, capacity 10485K, committed 10624K, reserved 1058816K
  class space    used 1070K, capacity 1139K, committed 1152K, reserved 1048576K
}
Event: 0.742 GC heap after
{Heap after GC invocations=1 (full 0):
 garbage-first heap   total 262144K, used 9321K [0x0000000080000000, 0x0000000100000000)
  region size 1024K, 3 young (3072K), 3 survivors (3072K)
 Metaspace       used 10213K, capacity 10485K, committed 10624K, reserved 1058816K
  class space    used 1070K, capacity 1139K, committed 1152K, reserved 1048576K
}
Event: 5.260 GC heap before
{Heap before GC invocations=1 (full 0):
 garbage-first heap   total 262144K, used 106601K [0x0000000080000000, 0x0000000100000000)
  region size 1024K, 99 young (101376K), 3 survivors (3072K)
 Metaspace       used 20622K, capacity 21100K, committed 21296K, reserved 1069056K
  class space    used 2532K, capacity 2660K, committed 2688K, reserved 1048576K
}
Event: 5.270 GC heap after
{Heap after GC invocations=2 (full 0):
 garbage-first heap   total 262144K, used 17069K [0x0000000080000000, 0x0000000100000000)
  region size 1024K, 11 young (11264K), 11 survivors (11264K)
 Metaspace       used 20622K, capacity 21100K, committed 21296K, reserved 1069056K
  class space    used 2532K, capacity 2660K, committed 2688K, reserved 1048576K
}
Event: 8.619 GC heap before
{Heap before GC invocations=3 (full 0):
 garbage-first heap   total 262144K, used 77485K [0x0000000080000000, 0x0000000100000000)
  region size 1024K, 70 young (71680K), 11 survivors (11264K)
 Metaspace       used 26553K, capacity 27181K, committed 27440K, reserved 1073152K
  class space    used 3491K, capacity 3695K, committed 3712K, reserved 1048576K
}
Event: 8.626 GC heap after
{Heap after GC invocations=4 (full 0):
 garbage-first heap   total 262144K, used 19540K [0x0000000080000000, 0x0000000100000000)
  region size 1024K, 3 young (3072K), 3 survivors (3072K)
 Metaspace       used 26553K, capacity 27181K, committed 27440K, reserved 1073152K
  class space    used 3491K, capacity 3695K, committed 3712K, reserved 1048576K
}
Event: 9.862 GC heap before
{Heap before GC invocations=4 (full 0):
 garbage-first heap   total 262144K, used 70740K [0x0000000080000000, 0x0000000100000000)
  region size 1024K, 54 young (55296K), 3 survivors (3072K)
 Metaspace       used 34873K, capacity 35643K, committed 35708K, reserved 1081344K
  class space    used 4543K, capacity 4861K, committed 4864K, reserved 1048576K
}
Event: 9.871 GC heap after
{Heap after GC invocations=5 (full 0):
 garbage-first heap   total 262144K, used 22542K [0x0000000080000000, 0x0000000100000000)
  region size 1024K, 6 young (6144K), 6 survivors (6144K)
 Metaspace       used 34873K, capacity 35643K, committed 35708K, reserved 1081344K
  class space    used 4543K, capacity 4861K, committed 4864K, reserved 1048576K
}
Event: 12.394 GC heap before
{Heap before GC invocations=6 (full 0):
 garbage-first heap   total 262144K, used 136206K [0x0000000080000000, 0x0000000100000000)
  region size 1024K, 114 young (116736K), 6 survivors (6144K)
 Metaspace       used 44226K, capacity 45184K, committed 45384K, reserved 1089536K
  class space    used 5673K, capacity 6022K, committed 6092K, reserved 1048576K
}
Event: 12.403 GC heap after
{Heap after GC invocations=7 (full 0):
 garbage-first heap   total 262144K, used 29462K [0x0000000080000000, 0x0000000100000000)
  region size 1024K, 13 young (13312K), 13 survivors (13312K)
 Metaspace       used 44226K, capacity 45184K, committed 45384K, reserved 1089536K
  class space    used 5673K, capacity 6022K, committed 6092K, reserved 1048576K
}
Event: 35.120 GC heap before
{Heap before GC invocations=7 (full 0):
 garbage-first heap   total 262144K, used 159510K [0x0000000080000000, 0x0000000100000000)
  region size 1024K, 136 young (139264K), 13 survivors (13312K)
 Metaspace       used 52405K, capacity 53714K, committed 53960K, reserved 1095680K
  class space    used 6684K, capacity 7205K, committed 7244K, reserved 1048576K
}
Event: 35.136 GC heap after
{Heap after GC invocations=8 (full 0):
 garbage-first heap   total 262144K, used 44057K [0x0000000080000000, 0x0000000100000000)
  region size 1024K, 17 young (17408K), 17 survivors (17408K)
 Metaspace       used 52405K, capacity 53714K, committed 53960K, reserved 1095680K
  class space    used 6684K, capacity 7205K, committed 7244K, reserved 1048576K
}
Event: 45.872 GC heap before
{Heap before GC invocations=8 (full 0):
 garbage-first heap   total 262144K, used 83993K [0x0000000080000000, 0x0000000100000000)
  region size 1024K, 57 young (58368K), 17 survivors (17408K)
 Metaspace       used 58550K, capacity 59947K, committed 60068K, reserved 1101824K
  class space    used 7459K, capacity 7999K, committed 8012K, reserved 1048576K
}
Event: 45.894 GC heap after
{Heap after GC invocations=9 (full 0):
 garbage-first heap   total 262144K, used 46219K [0x0000000080000000, 0x0000000100000000)
  region size 1024K, 13 young (13312K), 13 survivors (13312K)
 Metaspace       used 58550K, capacity 59947K, committed 60068K, reserved 1101824K
  class space    used 7459K, capacity 7999K, committed 8012K, reserved 1048576K
}

Deoptimization events (20 events):
Event: 47.036 Thread 0x00000238f7dea800 DEOPT PACKING pc=0x00000238df19aa5d sp=0x000000a9d95f39f0
Event: 47.036 Thread 0x00000238f7dea800 DEOPT UNPACKING pc=0x00000238ddfb6dde sp=0x000000a9d95f2ea8 mode 0
Event: 47.036 Thread 0x00000238f7dea800 DEOPT PACKING pc=0x00000238df19aa5d sp=0x000000a9d95f39f0
Event: 47.036 Thread 0x00000238f7dea800 DEOPT UNPACKING pc=0x00000238ddfb6dde sp=0x000000a9d95f2ea8 mode 0
Event: 47.036 Thread 0x00000238f7dea800 DEOPT PACKING pc=0x00000238df19aa5d sp=0x000000a9d95f39f0
Event: 47.036 Thread 0x00000238f7dea800 DEOPT UNPACKING pc=0x00000238ddfb6dde sp=0x000000a9d95f2ea8 mode 0
Event: 47.036 Thread 0x00000238f7dea800 DEOPT PACKING pc=0x00000238df19aa5d sp=0x000000a9d95f39f0
Event: 47.036 Thread 0x00000238f7dea800 DEOPT UNPACKING pc=0x00000238ddfb6dde sp=0x000000a9d95f2ea8 mode 0
Event: 47.036 Thread 0x00000238f7dea800 DEOPT PACKING pc=0x00000238df19aa5d sp=0x000000a9d95f39f0
Event: 47.036 Thread 0x00000238f7dea800 DEOPT UNPACKING pc=0x00000238ddfb6dde sp=0x000000a9d95f2ea8 mode 0
Event: 47.037 Thread 0x00000238f7dea800 DEOPT PACKING pc=0x00000238df19aa5d sp=0x000000a9d95f39f0
Event: 47.037 Thread 0x00000238f7dea800 DEOPT UNPACKING pc=0x00000238ddfb6dde sp=0x000000a9d95f2ea8 mode 0
Event: 47.037 Thread 0x00000238f7dea800 DEOPT PACKING pc=0x00000238df19aa5d sp=0x000000a9d95f39f0
Event: 47.037 Thread 0x00000238f7dea800 DEOPT UNPACKING pc=0x00000238ddfb6dde sp=0x000000a9d95f2ea8 mode 0
Event: 47.037 Thread 0x00000238f7dea800 DEOPT PACKING pc=0x00000238df19aa5d sp=0x000000a9d95f39f0
Event: 47.037 Thread 0x00000238f7dea800 DEOPT UNPACKING pc=0x00000238ddfb6dde sp=0x000000a9d95f2ea8 mode 0
Event: 47.037 Thread 0x00000238f7dea800 DEOPT PACKING pc=0x00000238df19aa5d sp=0x000000a9d95f39f0
Event: 47.037 Thread 0x00000238f7dea800 DEOPT UNPACKING pc=0x00000238ddfb6dde sp=0x000000a9d95f2ea8 mode 0
Event: 47.037 Thread 0x00000238f7dea800 DEOPT PACKING pc=0x00000238df19aa5d sp=0x000000a9d95f39f0
Event: 47.037 Thread 0x00000238f7dea800 DEOPT UNPACKING pc=0x00000238ddfb6dde sp=0x000000a9d95f2ea8 mode 0

Classes redefined (0 events):
No events

Internal exceptions (20 events):
Event: 28.374 Thread 0x00000238f7c9c800 Exception <a 'java/lang/NoSuchMethodError'{0x000000008a297598}: <clinit>> (0x000000008a297598) thrown at [./src/hotspot/share/prims/jni.cpp, line 1362]
Event: 28.374 Thread 0x00000238f7c9c800 Exception <a 'java/lang/NoSuchMethodError'{0x000000008a2985b8}: <clinit>> (0x000000008a2985b8) thrown at [./src/hotspot/share/prims/jni.cpp, line 1362]
Event: 28.375 Thread 0x00000238f7c9c800 Exception <a 'java/lang/NoSuchMethodError'{0x000000008a111a38}: <clinit>> (0x000000008a111a38) thrown at [./src/hotspot/share/prims/jni.cpp, line 1362]
Event: 28.376 Thread 0x00000238f7c9c800 Exception <a 'java/lang/NoSuchMethodError'{0x000000008a11bfc8}: <clinit>> (0x000000008a11bfc8) thrown at [./src/hotspot/share/prims/jni.cpp, line 1362]
Event: 28.377 Thread 0x00000238f7c9c800 Exception <a 'java/lang/NoSuchMethodError'{0x000000008a12f6c8}: <clinit>> (0x000000008a12f6c8) thrown at [./src/hotspot/share/prims/jni.cpp, line 1362]
Event: 28.487 Thread 0x00000238f7dea800 Exception <a 'java/lang/ClassNotFoundException'{0x000000008a16a210}: build_5d6mhug3vywto5onw6g8lxmodBeanInfo> (0x000000008a16a210) thrown at [./src/hotspot/share/classfile/systemDictionary.cpp, line 231]
Event: 28.487 Thread 0x00000238f7dea800 Exception <a 'java/lang/ClassNotFoundException'{0x000000008a1751c8}: build_5d6mhug3vywto5onw6g8lxmodCustomizer> (0x000000008a1751c8) thrown at [./src/hotspot/share/classfile/systemDictionary.cpp, line 231]
Event: 28.718 Thread 0x00000238f7dea800 Exception <a 'java/lang/ClassNotFoundException'{0x000000008a0f93b8}: org/gradle/api/internal/plugins/DefaultObjectConfigurationActionBeanInfo> (0x000000008a0f93b8) thrown at [./src/hotspot/share/classfile/systemDictionary.cpp, line 231]
Event: 28.719 Thread 0x00000238f7dea800 Exception <a 'java/lang/ClassNotFoundException'{0x0000000089f2e9a0}: org/gradle/api/internal/plugins/DefaultObjectConfigurationActionCustomizer> (0x0000000089f2e9a0) thrown at [./src/hotspot/share/classfile/systemDictionary.cpp, line 231]
Event: 31.491 Thread 0x00000238f7dea800 Exception <a 'java/lang/NoSuchMethodError'{0x0000000089578b10}: 'java.lang.Object java.lang.invoke.DirectMethodHandle$Holder.invokeStatic(java.lang.Object, java.lang.Object, java.lang.Object, java.lang.Object, int)'> (0x0000000089578b10) thrown at [./src/hotspot/share/interpreter/linkResolver.cpp, line 773]
Event: 31.491 Thread 0x00000238f7dea800 Exception <a 'java/lang/NoSuchMethodError'{0x000000008957d508}: 'java.lang.Object java.lang.invoke.DirectMethodHandle$Holder.invokeSpecial(java.lang.Object, java.lang.Object, java.lang.Object, java.lang.Object, java.lang.Object, int)'> (0x000000008957d508) thrown at [./src/hotspot/share/interpreter/linkResolver.cpp, line 773]
Event: 31.491 Thread 0x00000238f7dea800 Exception <a 'java/lang/NoSuchMethodError'{0x0000000089581b48}: 'java.lang.Object java.lang.invoke.Invokers$Holder.linkToTargetMethod(java.lang.Object, java.lang.Object, java.lang.Object, int, java.lang.Object)'> (0x0000000089581b48) thrown at [./src/hotspot/share/interpreter/linkResolver.cpp, line 773]
Event: 34.534 Thread 0x00000238f7dea800 Exception <a 'java/lang/NoSuchMethodError'{0x00000000879bb8f0}: 'java.lang.Object java.lang.invoke.DirectMethodHandle$Holder.invokeSpecial(java.lang.Object, java.lang.Object, int, int, java.lang.Object, java.lang.Object, java.lang.Object)'> (0x00000000879bb8f0) thrown at [./src/hotspot/share/interpreter/linkResolver.cpp, line 773]
Event: 34.534 Thread 0x00000238f7dea800 Exception <a 'java/lang/NoSuchMethodError'{0x00000000879bfe70}: 'java.lang.Object java.lang.invoke.DelegatingMethodHandle$Holder.reinvoke_L(java.lang.Object, int, int, java.lang.Object, java.lang.Object, java.lang.Object)'> (0x00000000879bfe70) thrown at [./src/hotspot/share/interpreter/linkResolver.cpp, line 773]
Event: 36.533 Thread 0x00000238f7dea800 Exception <a 'java/lang/NoSuchMethodError'{0x000000008f445bd8}: 'int java.lang.invoke.DirectMethodHandle$Holder.invokeInterface(java.lang.Object, java.lang.Object, java.lang.Object, java.lang.Object)'> (0x000000008f445bd8) thrown at [./src/hotspot/share/interpreter/linkResolver.cpp, line 773]
Event: 43.298 Thread 0x00000238f7dea800 Exception <a 'java/lang/NoSuchMethodError'{0x000000008e453b98}: 'void java.lang.invoke.DirectMethodHandle$Holder.invokeInterface(java.lang.Object, java.lang.Object, java.lang.Object, java.lang.Object)'> (0x000000008e453b98) thrown at [./src/hotspot/share/interpreter/linkResolver.cpp, line 773]
Event: 45.119 Thread 0x00000238f7dea800 Exception <a 'java/lang/IncompatibleClassChangeError'{0x000000008db26a18}: Found class java.lang.Object, but interface was expected> (0x000000008db26a18) thrown at [./src/hotspot/share/interpreter/linkResolver.cpp, line 839]
Event: 45.795 Thread 0x00000238f7dea800 Implicit null exception at 0x00000238e5c98d54 to 0x00000238e5c98f38
Event: 46.744 Thread 0x00000238f7dea800 Implicit null exception at 0x00000238e5bb828b to 0x00000238e5bb8364
Event: 46.786 Thread 0x00000238f7dea800 Implicit null exception at 0x00000238e5bd8a2c to 0x00000238e5bd8bda

Events (20 events):
Event: 46.810 loading class sun/security/util/Length
Event: 46.810 loading class sun/security/util/Length done
Event: 46.810 loading class javax/crypto/SecretKey
Event: 46.810 loading class javax/crypto/SecretKey done
Event: 46.814 loading class java/util/Base64
Event: 46.814 loading class java/util/Base64 done
Event: 46.814 loading class java/util/Base64$Decoder
Event: 46.815 loading class java/util/Base64$Decoder done
Event: 46.815 loading class java/util/Base64$Encoder
Event: 46.815 loading class java/util/Base64$Encoder done
Event: 46.815 loading class java/util/jar/JarVerifier$VerifierStream
Event: 46.815 loading class java/util/jar/JarVerifier$VerifierStream done
Event: 46.815 loading class sun/security/util/ManifestEntryVerifier$SunProviderHolder
Event: 46.816 loading class sun/security/util/ManifestEntryVerifier$SunProviderHolder done
Event: 46.993 loading class org/bouncycastle/operator/OperatorException
Event: 46.993 loading class org/bouncycastle/operator/OperatorException done
Event: 46.995 loading class org/bouncycastle/jce/provider/BouncyCastleProvider
Event: 46.995 loading class org/bouncycastle/jce/provider/BouncyCastleProvider done
Event: 47.001 Thread 0x00000238fb0ce000 Thread exited: 0x00000238fb0ce000
Event: 47.020 Thread 0x00000238fb0ce000 Thread added: 0x00000238fb0ce000


Dynamic libraries:
0x00007ff799690000 - 0x00007ff79969a000 	C:\Program Files\Android\Android Studio\jre\bin\java.exe
0x00007ff8b2cb0000 - 0x00007ff8b2ea5000 	C:\Windows\SYSTEM32\ntdll.dll
0x00007ff8b1d80000 - 0x00007ff8b1e3e000 	C:\Windows\System32\KERNEL32.DLL
0x00007ff8b05f0000 - 0x00007ff8b08b8000 	C:\Windows\System32\KERNELBASE.dll
0x00007ff8b0c00000 - 0x00007ff8b0d00000 	C:\Windows\System32\ucrtbase.dll
0x00007ff885490000 - 0x00007ff8854a7000 	C:\Program Files\Android\Android Studio\jre\bin\VCRUNTIME140.dll
0x00007ff885300000 - 0x00007ff885319000 	C:\Program Files\Android\Android Studio\jre\bin\jli.dll
0x00007ff8b2a90000 - 0x00007ff8b2c30000 	C:\Windows\System32\USER32.dll
0x00007ff8b0410000 - 0x00007ff8b0432000 	C:\Windows\System32\win32u.dll
0x00007ff8af790000 - 0x00007ff8afa2a000 	C:\Windows\WinSxS\amd64_microsoft.windows.common-controls_6595b64144ccf1df_6.0.19041.1110_none_60b5254171f9507e\COMCTL32.dll
0x00007ff8b2c30000 - 0x00007ff8b2c5b000 	C:\Windows\System32\GDI32.dll
0x00007ff8b0d00000 - 0x00007ff8b0d9e000 	C:\Windows\System32\msvcrt.dll
0x00007ff8b0af0000 - 0x00007ff8b0bfd000 	C:\Windows\System32\gdi32full.dll
0x00007ff8b0a50000 - 0x00007ff8b0aed000 	C:\Windows\System32\msvcp_win.dll
0x00007ff8b18c0000 - 0x00007ff8b18f0000 	C:\Windows\System32\IMM32.DLL
0x00007ff880e50000 - 0x00007ff880eed000 	C:\Program Files\Android\Android Studio\jre\bin\msvcp140.dll
0x00007ff86b8a0000 - 0x00007ff86c375000 	C:\Program Files\Android\Android Studio\jre\bin\server\jvm.dll
0x00007ff8b14b0000 - 0x00007ff8b155e000 	C:\Windows\System32\ADVAPI32.dll
0x00007ff8b29d0000 - 0x00007ff8b2a6c000 	C:\Windows\System32\sechost.dll
0x00007ff8b0da0000 - 0x00007ff8b0ec5000 	C:\Windows\System32\RPCRT4.dll
0x00007ff8b2c60000 - 0x00007ff8b2c68000 	C:\Windows\System32\PSAPI.DLL
0x00007ff8a98a0000 - 0x00007ff8a98a9000 	C:\Windows\SYSTEM32\WSOCK32.dll
0x00007ff8aa560000 - 0x00007ff8aa587000 	C:\Windows\SYSTEM32\WINMM.dll
0x00007ff8aeab0000 - 0x00007ff8aeaba000 	C:\Windows\SYSTEM32\VERSION.dll
0x00007ff8b1d10000 - 0x00007ff8b1d7b000 	C:\Windows\System32\WS2_32.dll
0x00007ff8ad4b0000 - 0x00007ff8ad4c2000 	C:\Windows\SYSTEM32\kernel.appcore.dll
0x00007ff88fe70000 - 0x00007ff88fe81000 	C:\Program Files\Android\Android Studio\jre\bin\verify.dll
0x00007ff8afd60000 - 0x00007ff8aff44000 	C:\Windows\SYSTEM32\DBGHELP.DLL
0x00007ff8afd30000 - 0x00007ff8afd5c000 	C:\Windows\SYSTEM32\dbgcore.DLL
0x00007ff8b0560000 - 0x00007ff8b05e2000 	C:\Windows\System32\bcryptPrimitives.dll
0x00007ff88fe40000 - 0x00007ff88fe69000 	C:\Program Files\Android\Android Studio\jre\bin\java.dll
0x00007ff89cc10000 - 0x00007ff89cc1b000 	C:\Program Files\Android\Android Studio\jre\bin\jimage.dll
0x00007ff88e8e0000 - 0x00007ff88e8f8000 	C:\Program Files\Android\Android Studio\jre\bin\zip.dll
0x00007ff8b1e40000 - 0x00007ff8b2584000 	C:\Windows\System32\SHELL32.dll
0x00007ff8ad6b0000 - 0x00007ff8ade44000 	C:\Windows\SYSTEM32\windows.storage.dll
0x00007ff8b1560000 - 0x00007ff8b18b5000 	C:\Windows\System32\combase.dll
0x00007ff8af720000 - 0x00007ff8af74e000 	C:\Windows\SYSTEM32\Wldp.dll
0x00007ff8b2800000 - 0x00007ff8b28ad000 	C:\Windows\System32\SHCORE.dll
0x00007ff8b2660000 - 0x00007ff8b26b5000 	C:\Windows\System32\shlwapi.dll
0x00007ff8b0300000 - 0x00007ff8b031f000 	C:\Windows\SYSTEM32\profapi.dll
0x00007ff88e8c0000 - 0x00007ff88e8da000 	C:\Program Files\Android\Android Studio\jre\bin\net.dll
0x00007ff8a64c0000 - 0x00007ff8a65cc000 	C:\Windows\SYSTEM32\WINHTTP.dll
0x00007ff8af4a0000 - 0x00007ff8af50a000 	C:\Windows\system32\mswsock.dll
0x00007ff88e740000 - 0x00007ff88e754000 	C:\Program Files\Android\Android Studio\jre\bin\nio.dll
0x00007ff88ad80000 - 0x00007ff88ada7000 	C:\Users\Ester\.gradle\native\e1d6ef7f7dcc3fd88c89a11ec53ec762bb8ba0a96d01ffa2cd45eb1d1d8dd5c5\windows-amd64\native-platform.dll
0x00007ff862f00000 - 0x00007ff863044000 	C:\Users\Ester\.gradle\native\5664cfc778a61ccfe75a443a1ab52a65af34e5dc3c78e0209fed803814484fcb\windows-amd64\native-platform-file-events.dll
0x00007ff89bf20000 - 0x00007ff89bf2a000 	C:\Program Files\Android\Android Studio\jre\bin\management.dll
0x00007ff899b60000 - 0x00007ff899b6d000 	C:\Program Files\Android\Android Studio\jre\bin\management_ext.dll
0x00007ff8b0140000 - 0x00007ff8b0158000 	C:\Windows\SYSTEM32\CRYPTSP.dll
0x00007ff8aee20000 - 0x00007ff8aee54000 	C:\Windows\system32\rsaenh.dll
0x00007ff8b0a20000 - 0x00007ff8b0a47000 	C:\Windows\System32\bcrypt.dll
0x00007ff8b02c0000 - 0x00007ff8b02ee000 	C:\Windows\SYSTEM32\USERENV.dll
0x00007ff8af690000 - 0x00007ff8af69c000 	C:\Windows\SYSTEM32\CRYPTBASE.dll
0x00007ff8af190000 - 0x00007ff8af1cb000 	C:\Windows\SYSTEM32\IPHLPAPI.DLL
0x00007ff8b14a0000 - 0x00007ff8b14a8000 	C:\Windows\System32\NSI.dll
0x00007ff8a6440000 - 0x00007ff8a6457000 	C:\Windows\SYSTEM32\dhcpcsvc6.DLL
0x00007ff8a6420000 - 0x00007ff8a643d000 	C:\Windows\SYSTEM32\dhcpcsvc.DLL
0x00007ff8af1d0000 - 0x00007ff8af29b000 	C:\Windows\SYSTEM32\DNSAPI.dll

dbghelp: loaded successfully - version: 4.0.5 - missing functions: none
symbol engine: initialized successfully - sym options: 0x614 - pdb path: .;C:\Program Files\Android\Android Studio\jre\bin;C:\Windows\SYSTEM32;C:\Windows\WinSxS\amd64_microsoft.windows.common-controls_6595b64144ccf1df_6.0.19041.1110_none_60b5254171f9507e;C:\Program Files\Android\Android Studio\jre\bin\server;C:\Users\Ester\.gradle\native\e1d6ef7f7dcc3fd88c89a11ec53ec762bb8ba0a96d01ffa2cd45eb1d1d8dd5c5\windows-amd64;C:\Users\Ester\.gradle\native\5664cfc778a61ccfe75a443a1ab52a65af34e5dc3c78e0209fed803814484fcb\windows-amd64

VM Arguments:
jvm_args: --add-opens=java.base/java.util=ALL-UNNAMED --add-opens=java.base/java.lang=ALL-UNNAMED --add-opens=java.base/java.lang.invoke=ALL-UNNAMED --add-opens=java.base/java.util=ALL-UNNAMED --add-opens=java.prefs/java.util.prefs=ALL-UNNAMED --add-opens=java.prefs/java.util.prefs=ALL-UNNAMED --add-opens=java.base/java.nio.charset=ALL-UNNAMED --add-opens=java.base/java.net=ALL-UNNAMED --add-opens=java.base/java.util.concurrent.atomic=ALL-UNNAMED -Xmx2048m -Dfile.encoding=UTF-8 -Duser.country=BR -Duser.language=pt -Duser.variant 
java_command: org.gradle.launcher.daemon.bootstrap.GradleDaemon 7.2
java_class_path (initial): C:\Users\Ester\.gradle\wrapper\dists\gradle-7.2-bin\2dnblmf4td7x66yl1d74lt32g\gradle-7.2\lib\gradle-launcher-7.2.jar
Launcher Type: SUN_STANDARD

[Global flags]
     intx CICompilerCount                          = 4                                         {product} {ergonomic}
     uint ConcGCThreads                            = 2                                         {product} {ergonomic}
     uint G1ConcRefinementThreads                  = 8                                         {product} {ergonomic}
   size_t G1HeapRegionSize                         = 1048576                                   {product} {ergonomic}
    uintx GCDrainStackTargetSize                   = 64                                        {product} {ergonomic}
   size_t InitialHeapSize                          = 268435456                                 {product} {ergonomic}
   size_t MarkStackSize                            = 4194304                                   {product} {ergonomic}
   size_t MaxHeapSize                              = 2147483648                                {product} {command line}
   size_t MaxNewSize                               = 1287651328                                {product} {ergonomic}
   size_t MinHeapDeltaBytes                        = 1048576                                   {product} {ergonomic}
    uintx NonNMethodCodeHeapSize                   = 5836300                                {pd product} {ergonomic}
    uintx NonProfiledCodeHeapSize                  = 122910970                              {pd product} {ergonomic}
    uintx ProfiledCodeHeapSize                     = 122910970                              {pd product} {ergonomic}
    uintx ReservedCodeCacheSize                    = 251658240                              {pd product} {ergonomic}
     bool SegmentedCodeCache                       = true                                      {product} {ergonomic}
     bool UseCompressedClassPointers               = true                                 {lp64_product} {ergonomic}
     bool UseCompressedOops                        = true                                 {lp64_product} {ergonomic}
     bool UseG1GC                                  = true                                      {product} {ergonomic}
     bool UseLargePagesIndividualAllocation        = false                                  {pd product} {ergonomic}

Logging:
Log output configuration:
 #0: stdout all=warning uptime,level,tags
 #1: stderr all=off uptime,level,tags

Environment Variables:
JAVA_HOME=C:\Users\Ester\Downloads\jdk-11.0.10_windows-x64_bin.exe
CLASSPATH=.
PATH=C:\Program Files\Common Files\Oracle\Java\javapath;C:\Python310\Scripts\;C:\Python310\;C:\Windows\system32;C:\Windows;C:\Windows\System32\Wbem;C:\Windows\System32\WindowsPowerShell\v1.0\;C:\Windows\System32\OpenSSH\;C:\Program Files\nodejs\;C:\ProgramData\chocolatey\bin;C:\Users\Ester\Downloads\jdk-11.0.10_windows-x64_bin.exe\bin;C:\Users\Ester\AppData\Local\Microsoft\WindowsApps;;C:\Users\Ester\AppData\Local\Programs\Microsoft VS Code\bin;C:\Users\Ester\AppData\Roaming\npm;C:\Program Files\JetBrains\IntelliJ IDEA Community Edition 2021.3.2\bin;
USERNAME=Ester
OS=Windows_NT
PROCESSOR_IDENTIFIER=Intel64 Family 6 Model 158 Stepping 9, GenuineIntel



---------------  S Y S T E M  ---------------

OS: Windows 10 , 64 bit Build 19041 (10.0.19041.1503)
OS uptime: 0 days 14:15 hours

CPU:total 8 (initial active 8) (4 cores per cpu, 2 threads per core) family 6 model 158 stepping 9 microcode 0xb4, cmov, cx8, fxsr, mmx, sse, sse2, sse3, ssse3, sse4.1, sse4.2, popcnt, avx, avx2, aes, clmul, erms, 3dnowpref, lzcnt, ht, tsc, tscinvbit, bmi1, bmi2, adx, fma

Memory: 4k page, system-wide physical 16293M (6550M free)
TotalPageFile size 18725M (AvailPageFile size 9062M)
current process WorkingSet (physical memory assigned to process): 370M, peak: 373M
current process commit charge ("private bytes"): 482M, peak: 491M

vm_info: OpenJDK 64-Bit Server VM (11.0.11+9-b60-7590822) for windows-amd64 JRE (11.0.11+9-b60-7590822), built on Jul 29 2021 21:43:44 by "builder" with MS VC++ 14.0 (VS2015)

END.
