#
# A fatal error has been detected by the Java Runtime Environment:
#
#  EXCEPTION_ACCESS_VIOLATION (0xc0000005) at pc=0x000001f5808accd7, pid=16412, tid=17900
#
# JRE version: OpenJDK Runtime Environment (11.0.11+9) (build 11.0.11+9-b60-7590822)
# Java VM: OpenJDK 64-Bit Server VM (11.0.11+9-b60-7590822, mixed mode, tiered, compressed oops, g1 gc, windows-amd64)
# Problematic frame:
# J 1493 c1 sun.nio.fs.WindowsPath.getFileName()Ljava/nio/file/Path; java.base@11.0.11 (87 bytes) @ 0x000001f5808accd7 [0x000001f5808ac740+0x0000000000000597]
#
# No core dump will be written. Minidumps are not enabled by default on client versions of Windows
#
# If you would like to submit a bug report, please visit:
#   https://bugreport.java.com/bugreport/crash.jsp
#

---------------  S U M M A R Y ------------

Command Line: --add-opens=java.base/java.util=ALL-UNNAMED --add-opens=java.base/java.lang=ALL-UNNAMED --add-opens=java.base/java.lang.invoke=ALL-UNNAMED --add-opens=java.base/java.util=ALL-UNNAMED --add-opens=java.prefs/java.util.prefs=ALL-UNNAMED --add-opens=java.prefs/java.util.prefs=ALL-UNNAMED --add-opens=java.base/java.nio.charset=ALL-UNNAMED --add-opens=java.base/java.net=ALL-UNNAMED --add-opens=java.base/java.util.concurrent.atomic=ALL-UNNAMED -Xmx2048m -Dfile.encoding=UTF-8 -Duser.country=BR -Duser.language=pt -Duser.variant org.gradle.launcher.daemon.bootstrap.GradleDaemon 7.2

Host: Intel(R) Core(TM) i7-7700HQ CPU @ 2.80GHz, 8 cores, 15G,  Windows 10 , 64 bit Build 19041 (10.0.19041.1503)
Time: Mon Mar 28 10:51:41 2022 Hora oficial do Brasil elapsed time: 13.340566 seconds (0d 0h 0m 13s)

---------------  T H R E A D  ---------------

Current thread (0x000001f5ffdfd000):  JavaThread "Unconstrained build operations Thread 40" [_thread_in_Java, id=17900, stack(0x0000001f71a00000,0x0000001f71b00000)]

Stack: [0x0000001f71a00000,0x0000001f71b00000],  sp=0x0000001f71afc0e0,  free space=1008k
Native frames: (J=compiled Java code, j=interpreted, Vv=VM code, C=native code)
C  0x000001f5808accd7


siginfo: EXCEPTION_ACCESS_VIOLATION (0xc0000005), reading address 0x000001f514cc8df0


Register to memory mapping:

RIP=0x000001f5808accd7 is at entry_point+1431 in (nmethod*)0x000001f5808ac490
RAX=0x000000000000004b is an unknown value
RBX=0x000000008dd12378 is an oop: sun.nio.fs.WindowsPath 
{0x000000008dd12378} - klass: 'sun/nio/fs/WindowsPath'
RCX=0x000001f514cc8b90 is an unknown value
RDX=0x000000008dd12230 is an oop: java.lang.String 
{0x000000008dd12230} - klass: 'java/lang/String'
RSP=0x0000001f71afc0e0 is pointing into the stack for thread: 0x000001f5ffdfd000
RBP=0x0000001f71afc3a0 is pointing into the stack for thread: 0x000001f5ffdfd000
RSI=0x0000000000000003 is an unknown value
RDI=0x0000000000000003 is an unknown value
R8 =0x0000000000000260 is an unknown value
R9 =0x000000000000004d is an unknown value
R10=0x000001f5f3dd1000 points into unknown readable memory: 0x0000000000000000 | 00 00 00 00 00 00 00 00
R11=0x000000000000005c is an unknown value
R12=0x0 is NULL
R13=0x000000000062d528 is an unknown value
R14=0x00000001004f26c0 is pointing into metadata
R15=0x000001f5ffdfd000 is a thread


Registers:
RAX=0x000000000000004b, RBX=0x000000008dd12378, RCX=0x000001f514cc8b90, RDX=0x000000008dd12230
RSP=0x0000001f71afc0e0, RBP=0x0000001f71afc3a0, RSI=0x0000000000000003, RDI=0x0000000000000003
R8 =0x0000000000000260, R9 =0x000000000000004d, R10=0x000001f5f3dd1000, R11=0x000000000000005c
R12=0x0000000000000000, R13=0x000000000062d528, R14=0x00000001004f26c0, R15=0x000001f5ffdfd000
RIP=0x000001f5808accd7, EFLAGS=0x0000000000010206

Top of Stack: (sp=0x0000001f71afc0e0)
0x0000001f71afc0e0:   000000008dd12888 000000008dd12868
0x0000001f71afc0f0:   0000001f71afc0f0 000001f594cc3a94
0x0000001f71afc100:   0000001f71afc150 000001f594cc4278
0x0000001f71afc110:   000001f59ce34838 0000000080f968d0
0x0000001f71afc120:   000001f594cc3ac8 0000000000000000
0x0000001f71afc130:   0000001f71afc160 0000001f71afc330
0x0000001f71afc140:   000001f58174db34 000000008dd12720
0x0000001f71afc150:   000000008dd12868 000001f58174db34
0x0000001f71afc160:   000001f58000e26a 000001f597644158
0x0000001f71afc170:   000001f5ffdfd000 000000008dd12378
0x0000001f71afc180:   000000008dd12540 000000008dd12720
0x0000001f71afc190:   000000008dd12868 000000008dd12720
0x0000001f71afc1a0:   0000001f71afc3a0 000001f58175190c
0x0000001f71afc1b0:   0000000000000000 000000008dd12a68
0x0000001f71afc1c0:   0000001f71afc330 000001f580bd68a8
0x0000001f71afc1d0:   000000008dd12a68 000001f58000a0c3 

Instructions: (pc=0x000001f5808accd7)
0x000001f5808acbd7:   f5 01 00 00 48 83 82 c0 01 00 00 01 48 8b d6 41
0x000001f5808acbe7:   b8 5c 00 00 00 4c 8b cb e8 0c 97 77 ff 48 8b 9c
0x000001f5808acbf7:   24 98 00 00 00 8b 53 18 48 3b 02 48 8b ca 48 be
0x000001f5808acc07:   90 8b cc 94 f5 01 00 00 48 83 86 28 02 00 00 01
0x000001f5808acc17:   48 b9 08 88 54 ff f5 01 00 00 8b b1 04 01 00 00
0x000001f5808acc27:   83 c6 08 89 b1 04 01 00 00 81 e6 f8 ff 7f 00 83
0x000001f5808acc37:   fe 00 0f 84 86 05 00 00 8b 4a 0c 8b 71 0c 48 8b
0x000001f5808acc47:   ca 48 bf 08 88 54 ff f5 01 00 00 48 83 87 40 01
0x000001f5808acc57:   00 00 01 48 b9 18 ec 4c ff f5 01 00 00 8b b9 04
0x000001f5808acc67:   01 00 00 83 c7 08 89 b9 04 01 00 00 81 e7 f8 ff
0x000001f5808acc77:   7f 00 83 ff 00 0f 84 69 05 00 00 48 b9 18 ec 4c
0x000001f5808acc87:   ff f5 01 00 00 ff 81 50 01 00 00 0f be 4a 14 48
0x000001f5808acc97:   bf 18 ec 4c ff f5 01 00 00 ff 87 60 01 00 00 c1
0x000001f5808acca7:   e1 18 c1 f9 18 48 8b fe d3 ff 3b c7 48 b9 90 8b
0x000001f5808accb7:   cc 94 f5 01 00 00 49 b8 60 02 00 00 00 00 00 00
0x000001f5808accc7:   0f 8d 0a 00 00 00 49 b8 70 02 00 00 00 00 00 00
0x000001f5808accd7:   4e 8b 0c 01 4d 8d 49 01 4e 89 0c 01 0f 8d b2 00
0x000001f5808acce7:   00 00 48 8b c2 48 b9 90 8b cc 94 f5 01 00 00 48
0x000001f5808accf7:   83 81 80 02 00 00 01 48 b8 08 88 54 ff f5 01 00
0x000001f5808acd07:   00 8b 88 04 01 00 00 83 c1 08 89 88 04 01 00 00
0x000001f5808acd17:   81 e1 f8 ff 7f 00 83 f9 00 0f 84 e6 04 00 00 48
0x000001f5808acd27:   8b c2 48 b9 08 88 54 ff f5 01 00 00 48 83 81 40
0x000001f5808acd37:   01 00 00 01 48 b8 18 ec 4c ff f5 01 00 00 8b 88
0x000001f5808acd47:   04 01 00 00 83 c1 08 89 88 04 01 00 00 81 e1 f8
0x000001f5808acd57:   ff 7f 00 83 f9 00 0f 84 ca 04 00 00 48 ba 18 ec
0x000001f5808acd67:   4c ff f5 01 00 00 ff 82 50 01 00 00 48 ba 18 ec
0x000001f5808acd77:   4c ff f5 01 00 00 ff 82 60 01 00 00 48 ba 90 8b
0x000001f5808acd87:   cc 94 f5 01 00 00 ff 82 b8 02 00 00 4c 8b c7 e9
0x000001f5808acd97:   05 00 00 00 ff c0 4c 8b c0 48 ba 40 20 06 00 01
0x000001f5808acda7:   00 00 00 49 8b 87 18 01 00 00 48 8d 78 28 49 3b
0x000001f5808acdb7:   bf 28 01 00 00 0f 87 8c 04 00 00 49 89 bf 18 01
0x000001f5808acdc7:   00 00 48 8b 8a b8 00 00 00 48 89 08 48 8b ca 48 


Stack slot to memory mapping:
stack at sp + 0 slots: 0x000000008dd12888 is an oop: java.lang.StringBuilder 
{0x000000008dd12888} - klass: 'java/lang/StringBuilder'
stack at sp + 1 slots: 0x000000008dd12868 is an oop: sun.nio.fs.WindowsDirectoryStream$WindowsDirectoryIterator 
{0x000000008dd12868} - klass: 'sun/nio/fs/WindowsDirectoryStream$WindowsDirectoryIterator'
stack at sp + 2 slots: 0x0000001f71afc0f0 is pointing into the stack for thread: 0x000001f5ffdfd000
stack at sp + 3 slots: 0x000001f594cc3a94 is pointing into metadata
stack at sp + 4 slots: 0x0000001f71afc150 is pointing into the stack for thread: 0x000001f5ffdfd000
stack at sp + 5 slots: 0x000001f594cc4278 is pointing into metadata
stack at sp + 6 slots: 0x000001f59ce34838 is pointing into metadata
stack at sp + 7 slots: 0x0000000080f968d0 is an oop: java.lang.Class 
{0x0000000080f968d0} - klass: 'java/lang/Class'



---------------  P R O C E S S  ---------------

Threads class SMR info:
_java_thread_list=0x000001f59a312280, length=133, elements={
0x000001f5f568c000, 0x000001f5ffacf800, 0x000001f5ffada800, 0x000001f5ffb35800,
0x000001f5ffb38000, 0x000001f5ffb3a000, 0x000001f5ffb3d000, 0x000001f5ffb46000,
0x000001f5ffb4c800, 0x000001f5ffcba000, 0x000001f593dde800, 0x000001f5ffe9e800,
0x000001f5ffe6d800, 0x000001f591fd5800, 0x000001f593400000, 0x000001f59209c800,
0x000001f592395800, 0x000001f593329000, 0x000001f591fde800, 0x000001f592eec000,
0x000001f592ef2800, 0x000001f592ef0800, 0x000001f592eed000, 0x000001f593da7800,
0x000001f592eee800, 0x000001f592eee000, 0x000001f592eef800, 0x000001f592ef1000,
0x000001f592ef2000, 0x000001f594b06000, 0x000001f594b07800, 0x000001f594b08800,
0x000001f594b02800, 0x000001f594b0a000, 0x000001f594b04800, 0x000001f594b0b000,
0x000001f594b05000, 0x000001f594b0b800, 0x000001f594b0e000, 0x000001f594b10800,
0x000001f594b0c800, 0x000001f594b0f000, 0x000001f594b10000, 0x000001f597e55000,
0x000001f597e53800, 0x000001f597e54800, 0x000001f597e56000, 0x000001f597e58800,
0x000001f597e57000, 0x000001f597e57800, 0x000001f597e52800, 0x000001f597e5c800,
0x000001f597e5d800, 0x000001f597e5e000, 0x000001f597e5a000, 0x000001f597e5b000,
0x000001f597e5f000, 0x000001f597e59000, 0x000001f597e5b800, 0x000001f597e5f800,
0x000001f597e60800, 0x000001f597e61800, 0x000001f593f90000, 0x000001f593f91800,
0x000001f593f92800, 0x000001f593f8e800, 0x000001f593f93000, 0x000001f593f8f000,
0x000001f593f94000, 0x000001f593f95000, 0x000001f593f90800, 0x000001f5ffdfe000,
0x000001f5ffdfb800, 0x000001f5ffdfc000, 0x000001f5ffdff800, 0x000001f5ffdf9800,
0x000001f5ffdfd000, 0x000001f5ffdfe800, 0x000001f5ffe00800, 0x000001f5ffdfa800,
0x000001f5ffe02800, 0x000001f5ffe03800, 0x000001f5ffe07000, 0x000001f5ffe04800,
0x000001f5ffe05000, 0x000001f5ffe06000, 0x000001f5ffe02000, 0x000001f5ffe01000,
0x000001f5ffe07800, 0x000001f5ffe08800, 0x000001f5921c6000, 0x000001f5921c4800,
0x000001f5921c2000, 0x000001f5921c7000, 0x000001f5921c5800, 0x000001f5921c1000,
0x000001f5921c7800, 0x000001f5921c8800, 0x000001f5921c3000, 0x000001f5921c9800,
0x000001f5921c3800, 0x000001f5921cd800, 0x000001f5921cf000, 0x000001f5921ce800,
0x000001f5921ca000, 0x000001f5921d0000, 0x000001f5921cb000, 0x000001f5921cc000,
0x000001f5921cc800, 0x000001f596e5d800, 0x000001f596e5a800, 0x000001f596e5d000,
0x000001f596e5c000, 0x000001f596e5e800, 0x000001f596e59800, 0x000001f596e5f000,
0x000001f596e5b000, 0x000001f596e65000, 0x000001f596e63800, 0x000001f596e64000,
0x000001f596e66000, 0x000001f596e61800, 0x000001f594a3b000, 0x000001f596e62800,
0x000001f596e61000, 0x000001f596e66800, 0x000001f596e67800, 0x000001f596e68000,
0x000001f59827b800, 0x000001f59827a000, 0x000001f59827d000, 0x000001f59827c000,
0x000001f59827a800
}

Java Threads: ( => current thread )
  0x000001f5f568c000 JavaThread "main" [_thread_blocked, id=17244, stack(0x0000001f6be00000,0x0000001f6bf00000)]
  0x000001f5ffacf800 JavaThread "Reference Handler" daemon [_thread_blocked, id=17380, stack(0x0000001f6c500000,0x0000001f6c600000)]
  0x000001f5ffada800 JavaThread "Finalizer" daemon [_thread_blocked, id=1368, stack(0x0000001f6c600000,0x0000001f6c700000)]
  0x000001f5ffb35800 JavaThread "Signal Dispatcher" daemon [_thread_blocked, id=17596, stack(0x0000001f6c700000,0x0000001f6c800000)]
  0x000001f5ffb38000 JavaThread "Attach Listener" daemon [_thread_blocked, id=17572, stack(0x0000001f6c800000,0x0000001f6c900000)]
  0x000001f5ffb3a000 JavaThread "Service Thread" daemon [_thread_blocked, id=17428, stack(0x0000001f6c900000,0x0000001f6ca00000)]
  0x000001f5ffb3d000 JavaThread "C2 CompilerThread0" daemon [_thread_blocked, id=17588, stack(0x0000001f6ca00000,0x0000001f6cb00000)]
  0x000001f5ffb46000 JavaThread "C1 CompilerThread0" daemon [_thread_blocked, id=17732, stack(0x0000001f6cb00000,0x0000001f6cc00000)]
  0x000001f5ffb4c800 JavaThread "Sweeper thread" daemon [_thread_blocked, id=10592, stack(0x0000001f6cc00000,0x0000001f6cd00000)]
  0x000001f5ffcba000 JavaThread "Common-Cleaner" daemon [_thread_blocked, id=17912, stack(0x0000001f6cd00000,0x0000001f6ce00000)]
  0x000001f593dde800 JavaThread "Daemon health stats" [_thread_blocked, id=17116, stack(0x0000001f6d600000,0x0000001f6d700000)]
  0x000001f5ffe9e800 JavaThread "Incoming local TCP Connector on port 53489" [_thread_in_native, id=8312, stack(0x0000001f6cf00000,0x0000001f6d000000)]
  0x000001f5ffe6d800 JavaThread "Daemon periodic checks" [_thread_blocked, id=17440, stack(0x0000001f6d000000,0x0000001f6d100000)]
  0x000001f591fd5800 JavaThread "Daemon" [_thread_blocked, id=17708, stack(0x0000001f6d700000,0x0000001f6d800000)]
  0x000001f593400000 JavaThread "Handler for socket connection from /127.0.0.1:53489 to /127.0.0.1:53490" [_thread_in_native, id=11008, stack(0x0000001f6d800000,0x0000001f6d900000)]
  0x000001f59209c800 JavaThread "Cancel handler" [_thread_blocked, id=17764, stack(0x0000001f6d900000,0x0000001f6da00000)]
  0x000001f592395800 JavaThread "Daemon worker" [_thread_blocked, id=17740, stack(0x0000001f6da00000,0x0000001f6db00000)]
  0x000001f593329000 JavaThread "Asynchronous log dispatcher for DefaultDaemonConnection: socket connection from /127.0.0.1:53489 to /127.0.0.1:53490" [_thread_blocked, id=17600, stack(0x0000001f6db00000,0x0000001f6dc00000)]
  0x000001f591fde800 JavaThread "Stdin handler" [_thread_blocked, id=17168, stack(0x0000001f6dc00000,0x0000001f6dd00000)]
  0x000001f592eec000 JavaThread "Daemon client event forwarder" [_thread_blocked, id=16484, stack(0x0000001f6dd00000,0x0000001f6de00000)]
  0x000001f592ef2800 JavaThread "Cache worker for journal cache (C:\Users\Ester\.gradle\caches\journal-1)" [_thread_in_vm, id=3228, stack(0x0000001f6de00000,0x0000001f6df00000)]
  0x000001f592ef0800 JavaThread "File lock request listener" [_thread_in_native, id=16452, stack(0x0000001f6df00000,0x0000001f6e000000)]
  0x000001f592eed000 JavaThread "Cache worker for file hash cache (C:\Users\Ester\.gradle\caches\7.2\fileHashes)" [_thread_blocked, id=17712, stack(0x0000001f6e000000,0x0000001f6e100000)]
  0x000001f593da7800 JavaThread "C2 CompilerThread1" daemon [_thread_blocked, id=17964, stack(0x0000001f6e400000,0x0000001f6e500000)]
  0x000001f592eee800 JavaThread "Cache worker for file hash cache (C:\Users\Ester\AndroidStudioProjects\Exemplo1\.gradle\7.2\fileHashes)" [_thread_blocked, id=17736, stack(0x0000001f6e500000,0x0000001f6e600000)]
  0x000001f592eee000 JavaThread "File watcher server" daemon [_thread_blocked, id=17820, stack(0x0000001f6e600000,0x0000001f6e700000)]
  0x000001f592eef800 JavaThread "File watcher consumer" daemon [_thread_blocked, id=18116, stack(0x0000001f6e800000,0x0000001f6e900000)]
  0x000001f592ef1000 JavaThread "Cache worker for checksums cache (C:\Users\Ester\AndroidStudioProjects\Exemplo1\.gradle\checksums)" [_thread_blocked, id=17528, stack(0x0000001f6e900000,0x0000001f6ea00000)]
  0x000001f592ef2000 JavaThread "Cache worker for cache directory md-supplier (C:\Users\Ester\.gradle\caches\7.2\md-supplier)" [_thread_blocked, id=17804, stack(0x0000001f6ea00000,0x0000001f6eb00000)]
  0x000001f594b06000 JavaThread "Cache worker for cache directory md-rule (C:\Users\Ester\.gradle\caches\7.2\md-rule)" [_thread_blocked, id=17000, stack(0x0000001f6eb00000,0x0000001f6ec00000)]
  0x000001f594b07800 JavaThread "Cache worker for execution history cache (C:\Users\Ester\.gradle\caches\7.2\executionHistory)" [_thread_blocked, id=17816, stack(0x0000001f6ec00000,0x0000001f6ed00000)]
  0x000001f594b08800 JavaThread "jar transforms" [_thread_blocked, id=17580, stack(0x0000001f6ed00000,0x0000001f6ee00000)]
  0x000001f594b02800 JavaThread "Cache worker for file content cache (C:\Users\Ester\.gradle\caches\7.2\fileContent)" [_thread_blocked, id=17888, stack(0x0000001f6ee00000,0x0000001f6ef00000)]
  0x000001f594b0a000 JavaThread "jar transforms Thread 2" [_thread_blocked, id=17868, stack(0x0000001f6ef00000,0x0000001f6f000000)]
  0x000001f594b04800 JavaThread "Cache worker for dependencies-accessors (C:\Users\Ester\AndroidStudioProjects\Exemplo1\.gradle\7.2\dependencies-accessors)" [_thread_blocked, id=17856, stack(0x0000001f6f000000,0x0000001f6f100000)]
  0x000001f594b0b000 JavaThread "jar transforms Thread 3" [_thread_blocked, id=17716, stack(0x0000001f6f100000,0x0000001f6f200000)]
  0x000001f594b05000 JavaThread "Cache worker for Build Output Cleanup Cache (C:\Users\Ester\AndroidStudioProjects\Exemplo1\.gradle\buildOutputCleanup)" [_thread_blocked, id=18264, stack(0x0000001f6f200000,0x0000001f6f300000)]
  0x000001f594b0b800 JavaThread "Unconstrained build operations" [_thread_blocked, id=17880, stack(0x0000001f6f300000,0x0000001f6f400000)]
  0x000001f594b0e000 JavaThread "Unconstrained build operations Thread 2" [_thread_blocked, id=17772, stack(0x0000001f6f400000,0x0000001f6f500000)]
  0x000001f594b10800 JavaThread "Unconstrained build operations Thread 3" [_thread_blocked, id=17996, stack(0x0000001f6f500000,0x0000001f6f600000)]
  0x000001f594b0c800 JavaThread "Unconstrained build operations Thread 4" [_thread_blocked, id=17884, stack(0x0000001f6f600000,0x0000001f6f700000)]
  0x000001f594b0f000 JavaThread "Unconstrained build operations Thread 5" [_thread_blocked, id=18188, stack(0x0000001f6f700000,0x0000001f6f800000)]
  0x000001f594b10000 JavaThread "Unconstrained build operations Thread 6" [_thread_blocked, id=17840, stack(0x0000001f6f800000,0x0000001f6f900000)]
  0x000001f597e55000 JavaThread "Unconstrained build operations Thread 7" [_thread_blocked, id=17984, stack(0x0000001f6f900000,0x0000001f6fa00000)]
  0x000001f597e53800 JavaThread "Unconstrained build operations Thread 8" [_thread_blocked, id=18000, stack(0x0000001f6fa00000,0x0000001f6fb00000)]
  0x000001f597e54800 JavaThread "Unconstrained build operations Thread 9" [_thread_blocked, id=18048, stack(0x0000001f6fb00000,0x0000001f6fc00000)]
  0x000001f597e56000 JavaThread "Unconstrained build operations Thread 10" [_thread_blocked, id=17960, stack(0x0000001f6fc00000,0x0000001f6fd00000)]
  0x000001f597e58800 JavaThread "Unconstrained build operations Thread 11" [_thread_blocked, id=8268, stack(0x0000001f6fd00000,0x0000001f6fe00000)]
  0x000001f597e57000 JavaThread "Unconstrained build operations Thread 12" [_thread_blocked, id=17916, stack(0x0000001f6fe00000,0x0000001f6ff00000)]
  0x000001f597e57800 JavaThread "Unconstrained build operations Thread 13" [_thread_blocked, id=18120, stack(0x0000001f6ff00000,0x0000001f70000000)]
  0x000001f597e52800 JavaThread "Unconstrained build operations Thread 14" [_thread_blocked, id=18128, stack(0x0000001f70000000,0x0000001f70100000)]
  0x000001f597e5c800 JavaThread "Unconstrained build operations Thread 15" [_thread_blocked, id=18248, stack(0x0000001f70100000,0x0000001f70200000)]
  0x000001f597e5d800 JavaThread "Unconstrained build operations Thread 16" [_thread_blocked, id=18252, stack(0x0000001f70200000,0x0000001f70300000)]
  0x000001f597e5e000 JavaThread "Unconstrained build operations Thread 17" [_thread_blocked, id=17828, stack(0x0000001f70300000,0x0000001f70400000)]
  0x000001f597e5a000 JavaThread "Unconstrained build operations Thread 18" [_thread_blocked, id=18104, stack(0x0000001f70400000,0x0000001f70500000)]
  0x000001f597e5b000 JavaThread "Unconstrained build operations Thread 19" [_thread_blocked, id=18156, stack(0x0000001f70500000,0x0000001f70600000)]
  0x000001f597e5f000 JavaThread "Unconstrained build operations Thread 20" [_thread_blocked, id=17844, stack(0x0000001f70600000,0x0000001f70700000)]
  0x000001f597e59000 JavaThread "Unconstrained build operations Thread 21" [_thread_blocked, id=17952, stack(0x0000001f70700000,0x0000001f70800000)]
  0x000001f597e5b800 JavaThread "Unconstrained build operations Thread 22" [_thread_blocked, id=18180, stack(0x0000001f70800000,0x0000001f70900000)]
  0x000001f597e5f800 JavaThread "Unconstrained build operations Thread 23" [_thread_blocked, id=18224, stack(0x0000001f70900000,0x0000001f70a00000)]
  0x000001f597e60800 JavaThread "Unconstrained build operations Thread 24" [_thread_blocked, id=18032, stack(0x0000001f70a00000,0x0000001f70b00000)]
  0x000001f597e61800 JavaThread "Unconstrained build operations Thread 25" [_thread_blocked, id=18044, stack(0x0000001f70b00000,0x0000001f70c00000)]
  0x000001f593f90000 JavaThread "Unconstrained build operations Thread 26" [_thread_blocked, id=18152, stack(0x0000001f70c00000,0x0000001f70d00000)]
  0x000001f593f91800 JavaThread "Unconstrained build operations Thread 27" [_thread_blocked, id=17896, stack(0x0000001f70d00000,0x0000001f70e00000)]
  0x000001f593f92800 JavaThread "Unconstrained build operations Thread 28" [_thread_blocked, id=18108, stack(0x0000001f70e00000,0x0000001f70f00000)]
  0x000001f593f8e800 JavaThread "Unconstrained build operations Thread 29" [_thread_blocked, id=18208, stack(0x0000001f70f00000,0x0000001f71000000)]
  0x000001f593f93000 JavaThread "Unconstrained build operations Thread 30" [_thread_blocked, id=17980, stack(0x0000001f71000000,0x0000001f71100000)]
  0x000001f593f8f000 JavaThread "Unconstrained build operations Thread 31" [_thread_blocked, id=2856, stack(0x0000001f71100000,0x0000001f71200000)]
  0x000001f593f94000 JavaThread "Unconstrained build operations Thread 32" [_thread_blocked, id=17860, stack(0x0000001f71200000,0x0000001f71300000)]
  0x000001f593f95000 JavaThread "Unconstrained build operations Thread 33" [_thread_blocked, id=17992, stack(0x0000001f71300000,0x0000001f71400000)]
  0x000001f593f90800 JavaThread "Unconstrained build operations Thread 34" [_thread_blocked, id=17988, stack(0x0000001f71400000,0x0000001f71500000)]
  0x000001f5ffdfe000 JavaThread "Unconstrained build operations Thread 35" [_thread_blocked, id=17756, stack(0x0000001f71500000,0x0000001f71600000)]
  0x000001f5ffdfb800 JavaThread "Unconstrained build operations Thread 36" [_thread_blocked, id=18024, stack(0x0000001f71600000,0x0000001f71700000)]
  0x000001f5ffdfc000 JavaThread "Unconstrained build operations Thread 37" [_thread_blocked, id=17972, stack(0x0000001f71700000,0x0000001f71800000)]
  0x000001f5ffdff800 JavaThread "Unconstrained build operations Thread 38" [_thread_blocked, id=18144, stack(0x0000001f71800000,0x0000001f71900000)]
  0x000001f5ffdf9800 JavaThread "Unconstrained build operations Thread 39" [_thread_blocked, id=18280, stack(0x0000001f71900000,0x0000001f71a00000)]
=>0x000001f5ffdfd000 JavaThread "Unconstrained build operations Thread 40" [_thread_in_Java, id=17900, stack(0x0000001f71a00000,0x0000001f71b00000)]
  0x000001f5ffdfe800 JavaThread "Unconstrained build operations Thread 41" [_thread_blocked, id=18020, stack(0x0000001f71b00000,0x0000001f71c00000)]
  0x000001f5ffe00800 JavaThread "Unconstrained build operations Thread 42" [_thread_blocked, id=18036, stack(0x0000001f71c00000,0x0000001f71d00000)]
  0x000001f5ffdfa800 JavaThread "Unconstrained build operations Thread 43" [_thread_blocked, id=18004, stack(0x0000001f71d00000,0x0000001f71e00000)]
  0x000001f5ffe02800 JavaThread "Unconstrained build operations Thread 44" [_thread_blocked, id=17908, stack(0x0000001f71e00000,0x0000001f71f00000)]
  0x000001f5ffe03800 JavaThread "Unconstrained build operations Thread 45" [_thread_blocked, id=17892, stack(0x0000001f71f00000,0x0000001f72000000)]
  0x000001f5ffe07000 JavaThread "Unconstrained build operations Thread 46" [_thread_blocked, id=17976, stack(0x0000001f72000000,0x0000001f72100000)]
  0x000001f5ffe04800 JavaThread "Unconstrained build operations Thread 47" [_thread_blocked, id=10496, stack(0x0000001f72100000,0x0000001f72200000)]
  0x000001f5ffe05000 JavaThread "Unconstrained build operations Thread 48" [_thread_blocked, id=9864, stack(0x0000001f72200000,0x0000001f72300000)]
  0x000001f5ffe06000 JavaThread "Unconstrained build operations Thread 49" [_thread_blocked, id=17808, stack(0x0000001f72300000,0x0000001f72400000)]
  0x000001f5ffe02000 JavaThread "Unconstrained build operations Thread 50" [_thread_blocked, id=18080, stack(0x0000001f72400000,0x0000001f72500000)]
  0x000001f5ffe01000 JavaThread "Unconstrained build operations Thread 51" [_thread_blocked, id=18112, stack(0x0000001f72500000,0x0000001f72600000)]
  0x000001f5ffe07800 JavaThread "Unconstrained build operations Thread 52" [_thread_blocked, id=18076, stack(0x0000001f72600000,0x0000001f72700000)]
  0x000001f5ffe08800 JavaThread "Unconstrained build operations Thread 53" [_thread_blocked, id=18016, stack(0x0000001f72700000,0x0000001f72800000)]
  0x000001f5921c6000 JavaThread "Unconstrained build operations Thread 54" [_thread_blocked, id=17944, stack(0x0000001f72800000,0x0000001f72900000)]
  0x000001f5921c4800 JavaThread "Unconstrained build operations Thread 55" [_thread_blocked, id=17920, stack(0x0000001f72900000,0x0000001f72a00000)]
  0x000001f5921c2000 JavaThread "Unconstrained build operations Thread 56" [_thread_blocked, id=17848, stack(0x0000001f72a00000,0x0000001f72b00000)]
  0x000001f5921c7000 JavaThread "Unconstrained build operations Thread 57" [_thread_blocked, id=17800, stack(0x0000001f72b00000,0x0000001f72c00000)]
  0x000001f5921c5800 JavaThread "Unconstrained build operations Thread 58" [_thread_blocked, id=17652, stack(0x0000001f72c00000,0x0000001f72d00000)]
  0x000001f5921c1000 JavaThread "Unconstrained build operations Thread 59" [_thread_blocked, id=18196, stack(0x0000001f72d00000,0x0000001f72e00000)]
  0x000001f5921c7800 JavaThread "Unconstrained build operations Thread 60" [_thread_blocked, id=18092, stack(0x0000001f72e00000,0x0000001f72f00000)]
  0x000001f5921c8800 JavaThread "Unconstrained build operations Thread 61" [_thread_blocked, id=17904, stack(0x0000001f72f00000,0x0000001f73000000)]
  0x000001f5921c3000 JavaThread "Unconstrained build operations Thread 62" [_thread_blocked, id=17656, stack(0x0000001f73000000,0x0000001f73100000)]
  0x000001f5921c9800 JavaThread "Unconstrained build operations Thread 63" [_thread_blocked, id=18176, stack(0x0000001f73100000,0x0000001f73200000)]
  0x000001f5921c3800 JavaThread "Unconstrained build operations Thread 64" [_thread_blocked, id=18140, stack(0x0000001f73200000,0x0000001f73300000)]
  0x000001f5921cd800 JavaThread "Unconstrained build operations Thread 65" [_thread_blocked, id=18148, stack(0x0000001f73300000,0x0000001f73400000)]
  0x000001f5921cf000 JavaThread "Unconstrained build operations Thread 66" [_thread_blocked, id=18096, stack(0x0000001f73400000,0x0000001f73500000)]
  0x000001f5921ce800 JavaThread "Unconstrained build operations Thread 67" [_thread_blocked, id=17928, stack(0x0000001f73500000,0x0000001f73600000)]
  0x000001f5921ca000 JavaThread "Unconstrained build operations Thread 68" [_thread_blocked, id=18012, stack(0x0000001f73600000,0x0000001f73700000)]
  0x000001f5921d0000 JavaThread "Unconstrained build operations Thread 69" [_thread_blocked, id=18056, stack(0x0000001f73700000,0x0000001f73800000)]
  0x000001f5921cb000 JavaThread "Unconstrained build operations Thread 70" [_thread_blocked, id=17312, stack(0x0000001f73800000,0x0000001f73900000)]
  0x000001f5921cc000 JavaThread "Unconstrained build operations Thread 71" [_thread_blocked, id=18220, stack(0x0000001f73900000,0x0000001f73a00000)]
  0x000001f5921cc800 JavaThread "Unconstrained build operations Thread 72" [_thread_blocked, id=18072, stack(0x0000001f73a00000,0x0000001f73b00000)]
  0x000001f596e5d800 JavaThread "Unconstrained build operations Thread 73" [_thread_blocked, id=18164, stack(0x0000001f73b00000,0x0000001f73c00000)]
  0x000001f596e5a800 JavaThread "Unconstrained build operations Thread 74" [_thread_blocked, id=18052, stack(0x0000001f73c00000,0x0000001f73d00000)]
  0x000001f596e5d000 JavaThread "Unconstrained build operations Thread 75" [_thread_blocked, id=18028, stack(0x0000001f73d00000,0x0000001f73e00000)]
  0x000001f596e5c000 JavaThread "Unconstrained build operations Thread 76" [_thread_blocked, id=17968, stack(0x0000001f73e00000,0x0000001f73f00000)]
  0x000001f596e5e800 JavaThread "Unconstrained build operations Thread 77" [_thread_blocked, id=17864, stack(0x0000001f73f00000,0x0000001f74000000)]
  0x000001f596e59800 JavaThread "Unconstrained build operations Thread 78" [_thread_blocked, id=18192, stack(0x0000001f74000000,0x0000001f74100000)]
  0x000001f596e5f000 JavaThread "Unconstrained build operations Thread 79" [_thread_blocked, id=18124, stack(0x0000001f74100000,0x0000001f74200000)]
  0x000001f596e5b000 JavaThread "Unconstrained build operations Thread 80" [_thread_blocked, id=17432, stack(0x0000001f74200000,0x0000001f74300000)]
  0x000001f596e65000 JavaThread "jar transforms Thread 4" [_thread_blocked, id=18008, stack(0x0000001f74300000,0x0000001f74400000)]
  0x000001f596e63800 JavaThread "jar transforms Thread 5" [_thread_blocked, id=18184, stack(0x0000001f74400000,0x0000001f74500000)]
  0x000001f596e64000 JavaThread "jar transforms Thread 6" [_thread_blocked, id=12624, stack(0x0000001f74500000,0x0000001f74600000)]
  0x000001f596e66000 JavaThread "jar transforms Thread 7" [_thread_blocked, id=4660, stack(0x0000001f74600000,0x0000001f74700000)]
  0x000001f596e61800 JavaThread "jar transforms Thread 8" [_thread_blocked, id=18068, stack(0x0000001f74700000,0x0000001f74800000)]
  0x000001f594a3b000 JavaThread "C2 CompilerThread2" daemon [_thread_blocked, id=17364, stack(0x0000001f6e700000,0x0000001f6e800000)]
  0x000001f596e62800 JavaThread "Memory manager" [_thread_blocked, id=17388, stack(0x0000001f74800000,0x0000001f74900000)]
  0x000001f596e61000 JavaThread "build event listener" [_thread_blocked, id=7256, stack(0x0000001f74900000,0x0000001f74a00000)]
  0x000001f596e66800 JavaThread "Execution worker for ':'" [_thread_blocked, id=13132, stack(0x0000001f74a00000,0x0000001f74b00000)]
  0x000001f596e67800 JavaThread "Execution worker for ':' Thread 2" [_thread_blocked, id=10840, stack(0x0000001f74b00000,0x0000001f74c00000)]
  0x000001f596e68000 JavaThread "Execution worker for ':' Thread 3" [_thread_blocked, id=12060, stack(0x0000001f74c00000,0x0000001f74d00000)]
  0x000001f59827b800 JavaThread "Execution worker for ':' Thread 4" [_thread_blocked, id=5984, stack(0x0000001f74d00000,0x0000001f74e00000)]
  0x000001f59827a000 JavaThread "Execution worker for ':' Thread 5" [_thread_blocked, id=9852, stack(0x0000001f74e00000,0x0000001f74f00000)]
  0x000001f59827d000 JavaThread "Execution worker for ':' Thread 6" [_thread_blocked, id=7784, stack(0x0000001f74f00000,0x0000001f75000000)]
  0x000001f59827c000 JavaThread "Execution worker for ':' Thread 7" [_thread_blocked, id=11840, stack(0x0000001f75000000,0x0000001f75100000)]
  0x000001f59827a800 JavaThread "Cache worker for execution history cache (C:\Users\Ester\AndroidStudioProjects\Exemplo1\.gradle\7.2\executionHistory)" [_thread_blocked, id=11288, stack(0x0000001f75100000,0x0000001f75200000)]

Other Threads:
  0x000001f5ffacd800 VMThread "VM Thread" [stack: 0x0000001f6c400000,0x0000001f6c500000] [id=18268] _threads_hazard_ptr=0x000001f59a312280
  0x000001f5ffce5800 WatcherThread [stack: 0x0000001f6ce00000,0x0000001f6cf00000] [id=17604]
  0x000001f5f56a3000 GCTaskThread "GC Thread#0" [stack: 0x0000001f6bf00000,0x0000001f6c000000] [id=17284]
  0x000001f5920a2800 GCTaskThread "GC Thread#1" [stack: 0x0000001f6d100000,0x0000001f6d200000] [id=17612]
  0x000001f591e99800 GCTaskThread "GC Thread#2" [stack: 0x0000001f6d200000,0x0000001f6d300000] [id=16040]
  0x000001f591acf000 GCTaskThread "GC Thread#3" [stack: 0x0000001f6d300000,0x0000001f6d400000] [id=17332]
  0x000001f59139d000 GCTaskThread "GC Thread#4" [stack: 0x0000001f6d400000,0x0000001f6d500000] [id=17184]
  0x000001f591c57800 GCTaskThread "GC Thread#5" [stack: 0x0000001f6d500000,0x0000001f6d600000] [id=17384]
  0x000001f593314800 GCTaskThread "GC Thread#6" [stack: 0x0000001f6e100000,0x0000001f6e200000] [id=16568]
  0x000001f592c6f800 GCTaskThread "GC Thread#7" [stack: 0x0000001f6e200000,0x0000001f6e300000] [id=17564]
  0x000001f5f56d7800 ConcurrentGCThread "G1 Main Marker" [stack: 0x0000001f6c000000,0x0000001f6c100000] [id=17200]
  0x000001f5f56d8800 ConcurrentGCThread "G1 Conc#0" [stack: 0x0000001f6c100000,0x0000001f6c200000] [id=16444]
  0x000001f592b52800 ConcurrentGCThread "G1 Conc#1" [stack: 0x0000001f6e300000,0x0000001f6e400000] [id=17752]
  0x000001f5ff11a800 ConcurrentGCThread "G1 Refine#0" [stack: 0x0000001f6c200000,0x0000001f6c300000] [id=17584]
  0x000001f5ff11b000 ConcurrentGCThread "G1 Young RemSet Sampling" [stack: 0x0000001f6c300000,0x0000001f6c400000] [id=17616]

Threads with active compile tasks:
C2 CompilerThread0  13433 8684       4       java.util.function.Predicate$$Lambda$116/0x0000000100293040::test (13 bytes)
C1 CompilerThread0  13433 8720       3       org.gradle.internal.snapshot.AbstractFileSystemLocationSnapshot::getSnapshot (5 bytes)
C2 CompilerThread1  13433 8495       4       org.gradle.cache.internal.btree.CachingBlockStore::read (56 bytes)
C2 CompilerThread2  13433 8553   !   4       java.nio.file.FileTreeWalker::next (144 bytes)

VM state:synchronizing (normal execution)

VM Mutex/Monitor currently owned by a thread:  ([mutex/lock_event])
[0x000001f5f5689730] Safepoint_lock - owner thread: 0x000001f5ffacd800
[0x000001f5f5688fe0] Threads_lock - owner thread: 0x000001f5ffacd800

Heap address: 0x0000000080000000, size: 2048 MB, Compressed Oops mode: 32-bit
Narrow klass base: 0x0000000000000000, Narrow klass shift: 3
Compressed class space size: 1073741824 Address: 0x0000000100000000

Heap:
 garbage-first heap   total 262144K, used 101291K [0x0000000080000000, 0x0000000100000000)
  region size 1024K, 48 young (49152K), 9 survivors (9216K)
 Metaspace       used 80181K, capacity 82218K, committed 82416K, reserved 1120256K
  class space    used 10541K, capacity 11344K, committed 11416K, reserved 1048576K
Heap Regions: E=young(eden), S=young(survivor), O=old, HS=humongous(starts), HC=humongous(continues), CS=collection set, F=free, A=archive, TAMS=top-at-mark-start (previous, next)
|   0|0x0000000080000000, 0x0000000080100000, 0x0000000080100000|100%| O|  |TAMS 0x0000000080100000, 0x0000000080000000| Untracked 
|   1|0x0000000080100000, 0x0000000080200000, 0x0000000080200000|100%| O|  |TAMS 0x0000000080200000, 0x0000000080100000| Untracked 
|   2|0x0000000080200000, 0x0000000080300000, 0x0000000080300000|100%| O|  |TAMS 0x0000000080300000, 0x0000000080200000| Untracked 
|   3|0x0000000080300000, 0x0000000080400000, 0x0000000080400000|100%|HS|  |TAMS 0x0000000080400000, 0x0000000080300000| Complete 
|   4|0x0000000080400000, 0x0000000080500000, 0x0000000080500000|100%|HC|  |TAMS 0x0000000080500000, 0x0000000080400000| Complete 
|   5|0x0000000080500000, 0x0000000080600000, 0x0000000080600000|100%|HC|  |TAMS 0x0000000080600000, 0x0000000080500000| Complete 
|   6|0x0000000080600000, 0x0000000080700000, 0x0000000080700000|100%| O|  |TAMS 0x0000000080700000, 0x0000000080600000| Untracked 
|   7|0x0000000080700000, 0x0000000080800000, 0x0000000080800000|100%| O|  |TAMS 0x0000000080800000, 0x0000000080700000| Untracked 
|   8|0x0000000080800000, 0x0000000080900000, 0x0000000080900000|100%| O|  |TAMS 0x0000000080900000, 0x0000000080800000| Untracked 
|   9|0x0000000080900000, 0x0000000080a00000, 0x0000000080a00000|100%| O|  |TAMS 0x0000000080a00000, 0x0000000080900000| Untracked 
|  10|0x0000000080a00000, 0x0000000080b00000, 0x0000000080b00000|100%| O|  |TAMS 0x0000000080b00000, 0x0000000080a00000| Untracked 
|  11|0x0000000080b00000, 0x0000000080c00000, 0x0000000080c00000|100%| O|  |TAMS 0x0000000080c00000, 0x0000000080b00000| Untracked 
|  12|0x0000000080c00000, 0x0000000080d00000, 0x0000000080d00000|100%| O|  |TAMS 0x0000000080d00000, 0x0000000080c00000| Untracked 
|  13|0x0000000080d00000, 0x0000000080e00000, 0x0000000080e00000|100%| O|  |TAMS 0x0000000080e00000, 0x0000000080d00000| Untracked 
|  14|0x0000000080e00000, 0x0000000080f00000, 0x0000000080f00000|100%| O|  |TAMS 0x0000000080f00000, 0x0000000080e00000| Untracked 
|  15|0x0000000080f00000, 0x0000000081000000, 0x0000000081000000|100%| O|  |TAMS 0x0000000081000000, 0x0000000080f00000| Untracked 
|  16|0x0000000081000000, 0x0000000081100000, 0x0000000081100000|100%|HS|  |TAMS 0x0000000081100000, 0x0000000081000000| Complete 
|  17|0x0000000081100000, 0x0000000081200000, 0x0000000081200000|100%|HS|  |TAMS 0x0000000081200000, 0x0000000081100000| Complete 
|  18|0x0000000081200000, 0x0000000081300000, 0x0000000081300000|100%|HS|  |TAMS 0x0000000081300000, 0x0000000081200000| Complete 
|  19|0x0000000081300000, 0x0000000081400000, 0x0000000081400000|100%|HS|  |TAMS 0x0000000081400000, 0x0000000081300000| Complete 
|  20|0x0000000081400000, 0x0000000081500000, 0x0000000081500000|100%|HC|  |TAMS 0x0000000081500000, 0x0000000081400000| Complete 
|  21|0x0000000081500000, 0x0000000081600000, 0x0000000081600000|100%| O|  |TAMS 0x0000000081600000, 0x0000000081500000| Untracked 
|  22|0x0000000081600000, 0x0000000081700000, 0x0000000081700000|100%| O|  |TAMS 0x0000000081700000, 0x0000000081600000| Untracked 
|  23|0x0000000081700000, 0x0000000081800000, 0x0000000081800000|100%| O|  |TAMS 0x0000000081800000, 0x0000000081700000| Untracked 
|  24|0x0000000081800000, 0x0000000081900000, 0x0000000081900000|100%| O|  |TAMS 0x0000000081900000, 0x0000000081800000| Untracked 
|  25|0x0000000081900000, 0x0000000081a00000, 0x0000000081a00000|100%| O|  |TAMS 0x0000000081a00000, 0x0000000081900000| Untracked 
|  26|0x0000000081a00000, 0x0000000081b00000, 0x0000000081b00000|100%| O|  |TAMS 0x0000000081b00000, 0x0000000081a00000| Untracked 
|  27|0x0000000081b00000, 0x0000000081c00000, 0x0000000081c00000|100%| O|  |TAMS 0x0000000081c00000, 0x0000000081b00000| Untracked 
|  28|0x0000000081c00000, 0x0000000081d00000, 0x0000000081d00000|100%| O|  |TAMS 0x0000000081d00000, 0x0000000081c00000| Untracked 
|  29|0x0000000081d00000, 0x0000000081e00000, 0x0000000081e00000|100%| O|  |TAMS 0x0000000081e00000, 0x0000000081d00000| Untracked 
|  30|0x0000000081e00000, 0x0000000081f00000, 0x0000000081f00000|100%| O|  |TAMS 0x0000000081f00000, 0x0000000081e00000| Untracked 
|  31|0x0000000081f00000, 0x0000000082000000, 0x0000000082000000|100%| O|  |TAMS 0x0000000082000000, 0x0000000081f00000| Untracked 
|  32|0x0000000082000000, 0x0000000082100000, 0x0000000082100000|100%| O|  |TAMS 0x0000000082100000, 0x0000000082000000| Untracked 
|  33|0x0000000082100000, 0x0000000082200000, 0x0000000082200000|100%| O|  |TAMS 0x0000000082200000, 0x0000000082100000| Untracked 
|  34|0x0000000082200000, 0x0000000082300000, 0x0000000082300000|100%| O|  |TAMS 0x0000000082300000, 0x0000000082200000| Untracked 
|  35|0x0000000082300000, 0x0000000082400000, 0x0000000082400000|100%| O|  |TAMS 0x0000000082400000, 0x0000000082300000| Untracked 
|  36|0x0000000082400000, 0x0000000082500000, 0x0000000082500000|100%| O|  |TAMS 0x0000000082500000, 0x0000000082400000| Untracked 
|  37|0x0000000082500000, 0x0000000082600000, 0x0000000082600000|100%| O|  |TAMS 0x0000000082600000, 0x0000000082500000| Untracked 
|  38|0x0000000082600000, 0x0000000082700000, 0x0000000082700000|100%| O|  |TAMS 0x0000000082700000, 0x0000000082600000| Untracked 
|  39|0x0000000082700000, 0x0000000082800000, 0x0000000082800000|100%| O|  |TAMS 0x0000000082800000, 0x0000000082700000| Untracked 
|  40|0x0000000082800000, 0x0000000082900000, 0x0000000082900000|100%| O|  |TAMS 0x0000000082900000, 0x0000000082800000| Untracked 
|  41|0x0000000082900000, 0x0000000082a00000, 0x0000000082a00000|100%| O|  |TAMS 0x0000000082a00000, 0x0000000082900000| Untracked 
|  42|0x0000000082a00000, 0x0000000082b00000, 0x0000000082b00000|100%| O|  |TAMS 0x0000000082b00000, 0x0000000082a00000| Untracked 
|  43|0x0000000082b00000, 0x0000000082c00000, 0x0000000082c00000|100%| O|  |TAMS 0x0000000082b00000, 0x0000000082b00000| Untracked 
|  44|0x0000000082c00000, 0x0000000082d00000, 0x0000000082d00000|100%| O|  |TAMS 0x0000000082c00000, 0x0000000082c00000| Untracked 
|  45|0x0000000082d00000, 0x0000000082e00000, 0x0000000082e00000|100%| O|  |TAMS 0x0000000082d00000, 0x0000000082d00000| Untracked 
|  46|0x0000000082e00000, 0x0000000082f00000, 0x0000000082f00000|100%| O|  |TAMS 0x0000000082e00000, 0x0000000082e00000| Untracked 
|  47|0x0000000082f00000, 0x0000000083000000, 0x0000000083000000|100%| O|  |TAMS 0x0000000082f00000, 0x0000000082f00000| Untracked 
|  48|0x0000000083000000, 0x0000000083100000, 0x0000000083100000|100%| O|  |TAMS 0x0000000083000000, 0x0000000083000000| Untracked 
|  49|0x0000000083100000, 0x0000000083200000, 0x0000000083200000|100%| O|  |TAMS 0x0000000083100000, 0x0000000083100000| Untracked 
|  50|0x0000000083200000, 0x0000000083300000, 0x0000000083300000|100%| O|  |TAMS 0x0000000083200000, 0x0000000083200000| Untracked 
|  51|0x0000000083300000, 0x0000000083400000, 0x0000000083400000|100%| O|  |TAMS 0x0000000083300000, 0x0000000083300000| Untracked 
|  52|0x0000000083400000, 0x0000000083500000, 0x0000000083500000|100%| O|  |TAMS 0x0000000083400000, 0x0000000083400000| Untracked 
|  53|0x0000000083500000, 0x0000000083510e00, 0x0000000083600000|  6%| O|  |TAMS 0x0000000083500000, 0x0000000083500000| Untracked 
|  54|0x0000000083600000, 0x0000000083600000, 0x0000000083700000|  0%| F|  |TAMS 0x0000000083600000, 0x0000000083600000| Untracked 
|  55|0x0000000083700000, 0x0000000083700000, 0x0000000083800000|  0%| F|  |TAMS 0x0000000083700000, 0x0000000083700000| Untracked 
|  56|0x0000000083800000, 0x0000000083800000, 0x0000000083900000|  0%| F|  |TAMS 0x0000000083800000, 0x0000000083800000| Untracked 
|  57|0x0000000083900000, 0x0000000083900000, 0x0000000083a00000|  0%| F|  |TAMS 0x0000000083900000, 0x0000000083900000| Untracked 
|  58|0x0000000083a00000, 0x0000000083a00000, 0x0000000083b00000|  0%| F|  |TAMS 0x0000000083a00000, 0x0000000083a00000| Untracked 
|  59|0x0000000083b00000, 0x0000000083b00000, 0x0000000083c00000|  0%| F|  |TAMS 0x0000000083b00000, 0x0000000083b00000| Untracked 
|  60|0x0000000083c00000, 0x0000000083c00000, 0x0000000083d00000|  0%| F|  |TAMS 0x0000000083c00000, 0x0000000083c00000| Untracked 
|  61|0x0000000083d00000, 0x0000000083d00000, 0x0000000083e00000|  0%| F|  |TAMS 0x0000000083d00000, 0x0000000083d00000| Untracked 
|  62|0x0000000083e00000, 0x0000000083e00000, 0x0000000083f00000|  0%| F|  |TAMS 0x0000000083e00000, 0x0000000083e00000| Untracked 
|  63|0x0000000083f00000, 0x0000000083f00000, 0x0000000084000000|  0%| F|  |TAMS 0x0000000083f00000, 0x0000000083f00000| Untracked 
|  64|0x0000000084000000, 0x0000000084000000, 0x0000000084100000|  0%| F|  |TAMS 0x0000000084000000, 0x0000000084000000| Untracked 
|  65|0x0000000084100000, 0x0000000084100000, 0x0000000084200000|  0%| F|  |TAMS 0x0000000084100000, 0x0000000084100000| Untracked 
|  66|0x0000000084200000, 0x0000000084200000, 0x0000000084300000|  0%| F|  |TAMS 0x0000000084200000, 0x0000000084200000| Untracked 
|  67|0x0000000084300000, 0x0000000084300000, 0x0000000084400000|  0%| F|  |TAMS 0x0000000084300000, 0x0000000084300000| Untracked 
|  68|0x0000000084400000, 0x0000000084400000, 0x0000000084500000|  0%| F|  |TAMS 0x0000000084400000, 0x0000000084400000| Untracked 
|  69|0x0000000084500000, 0x0000000084500000, 0x0000000084600000|  0%| F|  |TAMS 0x0000000084500000, 0x0000000084500000| Untracked 
|  70|0x0000000084600000, 0x0000000084600000, 0x0000000084700000|  0%| F|  |TAMS 0x0000000084600000, 0x0000000084600000| Untracked 
|  71|0x0000000084700000, 0x0000000084700000, 0x0000000084800000|  0%| F|  |TAMS 0x0000000084700000, 0x0000000084700000| Untracked 
|  72|0x0000000084800000, 0x0000000084800000, 0x0000000084900000|  0%| F|  |TAMS 0x0000000084800000, 0x0000000084800000| Untracked 
|  73|0x0000000084900000, 0x0000000084900000, 0x0000000084a00000|  0%| F|  |TAMS 0x0000000084900000, 0x0000000084900000| Untracked 
|  74|0x0000000084a00000, 0x0000000084a00000, 0x0000000084b00000|  0%| F|  |TAMS 0x0000000084a00000, 0x0000000084a00000| Untracked 
|  75|0x0000000084b00000, 0x0000000084b00000, 0x0000000084c00000|  0%| F|  |TAMS 0x0000000084b00000, 0x0000000084b00000| Untracked 
|  76|0x0000000084c00000, 0x0000000084c00000, 0x0000000084d00000|  0%| F|  |TAMS 0x0000000084c00000, 0x0000000084c00000| Untracked 
|  77|0x0000000084d00000, 0x0000000084d00000, 0x0000000084e00000|  0%| F|  |TAMS 0x0000000084d00000, 0x0000000084d00000| Untracked 
|  78|0x0000000084e00000, 0x0000000084e00000, 0x0000000084f00000|  0%| F|  |TAMS 0x0000000084e00000, 0x0000000084e00000| Untracked 
|  79|0x0000000084f00000, 0x0000000084f00000, 0x0000000085000000|  0%| F|  |TAMS 0x0000000084f00000, 0x0000000084f00000| Untracked 
|  80|0x0000000085000000, 0x0000000085000000, 0x0000000085100000|  0%| F|  |TAMS 0x0000000085000000, 0x0000000085000000| Untracked 
|  81|0x0000000085100000, 0x0000000085100000, 0x0000000085200000|  0%| F|  |TAMS 0x0000000085100000, 0x0000000085100000| Untracked 
|  82|0x0000000085200000, 0x0000000085200000, 0x0000000085300000|  0%| F|  |TAMS 0x0000000085200000, 0x0000000085200000| Untracked 
|  83|0x0000000085300000, 0x0000000085300000, 0x0000000085400000|  0%| F|  |TAMS 0x0000000085300000, 0x0000000085300000| Untracked 
|  84|0x0000000085400000, 0x0000000085400000, 0x0000000085500000|  0%| F|  |TAMS 0x0000000085400000, 0x0000000085400000| Untracked 
|  85|0x0000000085500000, 0x0000000085500000, 0x0000000085600000|  0%| F|  |TAMS 0x0000000085500000, 0x0000000085500000| Untracked 
|  86|0x0000000085600000, 0x0000000085600000, 0x0000000085700000|  0%| F|  |TAMS 0x0000000085600000, 0x0000000085600000| Untracked 
|  87|0x0000000085700000, 0x0000000085700000, 0x0000000085800000|  0%| F|  |TAMS 0x0000000085700000, 0x0000000085700000| Untracked 
|  88|0x0000000085800000, 0x0000000085800000, 0x0000000085900000|  0%| F|  |TAMS 0x0000000085800000, 0x0000000085800000| Untracked 
|  89|0x0000000085900000, 0x0000000085900000, 0x0000000085a00000|  0%| F|  |TAMS 0x0000000085900000, 0x0000000085900000| Untracked 
|  90|0x0000000085a00000, 0x0000000085a00000, 0x0000000085b00000|  0%| F|  |TAMS 0x0000000085a00000, 0x0000000085a00000| Untracked 
|  91|0x0000000085b00000, 0x0000000085b00000, 0x0000000085c00000|  0%| F|  |TAMS 0x0000000085b00000, 0x0000000085b00000| Untracked 
|  92|0x0000000085c00000, 0x0000000085c00000, 0x0000000085d00000|  0%| F|  |TAMS 0x0000000085c00000, 0x0000000085c00000| Untracked 
|  93|0x0000000085d00000, 0x0000000085d00000, 0x0000000085e00000|  0%| F|  |TAMS 0x0000000085d00000, 0x0000000085d00000| Untracked 
|  94|0x0000000085e00000, 0x0000000085e00000, 0x0000000085f00000|  0%| F|  |TAMS 0x0000000085e00000, 0x0000000085e00000| Untracked 
|  95|0x0000000085f00000, 0x0000000085f00000, 0x0000000086000000|  0%| F|  |TAMS 0x0000000085f00000, 0x0000000085f00000| Untracked 
|  96|0x0000000086000000, 0x0000000086000000, 0x0000000086100000|  0%| F|  |TAMS 0x0000000086000000, 0x0000000086000000| Untracked 
|  97|0x0000000086100000, 0x0000000086100000, 0x0000000086200000|  0%| F|  |TAMS 0x0000000086100000, 0x0000000086100000| Untracked 
|  98|0x0000000086200000, 0x0000000086200000, 0x0000000086300000|  0%| F|  |TAMS 0x0000000086200000, 0x0000000086200000| Untracked 
|  99|0x0000000086300000, 0x0000000086300000, 0x0000000086400000|  0%| F|  |TAMS 0x0000000086300000, 0x0000000086300000| Untracked 
| 100|0x0000000086400000, 0x0000000086400000, 0x0000000086500000|  0%| F|  |TAMS 0x0000000086400000, 0x0000000086400000| Untracked 
| 101|0x0000000086500000, 0x0000000086500000, 0x0000000086600000|  0%| F|  |TAMS 0x0000000086500000, 0x0000000086500000| Untracked 
| 102|0x0000000086600000, 0x0000000086600000, 0x0000000086700000|  0%| F|  |TAMS 0x0000000086600000, 0x0000000086600000| Untracked 
| 103|0x0000000086700000, 0x0000000086700000, 0x0000000086800000|  0%| F|  |TAMS 0x0000000086700000, 0x0000000086700000| Untracked 
| 104|0x0000000086800000, 0x0000000086800000, 0x0000000086900000|  0%| F|  |TAMS 0x0000000086800000, 0x0000000086800000| Untracked 
| 105|0x0000000086900000, 0x0000000086900000, 0x0000000086a00000|  0%| F|  |TAMS 0x0000000086900000, 0x0000000086900000| Untracked 
| 106|0x0000000086a00000, 0x0000000086a00000, 0x0000000086b00000|  0%| F|  |TAMS 0x0000000086a00000, 0x0000000086a00000| Untracked 
| 107|0x0000000086b00000, 0x0000000086b00000, 0x0000000086c00000|  0%| F|  |TAMS 0x0000000086b00000, 0x0000000086b00000| Untracked 
| 108|0x0000000086c00000, 0x0000000086c00000, 0x0000000086d00000|  0%| F|  |TAMS 0x0000000086c00000, 0x0000000086c00000| Untracked 
| 109|0x0000000086d00000, 0x0000000086d00000, 0x0000000086e00000|  0%| F|  |TAMS 0x0000000086d00000, 0x0000000086d00000| Untracked 
| 110|0x0000000086e00000, 0x0000000086e00000, 0x0000000086f00000|  0%| F|  |TAMS 0x0000000086e00000, 0x0000000086e00000| Untracked 
| 111|0x0000000086f00000, 0x0000000086f00000, 0x0000000087000000|  0%| F|  |TAMS 0x0000000086f00000, 0x0000000086f00000| Untracked 
| 112|0x0000000087000000, 0x0000000087000000, 0x0000000087100000|  0%| F|  |TAMS 0x0000000087000000, 0x0000000087000000| Untracked 
| 113|0x0000000087100000, 0x00000000871d9e60, 0x0000000087200000| 85%| S|CS|TAMS 0x0000000087100000, 0x0000000087100000| Complete 
| 114|0x0000000087200000, 0x0000000087300000, 0x0000000087300000|100%| S|CS|TAMS 0x0000000087200000, 0x0000000087200000| Complete 
| 115|0x0000000087300000, 0x0000000087400000, 0x0000000087400000|100%| S|CS|TAMS 0x0000000087300000, 0x0000000087300000| Complete 
| 116|0x0000000087400000, 0x0000000087500000, 0x0000000087500000|100%| S|CS|TAMS 0x0000000087400000, 0x0000000087400000| Complete 
| 117|0x0000000087500000, 0x0000000087600000, 0x0000000087600000|100%| S|CS|TAMS 0x0000000087500000, 0x0000000087500000| Complete 
| 118|0x0000000087600000, 0x0000000087700000, 0x0000000087700000|100%| S|CS|TAMS 0x0000000087600000, 0x0000000087600000| Complete 
| 119|0x0000000087700000, 0x0000000087800000, 0x0000000087800000|100%| S|CS|TAMS 0x0000000087700000, 0x0000000087700000| Complete 
| 120|0x0000000087800000, 0x0000000087800000, 0x0000000087900000|  0%| F|  |TAMS 0x0000000087800000, 0x0000000087800000| Untracked 
| 121|0x0000000087900000, 0x0000000087900000, 0x0000000087a00000|  0%| F|  |TAMS 0x0000000087900000, 0x0000000087900000| Untracked 
| 122|0x0000000087a00000, 0x0000000087a00000, 0x0000000087b00000|  0%| F|  |TAMS 0x0000000087a00000, 0x0000000087a00000| Untracked 
| 123|0x0000000087b00000, 0x0000000087b00000, 0x0000000087c00000|  0%| F|  |TAMS 0x0000000087b00000, 0x0000000087b00000| Untracked 
| 124|0x0000000087c00000, 0x0000000087c00000, 0x0000000087d00000|  0%| F|  |TAMS 0x0000000087c00000, 0x0000000087c00000| Untracked 
| 125|0x0000000087d00000, 0x0000000087d00000, 0x0000000087e00000|  0%| F|  |TAMS 0x0000000087d00000, 0x0000000087d00000| Untracked 
| 126|0x0000000087e00000, 0x0000000087e00000, 0x0000000087f00000|  0%| F|  |TAMS 0x0000000087e00000, 0x0000000087e00000| Untracked 
| 127|0x0000000087f00000, 0x0000000087f00000, 0x0000000088000000|  0%| F|  |TAMS 0x0000000087f00000, 0x0000000087f00000| Untracked 
| 128|0x0000000088000000, 0x0000000088000000, 0x0000000088100000|  0%| F|  |TAMS 0x0000000088000000, 0x0000000088000000| Untracked 
| 129|0x0000000088100000, 0x0000000088100000, 0x0000000088200000|  0%| F|  |TAMS 0x0000000088100000, 0x0000000088100000| Untracked 
| 130|0x0000000088200000, 0x0000000088200000, 0x0000000088300000|  0%| F|  |TAMS 0x0000000088200000, 0x0000000088200000| Untracked 
| 131|0x0000000088300000, 0x0000000088400000, 0x0000000088400000|100%| S|CS|TAMS 0x0000000088300000, 0x0000000088300000| Complete 
| 132|0x0000000088400000, 0x0000000088500000, 0x0000000088500000|100%| S|CS|TAMS 0x0000000088400000, 0x0000000088400000| Complete 
| 133|0x0000000088500000, 0x0000000088500000, 0x0000000088600000|  0%| F|  |TAMS 0x0000000088500000, 0x0000000088500000| Untracked 
| 134|0x0000000088600000, 0x0000000088600000, 0x0000000088700000|  0%| F|  |TAMS 0x0000000088600000, 0x0000000088600000| Untracked 
| 135|0x0000000088700000, 0x0000000088700000, 0x0000000088800000|  0%| F|  |TAMS 0x0000000088700000, 0x0000000088700000| Untracked 
| 136|0x0000000088800000, 0x0000000088800000, 0x0000000088900000|  0%| F|  |TAMS 0x0000000088800000, 0x0000000088800000| Untracked 
| 137|0x0000000088900000, 0x0000000088900000, 0x0000000088a00000|  0%| F|  |TAMS 0x0000000088900000, 0x0000000088900000| Untracked 
| 138|0x0000000088a00000, 0x0000000088a00000, 0x0000000088b00000|  0%| F|  |TAMS 0x0000000088a00000, 0x0000000088a00000| Untracked 
| 139|0x0000000088b00000, 0x0000000088b00000, 0x0000000088c00000|  0%| F|  |TAMS 0x0000000088b00000, 0x0000000088b00000| Untracked 
| 140|0x0000000088c00000, 0x0000000088c00000, 0x0000000088d00000|  0%| F|  |TAMS 0x0000000088c00000, 0x0000000088c00000| Untracked 
| 141|0x0000000088d00000, 0x0000000088d00000, 0x0000000088e00000|  0%| F|  |TAMS 0x0000000088d00000, 0x0000000088d00000| Untracked 
| 142|0x0000000088e00000, 0x0000000088e00000, 0x0000000088f00000|  0%| F|  |TAMS 0x0000000088e00000, 0x0000000088e00000| Untracked 
| 143|0x0000000088f00000, 0x0000000088f00000, 0x0000000089000000|  0%| F|  |TAMS 0x0000000088f00000, 0x0000000088f00000| Untracked 
| 144|0x0000000089000000, 0x0000000089000000, 0x0000000089100000|  0%| F|  |TAMS 0x0000000089000000, 0x0000000089000000| Untracked 
| 145|0x0000000089100000, 0x0000000089100000, 0x0000000089200000|  0%| F|  |TAMS 0x0000000089100000, 0x0000000089100000| Untracked 
| 146|0x0000000089200000, 0x0000000089200000, 0x0000000089300000|  0%| F|  |TAMS 0x0000000089200000, 0x0000000089200000| Untracked 
| 147|0x0000000089300000, 0x0000000089300000, 0x0000000089400000|  0%| F|  |TAMS 0x0000000089300000, 0x0000000089300000| Untracked 
| 148|0x0000000089400000, 0x0000000089400000, 0x0000000089500000|  0%| F|  |TAMS 0x0000000089400000, 0x0000000089400000| Untracked 
| 149|0x0000000089500000, 0x0000000089500000, 0x0000000089600000|  0%| F|  |TAMS 0x0000000089500000, 0x0000000089500000| Untracked 
| 150|0x0000000089600000, 0x0000000089600000, 0x0000000089700000|  0%| F|  |TAMS 0x0000000089600000, 0x0000000089600000| Untracked 
| 151|0x0000000089700000, 0x0000000089700000, 0x0000000089800000|  0%| F|  |TAMS 0x0000000089700000, 0x0000000089700000| Untracked 
| 152|0x0000000089800000, 0x0000000089800000, 0x0000000089900000|  0%| F|  |TAMS 0x0000000089800000, 0x0000000089800000| Untracked 
| 153|0x0000000089900000, 0x0000000089900000, 0x0000000089a00000|  0%| F|  |TAMS 0x0000000089900000, 0x0000000089900000| Untracked 
| 154|0x0000000089a00000, 0x0000000089a00000, 0x0000000089b00000|  0%| F|  |TAMS 0x0000000089a00000, 0x0000000089a00000| Untracked 
| 155|0x0000000089b00000, 0x0000000089b00000, 0x0000000089c00000|  0%| F|  |TAMS 0x0000000089b00000, 0x0000000089b00000| Untracked 
| 156|0x0000000089c00000, 0x0000000089c00000, 0x0000000089d00000|  0%| F|  |TAMS 0x0000000089c00000, 0x0000000089c00000| Untracked 
| 157|0x0000000089d00000, 0x0000000089d00000, 0x0000000089e00000|  0%| F|  |TAMS 0x0000000089d00000, 0x0000000089d00000| Untracked 
| 158|0x0000000089e00000, 0x0000000089e00000, 0x0000000089f00000|  0%| F|  |TAMS 0x0000000089e00000, 0x0000000089e00000| Untracked 
| 159|0x0000000089f00000, 0x0000000089f00000, 0x000000008a000000|  0%| F|  |TAMS 0x0000000089f00000, 0x0000000089f00000| Untracked 
| 160|0x000000008a000000, 0x000000008a000000, 0x000000008a100000|  0%| F|  |TAMS 0x000000008a000000, 0x000000008a000000| Untracked 
| 161|0x000000008a100000, 0x000000008a100000, 0x000000008a200000|  0%| F|  |TAMS 0x000000008a100000, 0x000000008a100000| Untracked 
| 162|0x000000008a200000, 0x000000008a200000, 0x000000008a300000|  0%| F|  |TAMS 0x000000008a200000, 0x000000008a200000| Untracked 
| 163|0x000000008a300000, 0x000000008a300000, 0x000000008a400000|  0%| F|  |TAMS 0x000000008a300000, 0x000000008a300000| Untracked 
| 164|0x000000008a400000, 0x000000008a400000, 0x000000008a500000|  0%| F|  |TAMS 0x000000008a400000, 0x000000008a400000| Untracked 
| 165|0x000000008a500000, 0x000000008a500000, 0x000000008a600000|  0%| F|  |TAMS 0x000000008a500000, 0x000000008a500000| Untracked 
| 166|0x000000008a600000, 0x000000008a600000, 0x000000008a700000|  0%| F|  |TAMS 0x000000008a600000, 0x000000008a600000| Untracked 
| 167|0x000000008a700000, 0x000000008a700000, 0x000000008a800000|  0%| F|  |TAMS 0x000000008a700000, 0x000000008a700000| Untracked 
| 168|0x000000008a800000, 0x000000008a800000, 0x000000008a900000|  0%| F|  |TAMS 0x000000008a800000, 0x000000008a800000| Untracked 
| 169|0x000000008a900000, 0x000000008a900000, 0x000000008aa00000|  0%| F|  |TAMS 0x000000008a900000, 0x000000008a900000| Untracked 
| 170|0x000000008aa00000, 0x000000008aa00000, 0x000000008ab00000|  0%| F|  |TAMS 0x000000008aa00000, 0x000000008aa00000| Untracked 
| 171|0x000000008ab00000, 0x000000008ab00000, 0x000000008ac00000|  0%| F|  |TAMS 0x000000008ab00000, 0x000000008ab00000| Untracked 
| 172|0x000000008ac00000, 0x000000008ac00000, 0x000000008ad00000|  0%| F|  |TAMS 0x000000008ac00000, 0x000000008ac00000| Untracked 
| 173|0x000000008ad00000, 0x000000008ad00000, 0x000000008ae00000|  0%| F|  |TAMS 0x000000008ad00000, 0x000000008ad00000| Untracked 
| 174|0x000000008ae00000, 0x000000008ae00000, 0x000000008af00000|  0%| F|  |TAMS 0x000000008ae00000, 0x000000008ae00000| Untracked 
| 175|0x000000008af00000, 0x000000008af00000, 0x000000008b000000|  0%| F|  |TAMS 0x000000008af00000, 0x000000008af00000| Untracked 
| 176|0x000000008b000000, 0x000000008b000000, 0x000000008b100000|  0%| F|  |TAMS 0x000000008b000000, 0x000000008b000000| Untracked 
| 177|0x000000008b100000, 0x000000008b100000, 0x000000008b200000|  0%| F|  |TAMS 0x000000008b100000, 0x000000008b100000| Untracked 
| 178|0x000000008b200000, 0x000000008b200000, 0x000000008b300000|  0%| F|  |TAMS 0x000000008b200000, 0x000000008b200000| Untracked 
| 179|0x000000008b300000, 0x000000008b300000, 0x000000008b400000|  0%| F|  |TAMS 0x000000008b300000, 0x000000008b300000| Untracked 
| 180|0x000000008b400000, 0x000000008b400000, 0x000000008b500000|  0%| F|  |TAMS 0x000000008b400000, 0x000000008b400000| Untracked 
| 181|0x000000008b500000, 0x000000008b500000, 0x000000008b600000|  0%| F|  |TAMS 0x000000008b500000, 0x000000008b500000| Untracked 
| 182|0x000000008b600000, 0x000000008b600000, 0x000000008b700000|  0%| F|  |TAMS 0x000000008b600000, 0x000000008b600000| Untracked 
| 183|0x000000008b700000, 0x000000008b700000, 0x000000008b800000|  0%| F|  |TAMS 0x000000008b700000, 0x000000008b700000| Untracked 
| 184|0x000000008b800000, 0x000000008b800000, 0x000000008b900000|  0%| F|  |TAMS 0x000000008b800000, 0x000000008b800000| Untracked 
| 185|0x000000008b900000, 0x000000008b900000, 0x000000008ba00000|  0%| F|  |TAMS 0x000000008b900000, 0x000000008b900000| Untracked 
| 186|0x000000008ba00000, 0x000000008ba00000, 0x000000008bb00000|  0%| F|  |TAMS 0x000000008ba00000, 0x000000008ba00000| Untracked 
| 187|0x000000008bb00000, 0x000000008bb00000, 0x000000008bc00000|  0%| F|  |TAMS 0x000000008bb00000, 0x000000008bb00000| Untracked 
| 188|0x000000008bc00000, 0x000000008bc00000, 0x000000008bd00000|  0%| F|  |TAMS 0x000000008bc00000, 0x000000008bc00000| Untracked 
| 189|0x000000008bd00000, 0x000000008bd00000, 0x000000008be00000|  0%| F|  |TAMS 0x000000008bd00000, 0x000000008bd00000| Untracked 
| 190|0x000000008be00000, 0x000000008be00000, 0x000000008bf00000|  0%| F|  |TAMS 0x000000008be00000, 0x000000008be00000| Untracked 
| 191|0x000000008bf00000, 0x000000008bf00000, 0x000000008c000000|  0%| F|  |TAMS 0x000000008bf00000, 0x000000008bf00000| Untracked 
| 192|0x000000008c000000, 0x000000008c000000, 0x000000008c100000|  0%| F|  |TAMS 0x000000008c000000, 0x000000008c000000| Untracked 
| 193|0x000000008c100000, 0x000000008c100000, 0x000000008c200000|  0%| F|  |TAMS 0x000000008c100000, 0x000000008c100000| Untracked 
| 194|0x000000008c200000, 0x000000008c200000, 0x000000008c300000|  0%| F|  |TAMS 0x000000008c200000, 0x000000008c200000| Untracked 
| 195|0x000000008c300000, 0x000000008c300000, 0x000000008c400000|  0%| F|  |TAMS 0x000000008c300000, 0x000000008c300000| Untracked 
| 196|0x000000008c400000, 0x000000008c400000, 0x000000008c500000|  0%| F|  |TAMS 0x000000008c400000, 0x000000008c400000| Untracked 
| 197|0x000000008c500000, 0x000000008c500000, 0x000000008c600000|  0%| F|  |TAMS 0x000000008c500000, 0x000000008c500000| Untracked 
| 198|0x000000008c600000, 0x000000008c600000, 0x000000008c700000|  0%| F|  |TAMS 0x000000008c600000, 0x000000008c600000| Untracked 
| 199|0x000000008c700000, 0x000000008c700000, 0x000000008c800000|  0%| F|  |TAMS 0x000000008c700000, 0x000000008c700000| Untracked 
| 200|0x000000008c800000, 0x000000008c800000, 0x000000008c900000|  0%| F|  |TAMS 0x000000008c800000, 0x000000008c800000| Untracked 
| 201|0x000000008c900000, 0x000000008c900000, 0x000000008ca00000|  0%| F|  |TAMS 0x000000008c900000, 0x000000008c900000| Untracked 
| 202|0x000000008ca00000, 0x000000008ca00000, 0x000000008cb00000|  0%| F|  |TAMS 0x000000008ca00000, 0x000000008ca00000| Untracked 
| 203|0x000000008cb00000, 0x000000008cb00000, 0x000000008cc00000|  0%| F|  |TAMS 0x000000008cb00000, 0x000000008cb00000| Untracked 
| 204|0x000000008cc00000, 0x000000008cc00000, 0x000000008cd00000|  0%| F|  |TAMS 0x000000008cc00000, 0x000000008cc00000| Untracked 
| 205|0x000000008cd00000, 0x000000008cd00000, 0x000000008ce00000|  0%| F|  |TAMS 0x000000008cd00000, 0x000000008cd00000| Untracked 
| 206|0x000000008ce00000, 0x000000008ce00000, 0x000000008cf00000|  0%| F|  |TAMS 0x000000008ce00000, 0x000000008ce00000| Untracked 
| 207|0x000000008cf00000, 0x000000008cf00000, 0x000000008d000000|  0%| F|  |TAMS 0x000000008cf00000, 0x000000008cf00000| Untracked 
| 208|0x000000008d000000, 0x000000008d000000, 0x000000008d100000|  0%| F|  |TAMS 0x000000008d000000, 0x000000008d000000| Untracked 
| 209|0x000000008d100000, 0x000000008d100000, 0x000000008d200000|  0%| F|  |TAMS 0x000000008d100000, 0x000000008d100000| Untracked 
| 210|0x000000008d200000, 0x000000008d200000, 0x000000008d300000|  0%| F|  |TAMS 0x000000008d200000, 0x000000008d200000| Untracked 
| 211|0x000000008d300000, 0x000000008d300000, 0x000000008d400000|  0%| F|  |TAMS 0x000000008d300000, 0x000000008d300000| Untracked 
| 212|0x000000008d400000, 0x000000008d400000, 0x000000008d500000|  0%| F|  |TAMS 0x000000008d400000, 0x000000008d400000| Untracked 
| 213|0x000000008d500000, 0x000000008d500000, 0x000000008d600000|  0%| F|  |TAMS 0x000000008d500000, 0x000000008d500000| Untracked 
| 214|0x000000008d600000, 0x000000008d600000, 0x000000008d700000|  0%| F|  |TAMS 0x000000008d600000, 0x000000008d600000| Untracked 
| 215|0x000000008d700000, 0x000000008d700000, 0x000000008d800000|  0%| F|  |TAMS 0x000000008d700000, 0x000000008d700000| Untracked 
| 216|0x000000008d800000, 0x000000008d800000, 0x000000008d900000|  0%| F|  |TAMS 0x000000008d800000, 0x000000008d800000| Untracked 
| 217|0x000000008d900000, 0x000000008d9dba38, 0x000000008da00000| 85%| E|  |TAMS 0x000000008d900000, 0x000000008d900000| Complete 
| 218|0x000000008da00000, 0x000000008db00000, 0x000000008db00000|100%| E|CS|TAMS 0x000000008da00000, 0x000000008da00000| Complete 
| 219|0x000000008db00000, 0x000000008dc00000, 0x000000008dc00000|100%| E|CS|TAMS 0x000000008db00000, 0x000000008db00000| Complete 
| 220|0x000000008dc00000, 0x000000008dd00000, 0x000000008dd00000|100%| E|CS|TAMS 0x000000008dc00000, 0x000000008dc00000| Complete 
| 221|0x000000008dd00000, 0x000000008de00000, 0x000000008de00000|100%| E|CS|TAMS 0x000000008dd00000, 0x000000008dd00000| Complete 
| 222|0x000000008de00000, 0x000000008df00000, 0x000000008df00000|100%| E|CS|TAMS 0x000000008de00000, 0x000000008de00000| Complete 
| 223|0x000000008df00000, 0x000000008e000000, 0x000000008e000000|100%| E|CS|TAMS 0x000000008df00000, 0x000000008df00000| Complete 
| 224|0x000000008e000000, 0x000000008e100000, 0x000000008e100000|100%| E|CS|TAMS 0x000000008e000000, 0x000000008e000000| Complete 
| 225|0x000000008e100000, 0x000000008e200000, 0x000000008e200000|100%| E|CS|TAMS 0x000000008e100000, 0x000000008e100000| Complete 
| 226|0x000000008e200000, 0x000000008e300000, 0x000000008e300000|100%| E|CS|TAMS 0x000000008e200000, 0x000000008e200000| Complete 
| 227|0x000000008e300000, 0x000000008e400000, 0x000000008e400000|100%| E|CS|TAMS 0x000000008e300000, 0x000000008e300000| Complete 
| 228|0x000000008e400000, 0x000000008e500000, 0x000000008e500000|100%| E|CS|TAMS 0x000000008e400000, 0x000000008e400000| Complete 
| 229|0x000000008e500000, 0x000000008e600000, 0x000000008e600000|100%| E|CS|TAMS 0x000000008e500000, 0x000000008e500000| Complete 
| 230|0x000000008e600000, 0x000000008e700000, 0x000000008e700000|100%| E|  |TAMS 0x000000008e600000, 0x000000008e600000| Complete 
| 231|0x000000008e700000, 0x000000008e800000, 0x000000008e800000|100%| E|CS|TAMS 0x000000008e700000, 0x000000008e700000| Complete 
| 232|0x000000008e800000, 0x000000008e900000, 0x000000008e900000|100%| E|CS|TAMS 0x000000008e800000, 0x000000008e800000| Complete 
| 233|0x000000008e900000, 0x000000008ea00000, 0x000000008ea00000|100%| E|CS|TAMS 0x000000008e900000, 0x000000008e900000| Complete 
| 234|0x000000008ea00000, 0x000000008eb00000, 0x000000008eb00000|100%| E|CS|TAMS 0x000000008ea00000, 0x000000008ea00000| Complete 
| 235|0x000000008eb00000, 0x000000008ec00000, 0x000000008ec00000|100%| E|CS|TAMS 0x000000008eb00000, 0x000000008eb00000| Complete 
| 236|0x000000008ec00000, 0x000000008ed00000, 0x000000008ed00000|100%| E|CS|TAMS 0x000000008ec00000, 0x000000008ec00000| Complete 
| 237|0x000000008ed00000, 0x000000008ee00000, 0x000000008ee00000|100%| E|CS|TAMS 0x000000008ed00000, 0x000000008ed00000| Complete 
| 238|0x000000008ee00000, 0x000000008ef00000, 0x000000008ef00000|100%| E|CS|TAMS 0x000000008ee00000, 0x000000008ee00000| Complete 
| 239|0x000000008ef00000, 0x000000008f000000, 0x000000008f000000|100%| E|CS|TAMS 0x000000008ef00000, 0x000000008ef00000| Complete 
| 240|0x000000008f000000, 0x000000008f100000, 0x000000008f100000|100%| E|CS|TAMS 0x000000008f000000, 0x000000008f000000| Complete 
| 241|0x000000008f100000, 0x000000008f200000, 0x000000008f200000|100%| E|CS|TAMS 0x000000008f100000, 0x000000008f100000| Complete 
| 242|0x000000008f200000, 0x000000008f300000, 0x000000008f300000|100%| E|CS|TAMS 0x000000008f200000, 0x000000008f200000| Complete 
| 243|0x000000008f300000, 0x000000008f400000, 0x000000008f400000|100%| E|CS|TAMS 0x000000008f300000, 0x000000008f300000| Complete 
| 244|0x000000008f400000, 0x000000008f500000, 0x000000008f500000|100%| E|CS|TAMS 0x000000008f400000, 0x000000008f400000| Complete 
| 245|0x000000008f500000, 0x000000008f600000, 0x000000008f600000|100%| E|CS|TAMS 0x000000008f500000, 0x000000008f500000| Complete 
| 246|0x000000008f600000, 0x000000008f700000, 0x000000008f700000|100%| E|CS|TAMS 0x000000008f600000, 0x000000008f600000| Complete 
| 247|0x000000008f700000, 0x000000008f800000, 0x000000008f800000|100%| E|CS|TAMS 0x000000008f700000, 0x000000008f700000| Complete 
| 248|0x000000008f800000, 0x000000008f900000, 0x000000008f900000|100%| E|CS|TAMS 0x000000008f800000, 0x000000008f800000| Complete 
| 249|0x000000008f900000, 0x000000008fa00000, 0x000000008fa00000|100%| E|CS|TAMS 0x000000008f900000, 0x000000008f900000| Complete 
| 250|0x000000008fa00000, 0x000000008fb00000, 0x000000008fb00000|100%| E|CS|TAMS 0x000000008fa00000, 0x000000008fa00000| Complete 
| 251|0x000000008fb00000, 0x000000008fc00000, 0x000000008fc00000|100%| E|CS|TAMS 0x000000008fb00000, 0x000000008fb00000| Complete 
| 252|0x000000008fc00000, 0x000000008fd00000, 0x000000008fd00000|100%| E|CS|TAMS 0x000000008fc00000, 0x000000008fc00000| Complete 
| 253|0x000000008fd00000, 0x000000008fe00000, 0x000000008fe00000|100%| E|CS|TAMS 0x000000008fd00000, 0x000000008fd00000| Complete 
| 254|0x000000008fe00000, 0x000000008ff00000, 0x000000008ff00000|100%| E|CS|TAMS 0x000000008fe00000, 0x000000008fe00000| Complete 
| 255|0x000000008ff00000, 0x0000000090000000, 0x0000000090000000|100%| E|CS|TAMS 0x000000008ff00000, 0x000000008ff00000| Complete 

Card table byte_map: [0x000001f5fa020000,0x000001f5fa420000] _byte_map_base: 0x000001f5f9c20000

Marking Bits (Prev, Next): (CMBitMap*) 0x000001f5f56cee48, (CMBitMap*) 0x000001f5f56cee80
 Prev Bits: [0x000001f5fa820000, 0x000001f5fc820000)
 Next Bits: [0x000001f5fc820000, 0x000001f5fe820000)

Polling page: 0x000001f5f3dd0000

Metaspace:

Usage:
  Non-class:     69.21 MB capacity,    68.01 MB ( 98%) used,  1010.07 KB (  1%) free+waste,   224.19 KB ( <1%) overhead. 
      Class:     11.08 MB capacity,    10.29 MB ( 93%) used,   698.02 KB (  6%) free+waste,   104.63 KB ( <1%) overhead. 
       Both:     80.29 MB capacity,    78.30 MB ( 98%) used,     1.67 MB (  2%) free+waste,   328.81 KB ( <1%) overhead. 

Virtual space:
  Non-class space:       70.00 MB reserved,      69.34 MB (>99%) committed 
      Class space:        1.00 GB reserved,      11.15 MB (  1%) committed 
             Both:        1.07 GB reserved,      80.48 MB (  7%) committed 

Chunk freelists:
   Non-Class:  0 bytes
       Class:  0 bytes
        Both:  0 bytes

MaxMetaspaceSize: 17179869184.00 GB
CompressedClassSpaceSize: 1.00 GB

CodeHeap 'non-profiled nmethods': size=120000Kb used=5326Kb max_used=5326Kb free=114673Kb
 bounds [0x000001f587ad0000, 0x000001f588010000, 0x000001f58f000000]
CodeHeap 'profiled nmethods': size=120000Kb used=18495Kb max_used=18495Kb free=101504Kb
 bounds [0x000001f5805a0000, 0x000001f5817b0000, 0x000001f587ad0000]
CodeHeap 'non-nmethods': size=5760Kb used=2276Kb max_used=2336Kb free=3484Kb
 bounds [0x000001f580000000, 0x000001f580270000, 0x000001f5805a0000]
 total_blobs=9549 nmethods=8676 adapters=784
 compilation: enabled
              stopped_count=0, restarted_count=0
 full_count=0

Compilation events (20 events):
Event: 13.251 Thread 0x000001f5ffb46000 nmethod 8697 0x000001f5817a7b10 code [0x000001f5817a7d60, 0x000001f5817a8438]
Event: 13.251 Thread 0x000001f5ffb46000 8698   !   3       org.gradle.api.internal.artifacts.transform.AttributeMatchingVariantSelector::select (34 bytes)
Event: 13.252 Thread 0x000001f5ffb46000 nmethod 8698 0x000001f5817a8790 code [0x000001f5817a89e0, 0x000001f5817a9148]
Event: 13.252 Thread 0x000001f5ffb46000 8709       3       org.gradle.internal.concurrent.ManagedExecutorImpl::execute (15 bytes)
Event: 13.252 Thread 0x000001f5ffb46000 nmethod 8709 0x000001f5817a9590 code [0x000001f5817a9780, 0x000001f5817a9be8]
Event: 13.252 Thread 0x000001f5ffb46000 8700       3       org.gradle.api.internal.attributes.DefaultAttributesSchema$DefaultAttributeMatcher::matches (9 bytes)
Event: 13.252 Thread 0x000001f5ffb46000 nmethod 8700 0x000001f5817a9d90 code [0x000001f5817a9f60, 0x000001f5817aa128]
Event: 13.253 Thread 0x000001f5ffb46000 8701       3       org.gradle.api.internal.artifacts.ivyservice.resolveengine.artifact.ArtifactBackedResolvedVariant::getAttributes (5 bytes)
Event: 13.253 Thread 0x000001f5ffb46000 nmethod 8701 0x000001f5817aa290 code [0x000001f5817aa440, 0x000001f5817aa558]
Event: 13.253 Thread 0x000001f5ffb46000 8710       3       java.util.concurrent.ThreadPoolExecutor$Worker::tryAcquire (20 bytes)
Event: 13.254 Thread 0x000001f5ffb46000 nmethod 8710 0x000001f5817aa610 code [0x000001f5817aa840, 0x000001f5817aaef8]
Event: 13.254 Thread 0x000001f5ffb46000 8712       3       org.gradle.internal.snapshot.impl.HashCodeSnapshot::equals (6 bytes)
Event: 13.254 Thread 0x000001f5ffb46000 nmethod 8712 0x000001f5817ab190 code [0x000001f5817ab340, 0x000001f5817ab468]
Event: 13.254 Thread 0x000001f5ffb46000 8713       3       org.gradle.internal.snapshot.impl.DefaultValueSnapshotter$ValueSnapshotVisitor::hashCode (6 bytes)
Event: 13.254 Thread 0x000001f5ffb46000 nmethod 8713 0x000001f5817ab510 code [0x000001f5817ab6e0, 0x000001f5817aba78]
Event: 13.254 Thread 0x000001f5ffb46000 8714       3       org.gradle.internal.snapshot.impl.DefaultValueSnapshotter$ValueSnapshotVisitor::hashCode (9 bytes)
Event: 13.255 Thread 0x000001f5ffb46000 nmethod 8714 0x000001f5817abc10 code [0x000001f5817abde0, 0x000001f5817ac118]
Event: 13.255 Thread 0x000001f5ffb46000 8715       3       org.gradle.internal.execution.fingerprint.impl.DefaultInputFingerprinter$InputCollectingVisitor::<init> (52 bytes)
Event: 13.256 Thread 0x000001f5ffb46000 nmethod 8715 0x000001f5817ac290 code [0x000001f5817ac500, 0x000001f5817ad258]
Event: 13.256 Thread 0x000001f5ffb46000 8719   !   3       org.gradle.internal.operations.DefaultBuildOperationQueue$WorkerRunnable::waitForNextOperation (89 bytes)

GC Heap History (18 events):
Event: 0.619 GC heap before
{Heap before GC invocations=0 (full 0):
 garbage-first heap   total 262144K, used 29696K [0x0000000080000000, 0x0000000100000000)
  region size 1024K, 24 young (24576K), 0 survivors (0K)
 Metaspace       used 10239K, capacity 10485K, committed 10624K, reserved 1058816K
  class space    used 1070K, capacity 1139K, committed 1152K, reserved 1048576K
}
Event: 0.623 GC heap after
{Heap after GC invocations=1 (full 0):
 garbage-first heap   total 262144K, used 9467K [0x0000000080000000, 0x0000000100000000)
  region size 1024K, 3 young (3072K), 3 survivors (3072K)
 Metaspace       used 10239K, capacity 10485K, committed 10624K, reserved 1058816K
  class space    used 1070K, capacity 1139K, committed 1152K, reserved 1048576K
}
Event: 2.121 GC heap before
{Heap before GC invocations=1 (full 0):
 garbage-first heap   total 262144K, used 107771K [0x0000000080000000, 0x0000000100000000)
  region size 1024K, 100 young (102400K), 3 survivors (3072K)
 Metaspace       used 20620K, capacity 21100K, committed 21296K, reserved 1069056K
  class space    used 2531K, capacity 2660K, committed 2688K, reserved 1048576K
}
Event: 2.131 GC heap after
{Heap after GC invocations=2 (full 0):
 garbage-first heap   total 262144K, used 16861K [0x0000000080000000, 0x0000000100000000)
  region size 1024K, 11 young (11264K), 11 survivors (11264K)
 Metaspace       used 20620K, capacity 21100K, committed 21296K, reserved 1069056K
  class space    used 2531K, capacity 2660K, committed 2688K, reserved 1048576K
}
Event: 2.473 GC heap before
{Heap before GC invocations=3 (full 0):
 garbage-first heap   total 262144K, used 55773K [0x0000000080000000, 0x0000000100000000)
  region size 1024K, 49 young (50176K), 11 survivors (11264K)
 Metaspace       used 24530K, capacity 25188K, committed 25392K, reserved 1071104K
  class space    used 3156K, capacity 3368K, committed 3456K, reserved 1048576K
}
Event: 2.479 GC heap after
{Heap after GC invocations=4 (full 0):
 garbage-first heap   total 262144K, used 18284K [0x0000000080000000, 0x0000000100000000)
  region size 1024K, 2 young (2048K), 2 survivors (2048K)
 Metaspace       used 24530K, capacity 25188K, committed 25392K, reserved 1071104K
  class space    used 3156K, capacity 3368K, committed 3456K, reserved 1048576K
}
Event: 3.381 GC heap before
{Heap before GC invocations=4 (full 0):
 garbage-first heap   total 262144K, used 90988K [0x0000000080000000, 0x0000000100000000)
  region size 1024K, 74 young (75776K), 2 survivors (2048K)
 Metaspace       used 34892K, capacity 35644K, committed 35708K, reserved 1081344K
  class space    used 4542K, capacity 4861K, committed 4864K, reserved 1048576K
}
Event: 3.389 GC heap after
{Heap after GC invocations=5 (full 0):
 garbage-first heap   total 262144K, used 22104K [0x0000000080000000, 0x0000000100000000)
  region size 1024K, 6 young (6144K), 6 survivors (6144K)
 Metaspace       used 34892K, capacity 35644K, committed 35708K, reserved 1081344K
  class space    used 4542K, capacity 4861K, committed 4864K, reserved 1048576K
}
Event: 5.047 GC heap before
{Heap before GC invocations=6 (full 0):
 garbage-first heap   total 262144K, used 144984K [0x0000000080000000, 0x0000000100000000)
  region size 1024K, 123 young (125952K), 6 survivors (6144K)
 Metaspace       used 44891K, capacity 45820K, committed 46024K, reserved 1089536K
  class space    used 5763K, capacity 6128K, committed 6220K, reserved 1048576K
}
Event: 5.060 GC heap after
{Heap after GC invocations=7 (full 0):
 garbage-first heap   total 262144K, used 29120K [0x0000000080000000, 0x0000000100000000)
  region size 1024K, 13 young (13312K), 13 survivors (13312K)
 Metaspace       used 44891K, capacity 45820K, committed 46024K, reserved 1089536K
  class space    used 5763K, capacity 6128K, committed 6220K, reserved 1048576K
}
Event: 7.148 GC heap before
{Heap before GC invocations=7 (full 0):
 garbage-first heap   total 262144K, used 168384K [0x0000000080000000, 0x0000000100000000)
  region size 1024K, 145 young (148480K), 13 survivors (13312K)
 Metaspace       used 55152K, capacity 56391K, committed 56648K, reserved 1097728K
  class space    used 7018K, capacity 7503K, committed 7628K, reserved 1048576K
}
Event: 7.166 GC heap after
{Heap after GC invocations=8 (full 0):
 garbage-first heap   total 262144K, used 44192K [0x0000000080000000, 0x0000000100000000)
  region size 1024K, 17 young (17408K), 17 survivors (17408K)
 Metaspace       used 55152K, capacity 56391K, committed 56648K, reserved 1097728K
  class space    used 7018K, capacity 7503K, committed 7628K, reserved 1048576K
}
Event: 7.565 GC heap before
{Heap before GC invocations=8 (full 0):
 garbage-first heap   total 262144K, used 66720K [0x0000000080000000, 0x0000000100000000)
  region size 1024K, 40 young (40960K), 17 survivors (17408K)
 Metaspace       used 58644K, capacity 59998K, committed 60068K, reserved 1101824K
  class space    used 7473K, capacity 7999K, committed 8012K, reserved 1048576K
}
Event: 7.584 GC heap after
{Heap after GC invocations=9 (full 0):
 garbage-first heap   total 262144K, used 46760K [0x0000000080000000, 0x0000000100000000)
  region size 1024K, 3 young (3072K), 3 survivors (3072K)
 Metaspace       used 58644K, capacity 59998K, committed 60068K, reserved 1101824K
  class space    used 7473K, capacity 7999K, committed 8012K, reserved 1048576K
}
Event: 10.554 GC heap before
{Heap before GC invocations=10 (full 0):
 garbage-first heap   total 262144K, used 171688K [0x0000000080000000, 0x0000000100000000)
  region size 1024K, 125 young (128000K), 3 survivors (3072K)
 Metaspace       used 68532K, capacity 70153K, committed 70384K, reserved 1110016K
  class space    used 8890K, capacity 9492K, committed 9624K, reserved 1048576K
}
Event: 10.565 GC heap after
{Heap after GC invocations=11 (full 0):
 garbage-first heap   total 262144K, used 54479K [0x0000000080000000, 0x0000000100000000)
  region size 1024K, 11 young (11264K), 11 survivors (11264K)
 Metaspace       used 68532K, capacity 70153K, committed 70384K, reserved 1110016K
  class space    used 8890K, capacity 9492K, committed 9624K, reserved 1048576K
}
Event: 12.817 GC heap before
{Heap before GC invocations=12 (full 0):
 garbage-first heap   total 262144K, used 180431K [0x0000000080000000, 0x0000000100000000)
  region size 1024K, 134 young (137216K), 11 survivors (11264K)
 Metaspace       used 79881K, capacity 81897K, committed 82160K, reserved 1120256K
  class space    used 10530K, capacity 11330K, committed 11416K, reserved 1048576K
}
Event: 12.833 GC heap after
{Heap after GC invocations=13 (full 0):
 garbage-first heap   total 262144K, used 63403K [0x0000000080000000, 0x0000000100000000)
  region size 1024K, 9 young (9216K), 9 survivors (9216K)
 Metaspace       used 79881K, capacity 81897K, committed 82160K, reserved 1120256K
  class space    used 10530K, capacity 11330K, committed 11416K, reserved 1048576K
}

Deoptimization events (20 events):
Event: 12.941 Thread 0x000001f5ffdfe800 DEOPT PACKING pc=0x000001f581562144 sp=0x0000001f71bfd8d0
Event: 12.941 Thread 0x000001f5ffdfe800 DEOPT UNPACKING pc=0x000001f580026dde sp=0x0000001f71bfce70 mode 0
Event: 13.014 Thread 0x000001f594b07800 Uncommon trap: trap_request=0xffffff4d fr.pc=0x000001f587d42cc4 relative=0x00000000000001e4
Event: 13.014 Thread 0x000001f594b07800 Uncommon trap: reason=unstable_if action=reinterpret pc=0x000001f587d42cc4 method=com.esotericsoftware.kryo.io.Input.readVarInt(Z)I @ 42 c2
Event: 13.014 Thread 0x000001f594b07800 DEOPT PACKING pc=0x000001f587d42cc4 sp=0x0000001f6ecfe240
Event: 13.014 Thread 0x000001f594b07800 DEOPT UNPACKING pc=0x000001f58002662f sp=0x0000001f6ecfe130 mode 2
Event: 13.017 Thread 0x000001f5921cd800 Uncommon trap: trap_request=0xffffff4d fr.pc=0x000001f587dc416c relative=0x000000000000030c
Event: 13.017 Thread 0x000001f5921cd800 Uncommon trap: reason=unstable_if action=reinterpret pc=0x000001f587dc416c method=java.util.concurrent.ConcurrentHashMap.addCount(JI)V @ 168 c2
Event: 13.017 Thread 0x000001f5921cd800 DEOPT PACKING pc=0x000001f587dc416c sp=0x0000001f733fda00
Event: 13.017 Thread 0x000001f5921cd800 DEOPT UNPACKING pc=0x000001f58002662f sp=0x0000001f733fd940 mode 2
Event: 13.017 Thread 0x000001f5921c4800 DEOPT PACKING pc=0x000001f5816bf6b1 sp=0x0000001f729fb680
Event: 13.017 Thread 0x000001f5921c4800 DEOPT UNPACKING pc=0x000001f580026dde sp=0x0000001f729fab48 mode 0
Event: 13.091 Thread 0x000001f597e61800 DEOPT PACKING pc=0x000001f581562144 sp=0x0000001f70bfd2b0
Event: 13.091 Thread 0x000001f597e61800 DEOPT UNPACKING pc=0x000001f580026dde sp=0x0000001f70bfc850 mode 0
Event: 13.119 Thread 0x000001f5921ca000 DEOPT PACKING pc=0x000001f581562144 sp=0x0000001f736fd540
Event: 13.119 Thread 0x000001f5921ca000 DEOPT UNPACKING pc=0x000001f580026dde sp=0x0000001f736fcae0 mode 0
Event: 13.147 Thread 0x000001f59827d000 Uncommon trap: trap_request=0xffffff4d fr.pc=0x000001f587fd4edc relative=0x00000000000001fc
Event: 13.147 Thread 0x000001f59827d000 Uncommon trap: reason=unstable_if action=reinterpret pc=0x000001f587fd4edc method=org.gradle.internal.file.DefaultFileHierarchySet$Node.isChildOfOrThis(Ljava/lang/String;I)Z @ 72 c2
Event: 13.147 Thread 0x000001f59827d000 DEOPT PACKING pc=0x000001f587fd4edc sp=0x0000001f74ffd1e0
Event: 13.147 Thread 0x000001f59827d000 DEOPT UNPACKING pc=0x000001f58002662f sp=0x0000001f74ffd168 mode 2

Classes redefined (0 events):
No events

Internal exceptions (20 events):
Event: 12.372 Thread 0x000001f592395800 Exception <a 'java/lang/NoSuchMethodError'{0x000000008a3e2320}: 'java.lang.Object java.lang.invoke.Invokers$Holder.linkToTargetMethod(java.lang.Object, java.lang.Object, java.lang.Object, int, java.lang.Object, java.lang.Object)'> (0x000000008a3e2320) thrown at [./src/hotspot/share/interpreter/linkResolver.cpp, line 773]
Event: 12.454 Thread 0x000001f592eec000 Exception <a 'java/lang/NoSuchMethodError'{0x0000000089e23eb8}: <clinit>> (0x0000000089e23eb8) thrown at [./src/hotspot/share/prims/jni.cpp, line 1362]
Event: 12.457 Thread 0x000001f592eec000 Exception <a 'java/lang/NoSuchMethodError'{0x0000000089e2d778}: <clinit>> (0x0000000089e2d778) thrown at [./src/hotspot/share/prims/jni.cpp, line 1362]
Event: 12.461 Thread 0x000001f592eec000 Exception <a 'java/lang/NoSuchMethodError'{0x0000000089e81528}: <clinit>> (0x0000000089e81528) thrown at [./src/hotspot/share/prims/jni.cpp, line 1362]
Event: 12.463 Thread 0x000001f592eec000 Exception <a 'java/lang/NoSuchMethodError'{0x0000000089efddb8}: <clinit>> (0x0000000089efddb8) thrown at [./src/hotspot/share/prims/jni.cpp, line 1362]
Event: 12.463 Thread 0x000001f592eec000 Exception <a 'java/lang/NoSuchMethodError'{0x0000000089eff090}: <clinit>> (0x0000000089eff090) thrown at [./src/hotspot/share/prims/jni.cpp, line 1362]
Event: 12.484 Thread 0x000001f596e61000 Exception <a 'java/lang/NoSuchMethodError'{0x0000000089ce5458}: <clinit>> (0x0000000089ce5458) thrown at [./src/hotspot/share/prims/jni.cpp, line 1362]
Event: 12.489 Thread 0x000001f596e61000 Exception <a 'java/lang/NoSuchMethodError'{0x0000000089cfa100}: <clinit>> (0x0000000089cfa100) thrown at [./src/hotspot/share/prims/jni.cpp, line 1362]
Event: 12.493 Thread 0x000001f596e61000 Exception <a 'java/lang/NoSuchMethodError'{0x0000000089b3ff50}: <clinit>> (0x0000000089b3ff50) thrown at [./src/hotspot/share/prims/jni.cpp, line 1362]
Event: 12.495 Thread 0x000001f596e61000 Exception <a 'java/lang/NoSuchMethodError'{0x0000000089b4a510}: 'void java.lang.invoke.DirectMethodHandle$Holder.invokeSpecial(java.lang.Object, java.lang.Object, java.lang.Object, int)'> (0x0000000089b4a510) thrown at [./src/hotspot/share/interpreter/linkResolver.cpp, line 773]
Event: 12.500 Thread 0x000001f59827d000 Exception <a 'java/lang/IncompatibleClassChangeError'{0x0000000089b8bdb0}: Found class java.lang.Object, but interface was expected> (0x0000000089b8bdb0) thrown at [./src/hotspot/share/interpreter/linkResolver.cpp, line 839]
Event: 12.524 Thread 0x000001f592eec000 Exception <a 'java/lang/NoSuchMethodError'{0x0000000089904278}: <clinit>> (0x0000000089904278) thrown at [./src/hotspot/share/prims/jni.cpp, line 1362]
Event: 12.525 Thread 0x000001f59827d000 Exception <a 'java/lang/NoSuchMethodError'{0x0000000089abf078}: 'java.lang.Object java.lang.invoke.DirectMethodHandle$Holder.invokeInterface(java.lang.Object, java.lang.Object, int)'> (0x0000000089abf078) thrown at [./src/hotspot/share/interpreter/linkResolver.cpp, line 773]
Event: 12.526 Thread 0x000001f59827d000 Exception <a 'java/lang/NoSuchMethodError'{0x0000000089ad1258}: 'void java.lang.invoke.DirectMethodHandle$Holder.invokeStatic(java.lang.Object, java.lang.Object, java.lang.Object, int)'> (0x0000000089ad1258) thrown at [./src/hotspot/share/interpreter/linkResolver.cpp, line 773]
Event: 12.565 Thread 0x000001f59827d000 Exception <a 'java/lang/IncompatibleClassChangeError'{0x000000008988d360}: Found class java.lang.Object, but interface was expected> (0x000000008988d360) thrown at [./src/hotspot/share/interpreter/linkResolver.cpp, line 839]
Event: 12.568 Thread 0x000001f59827d000 Exception <a 'java/lang/IncompatibleClassChangeError'{0x00000000898dd698}: Found class java.lang.Object, but interface was expected> (0x00000000898dd698) thrown at [./src/hotspot/share/interpreter/linkResolver.cpp, line 839]
Event: 12.599 Thread 0x000001f59827d000 Exception <a 'java/lang/NoSuchMethodError'{0x000000008951a508}: 'int java.lang.invoke.DirectMethodHandle$Holder.invokeStaticInit(java.lang.Object, java.lang.Object, java.lang.Object, java.lang.Object, java.lang.Object)'> (0x000000008951a508) thrown at [./src/hotspot/share/interpreter/linkResolver.cpp, line 773]
Event: 12.727 Thread 0x000001f59827d000 Exception <a 'java/lang/NoSuchMethodError'{0x000000008908fcb0}: 'void java.lang.invoke.DirectMethodHandle$Holder.invokeStatic(java.lang.Object, java.lang.Object, java.lang.Object, java.lang.Object, int, java.lang.Object, java.lang.Object)'> (0x000000008908fcb0) thrown at [./src/hotspot/share/interpreter/linkResolver.cpp, line 773]
Event: 12.763 Thread 0x000001f593f8f000 Exception <a 'java/lang/NoSuchMethodError'{0x0000000088e58e48}: 'java.lang.Object java.lang.invoke.DirectMethodHandle$Holder.invokeSpecialIFC(java.lang.Object, java.lang.Object, java.lang.Object)'> (0x0000000088e58e48) thrown at [./src/hotspot/share/interpreter/linkResolver.cpp, line 773]
Event: 12.765 Thread 0x000001f593f91800 Exception <a 'java/lang/NoSuchMethodError'{0x000000008888c870}: 'java.lang.Object java.lang.invoke.DirectMethodHandle$Holder.invokeSpecialIFC(java.lang.Object, java.lang.Object, java.lang.Object)'> (0x000000008888c870) thrown at [./src/hotspot/share/interpreter/linkResolver.cpp, line 773]

Events (20 events):
Event: 13.148 loading class org/gradle/execution/plan/LocalTaskNode
Event: 13.148 loading class org/gradle/execution/plan/LocalTaskNode done
Event: 13.148 loading class org/gradle/execution/plan/LocalTaskNodeExecutor
Event: 13.148 loading class org/gradle/execution/plan/LocalTaskNodeExecutor done
Event: 13.149 loading class org/gradle/execution/plan/LocalTaskNode
Event: 13.149 loading class org/gradle/execution/plan/LocalTaskNode done
Event: 13.149 loading class org/gradle/execution/plan/LocalTaskNodeExecutor
Event: 13.149 loading class org/gradle/execution/plan/LocalTaskNodeExecutor done
Event: 13.179 loading class org/gradle/internal/snapshot/impl/SetValueSnapshot
Event: 13.179 loading class org/gradle/internal/snapshot/impl/SetValueSnapshot done
Event: 13.238 loading class com/android/build/gradle/tasks/MergeResources$Flag
Event: 13.238 loading class com/android/build/gradle/tasks/MergeResources$Flag done
Event: 13.239 loading class java/util/stream/SortedOps$SizedRefSortingSink
Event: 13.240 loading class java/util/stream/SortedOps$SizedRefSortingSink done
Event: 13.240 loading class org/gradle/api/internal/file/collections/ListBackedFileSet
Event: 13.240 loading class org/gradle/api/internal/file/collections/ListBackedFileSet done
Event: 13.248 Executing VM operation: RevokeBias
Event: 13.248 Executing VM operation: RevokeBias done
Event: 13.257 Executing VM operation: RevokeBias
Event: 13.257 Executing VM operation: RevokeBias done


Dynamic libraries:
0x00007ff7125c0000 - 0x00007ff7125ca000 	C:\Program Files\Android\Android Studio1\jre\bin\java.exe
0x00007ff9fe550000 - 0x00007ff9fe745000 	C:\Windows\SYSTEM32\ntdll.dll
0x00007ff9fd1f0000 - 0x00007ff9fd2ae000 	C:\Windows\System32\KERNEL32.DLL
0x00007ff9fbc60000 - 0x00007ff9fbf28000 	C:\Windows\System32\KERNELBASE.dll
0x00007ff9fbfe0000 - 0x00007ff9fc0e0000 	C:\Windows\System32\ucrtbase.dll
0x00007ff9dbf30000 - 0x00007ff9dbf49000 	C:\Program Files\Android\Android Studio1\jre\bin\jli.dll
0x00007ff9d9620000 - 0x00007ff9d9637000 	C:\Program Files\Android\Android Studio1\jre\bin\VCRUNTIME140.dll
0x00007ff9fc990000 - 0x00007ff9fcb30000 	C:\Windows\System32\USER32.dll
0x00007ff9fb060000 - 0x00007ff9fb2fa000 	C:\Windows\WinSxS\amd64_microsoft.windows.common-controls_6595b64144ccf1df_6.0.19041.1110_none_60b5254171f9507e\COMCTL32.dll
0x00007ff9fc1f0000 - 0x00007ff9fc212000 	C:\Windows\System32\win32u.dll
0x00007ff9fd2b0000 - 0x00007ff9fd34e000 	C:\Windows\System32\msvcrt.dll
0x00007ff9fd3c0000 - 0x00007ff9fd3eb000 	C:\Windows\System32\GDI32.dll
0x00007ff9fc490000 - 0x00007ff9fc59d000 	C:\Windows\System32\gdi32full.dll
0x00007ff9fc150000 - 0x00007ff9fc1ed000 	C:\Windows\System32\msvcp_win.dll
0x00007ff9fd1c0000 - 0x00007ff9fd1f0000 	C:\Windows\System32\IMM32.DLL
0x00007ff9b3890000 - 0x00007ff9b392d000 	C:\Program Files\Android\Android Studio1\jre\bin\msvcp140.dll
0x00007ff99ca70000 - 0x00007ff99d545000 	C:\Program Files\Android\Android Studio1\jre\bin\server\jvm.dll
0x00007ff9fcde0000 - 0x00007ff9fce8e000 	C:\Windows\System32\ADVAPI32.dll
0x00007ff9fcf00000 - 0x00007ff9fcf9c000 	C:\Windows\System32\sechost.dll
0x00007ff9fe0a0000 - 0x00007ff9fe1c5000 	C:\Windows\System32\RPCRT4.dll
0x00007ff9fcef0000 - 0x00007ff9fcef8000 	C:\Windows\System32\PSAPI.DLL
0x00007ff9ea5f0000 - 0x00007ff9ea617000 	C:\Windows\SYSTEM32\WINMM.dll
0x00007ff9c8ed0000 - 0x00007ff9c8ed9000 	C:\Windows\SYSTEM32\WSOCK32.dll
0x00007ff9f9b80000 - 0x00007ff9f9b8a000 	C:\Windows\SYSTEM32\VERSION.dll
0x00007ff9fd350000 - 0x00007ff9fd3bb000 	C:\Windows\System32\WS2_32.dll
0x00007ff9f8d50000 - 0x00007ff9f8d62000 	C:\Windows\SYSTEM32\kernel.appcore.dll
0x00007ff9f6a60000 - 0x00007ff9f6a71000 	C:\Program Files\Android\Android Studio1\jre\bin\verify.dll
0x00007ff9fb680000 - 0x00007ff9fb864000 	C:\Windows\SYSTEM32\DBGHELP.DLL
0x00007ff9fb5d0000 - 0x00007ff9fb5fc000 	C:\Windows\SYSTEM32\dbgcore.DLL
0x00007ff9fc3d0000 - 0x00007ff9fc452000 	C:\Windows\System32\bcryptPrimitives.dll
0x00007ff9f6a10000 - 0x00007ff9f6a39000 	C:\Program Files\Android\Android Studio1\jre\bin\java.dll
0x00007ff9fa2b0000 - 0x00007ff9fa2bb000 	C:\Program Files\Android\Android Studio1\jre\bin\jimage.dll
0x00007ff9f69d0000 - 0x00007ff9f69e8000 	C:\Program Files\Android\Android Studio1\jre\bin\zip.dll
0x00007ff9fd4d0000 - 0x00007ff9fdc14000 	C:\Windows\System32\SHELL32.dll
0x00007ff9f8f50000 - 0x00007ff9f96e4000 	C:\Windows\SYSTEM32\windows.storage.dll
0x00007ff9fc630000 - 0x00007ff9fc985000 	C:\Windows\System32\combase.dll
0x00007ff9fafc0000 - 0x00007ff9fafee000 	C:\Windows\SYSTEM32\Wldp.dll
0x00007ff9fcb30000 - 0x00007ff9fcbdd000 	C:\Windows\System32\SHCORE.dll
0x00007ff9fe4b0000 - 0x00007ff9fe505000 	C:\Windows\System32\shlwapi.dll
0x00007ff9fbba0000 - 0x00007ff9fbbbf000 	C:\Windows\SYSTEM32\profapi.dll
0x00007ff9f5e50000 - 0x00007ff9f5e6a000 	C:\Program Files\Android\Android Studio1\jre\bin\net.dll
0x00007ff9eb8a0000 - 0x00007ff9eb9ac000 	C:\Windows\SYSTEM32\WINHTTP.dll
0x00007ff9fad40000 - 0x00007ff9fadaa000 	C:\Windows\system32\mswsock.dll
0x00007ff9f3510000 - 0x00007ff9f3524000 	C:\Program Files\Android\Android Studio1\jre\bin\nio.dll
0x00007ff9e56f0000 - 0x00007ff9e5717000 	C:\Users\Ester\.gradle\native\e1d6ef7f7dcc3fd88c89a11ec53ec762bb8ba0a96d01ffa2cd45eb1d1d8dd5c5\windows-amd64\native-platform.dll
0x00007ff99e290000 - 0x00007ff99e3d4000 	C:\Users\Ester\.gradle\native\5664cfc778a61ccfe75a443a1ab52a65af34e5dc3c78e0209fed803814484fcb\windows-amd64\native-platform-file-events.dll
0x00007ff9f6a50000 - 0x00007ff9f6a5a000 	C:\Program Files\Android\Android Studio1\jre\bin\management.dll
0x00007ff9f6950000 - 0x00007ff9f695d000 	C:\Program Files\Android\Android Studio1\jre\bin\management_ext.dll
0x00007ff9fb9e0000 - 0x00007ff9fb9f8000 	C:\Windows\SYSTEM32\CRYPTSP.dll
0x00007ff9fa6c0000 - 0x00007ff9fa6f4000 	C:\Windows\system32\rsaenh.dll
0x00007ff9fc460000 - 0x00007ff9fc487000 	C:\Windows\System32\bcrypt.dll
0x00007ff9fbb60000 - 0x00007ff9fbb8e000 	C:\Windows\SYSTEM32\USERENV.dll
0x00007ff9faf30000 - 0x00007ff9faf3c000 	C:\Windows\SYSTEM32\CRYPTBASE.dll
0x00007ff9faa30000 - 0x00007ff9faa6b000 	C:\Windows\SYSTEM32\IPHLPAPI.DLL
0x00007ff9fd3f0000 - 0x00007ff9fd3f8000 	C:\Windows\System32\NSI.dll
0x00007ff9ed1d0000 - 0x00007ff9ed1e7000 	C:\Windows\SYSTEM32\dhcpcsvc6.DLL
0x00007ff9ed2d0000 - 0x00007ff9ed2ed000 	C:\Windows\SYSTEM32\dhcpcsvc.DLL
0x00007ff9faa70000 - 0x00007ff9fab3b000 	C:\Windows\SYSTEM32\DNSAPI.dll

dbghelp: loaded successfully - version: 4.0.5 - missing functions: none
symbol engine: initialized successfully - sym options: 0x614 - pdb path: .;C:\Program Files\Android\Android Studio1\jre\bin;C:\Windows\SYSTEM32;C:\Windows\WinSxS\amd64_microsoft.windows.common-controls_6595b64144ccf1df_6.0.19041.1110_none_60b5254171f9507e;C:\Program Files\Android\Android Studio1\jre\bin\server;C:\Users\Ester\.gradle\native\e1d6ef7f7dcc3fd88c89a11ec53ec762bb8ba0a96d01ffa2cd45eb1d1d8dd5c5\windows-amd64;C:\Users\Ester\.gradle\native\5664cfc778a61ccfe75a443a1ab52a65af34e5dc3c78e0209fed803814484fcb\windows-amd64

VM Arguments:
jvm_args: --add-opens=java.base/java.util=ALL-UNNAMED --add-opens=java.base/java.lang=ALL-UNNAMED --add-opens=java.base/java.lang.invoke=ALL-UNNAMED --add-opens=java.base/java.util=ALL-UNNAMED --add-opens=java.prefs/java.util.prefs=ALL-UNNAMED --add-opens=java.prefs/java.util.prefs=ALL-UNNAMED --add-opens=java.base/java.nio.charset=ALL-UNNAMED --add-opens=java.base/java.net=ALL-UNNAMED --add-opens=java.base/java.util.concurrent.atomic=ALL-UNNAMED -Xmx2048m -Dfile.encoding=UTF-8 -Duser.country=BR -Duser.language=pt -Duser.variant 
java_command: org.gradle.launcher.daemon.bootstrap.GradleDaemon 7.2
java_class_path (initial): C:\Users\Ester\.gradle\wrapper\dists\gradle-7.2-bin\2dnblmf4td7x66yl1d74lt32g\gradle-7.2\lib\gradle-launcher-7.2.jar
Launcher Type: SUN_STANDARD

[Global flags]
     intx CICompilerCount                          = 4                                         {product} {ergonomic}
     uint ConcGCThreads                            = 2                                         {product} {ergonomic}
     uint G1ConcRefinementThreads                  = 8                                         {product} {ergonomic}
   size_t G1HeapRegionSize                         = 1048576                                   {product} {ergonomic}
    uintx GCDrainStackTargetSize                   = 64                                        {product} {ergonomic}
   size_t InitialHeapSize                          = 268435456                                 {product} {ergonomic}
   size_t MarkStackSize                            = 4194304                                   {product} {ergonomic}
   size_t MaxHeapSize                              = 2147483648                                {product} {command line}
   size_t MaxNewSize                               = 1287651328                                {product} {ergonomic}
   size_t MinHeapDeltaBytes                        = 1048576                                   {product} {ergonomic}
    uintx NonNMethodCodeHeapSize                   = 5836300                                {pd product} {ergonomic}
    uintx NonProfiledCodeHeapSize                  = 122910970                              {pd product} {ergonomic}
    uintx ProfiledCodeHeapSize                     = 122910970                              {pd product} {ergonomic}
    uintx ReservedCodeCacheSize                    = 251658240                              {pd product} {ergonomic}
     bool SegmentedCodeCache                       = true                                      {product} {ergonomic}
     bool UseCompressedClassPointers               = true                                 {lp64_product} {ergonomic}
     bool UseCompressedOops                        = true                                 {lp64_product} {ergonomic}
     bool UseG1GC                                  = true                                      {product} {ergonomic}
     bool UseLargePagesIndividualAllocation        = false                                  {pd product} {ergonomic}

Logging:
Log output configuration:
 #0: stdout all=warning uptime,level,tags
 #1: stderr all=off uptime,level,tags

Environment Variables:
JAVA_HOME=C:\Users\Ester\Downloads\jdk-11.0.10_windows-x64_bin.exe
CLASSPATH=.
PATH=C:\Program Files\Common Files\Oracle\Java\javapath;C:\Python310\Scripts\;C:\Python310\;C:\Windows\system32;C:\Windows;C:\Windows\System32\Wbem;C:\Windows\System32\WindowsPowerShell\v1.0\;C:\Windows\System32\OpenSSH\;C:\Program Files\nodejs\;C:\ProgramData\chocolatey\bin;C:\Users\Ester\Downloads\jdk-11.0.10_windows-x64_bin.exe\bin;C:\Program Files\Git\cmd;C:\Users\Ester\AppData\Local\Microsoft\WindowsApps;;C:\Users\Ester\AppData\Local\Programs\Microsoft VS Code\bin;C:\Users\Ester\AppData\Roaming\npm;C:\Program Files\JetBrains\IntelliJ IDEA Community Edition 2021.3.2\bin;
USERNAME=Ester
OS=Windows_NT
PROCESSOR_IDENTIFIER=Intel64 Family 6 Model 158 Stepping 9, GenuineIntel



---------------  S Y S T E M  ---------------

OS: Windows 10 , 64 bit Build 19041 (10.0.19041.1503)
OS uptime: 0 days 20:38 hours

CPU:total 8 (initial active 8) (4 cores per cpu, 2 threads per core) family 6 model 158 stepping 9 microcode 0xb4, cmov, cx8, fxsr, mmx, sse, sse2, sse3, ssse3, sse4.1, sse4.2, popcnt, avx, avx2, aes, clmul, erms, 3dnowpref, lzcnt, ht, tsc, tscinvbit, bmi1, bmi2, adx, fma

Memory: 4k page, system-wide physical 16293M (6987M free)
TotalPageFile size 18725M (AvailPageFile size 7755M)
current process WorkingSet (physical memory assigned to process): 473M, peak: 477M
current process commit charge ("private bytes"): 555M, peak: 560M

vm_info: OpenJDK 64-Bit Server VM (11.0.11+9-b60-7590822) for windows-amd64 JRE (11.0.11+9-b60-7590822), built on Jul 29 2021 21:43:44 by "builder" with MS VC++ 14.0 (VS2015)

END.
